Log file open, 07/09/21 13:27:31
LogInit: Display: Running engine for game: OffworldInvader
LogPlatformFile: Not using cached read wrapper
LogTaskGraph: Started task graph with 5 named threads and 23 total threads with 3 sets of task threads.
LogStats: Stats thread started at 0.202503
LogD3D11RHI: Loaded GFSDK_Aftermath_Lib.x64.dll
LogICUInternationalization: ICU TimeZone Detection - Raw Offset: +0:00, Platform Override: ''
LogPluginManager: Mounting plugin Paper2D
LogPluginManager: Mounting plugin AISupport
LogPluginManager: Mounting plugin LightPropagationVolume
LogPluginManager: Mounting plugin CameraShakePreviewer
LogPluginManager: Mounting plugin ActorLayerUtilities
LogPluginManager: Mounting plugin AnimationSharing
LogPluginManager: Mounting plugin CLionSourceCodeAccess
LogPluginManager: Mounting plugin CodeLiteSourceCodeAccess
LogPluginManager: Mounting plugin GitSourceControl
LogPluginManager: Mounting plugin KDevelopSourceCodeAccess
LogPluginManager: Mounting plugin NullSourceCodeAccess
LogPluginManager: Mounting plugin PerforceSourceControl
LogPluginManager: Mounting plugin PlasticSourceControl
LogPluginManager: Mounting plugin RiderLink
LogPluginManager: Mounting plugin RiderSourceCodeAccess
LogPluginManager: Mounting plugin SubversionSourceControl
LogPluginManager: Mounting plugin UObjectPlugin
LogPluginManager: Mounting plugin VisualStudioCodeSourceCodeAccess
LogPluginManager: Mounting plugin VisualStudioSourceCodeAccess
LogPluginManager: Mounting plugin XCodeSourceCodeAccess
LogPluginManager: Mounting plugin AssetManagerEditor
LogPluginManager: Mounting plugin CryptoKeys
LogPluginManager: Mounting plugin CurveEditorTools
LogPluginManager: Mounting plugin DataValidation
LogPluginManager: Mounting plugin EditorScriptingUtilities
LogPluginManager: Mounting plugin FacialAnimation
LogPluginManager: Mounting plugin GameplayTagsEditor
LogPluginManager: Mounting plugin GeometryMode
LogPluginManager: Mounting plugin MacGraphicsSwitching
LogPluginManager: Mounting plugin MaterialAnalyzer
LogPluginManager: Mounting plugin MobileLauncherProfileWizard
LogPluginManager: Mounting plugin PluginBrowser
LogPluginManager: Mounting plugin SpeedTreeImporter
LogPluginManager: Mounting plugin DatasmithContent
LogPluginManager: Mounting plugin VariantManagerContent
LogPluginManager: Mounting plugin AlembicImporter
LogPluginManager: Mounting plugin AutomationUtils
LogPluginManager: Mounting plugin BackChannel
LogPluginManager: Mounting plugin ChaosCloth
LogPluginManager: Mounting plugin ChaosClothEditor
LogPluginManager: Mounting plugin ChaosEditor
LogPluginManager: Mounting plugin ChaosNiagara
LogPluginManager: Mounting plugin ChaosSolverPlugin
LogPluginManager: Mounting plugin CharacterAI
LogPluginManager: Mounting plugin GeometryCache
LogPluginManager: Mounting plugin GeometryCollectionPlugin
LogPluginManager: Mounting plugin GeometryProcessing
LogPluginManager: Mounting plugin PlanarCut
LogPluginManager: Mounting plugin PlatformCrypto
LogPluginManager: Mounting plugin ProxyLODPlugin
LogPluginManager: Mounting plugin SkeletalReduction
LogPluginManager: Mounting plugin Niagara
LogPluginManager: Mounting plugin MagicLeap
LogPluginManager: Mounting plugin MagicLeapLightEstimation
LogPluginManager: Mounting plugin MagicLeapMedia
LogPluginManager: Mounting plugin MagicLeapPassableWorld
LogPluginManager: Mounting plugin MLSDK
LogPluginManager: Mounting plugin AndroidMedia
LogPluginManager: Mounting plugin AvfMedia
LogPluginManager: Mounting plugin ImgMedia
LogPluginManager: Mounting plugin MediaCompositing
LogPluginManager: Mounting plugin MediaPlayerEditor
LogPluginManager: Mounting plugin WebMMedia
LogPluginManager: Mounting plugin WmfMedia
LogPluginManager: Mounting plugin MeshPainting
LogPluginManager: Mounting plugin TcpMessaging
LogPluginManager: Mounting plugin UdpMessaging
LogPluginManager: Mounting plugin ActorSequence
LogPluginManager: Mounting plugin LevelSequenceEditor
LogPluginManager: Mounting plugin MatineeToLevelSequence
LogPluginManager: Mounting plugin MovieRenderPipeline
LogPluginManager: Mounting plugin TemplateSequence
LogPluginManager: Mounting plugin NetcodeUnitTest
LogPluginManager: Mounting plugin NUTUnrealEngine4
LogPluginManager: Mounting plugin OnlineSubsystemGooglePlay
LogPluginManager: Mounting plugin OnlineSubsystemIOS
LogPluginManager: Mounting plugin OnlineSubsystem
LogPluginManager: Mounting plugin OnlineSubsystemNull
LogPluginManager: Mounting plugin OnlineSubsystemUtils
LogPluginManager: Mounting plugin LauncherChunkInstaller
LogPluginManager: Mounting plugin AndroidDeviceProfileSelector
LogPluginManager: Mounting plugin AndroidMoviePlayer
LogPluginManager: Mounting plugin AndroidPermission
LogPluginManager: Mounting plugin AppleImageUtils
LogPluginManager: Mounting plugin AppleMoviePlayer
LogPluginManager: Mounting plugin ArchVisCharacter
LogPluginManager: Mounting plugin AssetTags
LogPluginManager: Mounting plugin AudioCapture
LogPluginManager: Mounting plugin CableComponent
LogPluginManager: Mounting plugin CustomMeshComponent
LogPluginManager: Mounting plugin EditableMesh
LogPluginManager: Mounting plugin ExampleDeviceProfileSelector
LogPluginManager: Mounting plugin GoogleCloudMessaging
LogPluginManager: Mounting plugin GooglePAD
LogPluginManager: Mounting plugin IOSDeviceProfileSelector
LogPluginManager: Mounting plugin LinuxDeviceProfileSelector
LogPluginManager: Mounting plugin LocationServicesBPLibrary
LogPluginManager: Mounting plugin MobilePatchingUtils
LogPluginManager: Mounting plugin OculusVR
LogPluginManager: Mounting plugin PhysXVehicles
LogPluginManager: Mounting plugin PostSplashScreen
LogPluginManager: Mounting plugin ProceduralMeshComponent
LogPluginManager: Mounting plugin RuntimePhysXCooking
LogPluginManager: Mounting plugin SignificanceManager
LogPluginManager: Mounting plugin SoundFields
LogPluginManager: Mounting plugin SteamVR
LogPluginManager: Mounting plugin Synthesis
LogPluginManager: Mounting plugin WebMMoviePlayer
LogPluginManager: Mounting plugin WindowsMoviePlayer
LogPluginManager: Mounting plugin ScreenshotTools
LogInit: Using libcurl 7.55.1-DEV
LogInit:  - built for x86_64-pc-win32
LogInit:  - supports SSL with OpenSSL/1.1.1
LogInit:  - supports HTTP deflate (compression) using libz 1.2.8
LogInit:  - other features:
LogInit:      CURL_VERSION_SSL
LogInit:      CURL_VERSION_LIBZ
LogInit:      CURL_VERSION_IPV6
LogInit:      CURL_VERSION_ASYNCHDNS
LogInit:      CURL_VERSION_LARGEFILE
LogInit:      CURL_VERSION_IDN
LogInit:  CurlRequestOptions (configurable via config and command line):
LogInit:  - bVerifyPeer = true  - Libcurl will verify peer certificate
LogInit:  - bUseHttpProxy = false  - Libcurl will NOT use HTTP proxy
LogInit:  - bDontReuseConnections = false  - Libcurl will reuse connections
LogInit:  - MaxHostConnections = 16  - Libcurl will limit the number of connections to a host
LogInit:  - LocalHostAddr = Default
LogInit:  - BufferSize = 65536
LogOnline: OSS: Creating online subsystem instance for: NULL
LogInit: WinSock: version 1.1 (2.2), MaxSocks=32767, MaxUdp=65467
LogOnline: OSS: TryLoadSubsystemAndSetDefault: Loaded subsystem for module [NULL]
LogInit: Build: ++UE4+Release-4.25-CL-14469661
LogInit: Engine Version: 4.25.4-14469661+++UE4+Release-4.25
LogInit: Compatible Engine Version: 4.25.0-13144385+++UE4+Release-4.25
LogInit: Net CL: 13144385
LogInit: OS: Windows 10 (Release 2004) (), CPU: Intel(R) Core(TM) i7-7700HQ CPU @ 2.80GHz, GPU: Intel(R) HD Graphics 630
LogInit: Compiled (64-bit): Oct 11 2020 08:10:49
LogInit: Compiled with Visual C++: 19.24.28315.00
LogInit: Build Configuration: Development
LogInit: Branch Name: ++UE4+Release-4.25
LogInit: Command Line: 
LogInit: Base Directory: C:/Program Files/Epic Games/UE_4.25/Engine/Binaries/Win64/
LogInit: Allocator: TBB
LogInit: Installed Engine Build: 1
LogDevObjectVersion: Number of dev versions registered: 26
LogDevObjectVersion:   Dev-Blueprints (B0D832E4-1F89-4F0D-ACCF-7EB736FD4AA2): 10
LogDevObjectVersion:   Dev-Build (E1C64328-A22C-4D53-A36C-8E866417BD8C): 0
LogDevObjectVersion:   Dev-Core (375EC13C-06E4-48FB-B500-84F0262A717E): 4
LogDevObjectVersion:   Dev-Editor (E4B068ED-F494-42E9-A231-DA0B2E46BB41): 38
LogDevObjectVersion:   Dev-Framework (CFFC743F-43B0-4480-9391-14DF171D2073): 37
LogDevObjectVersion:   Dev-Mobile (B02B49B5-BB20-44E9-A304-32B752E40360): 2
LogDevObjectVersion:   Dev-Networking (A4E4105C-59A1-49B5-A7C5-40C4547EDFEE): 0
LogDevObjectVersion:   Dev-Online (39C831C9-5AE6-47DC-9A44-9C173E1C8E7C): 0
LogDevObjectVersion:   Dev-Physics (78F01B33-EBEA-4F98-B9B4-84EACCB95AA2): 4
LogDevObjectVersion:   Dev-Platform (6631380F-2D4D-43E0-8009-CF276956A95A): 0
LogDevObjectVersion:   Dev-Rendering (12F88B9F-8875-4AFC-A67C-D90C383ABD29): 43
LogDevObjectVersion:   Dev-Sequencer (7B5AE74C-D270-4C10-A958-57980B212A5A): 12
LogDevObjectVersion:   Dev-VR (D7296918-1DD6-4BDD-9DE2-64A83CC13884): 3
LogDevObjectVersion:   Dev-LoadTimes (C2A15278-BFE7-4AFE-6C17-90FF531DF755): 1
LogDevObjectVersion:   Private-Geometry (6EACA3D4-40EC-4CC1-B786-8BED09428FC5): 3
LogDevObjectVersion:   Dev-AnimPhys (29E575DD-E0A3-4627-9D10-D276232CDCEA): 17
LogDevObjectVersion:   Dev-Anim (AF43A65D-7FD3-4947-9873-3E8ED9C1BB05): 7
LogDevObjectVersion:   Dev-ReflectionCapture (6B266CEC-1EC7-4B8F-A30B-E4D90942FC07): 1
LogDevObjectVersion:   Dev-Automation (0DF73D61-A23F-47EA-B727-89E90C41499A): 1
LogDevObjectVersion:   FortniteMain (601D1886-AC64-4F84-AA16-D3DE0DEAC7D6): 31
LogDevObjectVersion:   Dev-Enterprise (9DFFBCD6-494F-0158-E221-12823C92A888): 10
LogDevObjectVersion:   Dev-Niagara (F2AED0AC-9AFE-416F-8664-AA7FFA26D6FC): 1
LogDevObjectVersion:   Dev-Destruction (174F1F0B-B4C6-45A5-B13F-2EE8D0FB917D): 10
LogDevObjectVersion:   Dev-Physics-Ext (35F94A83-E258-406C-A318-09F59610247C): 37
LogDevObjectVersion:   Dev-PhysicsMaterial-Chaos (B68FC16E-8B1B-42E2-B453-215C058844FE): 1
LogDevObjectVersion:   Dev-CineCamera (B2E18506-4273-CFC2-A54E-F4BB758BBA07): 1
LogInit: Presizing for max 25165824 objects, including 0 objects not considered by GC, pre-allocating 0 bytes for permanent pool.
LogConfig: Applying CVar settings from Section [/Script/Engine.StreamingSettings] File [C:/Users/User/Desktop/TempFolder/GVE/Offworld JamProject/OffworldJam/OffworldInvader/GVEOffworld/OffworldInvader/Saved/Config/Windows/Engine.ini]
LogConfig: Setting CVar [[s.MinBulkDataSizeForAsyncLoading:131072]]
LogConfig: Setting CVar [[s.AsyncLoadingThreadEnabled:0]]
LogConfig: Setting CVar [[s.EventDrivenLoaderEnabled:1]]
LogConfig: Setting CVar [[s.WarnIfTimeLimitExceeded:0]]
LogConfig: Setting CVar [[s.TimeLimitExceededMultiplier:1.5]]
LogConfig: Setting CVar [[s.TimeLimitExceededMinTime:0.005]]
LogConfig: Setting CVar [[s.UseBackgroundLevelStreaming:1]]
LogConfig: Setting CVar [[s.PriorityAsyncLoadingExtraTime:15.0]]
LogConfig: Setting CVar [[s.LevelStreamingActorsUpdateTimeLimit:5.0]]
LogConfig: Setting CVar [[s.PriorityLevelStreamingActorsUpdateExtraTime:5.0]]
LogConfig: Setting CVar [[s.LevelStreamingComponentsRegistrationGranularity:10]]
LogConfig: Setting CVar [[s.UnregisterComponentsTimeLimit:1.0]]
LogConfig: Setting CVar [[s.LevelStreamingComponentsUnregistrationGranularity:5]]
LogConfig: Setting CVar [[s.FlushStreamingOnExit:1]]
LogInit: Object subsystem initialized
LogConfig: Setting CVar [[con.DebugEarlyDefault:1]]
LogConfig: Setting CVar [[r.setres:1280x720]]
[2021.07.09-12.27.31:888][  0]LogConfig: Setting CVar [[r.VSync:0]]
[2021.07.09-12.27.31:888][  0]LogConfig: Setting CVar [[r.RHICmdBypass:0]]
[2021.07.09-12.27.31:888][  0]LogConfig: Applying CVar settings from Section [/Script/Engine.RendererSettings] File [C:/Users/User/Desktop/TempFolder/GVE/Offworld JamProject/OffworldJam/OffworldInvader/GVEOffworld/OffworldInvader/Saved/Config/Windows/Engine.ini]
[2021.07.09-12.27.31:888][  0]LogConfig: Setting CVar [[r.GPUCrashDebugging:0]]
[2021.07.09-12.27.31:888][  0]LogConfig: Applying CVar settings from Section [/Script/Engine.RendererOverrideSettings] File [C:/Users/User/Desktop/TempFolder/GVE/Offworld JamProject/OffworldJam/OffworldInvader/GVEOffworld/OffworldInvader/Saved/Config/Windows/Engine.ini]
[2021.07.09-12.27.31:888][  0]LogConfig: Applying CVar settings from Section [/Script/Engine.StreamingSettings] File [C:/Users/User/Desktop/TempFolder/GVE/Offworld JamProject/OffworldJam/OffworldInvader/GVEOffworld/OffworldInvader/Saved/Config/Windows/Engine.ini]
[2021.07.09-12.27.31:888][  0]LogConfig: Setting CVar [[s.MinBulkDataSizeForAsyncLoading:131072]]
[2021.07.09-12.27.31:888][  0]LogConfig: Setting CVar [[s.AsyncLoadingThreadEnabled:0]]
[2021.07.09-12.27.31:888][  0]LogConfig: Setting CVar [[s.EventDrivenLoaderEnabled:1]]
[2021.07.09-12.27.31:888][  0]LogConfig: Setting CVar [[s.WarnIfTimeLimitExceeded:0]]
[2021.07.09-12.27.31:888][  0]LogConfig: Setting CVar [[s.TimeLimitExceededMultiplier:1.5]]
[2021.07.09-12.27.31:888][  0]LogConfig: Setting CVar [[s.TimeLimitExceededMinTime:0.005]]
[2021.07.09-12.27.31:888][  0]LogConfig: Setting CVar [[s.UseBackgroundLevelStreaming:1]]
[2021.07.09-12.27.31:888][  0]LogConfig: Setting CVar [[s.PriorityAsyncLoadingExtraTime:15.0]]
[2021.07.09-12.27.31:888][  0]LogConfig: Setting CVar [[s.LevelStreamingActorsUpdateTimeLimit:5.0]]
[2021.07.09-12.27.31:888][  0]LogConfig: Setting CVar [[s.PriorityLevelStreamingActorsUpdateExtraTime:5.0]]
[2021.07.09-12.27.31:888][  0]LogConfig: Setting CVar [[s.LevelStreamingComponentsRegistrationGranularity:10]]
[2021.07.09-12.27.31:888][  0]LogConfig: Setting CVar [[s.UnregisterComponentsTimeLimit:1.0]]
[2021.07.09-12.27.31:888][  0]LogConfig: Setting CVar [[s.LevelStreamingComponentsUnregistrationGranularity:5]]
[2021.07.09-12.27.31:888][  0]LogConfig: Setting CVar [[s.FlushStreamingOnExit:1]]
[2021.07.09-12.27.31:888][  0]LogConfig: Applying CVar settings from Section [/Script/Engine.GarbageCollectionSettings] File [C:/Users/User/Desktop/TempFolder/GVE/Offworld JamProject/OffworldJam/OffworldInvader/GVEOffworld/OffworldInvader/Saved/Config/Windows/Engine.ini]
[2021.07.09-12.27.31:888][  0]LogConfig: Setting CVar [[gc.MaxObjectsNotConsideredByGC:1]]
[2021.07.09-12.27.31:888][  0]LogConfig: Setting CVar [[gc.SizeOfPermanentObjectPool:0]]
[2021.07.09-12.27.31:888][  0]LogConfig: Setting CVar [[gc.FlushStreamingOnGC:0]]
[2021.07.09-12.27.31:888][  0]LogConfig: Setting CVar [[gc.NumRetriesBeforeForcingGC:10]]
[2021.07.09-12.27.31:888][  0]LogConfig: Setting CVar [[gc.AllowParallelGC:1]]
[2021.07.09-12.27.31:888][  0]LogConfig: Setting CVar [[gc.TimeBetweenPurgingPendingKillObjects:61.1]]
[2021.07.09-12.27.31:888][  0]LogConfig: Setting CVar [[gc.MaxObjectsInEditor:25165824]]
[2021.07.09-12.27.31:889][  0]LogConfig: Setting CVar [[gc.IncrementalBeginDestroyEnabled:1]]
[2021.07.09-12.27.31:889][  0]LogConfig: Setting CVar [[gc.CreateGCClusters:1]]
[2021.07.09-12.27.31:889][  0]LogConfig: Setting CVar [[gc.MinGCClusterSize:5]]
[2021.07.09-12.27.31:889][  0]LogConfig: Setting CVar [[gc.ActorClusteringEnabled:0]]
[2021.07.09-12.27.31:889][  0]LogConfig: Setting CVar [[gc.BlueprintClusteringEnabled:0]]
[2021.07.09-12.27.31:889][  0]LogConfig: Setting CVar [[gc.UseDisregardForGCOnDedicatedServers:0]]
[2021.07.09-12.27.31:889][  0]LogConfig: Applying CVar settings from Section [/Script/Engine.NetworkSettings] File [C:/Users/User/Desktop/TempFolder/GVE/Offworld JamProject/OffworldJam/OffworldInvader/GVEOffworld/OffworldInvader/Saved/Config/Windows/Engine.ini]
[2021.07.09-12.27.31:889][  0]LogConfig: Applying CVar settings from Section [/Script/UnrealEd.CookerSettings] File [C:/Users/User/Desktop/TempFolder/GVE/Offworld JamProject/OffworldJam/OffworldInvader/GVEOffworld/OffworldInvader/Saved/Config/Windows/Engine.ini]
[2021.07.09-12.27.31:891][  0]LogConfig: Applying CVar settings from Section [ViewDistanceQuality@3] File [C:/Users/User/Desktop/TempFolder/GVE/Offworld JamProject/OffworldJam/OffworldInvader/GVEOffworld/OffworldInvader/Saved/Config/Windows/Scalability.ini]
[2021.07.09-12.27.31:891][  0]LogConfig: Setting CVar [[r.SkeletalMeshLODBias:0]]
[2021.07.09-12.27.31:891][  0]LogConfig: Setting CVar [[r.ViewDistanceScale:1.0]]
[2021.07.09-12.27.31:891][  0]LogConfig: Applying CVar settings from Section [AntiAliasingQuality@3] File [C:/Users/User/Desktop/TempFolder/GVE/Offworld JamProject/OffworldJam/OffworldInvader/GVEOffworld/OffworldInvader/Saved/Config/Windows/Scalability.ini]
[2021.07.09-12.27.31:891][  0]LogConfig: Setting CVar [[r.PostProcessAAQuality:4]]
[2021.07.09-12.27.31:891][  0]LogConfig: Applying CVar settings from Section [ShadowQuality@3] File [C:/Users/User/Desktop/TempFolder/GVE/Offworld JamProject/OffworldJam/OffworldInvader/GVEOffworld/OffworldInvader/Saved/Config/Windows/Scalability.ini]
[2021.07.09-12.27.31:891][  0]LogConfig: Setting CVar [[r.LightFunctionQuality:1]]
[2021.07.09-12.27.31:891][  0]LogConfig: Setting CVar [[r.ShadowQuality:5]]
[2021.07.09-12.27.31:891][  0]LogConfig: Setting CVar [[r.Shadow.CSM.MaxCascades:10]]
[2021.07.09-12.27.31:891][  0]LogConfig: Setting CVar [[r.Shadow.MaxResolution:2048]]
[2021.07.09-12.27.31:891][  0]LogConfig: Setting CVar [[r.Shadow.MaxCSMResolution:2048]]
[2021.07.09-12.27.31:891][  0]LogConfig: Setting CVar [[r.Shadow.RadiusThreshold:0.01]]
[2021.07.09-12.27.31:891][  0]LogConfig: Setting CVar [[r.Shadow.DistanceScale:1.0]]
[2021.07.09-12.27.31:891][  0]LogConfig: Setting CVar [[r.Shadow.CSM.TransitionScale:1.0]]
[2021.07.09-12.27.31:891][  0]LogConfig: Setting CVar [[r.Shadow.PreShadowResolutionFactor:1.0]]
[2021.07.09-12.27.31:891][  0]LogConfig: Setting CVar [[r.DistanceFieldShadowing:1]]
[2021.07.09-12.27.31:891][  0]LogConfig: Setting CVar [[r.DistanceFieldAO:1]]
[2021.07.09-12.27.31:891][  0]LogConfig: Setting CVar [[r.AOQuality:2]]
[2021.07.09-12.27.31:891][  0]LogConfig: Setting CVar [[r.VolumetricFog:1]]
[2021.07.09-12.27.31:891][  0]LogConfig: Setting CVar [[r.VolumetricFog.GridPixelSize:8]]
[2021.07.09-12.27.31:891][  0]LogConfig: Setting CVar [[r.VolumetricFog.GridSizeZ:128]]
[2021.07.09-12.27.31:891][  0]LogConfig: Setting CVar [[r.VolumetricFog.HistoryMissSupersampleCount:4]]
[2021.07.09-12.27.31:891][  0]LogConfig: Setting CVar [[r.LightMaxDrawDistanceScale:1]]
[2021.07.09-12.27.31:891][  0]LogConfig: Setting CVar [[r.CapsuleShadows:1]]
[2021.07.09-12.27.31:891][  0]LogConfig: Applying CVar settings from Section [PostProcessQuality@3] File [C:/Users/User/Desktop/TempFolder/GVE/Offworld JamProject/OffworldJam/OffworldInvader/GVEOffworld/OffworldInvader/Saved/Config/Windows/Scalability.ini]
[2021.07.09-12.27.31:891][  0]LogConfig: Setting CVar [[r.MotionBlurQuality:4]]
[2021.07.09-12.27.31:891][  0]LogConfig: Setting CVar [[r.AmbientOcclusionMipLevelFactor:0.4]]
[2021.07.09-12.27.31:891][  0]LogConfig: Setting CVar [[r.AmbientOcclusionMaxQuality:100]]
[2021.07.09-12.27.31:891][  0]LogConfig: Setting CVar [[r.AmbientOcclusionLevels:-1]]
[2021.07.09-12.27.31:891][  0]LogConfig: Setting CVar [[r.AmbientOcclusionRadiusScale:1.0]]
[2021.07.09-12.27.31:891][  0]LogConfig: Setting CVar [[r.DepthOfFieldQuality:2]]
[2021.07.09-12.27.31:891][  0]LogConfig: Setting CVar [[r.RenderTargetPoolMin:400]]
[2021.07.09-12.27.31:891][  0]LogConfig: Setting CVar [[r.LensFlareQuality:2]]
[2021.07.09-12.27.31:891][  0]LogConfig: Setting CVar [[r.SceneColorFringeQuality:1]]
[2021.07.09-12.27.31:891][  0]LogConfig: Setting CVar [[r.EyeAdaptationQuality:2]]
[2021.07.09-12.27.31:891][  0]LogConfig: Setting CVar [[r.BloomQuality:5]]
[2021.07.09-12.27.31:891][  0]LogConfig: Setting CVar [[r.FastBlurThreshold:100]]
[2021.07.09-12.27.31:891][  0]LogConfig: Setting CVar [[r.Upscale.Quality:3]]
[2021.07.09-12.27.31:891][  0]LogConfig: Setting CVar [[r.Tonemapper.GrainQuantization:1]]
[2021.07.09-12.27.31:891][  0]LogConfig: Setting CVar [[r.LightShaftQuality:1]]
[2021.07.09-12.27.31:891][  0]LogConfig: Setting CVar [[r.Filter.SizeScale:1]]
[2021.07.09-12.27.31:891][  0]LogConfig: Setting CVar [[r.Tonemapper.Quality:5]]
[2021.07.09-12.27.31:891][  0]LogConfig: Setting CVar [[r.DOF.Gather.AccumulatorQuality:1        ; higher gathering accumulator quality]]
[2021.07.09-12.27.31:891][  0]LogConfig: Setting CVar [[r.DOF.Gather.PostfilterMethod:1          ; Median3x3 postfilering method]]
[2021.07.09-12.27.31:891][  0]LogConfig: Setting CVar [[r.DOF.Gather.EnableBokehSettings:0       ; no bokeh simulation when gathering]]
[2021.07.09-12.27.31:891][  0]LogConfig: Setting CVar [[r.DOF.Gather.RingCount:4                 ; medium number of samples when gathering]]
[2021.07.09-12.27.31:891][  0]LogConfig: Setting CVar [[r.DOF.Scatter.ForegroundCompositing:1    ; additive foreground scattering]]
[2021.07.09-12.27.31:891][  0]LogConfig: Setting CVar [[r.DOF.Scatter.BackgroundCompositing:2    ; additive background scattering]]
[2021.07.09-12.27.31:891][  0]LogConfig: Setting CVar [[r.DOF.Scatter.EnableBokehSettings:1      ; bokeh simulation when scattering]]
[2021.07.09-12.27.31:891][  0]LogConfig: Setting CVar [[r.DOF.Scatter.MaxSpriteRatio:0.1         ; only a maximum of 10% of scattered bokeh]]
[2021.07.09-12.27.31:891][  0]LogConfig: Setting CVar [[r.DOF.Recombine.Quality:1                ; cheap slight out of focus]]
[2021.07.09-12.27.31:892][  0]LogConfig: Setting CVar [[r.DOF.Recombine.EnableBokehSettings:0    ; no bokeh simulation on slight out of focus]]
[2021.07.09-12.27.31:892][  0]LogConfig: Setting CVar [[r.DOF.TemporalAAQuality:1                ; more stable temporal accumulation]]
[2021.07.09-12.27.31:892][  0]LogConfig: Setting CVar [[r.DOF.Kernel.MaxForegroundRadius:0.025]]
[2021.07.09-12.27.31:892][  0]LogConfig: Setting CVar [[r.DOF.Kernel.MaxBackgroundRadius:0.025]]
[2021.07.09-12.27.31:892][  0]LogConfig: Applying CVar settings from Section [TextureQuality@3] File [C:/Users/User/Desktop/TempFolder/GVE/Offworld JamProject/OffworldJam/OffworldInvader/GVEOffworld/OffworldInvader/Saved/Config/Windows/Scalability.ini]
[2021.07.09-12.27.31:892][  0]LogConfig: Setting CVar [[r.Streaming.MipBias:0]]
[2021.07.09-12.27.31:892][  0]LogConfig: Setting CVar [[r.Streaming.AmortizeCPUToGPUCopy:0]]
[2021.07.09-12.27.31:892][  0]LogConfig: Setting CVar [[r.Streaming.MaxNumTexturesToStreamPerFrame:0]]
[2021.07.09-12.27.31:892][  0]LogConfig: Setting CVar [[r.Streaming.Boost:1]]
[2021.07.09-12.27.31:892][  0]LogConfig: Setting CVar [[r.MaxAnisotropy:8]]
[2021.07.09-12.27.31:892][  0]LogConfig: Setting CVar [[r.VT.MaxAnisotropy:8]]
[2021.07.09-12.27.31:892][  0]LogConfig: Setting CVar [[r.Streaming.LimitPoolSizeToVRAM:0]]
[2021.07.09-12.27.31:892][  0]LogConfig: Setting CVar [[r.Streaming.PoolSize:1000]]
[2021.07.09-12.27.31:892][  0]LogConfig: Setting CVar [[r.Streaming.MaxEffectiveScreenSize:0]]
[2021.07.09-12.27.31:892][  0]LogConfig: Applying CVar settings from Section [EffectsQuality@3] File [C:/Users/User/Desktop/TempFolder/GVE/Offworld JamProject/OffworldJam/OffworldInvader/GVEOffworld/OffworldInvader/Saved/Config/Windows/Scalability.ini]
[2021.07.09-12.27.31:892][  0]LogConfig: Setting CVar [[r.TranslucencyLightingVolumeDim:64]]
[2021.07.09-12.27.31:892][  0]LogConfig: Setting CVar [[r.RefractionQuality:2]]
[2021.07.09-12.27.31:892][  0]LogConfig: Setting CVar [[r.SSR.Quality:3]]
[2021.07.09-12.27.31:892][  0]LogConfig: Setting CVar [[r.SSR.HalfResSceneColor:0]]
[2021.07.09-12.27.31:892][  0]LogConfig: Setting CVar [[r.SceneColorFormat:4]]
[2021.07.09-12.27.31:892][  0]LogConfig: Setting CVar [[r.DetailMode:2]]
[2021.07.09-12.27.31:892][  0]LogConfig: Setting CVar [[r.TranslucencyVolumeBlur:1]]
[2021.07.09-12.27.31:892][  0]LogConfig: Setting CVar [[r.MaterialQualityLevel:1 ; High quality]]
[2021.07.09-12.27.31:892][  0]LogConfig: Setting CVar [[r.SSS.Scale:1]]
[2021.07.09-12.27.31:892][  0]LogConfig: Setting CVar [[r.SSS.SampleSet:2]]
[2021.07.09-12.27.31:892][  0]LogConfig: Setting CVar [[r.SSS.Quality:1]]
[2021.07.09-12.27.31:892][  0]LogConfig: Setting CVar [[r.SSS.HalfRes:0]]
[2021.07.09-12.27.31:892][  0]LogConfig: Setting CVar [[r.SSGI.Quality:3]]
[2021.07.09-12.27.31:892][  0]LogConfig: Setting CVar [[r.EmitterSpawnRateScale:1.0]]
[2021.07.09-12.27.31:892][  0]LogConfig: Setting CVar [[r.ParticleLightQuality:2]]
[2021.07.09-12.27.31:892][  0]LogConfig: Setting CVar [[r.SkyAtmosphere.AerialPerspectiveLUT.FastApplyOnOpaque:1 ; Always have FastSkyLUT 1 in this case to avoid wrong sky]]
[2021.07.09-12.27.31:892][  0]LogConfig: Setting CVar [[r.SkyAtmosphere.AerialPerspectiveLUT.SampleCountPerSlice:1]]
[2021.07.09-12.27.31:892][  0]LogConfig: Setting CVar [[r.SkyAtmosphere.AerialPerspectiveLUT.DepthResolution:16.0]]
[2021.07.09-12.27.31:892][  0]LogConfig: Setting CVar [[r.SkyAtmosphere.FastSkyLUT:1]]
[2021.07.09-12.27.31:892][  0]LogConfig: Setting CVar [[r.SkyAtmosphere.FastSkyLUT.SampleCountMin:4.0]]
[2021.07.09-12.27.31:892][  0]LogConfig: Setting CVar [[r.SkyAtmosphere.FastSkyLUT.SampleCountMax:32.0]]
[2021.07.09-12.27.31:892][  0]LogConfig: Setting CVar [[r.SkyAtmosphere.SampleCountMin:4.0]]
[2021.07.09-12.27.31:892][  0]LogConfig: Setting CVar [[r.SkyAtmosphere.SampleCountMax:32.0]]
[2021.07.09-12.27.31:892][  0]LogConfig: Setting CVar [[r.SkyAtmosphere.TransmittanceLUT.UseSmallFormat:0]]
[2021.07.09-12.27.31:892][  0]LogConfig: Setting CVar [[r.SkyAtmosphere.TransmittanceLUT.SampleCount:10.0]]
[2021.07.09-12.27.31:892][  0]LogConfig: Setting CVar [[r.SkyAtmosphere.MultiScatteringLUT.SampleCount:15.0]]
[2021.07.09-12.27.31:892][  0]LogConfig: Applying CVar settings from Section [FoliageQuality@3] File [C:/Users/User/Desktop/TempFolder/GVE/Offworld JamProject/OffworldJam/OffworldInvader/GVEOffworld/OffworldInvader/Saved/Config/Windows/Scalability.ini]
[2021.07.09-12.27.31:892][  0]LogConfig: Setting CVar [[foliage.DensityScale:1.0]]
[2021.07.09-12.27.31:892][  0]LogConfig: Setting CVar [[grass.DensityScale:1.0]]
[2021.07.09-12.27.31:892][  0]LogConfig: Applying CVar settings from Section [ShadingQuality@3] File [C:/Users/User/Desktop/TempFolder/GVE/Offworld JamProject/OffworldJam/OffworldInvader/GVEOffworld/OffworldInvader/Saved/Config/Windows/Scalability.ini]
[2021.07.09-12.27.31:892][  0]LogConfig: Setting CVar [[r.HairStrands.SkyLighting.SampleCount:16]]
[2021.07.09-12.27.31:892][  0]LogConfig: Setting CVar [[r.HairStrands.SkyLighting.JitterIntegration:0]]
[2021.07.09-12.27.31:892][  0]LogConfig: Setting CVar [[r.HairStrands.SkyAO.SampleCount:16]]
[2021.07.09-12.27.31:892][  0]LogConfig: Setting CVar [[r.HairStrands.DeepShadow.SuperSampling:0]]
[2021.07.09-12.27.31:892][  0]LogConfig: Setting CVar [[r.HairStrands.VisibilityPPLL:0]]
[2021.07.09-12.27.31:892][  0]LogConfig: Setting CVar [[r.HairStrands.RasterizationScale:0.5]]
[2021.07.09-12.27.31:892][  0]LogConfig: Setting CVar [[r.HairStrands.VelocityRasterizationScale:1]]
[2021.07.09-12.27.31:892][  0]LogInit: Selected Device Profile: [Windows]
[2021.07.09-12.27.31:892][  0]LogInit: Applying CVar settings loaded from the selected device profile: [Windows]
[2021.07.09-12.27.31:892][  0]LogHAL: Display: Platform has ~ 16 GB [17061756928 / 17179869184 / 16], which maps to Larger [LargestMinGB=32, LargerMinGB=12, DefaultMinGB=8, SmallerMinGB=6, SmallestMinGB=0)
[2021.07.09-12.27.31:892][  0]LogInit: Going up to parent DeviceProfile []
[2021.07.09-12.27.31:892][  0]LogConfig: Applying CVar settings from Section [ViewDistanceQuality@3] File [C:/Users/User/Desktop/TempFolder/GVE/Offworld JamProject/OffworldJam/OffworldInvader/GVEOffworld/OffworldInvader/Saved/Config/Windows/Scalability.ini]
[2021.07.09-12.27.31:892][  0]LogConfig: Setting CVar [[r.SkeletalMeshLODBias:0]]
[2021.07.09-12.27.31:892][  0]LogConfig: Setting CVar [[r.ViewDistanceScale:1.0]]
[2021.07.09-12.27.31:892][  0]LogConfig: Applying CVar settings from Section [AntiAliasingQuality@3] File [C:/Users/User/Desktop/TempFolder/GVE/Offworld JamProject/OffworldJam/OffworldInvader/GVEOffworld/OffworldInvader/Saved/Config/Windows/Scalability.ini]
[2021.07.09-12.27.31:892][  0]LogConfig: Setting CVar [[r.PostProcessAAQuality:4]]
[2021.07.09-12.27.31:893][  0]LogConfig: Applying CVar settings from Section [ShadowQuality@3] File [C:/Users/User/Desktop/TempFolder/GVE/Offworld JamProject/OffworldJam/OffworldInvader/GVEOffworld/OffworldInvader/Saved/Config/Windows/Scalability.ini]
[2021.07.09-12.27.31:893][  0]LogConfig: Setting CVar [[r.LightFunctionQuality:1]]
[2021.07.09-12.27.31:893][  0]LogConfig: Setting CVar [[r.ShadowQuality:5]]
[2021.07.09-12.27.31:893][  0]LogConfig: Setting CVar [[r.Shadow.CSM.MaxCascades:10]]
[2021.07.09-12.27.31:893][  0]LogConfig: Setting CVar [[r.Shadow.MaxResolution:2048]]
[2021.07.09-12.27.31:893][  0]LogConfig: Setting CVar [[r.Shadow.MaxCSMResolution:2048]]
[2021.07.09-12.27.31:893][  0]LogConfig: Setting CVar [[r.Shadow.RadiusThreshold:0.01]]
[2021.07.09-12.27.31:893][  0]LogConfig: Setting CVar [[r.Shadow.DistanceScale:1.0]]
[2021.07.09-12.27.31:893][  0]LogConfig: Setting CVar [[r.Shadow.CSM.TransitionScale:1.0]]
[2021.07.09-12.27.31:893][  0]LogConfig: Setting CVar [[r.Shadow.PreShadowResolutionFactor:1.0]]
[2021.07.09-12.27.31:893][  0]LogConfig: Setting CVar [[r.DistanceFieldShadowing:1]]
[2021.07.09-12.27.31:893][  0]LogConfig: Setting CVar [[r.DistanceFieldAO:1]]
[2021.07.09-12.27.31:893][  0]LogConfig: Setting CVar [[r.AOQuality:2]]
[2021.07.09-12.27.31:893][  0]LogConfig: Setting CVar [[r.VolumetricFog:1]]
[2021.07.09-12.27.31:893][  0]LogConfig: Setting CVar [[r.VolumetricFog.GridPixelSize:8]]
[2021.07.09-12.27.31:893][  0]LogConfig: Setting CVar [[r.VolumetricFog.GridSizeZ:128]]
[2021.07.09-12.27.31:893][  0]LogConfig: Setting CVar [[r.VolumetricFog.HistoryMissSupersampleCount:4]]
[2021.07.09-12.27.31:893][  0]LogConfig: Setting CVar [[r.LightMaxDrawDistanceScale:1]]
[2021.07.09-12.27.31:893][  0]LogConfig: Setting CVar [[r.CapsuleShadows:1]]
[2021.07.09-12.27.31:893][  0]LogConfig: Applying CVar settings from Section [PostProcessQuality@3] File [C:/Users/User/Desktop/TempFolder/GVE/Offworld JamProject/OffworldJam/OffworldInvader/GVEOffworld/OffworldInvader/Saved/Config/Windows/Scalability.ini]
[2021.07.09-12.27.31:893][  0]LogConfig: Setting CVar [[r.MotionBlurQuality:4]]
[2021.07.09-12.27.31:893][  0]LogConfig: Setting CVar [[r.AmbientOcclusionMipLevelFactor:0.4]]
[2021.07.09-12.27.31:893][  0]LogConfig: Setting CVar [[r.AmbientOcclusionMaxQuality:100]]
[2021.07.09-12.27.31:893][  0]LogConfig: Setting CVar [[r.AmbientOcclusionLevels:-1]]
[2021.07.09-12.27.31:893][  0]LogConfig: Setting CVar [[r.AmbientOcclusionRadiusScale:1.0]]
[2021.07.09-12.27.31:893][  0]LogConfig: Setting CVar [[r.DepthOfFieldQuality:2]]
[2021.07.09-12.27.31:893][  0]LogConfig: Setting CVar [[r.RenderTargetPoolMin:400]]
[2021.07.09-12.27.31:893][  0]LogConfig: Setting CVar [[r.LensFlareQuality:2]]
[2021.07.09-12.27.31:893][  0]LogConfig: Setting CVar [[r.SceneColorFringeQuality:1]]
[2021.07.09-12.27.31:893][  0]LogConfig: Setting CVar [[r.EyeAdaptationQuality:2]]
[2021.07.09-12.27.31:893][  0]LogConfig: Setting CVar [[r.BloomQuality:5]]
[2021.07.09-12.27.31:893][  0]LogConfig: Setting CVar [[r.FastBlurThreshold:100]]
[2021.07.09-12.27.31:893][  0]LogConfig: Setting CVar [[r.Upscale.Quality:3]]
[2021.07.09-12.27.31:893][  0]LogConfig: Setting CVar [[r.Tonemapper.GrainQuantization:1]]
[2021.07.09-12.27.31:893][  0]LogConfig: Setting CVar [[r.LightShaftQuality:1]]
[2021.07.09-12.27.31:893][  0]LogConfig: Setting CVar [[r.Filter.SizeScale:1]]
[2021.07.09-12.27.31:893][  0]LogConfig: Setting CVar [[r.Tonemapper.Quality:5]]
[2021.07.09-12.27.31:893][  0]LogConfig: Setting CVar [[r.DOF.Gather.AccumulatorQuality:1        ; higher gathering accumulator quality]]
[2021.07.09-12.27.31:893][  0]LogConfig: Setting CVar [[r.DOF.Gather.PostfilterMethod:1          ; Median3x3 postfilering method]]
[2021.07.09-12.27.31:893][  0]LogConfig: Setting CVar [[r.DOF.Gather.EnableBokehSettings:0       ; no bokeh simulation when gathering]]
[2021.07.09-12.27.31:893][  0]LogConfig: Setting CVar [[r.DOF.Gather.RingCount:4                 ; medium number of samples when gathering]]
[2021.07.09-12.27.31:893][  0]LogConfig: Setting CVar [[r.DOF.Scatter.ForegroundCompositing:1    ; additive foreground scattering]]
[2021.07.09-12.27.31:893][  0]LogConfig: Setting CVar [[r.DOF.Scatter.BackgroundCompositing:2    ; additive background scattering]]
[2021.07.09-12.27.31:893][  0]LogConfig: Setting CVar [[r.DOF.Scatter.EnableBokehSettings:1      ; bokeh simulation when scattering]]
[2021.07.09-12.27.31:893][  0]LogConfig: Setting CVar [[r.DOF.Scatter.MaxSpriteRatio:0.1         ; only a maximum of 10% of scattered bokeh]]
[2021.07.09-12.27.31:893][  0]LogConfig: Setting CVar [[r.DOF.Recombine.Quality:1                ; cheap slight out of focus]]
[2021.07.09-12.27.31:893][  0]LogConfig: Setting CVar [[r.DOF.Recombine.EnableBokehSettings:0    ; no bokeh simulation on slight out of focus]]
[2021.07.09-12.27.31:893][  0]LogConfig: Setting CVar [[r.DOF.TemporalAAQuality:1                ; more stable temporal accumulation]]
[2021.07.09-12.27.31:893][  0]LogConfig: Setting CVar [[r.DOF.Kernel.MaxForegroundRadius:0.025]]
[2021.07.09-12.27.31:893][  0]LogConfig: Setting CVar [[r.DOF.Kernel.MaxBackgroundRadius:0.025]]
[2021.07.09-12.27.31:893][  0]LogConfig: Applying CVar settings from Section [TextureQuality@3] File [C:/Users/User/Desktop/TempFolder/GVE/Offworld JamProject/OffworldJam/OffworldInvader/GVEOffworld/OffworldInvader/Saved/Config/Windows/Scalability.ini]
[2021.07.09-12.27.31:893][  0]LogConfig: Setting CVar [[r.Streaming.MipBias:0]]
[2021.07.09-12.27.31:893][  0]LogConfig: Setting CVar [[r.Streaming.AmortizeCPUToGPUCopy:0]]
[2021.07.09-12.27.31:893][  0]LogConfig: Setting CVar [[r.Streaming.MaxNumTexturesToStreamPerFrame:0]]
[2021.07.09-12.27.31:893][  0]LogConfig: Setting CVar [[r.Streaming.Boost:1]]
[2021.07.09-12.27.31:893][  0]LogConfig: Setting CVar [[r.MaxAnisotropy:8]]
[2021.07.09-12.27.31:893][  0]LogConfig: Setting CVar [[r.VT.MaxAnisotropy:8]]
[2021.07.09-12.27.31:893][  0]LogConfig: Setting CVar [[r.Streaming.LimitPoolSizeToVRAM:0]]
[2021.07.09-12.27.31:893][  0]LogConfig: Setting CVar [[r.Streaming.PoolSize:1000]]
[2021.07.09-12.27.31:893][  0]LogConfig: Setting CVar [[r.Streaming.MaxEffectiveScreenSize:0]]
[2021.07.09-12.27.31:893][  0]LogConfig: Applying CVar settings from Section [EffectsQuality@3] File [C:/Users/User/Desktop/TempFolder/GVE/Offworld JamProject/OffworldJam/OffworldInvader/GVEOffworld/OffworldInvader/Saved/Config/Windows/Scalability.ini]
[2021.07.09-12.27.31:893][  0]LogConfig: Setting CVar [[r.TranslucencyLightingVolumeDim:64]]
[2021.07.09-12.27.31:893][  0]LogConfig: Setting CVar [[r.RefractionQuality:2]]
[2021.07.09-12.27.31:893][  0]LogConfig: Setting CVar [[r.SSR.Quality:3]]
[2021.07.09-12.27.31:893][  0]LogConfig: Setting CVar [[r.SSR.HalfResSceneColor:0]]
[2021.07.09-12.27.31:893][  0]LogConfig: Setting CVar [[r.SceneColorFormat:4]]
[2021.07.09-12.27.31:893][  0]LogConfig: Setting CVar [[r.DetailMode:2]]
[2021.07.09-12.27.31:893][  0]LogConfig: Setting CVar [[r.TranslucencyVolumeBlur:1]]
[2021.07.09-12.27.31:893][  0]LogConfig: Setting CVar [[r.MaterialQualityLevel:1 ; High quality]]
[2021.07.09-12.27.31:893][  0]LogConfig: Setting CVar [[r.SSS.Scale:1]]
[2021.07.09-12.27.31:893][  0]LogConfig: Setting CVar [[r.SSS.SampleSet:2]]
[2021.07.09-12.27.31:894][  0]LogConfig: Setting CVar [[r.SSS.Quality:1]]
[2021.07.09-12.27.31:894][  0]LogConfig: Setting CVar [[r.SSS.HalfRes:0]]
[2021.07.09-12.27.31:894][  0]LogConfig: Setting CVar [[r.SSGI.Quality:3]]
[2021.07.09-12.27.31:894][  0]LogConfig: Setting CVar [[r.EmitterSpawnRateScale:1.0]]
[2021.07.09-12.27.31:894][  0]LogConfig: Setting CVar [[r.ParticleLightQuality:2]]
[2021.07.09-12.27.31:894][  0]LogConfig: Setting CVar [[r.SkyAtmosphere.AerialPerspectiveLUT.FastApplyOnOpaque:1 ; Always have FastSkyLUT 1 in this case to avoid wrong sky]]
[2021.07.09-12.27.31:894][  0]LogConfig: Setting CVar [[r.SkyAtmosphere.AerialPerspectiveLUT.SampleCountPerSlice:1]]
[2021.07.09-12.27.31:894][  0]LogConfig: Setting CVar [[r.SkyAtmosphere.AerialPerspectiveLUT.DepthResolution:16.0]]
[2021.07.09-12.27.31:894][  0]LogConfig: Setting CVar [[r.SkyAtmosphere.FastSkyLUT:1]]
[2021.07.09-12.27.31:894][  0]LogConfig: Setting CVar [[r.SkyAtmosphere.FastSkyLUT.SampleCountMin:4.0]]
[2021.07.09-12.27.31:894][  0]LogConfig: Setting CVar [[r.SkyAtmosphere.FastSkyLUT.SampleCountMax:32.0]]
[2021.07.09-12.27.31:894][  0]LogConfig: Setting CVar [[r.SkyAtmosphere.SampleCountMin:4.0]]
[2021.07.09-12.27.31:894][  0]LogConfig: Setting CVar [[r.SkyAtmosphere.SampleCountMax:32.0]]
[2021.07.09-12.27.31:894][  0]LogConfig: Setting CVar [[r.SkyAtmosphere.TransmittanceLUT.UseSmallFormat:0]]
[2021.07.09-12.27.31:894][  0]LogConfig: Setting CVar [[r.SkyAtmosphere.TransmittanceLUT.SampleCount:10.0]]
[2021.07.09-12.27.31:894][  0]LogConfig: Setting CVar [[r.SkyAtmosphere.MultiScatteringLUT.SampleCount:15.0]]
[2021.07.09-12.27.31:894][  0]LogConfig: Applying CVar settings from Section [FoliageQuality@3] File [C:/Users/User/Desktop/TempFolder/GVE/Offworld JamProject/OffworldJam/OffworldInvader/GVEOffworld/OffworldInvader/Saved/Config/Windows/Scalability.ini]
[2021.07.09-12.27.31:894][  0]LogConfig: Setting CVar [[foliage.DensityScale:1.0]]
[2021.07.09-12.27.31:894][  0]LogConfig: Setting CVar [[grass.DensityScale:1.0]]
[2021.07.09-12.27.31:894][  0]LogConfig: Applying CVar settings from Section [ShadingQuality@3] File [C:/Users/User/Desktop/TempFolder/GVE/Offworld JamProject/OffworldJam/OffworldInvader/GVEOffworld/OffworldInvader/Saved/Config/Windows/Scalability.ini]
[2021.07.09-12.27.31:894][  0]LogConfig: Setting CVar [[r.HairStrands.SkyLighting.SampleCount:16]]
[2021.07.09-12.27.31:894][  0]LogConfig: Setting CVar [[r.HairStrands.SkyLighting.JitterIntegration:0]]
[2021.07.09-12.27.31:894][  0]LogConfig: Setting CVar [[r.HairStrands.SkyAO.SampleCount:16]]
[2021.07.09-12.27.31:894][  0]LogConfig: Setting CVar [[r.HairStrands.DeepShadow.SuperSampling:0]]
[2021.07.09-12.27.31:894][  0]LogConfig: Setting CVar [[r.HairStrands.VisibilityPPLL:0]]
[2021.07.09-12.27.31:894][  0]LogConfig: Setting CVar [[r.HairStrands.RasterizationScale:0.5]]
[2021.07.09-12.27.31:894][  0]LogConfig: Setting CVar [[r.HairStrands.VelocityRasterizationScale:1]]
[2021.07.09-12.27.31:894][  0]LogConfig: Applying CVar settings from Section [Startup] File [../../../Engine/Config/ConsoleVariables.ini]
[2021.07.09-12.27.31:894][  0]LogConfig: Setting CVar [[net.UseAdaptiveNetUpdateFrequency:0]]
[2021.07.09-12.27.31:894][  0]LogConfig: Setting CVar [[p.chaos.AllowCreatePhysxBodies:1]]
[2021.07.09-12.27.31:894][  0]LogConfig: Setting CVar [[fx.SkipVectorVMBackendOptimizations:1]]
[2021.07.09-12.27.31:895][  0]LogConfig: Applying CVar settings from Section [ConsoleVariables] File [C:/Users/User/Desktop/TempFolder/GVE/Offworld JamProject/OffworldJam/OffworldInvader/GVEOffworld/OffworldInvader/Saved/Config/Windows/Engine.ini]
[2021.07.09-12.27.31:895][  0]LogInit: Computer: DESKTOP-1846E27
[2021.07.09-12.27.31:895][  0]LogInit: User: User
[2021.07.09-12.27.31:895][  0]LogInit: CPU Page size=4096, Cores=4
[2021.07.09-12.27.31:895][  0]LogInit: High frequency timer resolution =10.000000 MHz
[2021.07.09-12.27.31:895][  0]LogMemory: Memory total: Physical=15.9GB (16GB approx)
[2021.07.09-12.27.31:895][  0]LogMemory: Platform Memory Stats for Windows
[2021.07.09-12.27.31:895][  0]LogMemory: Process Physical Memory: 115.71 MB used, 115.71 MB peak
[2021.07.09-12.27.31:895][  0]LogMemory: Process Virtual Memory: 97.88 MB used, 97.88 MB peak
[2021.07.09-12.27.31:895][  0]LogMemory: Physical Memory: 9087.39 MB used,  7183.96 MB free, 16271.36 MB total
[2021.07.09-12.27.31:895][  0]LogMemory: Virtual Memory: 5146.93 MB used,  134212584.00 MB free, 134217728.00 MB total
[2021.07.09-12.27.31:899][  0]LogWindows: WindowsPlatformFeatures enabled
[2021.07.09-12.27.32:160][  0]LogInit: Physics initialised using underlying interface: PhysX
[2021.07.09-12.27.32:161][  0]LogInit: Using OS detected language (en-GB).
[2021.07.09-12.27.32:161][  0]LogInit: Using OS detected locale (en-GB).
[2021.07.09-12.27.32:168][  0]LogTextLocalizationManager: No specific localization for 'en-GB' exists, so the 'en' localization will be used.
[2021.07.09-12.27.32:463][  0]LogInit: Setting process to per monitor DPI aware
[2021.07.09-12.27.32:543][  0]LogSlate: New Slate User Created.  User Index 0, Is Virtual User: 0
[2021.07.09-12.27.32:543][  0]LogSlate: Slate User Registered.  User Index 0, Is Virtual User: 0
[2021.07.09-12.27.35:744][  0]LogHMD: Failed to initialize OpenVR with code 110
[2021.07.09-12.27.35:744][  0]LogD3D11RHI: D3D11 min allowed feature level: 11_0
[2021.07.09-12.27.35:744][  0]LogD3D11RHI: D3D11 max allowed feature level: 11_0
[2021.07.09-12.27.35:744][  0]LogD3D11RHI: D3D11 adapters:
[2021.07.09-12.27.35:863][  0]LogD3D11RHI:    0. 'NVIDIA GeForce GTX 960M' (Feature Level 11_0)
[2021.07.09-12.27.35:863][  0]LogD3D11RHI:       2010/0/8135 MB DedicatedVideo/DedicatedSystem/SharedSystem, Outputs:1, VendorId:0x10de
[2021.07.09-12.27.35:873][  0]LogD3D11RHI:    1. 'Intel(R) HD Graphics 630' (Feature Level 11_0)
[2021.07.09-12.27.35:873][  0]LogD3D11RHI:       128/0/8135 MB DedicatedVideo/DedicatedSystem/SharedSystem, Outputs:0, VendorId:0x8086
[2021.07.09-12.27.35:875][  0]LogD3D11RHI:    2. 'Microsoft Basic Render Driver' (Feature Level 11_0)
[2021.07.09-12.27.35:875][  0]LogD3D11RHI:       0/0/8135 MB DedicatedVideo/DedicatedSystem/SharedSystem, Outputs:0, VendorId:0x1414
[2021.07.09-12.27.35:875][  0]LogD3D11RHI: Chosen D3D11 Adapter: 0
[2021.07.09-12.27.35:879][  0]LogD3D11RHI: Creating new Direct3DDevice
[2021.07.09-12.27.35:879][  0]LogD3D11RHI:     GPU DeviceId: 0x139b (for the marketing name, search the web for "GPU Device Id")
[2021.07.09-12.27.35:879][  0]LogWindows: EnumDisplayDevices:
[2021.07.09-12.27.35:879][  0]LogWindows:    0. 'Intel(R) HD Graphics 630' (P:1 D:1)
[2021.07.09-12.27.35:880][  0]LogWindows:    1. 'Intel(R) HD Graphics 630' (P:0 D:0)
[2021.07.09-12.27.35:880][  0]LogWindows:    2. 'Intel(R) HD Graphics 630' (P:0 D:0)
[2021.07.09-12.27.35:880][  0]LogWindows: DebugString: PrimaryIsNotTheChoosenAdapter PrimaryIsNotTheChoosenAdapter PrimaryIsNotTheChoosenAdapter FoundDriverCount:0 
[2021.07.09-12.27.35:880][  0]LogD3D11RHI:     Adapter Name: NVIDIA GeForce GTX 960M
[2021.07.09-12.27.35:880][  0]LogD3D11RHI:   Driver Version: Unknown (internal:Unknown, unified:Unknown)
[2021.07.09-12.27.35:880][  0]LogD3D11RHI:      Driver Date: Unknown
[2021.07.09-12.27.35:880][  0]LogRHI: Texture pool is 1407 MB (70% of 2010 MB)
[2021.07.09-12.27.35:966][  0]LogD3D11RHI: RHI has support for 64 bit atomics
[2021.07.09-12.27.35:967][  0]LogD3D11RHI: Async texture creation enabled
[2021.07.09-12.27.35:984][  0]LogD3D11RHI: GPU Timing Frequency: 1000.000000 (Debug: 2 1)
[2021.07.09-12.27.36:271][  0]LogTargetPlatformManager: Display: Loaded TargetPlatform 'AllDesktop'
[2021.07.09-12.27.36:296][  0]LogTargetPlatformManager: Display: Loaded TargetPlatform 'Android'
[2021.07.09-12.27.36:296][  0]LogTargetPlatformManager: Display: Loaded TargetPlatform 'Android_ASTC'
[2021.07.09-12.27.36:296][  0]LogTargetPlatformManager: Display: Loaded TargetPlatform 'Android_DXT'
[2021.07.09-12.27.36:296][  0]LogTargetPlatformManager: Display: Loaded TargetPlatform 'Android_ETC2'
[2021.07.09-12.27.36:296][  0]LogTargetPlatformManager: Display: Loaded TargetPlatform 'AndroidClient'
[2021.07.09-12.27.36:296][  0]LogTargetPlatformManager: Display: Loaded TargetPlatform 'Android_ASTCClient'
[2021.07.09-12.27.36:296][  0]LogTargetPlatformManager: Display: Loaded TargetPlatform 'Android_DXTClient'
[2021.07.09-12.27.36:296][  0]LogTargetPlatformManager: Display: Loaded TargetPlatform 'Android_ETC2Client'
[2021.07.09-12.27.36:296][  0]LogTargetPlatformManager: Display: Loaded TargetPlatform 'Android_Multi'
[2021.07.09-12.27.36:296][  0]LogTargetPlatformManager: Display: Loaded TargetPlatform 'Android_MultiClient'
[2021.07.09-12.27.36:325][  0]LogTargetPlatformManager: Display: Loaded TargetPlatform 'IOSClient'
[2021.07.09-12.27.36:325][  0]LogTargetPlatformManager: Display: Loaded TargetPlatform 'IOS'
[2021.07.09-12.27.36:337][  0]LogTargetPlatformManager: Display: Loaded TargetPlatform 'Linux'
[2021.07.09-12.27.36:348][  0]LogTargetPlatformManager: Display: Loaded TargetPlatform 'LinuxNoEditor'
[2021.07.09-12.27.36:358][  0]LogTargetPlatformManager: Display: Loaded TargetPlatform 'LinuxClient'
[2021.07.09-12.27.36:370][  0]LogTargetPlatformManager: Display: Loaded TargetPlatform 'LinuxServer'
[2021.07.09-12.27.36:381][  0]LogTargetPlatformManager: Display: Loaded TargetPlatform 'LinuxAArch64NoEditor'
[2021.07.09-12.27.36:392][  0]LogTargetPlatformManager: Display: Loaded TargetPlatform 'LinuxAArch64Client'
[2021.07.09-12.27.36:403][  0]LogTargetPlatformManager: Display: Loaded TargetPlatform 'LinuxAArch64Server'
[2021.07.09-12.27.36:436][  0]LogTargetPlatformManager: Display: Loaded TargetPlatform 'Lumin'
[2021.07.09-12.27.36:436][  0]LogTargetPlatformManager: Display: Loaded TargetPlatform 'LuminClient'
[2021.07.09-12.27.36:455][  0]LogTargetPlatformManager: Display: Loaded TargetPlatform 'TVOSClient'
[2021.07.09-12.27.36:455][  0]LogTargetPlatformManager: Display: Loaded TargetPlatform 'TVOS'
[2021.07.09-12.27.36:466][  0]LogTargetPlatformManager: Display: Loaded TargetPlatform 'WindowsNoEditor'
[2021.07.09-12.27.36:477][  0]LogTargetPlatformManager: Display: Loaded TargetPlatform 'Windows'
[2021.07.09-12.27.36:489][  0]LogTargetPlatformManager: Display: Loaded TargetPlatform 'WindowsClient'
[2021.07.09-12.27.36:500][  0]LogTargetPlatformManager: Display: Loaded TargetPlatform 'WindowsServer'
[2021.07.09-12.27.36:500][  0]LogTargetPlatformManager: Display: Building Assets For Windows
[2021.07.09-12.27.36:546][  0]LogAudioDebug: Display: Lib vorbis DLL was dynamically loaded.
[2021.07.09-12.27.36:639][  0]LogShaderCompilers: Guid format shader working directory is -82 characters bigger than the processId version (../../../../../../Users/User/Desktop/TempFolder/GVE/Offworld JamProject/OffworldJam/OffworldInvader/GVEOffworld/OffworldInvader/Intermediate/Shaders/WorkingDirectory/5016/).
[2021.07.09-12.27.36:640][  0]LogShaderCompilers: Cleaned the shader compiler working directory 'C:/Users/User/AppData/Local/Temp/UnrealShaderWorkingDir/75E427D54FE81BA0D284259ACD1F537A/'.
[2021.07.09-12.27.36:640][  0]LogXGEController: Cannot use XGE Controller as Incredibuild is not installed on this machine.
[2021.07.09-12.27.36:640][  0]LogShaderCompilers: Cannot use XGE Shader Compiler as Incredibuild is not installed on this machine.
[2021.07.09-12.27.36:640][  0]LogShaderCompilers: Display: Using Local Shader Compiler.
[2021.07.09-12.27.40:102][  0]LogDerivedDataCache: Display: Max Cache Size: 512 MB
[2021.07.09-12.27.40:155][  0]LogDerivedDataCache: Loaded boot cache 0.05s 76MB C:/Users/User/AppData/Local/UnrealEngine/4.25/DerivedDataCache/Boot.ddc.
[2021.07.09-12.27.40:155][  0]LogDerivedDataCache: Display: Loaded Boot cache: C:/Users/User/AppData/Local/UnrealEngine/4.25/DerivedDataCache/Boot.ddc
[2021.07.09-12.27.40:155][  0]LogDerivedDataCache: FDerivedDataBackendGraph:  Pak pak cache file ../../../../../../Users/User/Desktop/TempFolder/GVE/Offworld JamProject/OffworldJam/OffworldInvader/GVEOffworld/OffworldInvader/DerivedDataCache/DDC.ddp not found, will not use a pak cache.
[2021.07.09-12.27.40:155][  0]LogDerivedDataCache: Unable to find inner node Pak for hierarchical cache Hierarchy.
[2021.07.09-12.27.40:155][  0]LogDerivedDataCache: FDerivedDataBackendGraph:  CompressedPak pak cache file ../../../../../../Users/User/Desktop/TempFolder/GVE/Offworld JamProject/OffworldJam/OffworldInvader/GVEOffworld/OffworldInvader/DerivedDataCache/Compressed.ddp not found, will not use a pak cache.
[2021.07.09-12.27.40:155][  0]LogDerivedDataCache: Unable to find inner node CompressedPak for hierarchical cache Hierarchy.
[2021.07.09-12.27.40:172][  0]LogDerivedDataCache: Display: Pak cache opened for reading ../../../Engine/DerivedDataCache/Compressed.ddp.
[2021.07.09-12.27.40:172][  0]LogDerivedDataCache: FDerivedDataBackendGraph:  EnterprisePak pak cache file ../../../Enterprise/DerivedDataCache/Compressed.ddp not found, will not use a pak cache.
[2021.07.09-12.27.40:172][  0]LogDerivedDataCache: Unable to find inner node EnterprisePak for hierarchical cache Hierarchy.
[2021.07.09-12.27.40:173][  0]LogDerivedDataCache: Using Local data cache path C:/Users/User/AppData/Local/UnrealEngine/Common/DerivedDataCache: Writable
[2021.07.09-12.27.40:173][  0]LogDerivedDataCache: Shared data cache path not found in *engine.ini, will not use an Shared cache.
[2021.07.09-12.27.40:173][  0]LogDerivedDataCache: Unable to find inner node Shared for hierarchical cache Hierarchy.
[2021.07.09-12.27.40:231][  0]LogSlate: Using FreeType 2.10.0
[2021.07.09-12.27.40:245][  0]LogSlate: SlateFontServices - WITH_FREETYPE: 1, WITH_HARFBUZZ: 1
[2021.07.09-12.27.40:277][  0]LogAssetRegistry: FAssetRegistry took 0.0030 seconds to start up
[2021.07.09-12.27.40:522][  0]LogInit: Selected Device Profile: [Windows]
[2021.07.09-12.27.40:742][  0]LogMeshReduction: Using QuadricMeshReduction for automatic static mesh reduction
[2021.07.09-12.27.40:742][  0]LogMeshReduction: Using SimplygonMeshReduction for automatic skeletal mesh reduction
[2021.07.09-12.27.40:742][  0]LogMeshReduction: Using ProxyLODMeshReduction for automatic mesh merging
[2021.07.09-12.27.40:742][  0]LogMeshReduction: No distributed automatic mesh merging module available
[2021.07.09-12.27.40:743][  0]LogMeshMerging: No distributed automatic mesh merging module available
[2021.07.09-12.27.40:792][  0]LogNetVersion: OffworldInvader 1.0.0, NetCL: 13144385, EngineNetVer: 14, GameNetVer: 0 (Checksum: 3010887049)
[2021.07.09-12.27.41:994][  0]LogAISub: UAISubsystem::UAISubsystem AISubsystem (0000026D7CF42680), frame # 0
[2021.07.09-12.27.41:994][  0]LogAISub: UAISubsystem::UAISubsystem AIPerceptionSystem (0000026D7CEDD080), frame # 0
[2021.07.09-12.27.41:995][  0]LogAISub: UAISubsystem::UAISubsystem EnvQueryManager (0000026D7CF29C00), frame # 0
[2021.07.09-12.27.42:086][  0]LogPackageLocalizationCache: Processed 19 localized package path(s) for 1 prioritized culture(s) in 0.070471 seconds
[2021.07.09-12.27.42:091][  0]LogUObjectArray: 15923 objects as part of root set at end of initial load.
[2021.07.09-12.27.42:091][  0]LogUObjectAllocator: 3966848 out of 0 bytes used by permanent object pool.
[2021.07.09-12.27.42:091][  0]LogUObjectArray: CloseDisregardForGC: 0/0 objects in disregard for GC pool
[2021.07.09-12.27.42:847][  0]LogTcpMessaging: Initializing TcpMessaging bridge
[2021.07.09-12.27.42:852][  0]LogUdpMessaging: Initializing bridge on interface 0.0.0.0:0 to multicast group 230.0.0.1:6666.
[2021.07.09-12.27.42:965][  0]LogLinker: Warning: Failed to load '/Game/ThirdPersonBP/ThirdPersonOverview': Can't find file.
[2021.07.09-12.27.42:965][  0]LogLinker: Warning: Failed to load '/Game/ThirdPersonBP/ThirdPersonOverview': Can't find file.
[2021.07.09-12.27.42:966][  0]LogUObjectGlobals: Warning: Failed to find object 'Class /Game/ThirdPersonBP/ThirdPersonOverview.ThirdPersonOverview_C'
[2021.07.09-12.27.43:003][  0]SourceControl: Source control is disabled
[2021.07.09-12.27.43:003][  0]SourceControl: Source control is disabled
[2021.07.09-12.27.43:005][  0]SourceControl: Source control is disabled
[2021.07.09-12.27.43:009][  0]SourceControl: Source control is disabled
[2021.07.09-12.27.43:039][  0]SourceControl: Source control is disabled
[2021.07.09-12.27.43:349][  0]LogAndroidPermission: UAndroidPermissionCallbackProxy::GetInstance
[2021.07.09-12.27.43:368][  0]LogAudioCaptureCore: Display: No Audio Capture implementations found. Audio input will be silent.
[2021.07.09-12.27.43:368][  0]LogAudioCaptureCore: Display: No Audio Capture implementations found. Audio input will be silent.
[2021.07.09-12.27.43:449][  0]LogOcInput: OculusInput pre-init called
[2021.07.09-12.27.43:461][  0]LogWindows: Failed to load 'OVRPlugin.dll' (GetLastError=126)
[2021.07.09-12.27.43:461][  0]LogWindows: File 'OVRPlugin.dll' does not exist
[2021.07.09-12.27.43:543][  0]LogEngine: Initializing Engine...
[2021.07.09-12.27.43:544][  0]LogHMD: Failed to initialize OpenVR with code 110
[2021.07.09-12.27.43:544][  0]LogMagicLeap: Warning: VR disabled because ZI is not enabled.  To enable, in the editor, Edit -> Project Settings -> Plugins -> Magic Leap Plugin -> Enable Zero Iteration
[2021.07.09-12.27.43:546][  0]LogStats: UGameplayTagsManager::InitializeManager -  0.000 s
[2021.07.09-12.27.43:885][  0]LogInit: Initializing FReadOnlyCVARCache
[2021.07.09-12.27.43:895][  0]LogAIModule: Creating AISystem for world Untitled
[2021.07.09-12.27.43:895][  0]LogAISub: UAISubsystem::UAISubsystem EnvQueryManager (0000026D0537DC00), frame # 0
[2021.07.09-12.27.43:895][  0]LogAISub: UAISubsystem::UAISubsystem AIPerceptionSystem (0000026D0539AAC0), frame # 0
[2021.07.09-12.27.43:900][  0]LogAudioMixer: Display: Audio Mixer Platform Settings:
[2021.07.09-12.27.43:900][  0]LogAudioMixer: Display: 	Sample Rate:						  48000
[2021.07.09-12.27.43:900][  0]LogAudioMixer: Display: 	Callback Buffer Frame Size Requested: 1024
[2021.07.09-12.27.43:900][  0]LogAudioMixer: Display: 	Callback Buffer Frame Size To Use:	  1024
[2021.07.09-12.27.43:900][  0]LogAudioMixer: Display: 	Number of buffers to queue:			  2
[2021.07.09-12.27.43:900][  0]LogAudioMixer: Display: 	Max Channels (voices):				  32
[2021.07.09-12.27.43:900][  0]LogAudioMixer: Display: 	Number of Async Source Workers:		  0
[2021.07.09-12.27.43:900][  0]LogAudio: Display: AudioDevice MaxSources: 32
[2021.07.09-12.27.43:906][  0]LogAudio: Display: Using built-in audio occlusion.
[2021.07.09-12.27.43:906][  0]LogAudioMixer: Display: Initializing audio mixer.
[2021.07.09-12.27.43:921][  0]LogAudioMixer: Display: 0: FrontLeft
[2021.07.09-12.27.43:921][  0]LogAudioMixer: Display: 1: FrontRight
[2021.07.09-12.27.44:061][  0]LogAudioMixer: Display: Using Audio Device Speakers (Realtek High Definition Audio)
[2021.07.09-12.27.44:061][  0]LogAudioMixer: Display: Initializing Sound Submixes...
[2021.07.09-12.27.44:092][  0]LogAudioMixer: Display: Creating Master Submix 'MasterSubmixDefault'
[2021.07.09-12.27.44:092][  0]LogAudioMixer: Display: Creating Master Submix 'MasterReverbSubmixDefault'
[2021.07.09-12.27.44:093][  0]LogAudioMixer: Display: Creating Master Submix 'MasterEQSubmixDefault'
[2021.07.09-12.27.44:094][  0]LogInit: FAudioDevice initialized.
[2021.07.09-12.27.44:095][  0]LogNetVersion: Set ProjectVersion to 1.0.0.0. Version Checksum will be recalculated on next use.
[2021.07.09-12.27.44:193][  0]LogDerivedDataCache: Saved boot cache 0.10s 76MB C:/Users/User/AppData/Local/UnrealEngine/4.25/DerivedDataCache/Boot.ddc.
[2021.07.09-12.27.44:194][  0]LogInit: Texture streaming: Enabled
[2021.07.09-12.27.44:212][  0]LogEngineSessionManager: EngineSessionManager initialized
[2021.07.09-12.27.44:212][  0]LogEditorSessionSummary: Verbose: Initializing EditorSessionSummaryWriter for editor session tracking
[2021.07.09-12.27.44:214][  0]LogEditorSessionSummary: EditorSessionSummaryWriter initialized
[2021.07.09-12.27.44:255][  0]LogInit: Transaction tracking system initialized
[2021.07.09-12.27.44:279][  0]BlueprintLog: New page: Editor Load
[2021.07.09-12.27.44:358][  0]LocalizationService: Localization service is disabled
[2021.07.09-12.27.44:850][  0]LogCook: Display: Max memory allowance for cook 16384mb min free memory 0mb
[2021.07.09-12.27.44:850][  0]LogCook: Display: Mobile HDR setting 1
[2021.07.09-12.27.44:949][  0]LogFileCache: Scanning file cache for directory 'C:/Users/User/Desktop/TempFolder/GVE/Offworld JamProject/OffworldJam/OffworldInvader/GVEOffworld/OffworldInvader/Content/' took 0.01s
[2021.07.09-12.27.45:332][  0]SourceControl: Source control is disabled
[2021.07.09-12.27.45:332][  0]LogUnrealEdMisc: Loading editor; pre map load, took 15.233
[2021.07.09-12.27.45:332][  0]LightingResults: New page: Lighting Build
[2021.07.09-12.27.45:333][  0]LogWorld: UWorld::CleanupWorld for Untitled, bSessionEnded=true, bCleanupResources=true
[2021.07.09-12.27.45:333][  0]LogSlate: InvalidateAllWidgets triggered.  All widgets were invalidated
[2021.07.09-12.27.45:333][  0]MapCheck: New page: Map Check
[2021.07.09-12.27.45:333][  0]LightingResults: New page: Lighting Build
[2021.07.09-12.27.45:343][  0]LogAISub: UAISubsystem::~UAISubsystem EnvQueryManager (0000026D0537DC00), frame # 0
[2021.07.09-12.27.45:343][  0]LogAISub: UAISubsystem::~UAISubsystem AIPerceptionSystem (0000026D0539AAC0), frame # 0
[2021.07.09-12.27.45:344][  0]LogUObjectHash: Compacting FUObjectHashTables data took   1.00ms
[2021.07.09-12.27.45:569][  0]LogAIModule: Creating AISystem for world FlyingExampleMap
[2021.07.09-12.27.45:569][  0]LogAISub: UAISubsystem::UAISubsystem EnvQueryManager (0000026D13CB0400), frame # 0
[2021.07.09-12.27.45:570][  0]LogAISub: UAISubsystem::UAISubsystem AIPerceptionSystem (0000026D0BCF5F80), frame # 0
[2021.07.09-12.27.45:605][  0]LogEditorServer: Finished looking for orphan Actors (0.000 secs)
[2021.07.09-12.27.45:637][  0]LogUObjectHash: Compacting FUObjectHashTables data took   1.81ms
[2021.07.09-12.27.45:637][  0]Cmd: MAP CHECKDEP NOCLEARLOG
[2021.07.09-12.27.45:638][  0]MapCheck: Map check complete: 0 Error(s), 0 Warning(s), took 0.234ms to complete.
[2021.07.09-12.27.45:638][  0]LogFileHelpers: Loading map 'FlyingExampleMap' took 0.305
[2021.07.09-12.27.45:643][  0]LogUnrealEdMisc: Total Editor Startup Time, took 15.543
[2021.07.09-12.27.45:791][  0]LogSlate: Updating window title bar state: overlay mode, drag disabled, window buttons hidden, title bar hidden
[2021.07.09-12.27.45:802][  0]LogSlate: Updating window title bar state: overlay mode, drag disabled, window buttons hidden, title bar hidden
[2021.07.09-12.27.45:811][  0]LogSlate: Updating window title bar state: overlay mode, drag disabled, window buttons hidden, title bar hidden
[2021.07.09-12.27.45:821][  0]LogSlate: Updating window title bar state: overlay mode, drag disabled, window buttons hidden, title bar hidden
[2021.07.09-12.27.45:831][  0]LogCollectionManager: Loaded 0 collections in 0.002930 seconds
[2021.07.09-12.27.45:848][  0]LogFileCache: Scanning file cache for directory 'C:/Users/User/Desktop/TempFolder/GVE/Offworld JamProject/OffworldJam/OffworldInvader/GVEOffworld/OffworldInvader/Saved/Collections/' took 0.00s
[2021.07.09-12.27.45:848][  0]LogFileCache: Scanning file cache for directory 'C:/Users/User/Desktop/TempFolder/GVE/Offworld JamProject/OffworldJam/OffworldInvader/GVEOffworld/OffworldInvader/Content/Developers/User/Collections/' took 0.00s
[2021.07.09-12.27.45:848][  0]LogFileCache: Scanning file cache for directory 'C:/Users/User/Desktop/TempFolder/GVE/Offworld JamProject/OffworldJam/OffworldInvader/GVEOffworld/OffworldInvader/Content/Collections/' took 0.00s
[2021.07.09-12.27.45:848][  0]LogContentBrowser: Native class hierarchy populated in 0.0107 seconds. Added 3435 classes and 823 folders.
[2021.07.09-12.27.45:852][  0]LogContentBrowser: Native class hierarchy updated for 'WidgetCarousel' in 0.0004 seconds. Added 0 classes and 0 folders.
[2021.07.09-12.27.46:184][  0]LogContentBrowser: Native class hierarchy updated for 'AddContentDialog' in 0.0004 seconds. Added 0 classes and 0 folders.
[2021.07.09-12.27.46:186][  0]LogContentBrowser: Native class hierarchy updated for 'SceneOutliner' in 0.0005 seconds. Added 2 classes and 0 folders.
[2021.07.09-12.27.46:256][  0]LogSlate: Took 0.006224 seconds to synchronously load lazily loaded font '../../../Engine/Content/Slate/Fonts/Roboto-Regular.ttf' (155K)
[2021.07.09-12.27.46:262][  0]LogSlate: Took 0.005151 seconds to synchronously load lazily loaded font '../../../Engine/Content/Slate/Fonts/Roboto-Bold.ttf' (160K)
[2021.07.09-12.27.46:274][  0]LogSlate: Took 0.006292 seconds to synchronously load lazily loaded font '../../../Engine/Content/Editor/Slate/Fonts/FontAwesome.ttf' (139K)
[2021.07.09-12.27.46:378][  0]LogRenderer: Reallocating scene render targets to support 1056x572 Format 10 NumSamples 1 (Frame:1).
[2021.07.09-12.27.46:498][  0]LogContentBrowser: Native class hierarchy updated for 'HierarchicalLODOutliner' in 0.0004 seconds. Added 0 classes and 0 folders.
[2021.07.09-12.27.46:498][  0]LogLoad: (Engine Initialization) Total time: 16.40 seconds
[2021.07.09-12.27.46:498][  0]LogLoad: (Engine Initialization) Total Blueprint compile time: 0.00 seconds
[2021.07.09-12.27.46:554][  0]LogAssetRegistry: Asset discovery search completed in 6.2772 seconds
[2021.07.09-12.27.46:558][  0]LogCollectionManager: Fixed up redirectors for 0 collections in 0.000002 seconds (updated 0 objects)
[2021.07.09-12.27.46:560][  0]LogContentStreaming: Texture pool size now 1000 MB
[2021.07.09-12.27.46:604][  0]LogSlate: Took 0.007041 seconds to synchronously load lazily loaded font '../../../Engine/Content/Slate/Fonts/Roboto-Light.ttf' (167K)
[2021.07.09-12.27.47:868][  4]LogSlate: Took 0.000211 seconds to synchronously load lazily loaded font '../../../Engine/Content/Slate/Fonts/Roboto-Light.ttf' (167K)
[2021.07.09-12.27.56:238][439]LogAssetEditorSubsystem: Opening Asset editor for Blueprint /Game/Sequencers/PathSequencer.PathSequencer
[2021.07.09-12.27.56:791][439]LogContentBrowser: Native class hierarchy updated for 'BlueprintGraph' in 0.0007 seconds. Added 125 classes and 0 folders.
[2021.07.09-12.27.58:757][492]LogAssetEditorSubsystem: Opening Asset editor for World /Game/FlyingCPP/Maps/TestMapD.TestMapD
[2021.07.09-12.27.58:779][492]LogUObjectHash: Compacting FUObjectHashTables data took   2.03ms
[2021.07.09-12.27.58:780][492]LightingResults: New page: Lighting Build
[2021.07.09-12.27.58:780][492]LoadErrors: New page: Loading map: TestMapD.umap
[2021.07.09-12.27.58:783][492]LogWorld: UWorld::CleanupWorld for FlyingExampleMap, bSessionEnded=true, bCleanupResources=true
[2021.07.09-12.27.58:783][492]LogSlate: InvalidateAllWidgets triggered.  All widgets were invalidated
[2021.07.09-12.27.58:783][492]MapCheck: New page: Map Check
[2021.07.09-12.27.58:783][492]LightingResults: New page: Lighting Build
[2021.07.09-12.27.58:803][492]LogAISub: UAISubsystem::~UAISubsystem EnvQueryManager (0000026D13CB0400), frame # 492
[2021.07.09-12.27.58:803][492]LogAISub: UAISubsystem::~UAISubsystem AIPerceptionSystem (0000026D0BCF5F80), frame # 492
[2021.07.09-12.27.58:805][492]LogUObjectHash: Compacting FUObjectHashTables data took   2.00ms
[2021.07.09-12.27.58:809][492]LogEditorServer: Finished looking for orphan Actors (0.000 secs)
[2021.07.09-12.27.58:809][492]LogAIModule: Creating AISystem for world TestMapD
[2021.07.09-12.27.58:809][492]LogAISub: UAISubsystem::UAISubsystem EnvQueryManager (0000026D10421600), frame # 492
[2021.07.09-12.27.58:810][492]LogAISub: UAISubsystem::UAISubsystem AIPerceptionSystem (0000026D0BD474C0), frame # 492
[2021.07.09-12.27.58:832][492]LogUObjectHash: Compacting FUObjectHashTables data took   1.65ms
[2021.07.09-12.27.58:853][492]Cmd: MAP CHECKDEP NOCLEARLOG
[2021.07.09-12.27.58:854][492]MapCheck: Map check complete: 0 Error(s), 0 Warning(s), took 0.139ms to complete.
[2021.07.09-12.27.58:854][492]LogFileHelpers: Loading map 'TestMapD' took 0.073
[2021.07.09-12.28.01:699][654]LogTemp: Repeating last play command: New Editor Window (PIE)
[2021.07.09-12.28.01:711][654]LogPlayLevel: PlayLevel: No blueprints needed recompiling
[2021.07.09-12.28.01:712][654]PIE: New page: PIE session: TestMapD (9 Jul 2021, 14:28:01)
[2021.07.09-12.28.01:713][654]LogOnline: OSS: Creating online subsystem instance for: NULL
[2021.07.09-12.28.01:714][654]LogOnline: OSS: TryLoadSubsystemAndSetDefault: Loaded subsystem for module [NULL]
[2021.07.09-12.28.01:714][654]LogPlayLevel: Creating play world package: /Game/FlyingCPP/Maps/UEDPIE_0_TestMapD
[2021.07.09-12.28.01:728][654]LogPlayLevel: PIE: StaticDuplicateObject took: (0.014069s)
[2021.07.09-12.28.01:731][654]LogAIModule: Creating AISystem for world TestMapD
[2021.07.09-12.28.01:731][654]LogAISub: UAISubsystem::UAISubsystem EnvQueryManager (0000026D71F62200), frame # 654
[2021.07.09-12.28.01:731][654]LogAISub: UAISubsystem::UAISubsystem AIPerceptionSystem (0000026D742D91C0), frame # 654
[2021.07.09-12.28.01:732][654]LogPlayLevel: PIE: World Init took: (0.003158s)
[2021.07.09-12.28.01:732][654]LogPlayLevel: PIE: Created PIE world by copying editor world from /Game/FlyingCPP/Maps/TestMapD.TestMapD to /Game/FlyingCPP/Maps/UEDPIE_0_TestMapD.TestMapD (0.017681s)
[2021.07.09-12.28.01:756][654]LogUObjectHash: Compacting FUObjectHashTables data took   1.68ms
[2021.07.09-12.28.01:757][654]LogAudioMixer: Display: Audio Mixer Platform Settings:
[2021.07.09-12.28.01:757][654]LogAudioMixer: Display: 	Sample Rate:						  48000
[2021.07.09-12.28.01:757][654]LogAudioMixer: Display: 	Callback Buffer Frame Size Requested: 1024
[2021.07.09-12.28.01:757][654]LogAudioMixer: Display: 	Callback Buffer Frame Size To Use:	  1024
[2021.07.09-12.28.01:757][654]LogAudioMixer: Display: 	Number of buffers to queue:			  2
[2021.07.09-12.28.01:757][654]LogAudioMixer: Display: 	Max Channels (voices):				  32
[2021.07.09-12.28.01:757][654]LogAudioMixer: Display: 	Number of Async Source Workers:		  0
[2021.07.09-12.28.01:757][654]LogAudio: Display: AudioDevice MaxSources: 32
[2021.07.09-12.28.01:758][654]LogAudio: Display: Using built-in audio occlusion.
[2021.07.09-12.28.01:758][654]LogAudioMixer: Display: Initializing audio mixer.
[2021.07.09-12.28.01:761][654]LogAudioMixer: Display: 0: FrontLeft
[2021.07.09-12.28.01:761][654]LogAudioMixer: Display: 1: FrontRight
[2021.07.09-12.28.01:808][654]LogAudioMixer: Display: Using Audio Device Speakers (Realtek High Definition Audio)
[2021.07.09-12.28.01:809][654]LogAudioMixer: Display: Initializing Sound Submixes...
[2021.07.09-12.28.01:809][654]LogAudioMixer: Display: Creating Master Submix 'MasterSubmixDefault'
[2021.07.09-12.28.01:809][654]LogAudioMixer: Display: Creating Master Submix 'MasterReverbSubmixDefault'
[2021.07.09-12.28.01:809][654]LogAudioMixer: Display: Creating Master Submix 'MasterEQSubmixDefault'
[2021.07.09-12.28.01:825][654]LogInit: FAudioDevice initialized.
[2021.07.09-12.28.01:871][654]LogSlate: Updating window title bar state: overlay mode, drag disabled, window buttons hidden, title bar hidden
[2021.07.09-12.28.01:871][654]LogLoad: Game class is 'OffworldInvaderGameMode'
[2021.07.09-12.28.01:873][654]LogWorld: Bringing World /Game/FlyingCPP/Maps/UEDPIE_0_TestMapD.TestMapD up for play (max tick rate 60) at 2021.07.09-13.28.01
[2021.07.09-12.28.01:874][654]LogWorld: Bringing up level for play took: 0.001347
[2021.07.09-12.28.01:874][654]LogOnline: OSS: Creating online subsystem instance for: :Context_2
[2021.07.09-12.28.01:876][654]LogContentBrowser: Native class hierarchy updated for 'MovieSceneCapture' in 0.0004 seconds. Added 20 classes and 0 folders.
[2021.07.09-12.28.01:880][654]PIE: Server logged in
[2021.07.09-12.28.01:881][654]PIE: Play in editor total start time 0.172 seconds.
[2021.07.09-12.28.01:953][655]LogRenderer: Reallocating scene render targets to support 1280x720 Format 10 NumSamples 1 (Frame:1).
[2021.07.09-12.28.05:635][655]LogWindows: Error: === Critical error: ===
[2021.07.09-12.28.05:636][655]LogWindows: Error: 
[2021.07.09-12.28.05:636][655]LogWindows: Error: Fatal error!
[2021.07.09-12.28.05:636][655]LogWindows: Error: 
[2021.07.09-12.28.05:636][655]LogWindows: Error: Unhandled Exception: EXCEPTION_ACCESS_VIOLATION reading address 0x000001c0
[2021.07.09-12.28.05:636][655]LogWindows: Error: 
[2021.07.09-12.28.05:636][655]LogWindows: Error: [Callstack] 0x00007ff985802562 UE4Editor-Engine.dll!UnknownFunction []
[2021.07.09-12.28.05:636][655]LogWindows: Error: [Callstack] 0x00007ff985804218 UE4Editor-Engine.dll!UnknownFunction []
[2021.07.09-12.28.05:636][655]LogWindows: Error: [Callstack] 0x00007ff962e559c7 UE4Editor-OffworldInvader-7805.dll!UnknownFunction [C:\Users\User\Desktop\TempFolder\GVE\Offworld JamProject\OffworldJam\OffworldInvader\GVEOffworld\OffworldInvader\Source\OffworldInvader\PathSequencer.cpp:84]
[2021.07.09-12.28.05:636][655]LogWindows: Error: [Callstack] 0x00007ff962e55e92 UE4Editor-OffworldInvader-7805.dll!UnknownFunction [C:\Users\User\Desktop\TempFolder\GVE\Offworld JamProject\OffworldJam\OffworldInvader\GVEOffworld\OffworldInvader\Source\OffworldInvader\PathSequencer.cpp:64]
[2021.07.09-12.28.05:636][655]LogWindows: Error: [Callstack] 0x00007ff984f9441a UE4Editor-Engine.dll!UnknownFunction []
[2021.07.09-12.28.05:636][655]LogWindows: Error: [Callstack] 0x00007ff984f59f84 UE4Editor-Engine.dll!UnknownFunction []
[2021.07.09-12.28.05:636][655]LogWindows: Error: [Callstack] 0x00007ff98601936f UE4Editor-Engine.dll!UnknownFunction []
[2021.07.09-12.28.05:636][655]LogWindows: Error: [Callstack] 0x00007ff98601e3c7 UE4Editor-Engine.dll!UnknownFunction []
[2021.07.09-12.28.05:636][655]LogWindows: Error: [Callstack] 0x00007ff987c187d8 UE4Editor-Core.dll!UnknownFunction []
[2021.07.09-12.28.05:636][655]LogWindows: Error: [Callstack] 0x00007ff987c18aa3 UE4Editor-Core.dll!UnknownFunction []
[2021.07.09-12.28.05:636][655]LogWindows: Error: [Callstack] 0x00007ff987c2f027 UE4Editor-Core.dll!UnknownFunction []
[2021.07.09-12.28.05:636][655]LogWindows: Error: [Callstack] 0x00007ff98603a402 UE4Editor-Engine.dll!UnknownFunction []
[2021.07.09-12.28.05:636][655]LogWindows: Error: [Callstack] 0x00007ff98603f6ca UE4Editor-Engine.dll!UnknownFunction []
[2021.07.09-12.28.05:636][655]LogWindows: Error: [Callstack] 0x00007ff9857fd0bf UE4Editor-Engine.dll!UnknownFunction []
[2021.07.09-12.28.05:636][655]LogWindows: Error: [Callstack] 0x00007ff985807957 UE4Editor-Engine.dll!UnknownFunction []
[2021.07.09-12.28.05:636][655]LogWindows: Error: [Callstack] 0x00007ff98292af57 UE4Editor-UnrealEd.dll!UnknownFunction []
[2021.07.09-12.28.05:636][655]LogWindows: Error: [Callstack] 0x00007ff9832037e6 UE4Editor-UnrealEd.dll!UnknownFunction []
[2021.07.09-12.28.05:636][655]LogWindows: Error: [Callstack] 0x00007ff7a4427800 UE4Editor.exe!UnknownFunction []
[2021.07.09-12.28.05:636][655]LogWindows: Error: [Callstack] 0x00007ff7a443ba7c UE4Editor.exe!UnknownFunction []
[2021.07.09-12.28.05:636][655]LogWindows: Error: [Callstack] 0x00007ff7a443bb5a UE4Editor.exe!UnknownFunction []
[2021.07.09-12.28.05:636][655]LogWindows: Error: [Callstack] 0x00007ff7a444e31d UE4Editor.exe!UnknownFunction []
[2021.07.09-12.28.05:636][655]LogWindows: Error: [Callstack] 0x00007ff7a445145a UE4Editor.exe!UnknownFunction []
[2021.07.09-12.28.05:636][655]LogWindows: Error: [Callstack] 0x00007ff9bb087034 KERNEL32.DLL!UnknownFunction []
[2021.07.09-12.28.05:636][655]LogWindows: Error: [Callstack] 0x00007ff9bca02651 ntdll.dll!UnknownFunction []
[2021.07.09-12.28.05:636][655]LogWindows: Error: 
[2021.07.09-12.28.05:650][655]LogExit: Executing StaticShutdownAfterError
[2021.07.09-12.28.05:654][655]LogWindows: FPlatformMisc::RequestExit(1)
[2021.07.09-12.28.05:654][655]LogCore: Engine exit requested (reason: Win RequestExit)
[2021.07.09-12.28.05:663][655]Log file closed, 07/09/21 13:28:05
