Log file open, 07/08/21 14:15:07
LogInit: Display: Running engine for game: OffworldInvader
LogPlatformFile: Not using cached read wrapper
LogTaskGraph: Started task graph with 5 named threads and 23 total threads with 3 sets of task threads.
LogStats: Stats thread started at 0.206563
LogD3D11RHI: Loaded GFSDK_Aftermath_Lib.x64.dll
LogICUInternationalization: ICU TimeZone Detection - Raw Offset: +0:00, Platform Override: ''
LogPluginManager: Mounting plugin Paper2D
LogPluginManager: Mounting plugin AISupport
LogPluginManager: Mounting plugin LightPropagationVolume
LogPluginManager: Mounting plugin CameraShakePreviewer
LogPluginManager: Mounting plugin ActorLayerUtilities
LogPluginManager: Mounting plugin AnimationSharing
LogPluginManager: Mounting plugin CLionSourceCodeAccess
LogPluginManager: Mounting plugin CodeLiteSourceCodeAccess
LogPluginManager: Mounting plugin GitSourceControl
LogPluginManager: Mounting plugin KDevelopSourceCodeAccess
LogPluginManager: Mounting plugin NullSourceCodeAccess
LogPluginManager: Mounting plugin PerforceSourceControl
LogPluginManager: Mounting plugin PlasticSourceControl
LogPluginManager: Mounting plugin RiderLink
LogPluginManager: Mounting plugin RiderSourceCodeAccess
LogPluginManager: Mounting plugin SubversionSourceControl
LogPluginManager: Mounting plugin UObjectPlugin
LogPluginManager: Mounting plugin VisualStudioCodeSourceCodeAccess
LogPluginManager: Mounting plugin VisualStudioSourceCodeAccess
LogPluginManager: Mounting plugin XCodeSourceCodeAccess
LogPluginManager: Mounting plugin AssetManagerEditor
LogPluginManager: Mounting plugin CryptoKeys
LogPluginManager: Mounting plugin CurveEditorTools
LogPluginManager: Mounting plugin DataValidation
LogPluginManager: Mounting plugin EditorScriptingUtilities
LogPluginManager: Mounting plugin FacialAnimation
LogPluginManager: Mounting plugin GameplayTagsEditor
LogPluginManager: Mounting plugin GeometryMode
LogPluginManager: Mounting plugin MacGraphicsSwitching
LogPluginManager: Mounting plugin MaterialAnalyzer
LogPluginManager: Mounting plugin MobileLauncherProfileWizard
LogPluginManager: Mounting plugin PluginBrowser
LogPluginManager: Mounting plugin SpeedTreeImporter
LogPluginManager: Mounting plugin DatasmithContent
LogPluginManager: Mounting plugin VariantManagerContent
LogPluginManager: Mounting plugin AlembicImporter
LogPluginManager: Mounting plugin AutomationUtils
LogPluginManager: Mounting plugin BackChannel
LogPluginManager: Mounting plugin ChaosCloth
LogPluginManager: Mounting plugin ChaosClothEditor
LogPluginManager: Mounting plugin ChaosEditor
LogPluginManager: Mounting plugin ChaosNiagara
LogPluginManager: Mounting plugin ChaosSolverPlugin
LogPluginManager: Mounting plugin CharacterAI
LogPluginManager: Mounting plugin GeometryCache
LogPluginManager: Mounting plugin GeometryCollectionPlugin
LogPluginManager: Mounting plugin GeometryProcessing
LogPluginManager: Mounting plugin PlanarCut
LogPluginManager: Mounting plugin PlatformCrypto
LogPluginManager: Mounting plugin ProxyLODPlugin
LogPluginManager: Mounting plugin SkeletalReduction
LogPluginManager: Mounting plugin Niagara
LogPluginManager: Mounting plugin MagicLeap
LogPluginManager: Mounting plugin MagicLeapLightEstimation
LogPluginManager: Mounting plugin MagicLeapMedia
LogPluginManager: Mounting plugin MagicLeapPassableWorld
LogPluginManager: Mounting plugin MLSDK
LogPluginManager: Mounting plugin AndroidMedia
LogPluginManager: Mounting plugin AvfMedia
LogPluginManager: Mounting plugin ImgMedia
LogPluginManager: Mounting plugin MediaCompositing
LogPluginManager: Mounting plugin MediaPlayerEditor
LogPluginManager: Mounting plugin WebMMedia
LogPluginManager: Mounting plugin WmfMedia
LogPluginManager: Mounting plugin MeshPainting
LogPluginManager: Mounting plugin TcpMessaging
LogPluginManager: Mounting plugin UdpMessaging
LogPluginManager: Mounting plugin ActorSequence
LogPluginManager: Mounting plugin LevelSequenceEditor
LogPluginManager: Mounting plugin MatineeToLevelSequence
LogPluginManager: Mounting plugin MovieRenderPipeline
LogPluginManager: Mounting plugin TemplateSequence
LogPluginManager: Mounting plugin NetcodeUnitTest
LogPluginManager: Mounting plugin NUTUnrealEngine4
LogPluginManager: Mounting plugin OnlineSubsystemGooglePlay
LogPluginManager: Mounting plugin OnlineSubsystemIOS
LogPluginManager: Mounting plugin OnlineSubsystem
LogPluginManager: Mounting plugin OnlineSubsystemNull
LogPluginManager: Mounting plugin OnlineSubsystemUtils
LogPluginManager: Mounting plugin LauncherChunkInstaller
LogPluginManager: Mounting plugin AndroidDeviceProfileSelector
LogPluginManager: Mounting plugin AndroidMoviePlayer
LogPluginManager: Mounting plugin AndroidPermission
LogPluginManager: Mounting plugin AppleImageUtils
LogPluginManager: Mounting plugin AppleMoviePlayer
LogPluginManager: Mounting plugin ArchVisCharacter
LogPluginManager: Mounting plugin AssetTags
LogPluginManager: Mounting plugin AudioCapture
LogPluginManager: Mounting plugin CableComponent
LogPluginManager: Mounting plugin CustomMeshComponent
LogPluginManager: Mounting plugin EditableMesh
LogPluginManager: Mounting plugin ExampleDeviceProfileSelector
LogPluginManager: Mounting plugin GoogleCloudMessaging
LogPluginManager: Mounting plugin GooglePAD
LogPluginManager: Mounting plugin IOSDeviceProfileSelector
LogPluginManager: Mounting plugin LinuxDeviceProfileSelector
LogPluginManager: Mounting plugin LocationServicesBPLibrary
LogPluginManager: Mounting plugin MobilePatchingUtils
LogPluginManager: Mounting plugin OculusVR
LogPluginManager: Mounting plugin PhysXVehicles
LogPluginManager: Mounting plugin PostSplashScreen
LogPluginManager: Mounting plugin ProceduralMeshComponent
LogPluginManager: Mounting plugin RuntimePhysXCooking
LogPluginManager: Mounting plugin SignificanceManager
LogPluginManager: Mounting plugin SoundFields
LogPluginManager: Mounting plugin SteamVR
LogPluginManager: Mounting plugin Synthesis
LogPluginManager: Mounting plugin WebMMoviePlayer
LogPluginManager: Mounting plugin WindowsMoviePlayer
LogPluginManager: Mounting plugin ScreenshotTools
LogInit: Using libcurl 7.55.1-DEV
LogInit:  - built for x86_64-pc-win32
LogInit:  - supports SSL with OpenSSL/1.1.1
LogInit:  - supports HTTP deflate (compression) using libz 1.2.8
LogInit:  - other features:
LogInit:      CURL_VERSION_SSL
LogInit:      CURL_VERSION_LIBZ
LogInit:      CURL_VERSION_IPV6
LogInit:      CURL_VERSION_ASYNCHDNS
LogInit:      CURL_VERSION_LARGEFILE
LogInit:      CURL_VERSION_IDN
LogInit:  CurlRequestOptions (configurable via config and command line):
LogInit:  - bVerifyPeer = true  - Libcurl will verify peer certificate
LogInit:  - bUseHttpProxy = false  - Libcurl will NOT use HTTP proxy
LogInit:  - bDontReuseConnections = false  - Libcurl will reuse connections
LogInit:  - MaxHostConnections = 16  - Libcurl will limit the number of connections to a host
LogInit:  - LocalHostAddr = Default
LogInit:  - BufferSize = 65536
LogOnline: OSS: Creating online subsystem instance for: NULL
LogInit: WinSock: version 1.1 (2.2), MaxSocks=32767, MaxUdp=65467
LogOnline: OSS: TryLoadSubsystemAndSetDefault: Loaded subsystem for module [NULL]
LogInit: Build: ++UE4+Release-4.25-CL-14469661
LogInit: Engine Version: 4.25.4-14469661+++UE4+Release-4.25
LogInit: Compatible Engine Version: 4.25.0-13144385+++UE4+Release-4.25
LogInit: Net CL: 13144385
LogInit: OS: Windows 10 (Release 2004) (), CPU: Intel(R) Core(TM) i7-7700HQ CPU @ 2.80GHz, GPU: Intel(R) HD Graphics 630
LogInit: Compiled (64-bit): Oct 11 2020 08:10:49
LogInit: Compiled with Visual C++: 19.24.28315.00
LogInit: Build Configuration: Development
LogInit: Branch Name: ++UE4+Release-4.25
LogInit: Command Line: 
LogInit: Base Directory: C:/Program Files/Epic Games/UE_4.25/Engine/Binaries/Win64/
LogInit: Allocator: TBB
LogInit: Installed Engine Build: 1
LogDevObjectVersion: Number of dev versions registered: 26
LogDevObjectVersion:   Dev-Blueprints (B0D832E4-1F89-4F0D-ACCF-7EB736FD4AA2): 10
LogDevObjectVersion:   Dev-Build (E1C64328-A22C-4D53-A36C-8E866417BD8C): 0
LogDevObjectVersion:   Dev-Core (375EC13C-06E4-48FB-B500-84F0262A717E): 4
LogDevObjectVersion:   Dev-Editor (E4B068ED-F494-42E9-A231-DA0B2E46BB41): 38
LogDevObjectVersion:   Dev-Framework (CFFC743F-43B0-4480-9391-14DF171D2073): 37
LogDevObjectVersion:   Dev-Mobile (B02B49B5-BB20-44E9-A304-32B752E40360): 2
LogDevObjectVersion:   Dev-Networking (A4E4105C-59A1-49B5-A7C5-40C4547EDFEE): 0
LogDevObjectVersion:   Dev-Online (39C831C9-5AE6-47DC-9A44-9C173E1C8E7C): 0
LogDevObjectVersion:   Dev-Physics (78F01B33-EBEA-4F98-B9B4-84EACCB95AA2): 4
LogDevObjectVersion:   Dev-Platform (6631380F-2D4D-43E0-8009-CF276956A95A): 0
LogDevObjectVersion:   Dev-Rendering (12F88B9F-8875-4AFC-A67C-D90C383ABD29): 43
LogDevObjectVersion:   Dev-Sequencer (7B5AE74C-D270-4C10-A958-57980B212A5A): 12
LogDevObjectVersion:   Dev-VR (D7296918-1DD6-4BDD-9DE2-64A83CC13884): 3
LogDevObjectVersion:   Dev-LoadTimes (C2A15278-BFE7-4AFE-6C17-90FF531DF755): 1
LogDevObjectVersion:   Private-Geometry (6EACA3D4-40EC-4CC1-B786-8BED09428FC5): 3
LogDevObjectVersion:   Dev-AnimPhys (29E575DD-E0A3-4627-9D10-D276232CDCEA): 17
LogDevObjectVersion:   Dev-Anim (AF43A65D-7FD3-4947-9873-3E8ED9C1BB05): 7
LogDevObjectVersion:   Dev-ReflectionCapture (6B266CEC-1EC7-4B8F-A30B-E4D90942FC07): 1
LogDevObjectVersion:   Dev-Automation (0DF73D61-A23F-47EA-B727-89E90C41499A): 1
LogDevObjectVersion:   FortniteMain (601D1886-AC64-4F84-AA16-D3DE0DEAC7D6): 31
LogDevObjectVersion:   Dev-Enterprise (9DFFBCD6-494F-0158-E221-12823C92A888): 10
LogDevObjectVersion:   Dev-Niagara (F2AED0AC-9AFE-416F-8664-AA7FFA26D6FC): 1
LogDevObjectVersion:   Dev-Destruction (174F1F0B-B4C6-45A5-B13F-2EE8D0FB917D): 10
LogDevObjectVersion:   Dev-Physics-Ext (35F94A83-E258-406C-A318-09F59610247C): 37
LogDevObjectVersion:   Dev-PhysicsMaterial-Chaos (B68FC16E-8B1B-42E2-B453-215C058844FE): 1
LogDevObjectVersion:   Dev-CineCamera (B2E18506-4273-CFC2-A54E-F4BB758BBA07): 1
LogInit: Presizing for max 25165824 objects, including 0 objects not considered by GC, pre-allocating 0 bytes for permanent pool.
LogConfig: Applying CVar settings from Section [/Script/Engine.StreamingSettings] File [C:/Users/User/Desktop/TempFolder/GVE/Offworld JamProject/OffworldJam/OffworldInvader/GVEOffworld/OffworldInvader/Saved/Config/Windows/Engine.ini]
LogConfig: Setting CVar [[s.MinBulkDataSizeForAsyncLoading:131072]]
LogConfig: Setting CVar [[s.AsyncLoadingThreadEnabled:0]]
LogConfig: Setting CVar [[s.EventDrivenLoaderEnabled:1]]
LogConfig: Setting CVar [[s.WarnIfTimeLimitExceeded:0]]
LogConfig: Setting CVar [[s.TimeLimitExceededMultiplier:1.5]]
LogConfig: Setting CVar [[s.TimeLimitExceededMinTime:0.005]]
LogConfig: Setting CVar [[s.UseBackgroundLevelStreaming:1]]
LogConfig: Setting CVar [[s.PriorityAsyncLoadingExtraTime:15.0]]
LogConfig: Setting CVar [[s.LevelStreamingActorsUpdateTimeLimit:5.0]]
LogConfig: Setting CVar [[s.PriorityLevelStreamingActorsUpdateExtraTime:5.0]]
LogConfig: Setting CVar [[s.LevelStreamingComponentsRegistrationGranularity:10]]
LogConfig: Setting CVar [[s.UnregisterComponentsTimeLimit:1.0]]
LogConfig: Setting CVar [[s.LevelStreamingComponentsUnregistrationGranularity:5]]
LogConfig: Setting CVar [[s.FlushStreamingOnExit:1]]
LogInit: Object subsystem initialized
LogConfig: Setting CVar [[con.DebugEarlyDefault:1]]
LogConfig: Setting CVar [[r.setres:1280x720]]
[2021.07.08-13.15.07:789][  0]LogConfig: Setting CVar [[r.VSync:0]]
[2021.07.08-13.15.07:789][  0]LogConfig: Setting CVar [[r.RHICmdBypass:0]]
[2021.07.08-13.15.07:789][  0]LogConfig: Applying CVar settings from Section [/Script/Engine.RendererSettings] File [C:/Users/User/Desktop/TempFolder/GVE/Offworld JamProject/OffworldJam/OffworldInvader/GVEOffworld/OffworldInvader/Saved/Config/Windows/Engine.ini]
[2021.07.08-13.15.07:789][  0]LogConfig: Setting CVar [[r.GPUCrashDebugging:0]]
[2021.07.08-13.15.07:789][  0]LogConfig: Applying CVar settings from Section [/Script/Engine.RendererOverrideSettings] File [C:/Users/User/Desktop/TempFolder/GVE/Offworld JamProject/OffworldJam/OffworldInvader/GVEOffworld/OffworldInvader/Saved/Config/Windows/Engine.ini]
[2021.07.08-13.15.07:790][  0]LogConfig: Applying CVar settings from Section [/Script/Engine.StreamingSettings] File [C:/Users/User/Desktop/TempFolder/GVE/Offworld JamProject/OffworldJam/OffworldInvader/GVEOffworld/OffworldInvader/Saved/Config/Windows/Engine.ini]
[2021.07.08-13.15.07:790][  0]LogConfig: Setting CVar [[s.MinBulkDataSizeForAsyncLoading:131072]]
[2021.07.08-13.15.07:790][  0]LogConfig: Setting CVar [[s.AsyncLoadingThreadEnabled:0]]
[2021.07.08-13.15.07:790][  0]LogConfig: Setting CVar [[s.EventDrivenLoaderEnabled:1]]
[2021.07.08-13.15.07:790][  0]LogConfig: Setting CVar [[s.WarnIfTimeLimitExceeded:0]]
[2021.07.08-13.15.07:790][  0]LogConfig: Setting CVar [[s.TimeLimitExceededMultiplier:1.5]]
[2021.07.08-13.15.07:790][  0]LogConfig: Setting CVar [[s.TimeLimitExceededMinTime:0.005]]
[2021.07.08-13.15.07:790][  0]LogConfig: Setting CVar [[s.UseBackgroundLevelStreaming:1]]
[2021.07.08-13.15.07:790][  0]LogConfig: Setting CVar [[s.PriorityAsyncLoadingExtraTime:15.0]]
[2021.07.08-13.15.07:790][  0]LogConfig: Setting CVar [[s.LevelStreamingActorsUpdateTimeLimit:5.0]]
[2021.07.08-13.15.07:790][  0]LogConfig: Setting CVar [[s.PriorityLevelStreamingActorsUpdateExtraTime:5.0]]
[2021.07.08-13.15.07:790][  0]LogConfig: Setting CVar [[s.LevelStreamingComponentsRegistrationGranularity:10]]
[2021.07.08-13.15.07:790][  0]LogConfig: Setting CVar [[s.UnregisterComponentsTimeLimit:1.0]]
[2021.07.08-13.15.07:790][  0]LogConfig: Setting CVar [[s.LevelStreamingComponentsUnregistrationGranularity:5]]
[2021.07.08-13.15.07:790][  0]LogConfig: Setting CVar [[s.FlushStreamingOnExit:1]]
[2021.07.08-13.15.07:790][  0]LogConfig: Applying CVar settings from Section [/Script/Engine.GarbageCollectionSettings] File [C:/Users/User/Desktop/TempFolder/GVE/Offworld JamProject/OffworldJam/OffworldInvader/GVEOffworld/OffworldInvader/Saved/Config/Windows/Engine.ini]
[2021.07.08-13.15.07:790][  0]LogConfig: Setting CVar [[gc.MaxObjectsNotConsideredByGC:1]]
[2021.07.08-13.15.07:790][  0]LogConfig: Setting CVar [[gc.SizeOfPermanentObjectPool:0]]
[2021.07.08-13.15.07:790][  0]LogConfig: Setting CVar [[gc.FlushStreamingOnGC:0]]
[2021.07.08-13.15.07:790][  0]LogConfig: Setting CVar [[gc.NumRetriesBeforeForcingGC:10]]
[2021.07.08-13.15.07:790][  0]LogConfig: Setting CVar [[gc.AllowParallelGC:1]]
[2021.07.08-13.15.07:790][  0]LogConfig: Setting CVar [[gc.TimeBetweenPurgingPendingKillObjects:61.1]]
[2021.07.08-13.15.07:790][  0]LogConfig: Setting CVar [[gc.MaxObjectsInEditor:25165824]]
[2021.07.08-13.15.07:790][  0]LogConfig: Setting CVar [[gc.IncrementalBeginDestroyEnabled:1]]
[2021.07.08-13.15.07:790][  0]LogConfig: Setting CVar [[gc.CreateGCClusters:1]]
[2021.07.08-13.15.07:790][  0]LogConfig: Setting CVar [[gc.MinGCClusterSize:5]]
[2021.07.08-13.15.07:790][  0]LogConfig: Setting CVar [[gc.ActorClusteringEnabled:0]]
[2021.07.08-13.15.07:790][  0]LogConfig: Setting CVar [[gc.BlueprintClusteringEnabled:0]]
[2021.07.08-13.15.07:790][  0]LogConfig: Setting CVar [[gc.UseDisregardForGCOnDedicatedServers:0]]
[2021.07.08-13.15.07:790][  0]LogConfig: Applying CVar settings from Section [/Script/Engine.NetworkSettings] File [C:/Users/User/Desktop/TempFolder/GVE/Offworld JamProject/OffworldJam/OffworldInvader/GVEOffworld/OffworldInvader/Saved/Config/Windows/Engine.ini]
[2021.07.08-13.15.07:790][  0]LogConfig: Applying CVar settings from Section [/Script/UnrealEd.CookerSettings] File [C:/Users/User/Desktop/TempFolder/GVE/Offworld JamProject/OffworldJam/OffworldInvader/GVEOffworld/OffworldInvader/Saved/Config/Windows/Engine.ini]
[2021.07.08-13.15.07:794][  0]LogConfig: Applying CVar settings from Section [ViewDistanceQuality@3] File [C:/Users/User/Desktop/TempFolder/GVE/Offworld JamProject/OffworldJam/OffworldInvader/GVEOffworld/OffworldInvader/Saved/Config/Windows/Scalability.ini]
[2021.07.08-13.15.07:794][  0]LogConfig: Setting CVar [[r.SkeletalMeshLODBias:0]]
[2021.07.08-13.15.07:794][  0]LogConfig: Setting CVar [[r.ViewDistanceScale:1.0]]
[2021.07.08-13.15.07:794][  0]LogConfig: Applying CVar settings from Section [AntiAliasingQuality@3] File [C:/Users/User/Desktop/TempFolder/GVE/Offworld JamProject/OffworldJam/OffworldInvader/GVEOffworld/OffworldInvader/Saved/Config/Windows/Scalability.ini]
[2021.07.08-13.15.07:794][  0]LogConfig: Setting CVar [[r.PostProcessAAQuality:4]]
[2021.07.08-13.15.07:794][  0]LogConfig: Applying CVar settings from Section [ShadowQuality@3] File [C:/Users/User/Desktop/TempFolder/GVE/Offworld JamProject/OffworldJam/OffworldInvader/GVEOffworld/OffworldInvader/Saved/Config/Windows/Scalability.ini]
[2021.07.08-13.15.07:794][  0]LogConfig: Setting CVar [[r.LightFunctionQuality:1]]
[2021.07.08-13.15.07:794][  0]LogConfig: Setting CVar [[r.ShadowQuality:5]]
[2021.07.08-13.15.07:794][  0]LogConfig: Setting CVar [[r.Shadow.CSM.MaxCascades:10]]
[2021.07.08-13.15.07:794][  0]LogConfig: Setting CVar [[r.Shadow.MaxResolution:2048]]
[2021.07.08-13.15.07:794][  0]LogConfig: Setting CVar [[r.Shadow.MaxCSMResolution:2048]]
[2021.07.08-13.15.07:794][  0]LogConfig: Setting CVar [[r.Shadow.RadiusThreshold:0.01]]
[2021.07.08-13.15.07:794][  0]LogConfig: Setting CVar [[r.Shadow.DistanceScale:1.0]]
[2021.07.08-13.15.07:794][  0]LogConfig: Setting CVar [[r.Shadow.CSM.TransitionScale:1.0]]
[2021.07.08-13.15.07:794][  0]LogConfig: Setting CVar [[r.Shadow.PreShadowResolutionFactor:1.0]]
[2021.07.08-13.15.07:794][  0]LogConfig: Setting CVar [[r.DistanceFieldShadowing:1]]
[2021.07.08-13.15.07:794][  0]LogConfig: Setting CVar [[r.DistanceFieldAO:1]]
[2021.07.08-13.15.07:794][  0]LogConfig: Setting CVar [[r.AOQuality:2]]
[2021.07.08-13.15.07:794][  0]LogConfig: Setting CVar [[r.VolumetricFog:1]]
[2021.07.08-13.15.07:794][  0]LogConfig: Setting CVar [[r.VolumetricFog.GridPixelSize:8]]
[2021.07.08-13.15.07:794][  0]LogConfig: Setting CVar [[r.VolumetricFog.GridSizeZ:128]]
[2021.07.08-13.15.07:794][  0]LogConfig: Setting CVar [[r.VolumetricFog.HistoryMissSupersampleCount:4]]
[2021.07.08-13.15.07:794][  0]LogConfig: Setting CVar [[r.LightMaxDrawDistanceScale:1]]
[2021.07.08-13.15.07:794][  0]LogConfig: Setting CVar [[r.CapsuleShadows:1]]
[2021.07.08-13.15.07:794][  0]LogConfig: Applying CVar settings from Section [PostProcessQuality@3] File [C:/Users/User/Desktop/TempFolder/GVE/Offworld JamProject/OffworldJam/OffworldInvader/GVEOffworld/OffworldInvader/Saved/Config/Windows/Scalability.ini]
[2021.07.08-13.15.07:794][  0]LogConfig: Setting CVar [[r.MotionBlurQuality:4]]
[2021.07.08-13.15.07:794][  0]LogConfig: Setting CVar [[r.AmbientOcclusionMipLevelFactor:0.4]]
[2021.07.08-13.15.07:794][  0]LogConfig: Setting CVar [[r.AmbientOcclusionMaxQuality:100]]
[2021.07.08-13.15.07:794][  0]LogConfig: Setting CVar [[r.AmbientOcclusionLevels:-1]]
[2021.07.08-13.15.07:794][  0]LogConfig: Setting CVar [[r.AmbientOcclusionRadiusScale:1.0]]
[2021.07.08-13.15.07:794][  0]LogConfig: Setting CVar [[r.DepthOfFieldQuality:2]]
[2021.07.08-13.15.07:794][  0]LogConfig: Setting CVar [[r.RenderTargetPoolMin:400]]
[2021.07.08-13.15.07:794][  0]LogConfig: Setting CVar [[r.LensFlareQuality:2]]
[2021.07.08-13.15.07:794][  0]LogConfig: Setting CVar [[r.SceneColorFringeQuality:1]]
[2021.07.08-13.15.07:794][  0]LogConfig: Setting CVar [[r.EyeAdaptationQuality:2]]
[2021.07.08-13.15.07:794][  0]LogConfig: Setting CVar [[r.BloomQuality:5]]
[2021.07.08-13.15.07:794][  0]LogConfig: Setting CVar [[r.FastBlurThreshold:100]]
[2021.07.08-13.15.07:794][  0]LogConfig: Setting CVar [[r.Upscale.Quality:3]]
[2021.07.08-13.15.07:794][  0]LogConfig: Setting CVar [[r.Tonemapper.GrainQuantization:1]]
[2021.07.08-13.15.07:794][  0]LogConfig: Setting CVar [[r.LightShaftQuality:1]]
[2021.07.08-13.15.07:794][  0]LogConfig: Setting CVar [[r.Filter.SizeScale:1]]
[2021.07.08-13.15.07:794][  0]LogConfig: Setting CVar [[r.Tonemapper.Quality:5]]
[2021.07.08-13.15.07:794][  0]LogConfig: Setting CVar [[r.DOF.Gather.AccumulatorQuality:1        ; higher gathering accumulator quality]]
[2021.07.08-13.15.07:794][  0]LogConfig: Setting CVar [[r.DOF.Gather.PostfilterMethod:1          ; Median3x3 postfilering method]]
[2021.07.08-13.15.07:794][  0]LogConfig: Setting CVar [[r.DOF.Gather.EnableBokehSettings:0       ; no bokeh simulation when gathering]]
[2021.07.08-13.15.07:794][  0]LogConfig: Setting CVar [[r.DOF.Gather.RingCount:4                 ; medium number of samples when gathering]]
[2021.07.08-13.15.07:795][  0]LogConfig: Setting CVar [[r.DOF.Scatter.ForegroundCompositing:1    ; additive foreground scattering]]
[2021.07.08-13.15.07:795][  0]LogConfig: Setting CVar [[r.DOF.Scatter.BackgroundCompositing:2    ; additive background scattering]]
[2021.07.08-13.15.07:795][  0]LogConfig: Setting CVar [[r.DOF.Scatter.EnableBokehSettings:1      ; bokeh simulation when scattering]]
[2021.07.08-13.15.07:795][  0]LogConfig: Setting CVar [[r.DOF.Scatter.MaxSpriteRatio:0.1         ; only a maximum of 10% of scattered bokeh]]
[2021.07.08-13.15.07:795][  0]LogConfig: Setting CVar [[r.DOF.Recombine.Quality:1                ; cheap slight out of focus]]
[2021.07.08-13.15.07:795][  0]LogConfig: Setting CVar [[r.DOF.Recombine.EnableBokehSettings:0    ; no bokeh simulation on slight out of focus]]
[2021.07.08-13.15.07:795][  0]LogConfig: Setting CVar [[r.DOF.TemporalAAQuality:1                ; more stable temporal accumulation]]
[2021.07.08-13.15.07:795][  0]LogConfig: Setting CVar [[r.DOF.Kernel.MaxForegroundRadius:0.025]]
[2021.07.08-13.15.07:795][  0]LogConfig: Setting CVar [[r.DOF.Kernel.MaxBackgroundRadius:0.025]]
[2021.07.08-13.15.07:795][  0]LogConfig: Applying CVar settings from Section [TextureQuality@3] File [C:/Users/User/Desktop/TempFolder/GVE/Offworld JamProject/OffworldJam/OffworldInvader/GVEOffworld/OffworldInvader/Saved/Config/Windows/Scalability.ini]
[2021.07.08-13.15.07:795][  0]LogConfig: Setting CVar [[r.Streaming.MipBias:0]]
[2021.07.08-13.15.07:795][  0]LogConfig: Setting CVar [[r.Streaming.AmortizeCPUToGPUCopy:0]]
[2021.07.08-13.15.07:795][  0]LogConfig: Setting CVar [[r.Streaming.MaxNumTexturesToStreamPerFrame:0]]
[2021.07.08-13.15.07:795][  0]LogConfig: Setting CVar [[r.Streaming.Boost:1]]
[2021.07.08-13.15.07:795][  0]LogConfig: Setting CVar [[r.MaxAnisotropy:8]]
[2021.07.08-13.15.07:795][  0]LogConfig: Setting CVar [[r.VT.MaxAnisotropy:8]]
[2021.07.08-13.15.07:795][  0]LogConfig: Setting CVar [[r.Streaming.LimitPoolSizeToVRAM:0]]
[2021.07.08-13.15.07:795][  0]LogConfig: Setting CVar [[r.Streaming.PoolSize:1000]]
[2021.07.08-13.15.07:795][  0]LogConfig: Setting CVar [[r.Streaming.MaxEffectiveScreenSize:0]]
[2021.07.08-13.15.07:795][  0]LogConfig: Applying CVar settings from Section [EffectsQuality@3] File [C:/Users/User/Desktop/TempFolder/GVE/Offworld JamProject/OffworldJam/OffworldInvader/GVEOffworld/OffworldInvader/Saved/Config/Windows/Scalability.ini]
[2021.07.08-13.15.07:795][  0]LogConfig: Setting CVar [[r.TranslucencyLightingVolumeDim:64]]
[2021.07.08-13.15.07:795][  0]LogConfig: Setting CVar [[r.RefractionQuality:2]]
[2021.07.08-13.15.07:795][  0]LogConfig: Setting CVar [[r.SSR.Quality:3]]
[2021.07.08-13.15.07:795][  0]LogConfig: Setting CVar [[r.SSR.HalfResSceneColor:0]]
[2021.07.08-13.15.07:795][  0]LogConfig: Setting CVar [[r.SceneColorFormat:4]]
[2021.07.08-13.15.07:795][  0]LogConfig: Setting CVar [[r.DetailMode:2]]
[2021.07.08-13.15.07:795][  0]LogConfig: Setting CVar [[r.TranslucencyVolumeBlur:1]]
[2021.07.08-13.15.07:795][  0]LogConfig: Setting CVar [[r.MaterialQualityLevel:1 ; High quality]]
[2021.07.08-13.15.07:795][  0]LogConfig: Setting CVar [[r.SSS.Scale:1]]
[2021.07.08-13.15.07:795][  0]LogConfig: Setting CVar [[r.SSS.SampleSet:2]]
[2021.07.08-13.15.07:795][  0]LogConfig: Setting CVar [[r.SSS.Quality:1]]
[2021.07.08-13.15.07:795][  0]LogConfig: Setting CVar [[r.SSS.HalfRes:0]]
[2021.07.08-13.15.07:795][  0]LogConfig: Setting CVar [[r.SSGI.Quality:3]]
[2021.07.08-13.15.07:795][  0]LogConfig: Setting CVar [[r.EmitterSpawnRateScale:1.0]]
[2021.07.08-13.15.07:795][  0]LogConfig: Setting CVar [[r.ParticleLightQuality:2]]
[2021.07.08-13.15.07:795][  0]LogConfig: Setting CVar [[r.SkyAtmosphere.AerialPerspectiveLUT.FastApplyOnOpaque:1 ; Always have FastSkyLUT 1 in this case to avoid wrong sky]]
[2021.07.08-13.15.07:795][  0]LogConfig: Setting CVar [[r.SkyAtmosphere.AerialPerspectiveLUT.SampleCountPerSlice:1]]
[2021.07.08-13.15.07:795][  0]LogConfig: Setting CVar [[r.SkyAtmosphere.AerialPerspectiveLUT.DepthResolution:16.0]]
[2021.07.08-13.15.07:795][  0]LogConfig: Setting CVar [[r.SkyAtmosphere.FastSkyLUT:1]]
[2021.07.08-13.15.07:795][  0]LogConfig: Setting CVar [[r.SkyAtmosphere.FastSkyLUT.SampleCountMin:4.0]]
[2021.07.08-13.15.07:795][  0]LogConfig: Setting CVar [[r.SkyAtmosphere.FastSkyLUT.SampleCountMax:32.0]]
[2021.07.08-13.15.07:795][  0]LogConfig: Setting CVar [[r.SkyAtmosphere.SampleCountMin:4.0]]
[2021.07.08-13.15.07:795][  0]LogConfig: Setting CVar [[r.SkyAtmosphere.SampleCountMax:32.0]]
[2021.07.08-13.15.07:795][  0]LogConfig: Setting CVar [[r.SkyAtmosphere.TransmittanceLUT.UseSmallFormat:0]]
[2021.07.08-13.15.07:795][  0]LogConfig: Setting CVar [[r.SkyAtmosphere.TransmittanceLUT.SampleCount:10.0]]
[2021.07.08-13.15.07:795][  0]LogConfig: Setting CVar [[r.SkyAtmosphere.MultiScatteringLUT.SampleCount:15.0]]
[2021.07.08-13.15.07:795][  0]LogConfig: Applying CVar settings from Section [FoliageQuality@3] File [C:/Users/User/Desktop/TempFolder/GVE/Offworld JamProject/OffworldJam/OffworldInvader/GVEOffworld/OffworldInvader/Saved/Config/Windows/Scalability.ini]
[2021.07.08-13.15.07:795][  0]LogConfig: Setting CVar [[foliage.DensityScale:1.0]]
[2021.07.08-13.15.07:796][  0]LogConfig: Setting CVar [[grass.DensityScale:1.0]]
[2021.07.08-13.15.07:796][  0]LogConfig: Applying CVar settings from Section [ShadingQuality@3] File [C:/Users/User/Desktop/TempFolder/GVE/Offworld JamProject/OffworldJam/OffworldInvader/GVEOffworld/OffworldInvader/Saved/Config/Windows/Scalability.ini]
[2021.07.08-13.15.07:796][  0]LogConfig: Setting CVar [[r.HairStrands.SkyLighting.SampleCount:16]]
[2021.07.08-13.15.07:796][  0]LogConfig: Setting CVar [[r.HairStrands.SkyLighting.JitterIntegration:0]]
[2021.07.08-13.15.07:796][  0]LogConfig: Setting CVar [[r.HairStrands.SkyAO.SampleCount:16]]
[2021.07.08-13.15.07:796][  0]LogConfig: Setting CVar [[r.HairStrands.DeepShadow.SuperSampling:0]]
[2021.07.08-13.15.07:796][  0]LogConfig: Setting CVar [[r.HairStrands.VisibilityPPLL:0]]
[2021.07.08-13.15.07:796][  0]LogConfig: Setting CVar [[r.HairStrands.RasterizationScale:0.5]]
[2021.07.08-13.15.07:796][  0]LogConfig: Setting CVar [[r.HairStrands.VelocityRasterizationScale:1]]
[2021.07.08-13.15.07:796][  0]LogInit: Selected Device Profile: [Windows]
[2021.07.08-13.15.07:796][  0]LogInit: Applying CVar settings loaded from the selected device profile: [Windows]
[2021.07.08-13.15.07:796][  0]LogHAL: Display: Platform has ~ 16 GB [17061756928 / 17179869184 / 16], which maps to Larger [LargestMinGB=32, LargerMinGB=12, DefaultMinGB=8, SmallerMinGB=6, SmallestMinGB=0)
[2021.07.08-13.15.07:796][  0]LogInit: Going up to parent DeviceProfile []
[2021.07.08-13.15.07:796][  0]LogConfig: Applying CVar settings from Section [ViewDistanceQuality@3] File [C:/Users/User/Desktop/TempFolder/GVE/Offworld JamProject/OffworldJam/OffworldInvader/GVEOffworld/OffworldInvader/Saved/Config/Windows/Scalability.ini]
[2021.07.08-13.15.07:796][  0]LogConfig: Setting CVar [[r.SkeletalMeshLODBias:0]]
[2021.07.08-13.15.07:796][  0]LogConfig: Setting CVar [[r.ViewDistanceScale:1.0]]
[2021.07.08-13.15.07:796][  0]LogConfig: Applying CVar settings from Section [AntiAliasingQuality@3] File [C:/Users/User/Desktop/TempFolder/GVE/Offworld JamProject/OffworldJam/OffworldInvader/GVEOffworld/OffworldInvader/Saved/Config/Windows/Scalability.ini]
[2021.07.08-13.15.07:796][  0]LogConfig: Setting CVar [[r.PostProcessAAQuality:4]]
[2021.07.08-13.15.07:796][  0]LogConfig: Applying CVar settings from Section [ShadowQuality@3] File [C:/Users/User/Desktop/TempFolder/GVE/Offworld JamProject/OffworldJam/OffworldInvader/GVEOffworld/OffworldInvader/Saved/Config/Windows/Scalability.ini]
[2021.07.08-13.15.07:796][  0]LogConfig: Setting CVar [[r.LightFunctionQuality:1]]
[2021.07.08-13.15.07:796][  0]LogConfig: Setting CVar [[r.ShadowQuality:5]]
[2021.07.08-13.15.07:796][  0]LogConfig: Setting CVar [[r.Shadow.CSM.MaxCascades:10]]
[2021.07.08-13.15.07:796][  0]LogConfig: Setting CVar [[r.Shadow.MaxResolution:2048]]
[2021.07.08-13.15.07:796][  0]LogConfig: Setting CVar [[r.Shadow.MaxCSMResolution:2048]]
[2021.07.08-13.15.07:796][  0]LogConfig: Setting CVar [[r.Shadow.RadiusThreshold:0.01]]
[2021.07.08-13.15.07:796][  0]LogConfig: Setting CVar [[r.Shadow.DistanceScale:1.0]]
[2021.07.08-13.15.07:796][  0]LogConfig: Setting CVar [[r.Shadow.CSM.TransitionScale:1.0]]
[2021.07.08-13.15.07:796][  0]LogConfig: Setting CVar [[r.Shadow.PreShadowResolutionFactor:1.0]]
[2021.07.08-13.15.07:796][  0]LogConfig: Setting CVar [[r.DistanceFieldShadowing:1]]
[2021.07.08-13.15.07:796][  0]LogConfig: Setting CVar [[r.DistanceFieldAO:1]]
[2021.07.08-13.15.07:796][  0]LogConfig: Setting CVar [[r.AOQuality:2]]
[2021.07.08-13.15.07:796][  0]LogConfig: Setting CVar [[r.VolumetricFog:1]]
[2021.07.08-13.15.07:796][  0]LogConfig: Setting CVar [[r.VolumetricFog.GridPixelSize:8]]
[2021.07.08-13.15.07:796][  0]LogConfig: Setting CVar [[r.VolumetricFog.GridSizeZ:128]]
[2021.07.08-13.15.07:796][  0]LogConfig: Setting CVar [[r.VolumetricFog.HistoryMissSupersampleCount:4]]
[2021.07.08-13.15.07:796][  0]LogConfig: Setting CVar [[r.LightMaxDrawDistanceScale:1]]
[2021.07.08-13.15.07:796][  0]LogConfig: Setting CVar [[r.CapsuleShadows:1]]
[2021.07.08-13.15.07:796][  0]LogConfig: Applying CVar settings from Section [PostProcessQuality@3] File [C:/Users/User/Desktop/TempFolder/GVE/Offworld JamProject/OffworldJam/OffworldInvader/GVEOffworld/OffworldInvader/Saved/Config/Windows/Scalability.ini]
[2021.07.08-13.15.07:796][  0]LogConfig: Setting CVar [[r.MotionBlurQuality:4]]
[2021.07.08-13.15.07:796][  0]LogConfig: Setting CVar [[r.AmbientOcclusionMipLevelFactor:0.4]]
[2021.07.08-13.15.07:796][  0]LogConfig: Setting CVar [[r.AmbientOcclusionMaxQuality:100]]
[2021.07.08-13.15.07:796][  0]LogConfig: Setting CVar [[r.AmbientOcclusionLevels:-1]]
[2021.07.08-13.15.07:796][  0]LogConfig: Setting CVar [[r.AmbientOcclusionRadiusScale:1.0]]
[2021.07.08-13.15.07:796][  0]LogConfig: Setting CVar [[r.DepthOfFieldQuality:2]]
[2021.07.08-13.15.07:796][  0]LogConfig: Setting CVar [[r.RenderTargetPoolMin:400]]
[2021.07.08-13.15.07:796][  0]LogConfig: Setting CVar [[r.LensFlareQuality:2]]
[2021.07.08-13.15.07:796][  0]LogConfig: Setting CVar [[r.SceneColorFringeQuality:1]]
[2021.07.08-13.15.07:796][  0]LogConfig: Setting CVar [[r.EyeAdaptationQuality:2]]
[2021.07.08-13.15.07:796][  0]LogConfig: Setting CVar [[r.BloomQuality:5]]
[2021.07.08-13.15.07:796][  0]LogConfig: Setting CVar [[r.FastBlurThreshold:100]]
[2021.07.08-13.15.07:796][  0]LogConfig: Setting CVar [[r.Upscale.Quality:3]]
[2021.07.08-13.15.07:796][  0]LogConfig: Setting CVar [[r.Tonemapper.GrainQuantization:1]]
[2021.07.08-13.15.07:796][  0]LogConfig: Setting CVar [[r.LightShaftQuality:1]]
[2021.07.08-13.15.07:796][  0]LogConfig: Setting CVar [[r.Filter.SizeScale:1]]
[2021.07.08-13.15.07:796][  0]LogConfig: Setting CVar [[r.Tonemapper.Quality:5]]
[2021.07.08-13.15.07:796][  0]LogConfig: Setting CVar [[r.DOF.Gather.AccumulatorQuality:1        ; higher gathering accumulator quality]]
[2021.07.08-13.15.07:796][  0]LogConfig: Setting CVar [[r.DOF.Gather.PostfilterMethod:1          ; Median3x3 postfilering method]]
[2021.07.08-13.15.07:796][  0]LogConfig: Setting CVar [[r.DOF.Gather.EnableBokehSettings:0       ; no bokeh simulation when gathering]]
[2021.07.08-13.15.07:796][  0]LogConfig: Setting CVar [[r.DOF.Gather.RingCount:4                 ; medium number of samples when gathering]]
[2021.07.08-13.15.07:796][  0]LogConfig: Setting CVar [[r.DOF.Scatter.ForegroundCompositing:1    ; additive foreground scattering]]
[2021.07.08-13.15.07:796][  0]LogConfig: Setting CVar [[r.DOF.Scatter.BackgroundCompositing:2    ; additive background scattering]]
[2021.07.08-13.15.07:796][  0]LogConfig: Setting CVar [[r.DOF.Scatter.EnableBokehSettings:1      ; bokeh simulation when scattering]]
[2021.07.08-13.15.07:797][  0]LogConfig: Setting CVar [[r.DOF.Scatter.MaxSpriteRatio:0.1         ; only a maximum of 10% of scattered bokeh]]
[2021.07.08-13.15.07:797][  0]LogConfig: Setting CVar [[r.DOF.Recombine.Quality:1                ; cheap slight out of focus]]
[2021.07.08-13.15.07:797][  0]LogConfig: Setting CVar [[r.DOF.Recombine.EnableBokehSettings:0    ; no bokeh simulation on slight out of focus]]
[2021.07.08-13.15.07:797][  0]LogConfig: Setting CVar [[r.DOF.TemporalAAQuality:1                ; more stable temporal accumulation]]
[2021.07.08-13.15.07:797][  0]LogConfig: Setting CVar [[r.DOF.Kernel.MaxForegroundRadius:0.025]]
[2021.07.08-13.15.07:797][  0]LogConfig: Setting CVar [[r.DOF.Kernel.MaxBackgroundRadius:0.025]]
[2021.07.08-13.15.07:797][  0]LogConfig: Applying CVar settings from Section [TextureQuality@3] File [C:/Users/User/Desktop/TempFolder/GVE/Offworld JamProject/OffworldJam/OffworldInvader/GVEOffworld/OffworldInvader/Saved/Config/Windows/Scalability.ini]
[2021.07.08-13.15.07:797][  0]LogConfig: Setting CVar [[r.Streaming.MipBias:0]]
[2021.07.08-13.15.07:797][  0]LogConfig: Setting CVar [[r.Streaming.AmortizeCPUToGPUCopy:0]]
[2021.07.08-13.15.07:797][  0]LogConfig: Setting CVar [[r.Streaming.MaxNumTexturesToStreamPerFrame:0]]
[2021.07.08-13.15.07:797][  0]LogConfig: Setting CVar [[r.Streaming.Boost:1]]
[2021.07.08-13.15.07:797][  0]LogConfig: Setting CVar [[r.MaxAnisotropy:8]]
[2021.07.08-13.15.07:797][  0]LogConfig: Setting CVar [[r.VT.MaxAnisotropy:8]]
[2021.07.08-13.15.07:797][  0]LogConfig: Setting CVar [[r.Streaming.LimitPoolSizeToVRAM:0]]
[2021.07.08-13.15.07:797][  0]LogConfig: Setting CVar [[r.Streaming.PoolSize:1000]]
[2021.07.08-13.15.07:797][  0]LogConfig: Setting CVar [[r.Streaming.MaxEffectiveScreenSize:0]]
[2021.07.08-13.15.07:797][  0]LogConfig: Applying CVar settings from Section [EffectsQuality@3] File [C:/Users/User/Desktop/TempFolder/GVE/Offworld JamProject/OffworldJam/OffworldInvader/GVEOffworld/OffworldInvader/Saved/Config/Windows/Scalability.ini]
[2021.07.08-13.15.07:797][  0]LogConfig: Setting CVar [[r.TranslucencyLightingVolumeDim:64]]
[2021.07.08-13.15.07:797][  0]LogConfig: Setting CVar [[r.RefractionQuality:2]]
[2021.07.08-13.15.07:797][  0]LogConfig: Setting CVar [[r.SSR.Quality:3]]
[2021.07.08-13.15.07:797][  0]LogConfig: Setting CVar [[r.SSR.HalfResSceneColor:0]]
[2021.07.08-13.15.07:797][  0]LogConfig: Setting CVar [[r.SceneColorFormat:4]]
[2021.07.08-13.15.07:797][  0]LogConfig: Setting CVar [[r.DetailMode:2]]
[2021.07.08-13.15.07:797][  0]LogConfig: Setting CVar [[r.TranslucencyVolumeBlur:1]]
[2021.07.08-13.15.07:797][  0]LogConfig: Setting CVar [[r.MaterialQualityLevel:1 ; High quality]]
[2021.07.08-13.15.07:797][  0]LogConfig: Setting CVar [[r.SSS.Scale:1]]
[2021.07.08-13.15.07:797][  0]LogConfig: Setting CVar [[r.SSS.SampleSet:2]]
[2021.07.08-13.15.07:797][  0]LogConfig: Setting CVar [[r.SSS.Quality:1]]
[2021.07.08-13.15.07:797][  0]LogConfig: Setting CVar [[r.SSS.HalfRes:0]]
[2021.07.08-13.15.07:797][  0]LogConfig: Setting CVar [[r.SSGI.Quality:3]]
[2021.07.08-13.15.07:797][  0]LogConfig: Setting CVar [[r.EmitterSpawnRateScale:1.0]]
[2021.07.08-13.15.07:797][  0]LogConfig: Setting CVar [[r.ParticleLightQuality:2]]
[2021.07.08-13.15.07:797][  0]LogConfig: Setting CVar [[r.SkyAtmosphere.AerialPerspectiveLUT.FastApplyOnOpaque:1 ; Always have FastSkyLUT 1 in this case to avoid wrong sky]]
[2021.07.08-13.15.07:797][  0]LogConfig: Setting CVar [[r.SkyAtmosphere.AerialPerspectiveLUT.SampleCountPerSlice:1]]
[2021.07.08-13.15.07:797][  0]LogConfig: Setting CVar [[r.SkyAtmosphere.AerialPerspectiveLUT.DepthResolution:16.0]]
[2021.07.08-13.15.07:797][  0]LogConfig: Setting CVar [[r.SkyAtmosphere.FastSkyLUT:1]]
[2021.07.08-13.15.07:797][  0]LogConfig: Setting CVar [[r.SkyAtmosphere.FastSkyLUT.SampleCountMin:4.0]]
[2021.07.08-13.15.07:797][  0]LogConfig: Setting CVar [[r.SkyAtmosphere.FastSkyLUT.SampleCountMax:32.0]]
[2021.07.08-13.15.07:797][  0]LogConfig: Setting CVar [[r.SkyAtmosphere.SampleCountMin:4.0]]
[2021.07.08-13.15.07:797][  0]LogConfig: Setting CVar [[r.SkyAtmosphere.SampleCountMax:32.0]]
[2021.07.08-13.15.07:797][  0]LogConfig: Setting CVar [[r.SkyAtmosphere.TransmittanceLUT.UseSmallFormat:0]]
[2021.07.08-13.15.07:797][  0]LogConfig: Setting CVar [[r.SkyAtmosphere.TransmittanceLUT.SampleCount:10.0]]
[2021.07.08-13.15.07:797][  0]LogConfig: Setting CVar [[r.SkyAtmosphere.MultiScatteringLUT.SampleCount:15.0]]
[2021.07.08-13.15.07:797][  0]LogConfig: Applying CVar settings from Section [FoliageQuality@3] File [C:/Users/User/Desktop/TempFolder/GVE/Offworld JamProject/OffworldJam/OffworldInvader/GVEOffworld/OffworldInvader/Saved/Config/Windows/Scalability.ini]
[2021.07.08-13.15.07:797][  0]LogConfig: Setting CVar [[foliage.DensityScale:1.0]]
[2021.07.08-13.15.07:797][  0]LogConfig: Setting CVar [[grass.DensityScale:1.0]]
[2021.07.08-13.15.07:797][  0]LogConfig: Applying CVar settings from Section [ShadingQuality@3] File [C:/Users/User/Desktop/TempFolder/GVE/Offworld JamProject/OffworldJam/OffworldInvader/GVEOffworld/OffworldInvader/Saved/Config/Windows/Scalability.ini]
[2021.07.08-13.15.07:797][  0]LogConfig: Setting CVar [[r.HairStrands.SkyLighting.SampleCount:16]]
[2021.07.08-13.15.07:797][  0]LogConfig: Setting CVar [[r.HairStrands.SkyLighting.JitterIntegration:0]]
[2021.07.08-13.15.07:797][  0]LogConfig: Setting CVar [[r.HairStrands.SkyAO.SampleCount:16]]
[2021.07.08-13.15.07:797][  0]LogConfig: Setting CVar [[r.HairStrands.DeepShadow.SuperSampling:0]]
[2021.07.08-13.15.07:797][  0]LogConfig: Setting CVar [[r.HairStrands.VisibilityPPLL:0]]
[2021.07.08-13.15.07:797][  0]LogConfig: Setting CVar [[r.HairStrands.RasterizationScale:0.5]]
[2021.07.08-13.15.07:797][  0]LogConfig: Setting CVar [[r.HairStrands.VelocityRasterizationScale:1]]
[2021.07.08-13.15.07:797][  0]LogConfig: Applying CVar settings from Section [Startup] File [../../../Engine/Config/ConsoleVariables.ini]
[2021.07.08-13.15.07:798][  0]LogConfig: Setting CVar [[net.UseAdaptiveNetUpdateFrequency:0]]
[2021.07.08-13.15.07:798][  0]LogConfig: Setting CVar [[p.chaos.AllowCreatePhysxBodies:1]]
[2021.07.08-13.15.07:798][  0]LogConfig: Setting CVar [[fx.SkipVectorVMBackendOptimizations:1]]
[2021.07.08-13.15.07:798][  0]LogConfig: Applying CVar settings from Section [ConsoleVariables] File [C:/Users/User/Desktop/TempFolder/GVE/Offworld JamProject/OffworldJam/OffworldInvader/GVEOffworld/OffworldInvader/Saved/Config/Windows/Engine.ini]
[2021.07.08-13.15.07:798][  0]LogInit: Computer: DESKTOP-1846E27
[2021.07.08-13.15.07:798][  0]LogInit: User: User
[2021.07.08-13.15.07:798][  0]LogInit: CPU Page size=4096, Cores=4
[2021.07.08-13.15.07:798][  0]LogInit: High frequency timer resolution =10.000000 MHz
[2021.07.08-13.15.07:798][  0]LogMemory: Memory total: Physical=15.9GB (16GB approx)
[2021.07.08-13.15.07:798][  0]LogMemory: Platform Memory Stats for Windows
[2021.07.08-13.15.07:798][  0]LogMemory: Process Physical Memory: 115.48 MB used, 115.49 MB peak
[2021.07.08-13.15.07:798][  0]LogMemory: Process Virtual Memory: 97.88 MB used, 97.88 MB peak
[2021.07.08-13.15.07:798][  0]LogMemory: Physical Memory: 10459.65 MB used,  5811.71 MB free, 16271.36 MB total
[2021.07.08-13.15.07:798][  0]LogMemory: Virtual Memory: 5146.93 MB used,  134212584.00 MB free, 134217728.00 MB total
[2021.07.08-13.15.07:804][  0]LogWindows: WindowsPlatformFeatures enabled
[2021.07.08-13.15.07:862][  0]LogInit: Physics initialised using underlying interface: PhysX
[2021.07.08-13.15.07:863][  0]LogInit: Using OS detected language (en-GB).
[2021.07.08-13.15.07:863][  0]LogInit: Using OS detected locale (en-GB).
[2021.07.08-13.15.07:870][  0]LogTextLocalizationManager: No specific localization for 'en-GB' exists, so the 'en' localization will be used.
[2021.07.08-13.15.08:047][  0]LogInit: Setting process to per monitor DPI aware
[2021.07.08-13.15.08:081][  0]LogSlate: New Slate User Created.  User Index 0, Is Virtual User: 0
[2021.07.08-13.15.08:081][  0]LogSlate: Slate User Registered.  User Index 0, Is Virtual User: 0
[2021.07.08-13.15.08:278][  0]LogHMD: Failed to initialize OpenVR with code 110
[2021.07.08-13.15.08:278][  0]LogD3D11RHI: D3D11 min allowed feature level: 11_0
[2021.07.08-13.15.08:278][  0]LogD3D11RHI: D3D11 max allowed feature level: 11_0
[2021.07.08-13.15.08:278][  0]LogD3D11RHI: D3D11 adapters:
[2021.07.08-13.15.08:400][  0]LogD3D11RHI:    0. 'NVIDIA GeForce GTX 960M' (Feature Level 11_0)
[2021.07.08-13.15.08:400][  0]LogD3D11RHI:       2010/0/8135 MB DedicatedVideo/DedicatedSystem/SharedSystem, Outputs:1, VendorId:0x10de
[2021.07.08-13.15.08:410][  0]LogD3D11RHI:    1. 'Intel(R) HD Graphics 630' (Feature Level 11_0)
[2021.07.08-13.15.08:411][  0]LogD3D11RHI:       128/0/8135 MB DedicatedVideo/DedicatedSystem/SharedSystem, Outputs:0, VendorId:0x8086
[2021.07.08-13.15.08:413][  0]LogD3D11RHI:    2. 'Microsoft Basic Render Driver' (Feature Level 11_0)
[2021.07.08-13.15.08:413][  0]LogD3D11RHI:       0/0/8135 MB DedicatedVideo/DedicatedSystem/SharedSystem, Outputs:0, VendorId:0x1414
[2021.07.08-13.15.08:413][  0]LogD3D11RHI: Chosen D3D11 Adapter: 0
[2021.07.08-13.15.08:422][  0]LogD3D11RHI: Creating new Direct3DDevice
[2021.07.08-13.15.08:422][  0]LogD3D11RHI:     GPU DeviceId: 0x139b (for the marketing name, search the web for "GPU Device Id")
[2021.07.08-13.15.08:422][  0]LogWindows: EnumDisplayDevices:
[2021.07.08-13.15.08:422][  0]LogWindows:    0. 'Intel(R) HD Graphics 630' (P:1 D:1)
[2021.07.08-13.15.08:423][  0]LogWindows:    1. 'Intel(R) HD Graphics 630' (P:0 D:0)
[2021.07.08-13.15.08:423][  0]LogWindows:    2. 'Intel(R) HD Graphics 630' (P:0 D:0)
[2021.07.08-13.15.08:424][  0]LogWindows: DebugString: PrimaryIsNotTheChoosenAdapter PrimaryIsNotTheChoosenAdapter PrimaryIsNotTheChoosenAdapter FoundDriverCount:0 
[2021.07.08-13.15.08:424][  0]LogD3D11RHI:     Adapter Name: NVIDIA GeForce GTX 960M
[2021.07.08-13.15.08:424][  0]LogD3D11RHI:   Driver Version: Unknown (internal:Unknown, unified:Unknown)
[2021.07.08-13.15.08:424][  0]LogD3D11RHI:      Driver Date: Unknown
[2021.07.08-13.15.08:424][  0]LogRHI: Texture pool is 1407 MB (70% of 2010 MB)
[2021.07.08-13.15.08:511][  0]LogD3D11RHI: RHI has support for 64 bit atomics
[2021.07.08-13.15.08:511][  0]LogD3D11RHI: Async texture creation enabled
[2021.07.08-13.15.08:527][  0]LogD3D11RHI: GPU Timing Frequency: 1000.000000 (Debug: 2 1)
[2021.07.08-13.15.08:909][  0]LogTargetPlatformManager: Display: Loaded TargetPlatform 'AllDesktop'
[2021.07.08-13.15.08:937][  0]LogTargetPlatformManager: Display: Loaded TargetPlatform 'Android'
[2021.07.08-13.15.08:937][  0]LogTargetPlatformManager: Display: Loaded TargetPlatform 'Android_ASTC'
[2021.07.08-13.15.08:937][  0]LogTargetPlatformManager: Display: Loaded TargetPlatform 'Android_DXT'
[2021.07.08-13.15.08:937][  0]LogTargetPlatformManager: Display: Loaded TargetPlatform 'Android_ETC2'
[2021.07.08-13.15.08:937][  0]LogTargetPlatformManager: Display: Loaded TargetPlatform 'AndroidClient'
[2021.07.08-13.15.08:937][  0]LogTargetPlatformManager: Display: Loaded TargetPlatform 'Android_ASTCClient'
[2021.07.08-13.15.08:937][  0]LogTargetPlatformManager: Display: Loaded TargetPlatform 'Android_DXTClient'
[2021.07.08-13.15.08:937][  0]LogTargetPlatformManager: Display: Loaded TargetPlatform 'Android_ETC2Client'
[2021.07.08-13.15.08:937][  0]LogTargetPlatformManager: Display: Loaded TargetPlatform 'Android_Multi'
[2021.07.08-13.15.08:937][  0]LogTargetPlatformManager: Display: Loaded TargetPlatform 'Android_MultiClient'
[2021.07.08-13.15.08:966][  0]LogTargetPlatformManager: Display: Loaded TargetPlatform 'IOSClient'
[2021.07.08-13.15.08:966][  0]LogTargetPlatformManager: Display: Loaded TargetPlatform 'IOS'
[2021.07.08-13.15.08:980][  0]LogTargetPlatformManager: Display: Loaded TargetPlatform 'Linux'
[2021.07.08-13.15.08:991][  0]LogTargetPlatformManager: Display: Loaded TargetPlatform 'LinuxNoEditor'
[2021.07.08-13.15.09:004][  0]LogTargetPlatformManager: Display: Loaded TargetPlatform 'LinuxClient'
[2021.07.08-13.15.09:022][  0]LogTargetPlatformManager: Display: Loaded TargetPlatform 'LinuxServer'
[2021.07.08-13.15.09:036][  0]LogTargetPlatformManager: Display: Loaded TargetPlatform 'LinuxAArch64NoEditor'
[2021.07.08-13.15.09:054][  0]LogTargetPlatformManager: Display: Loaded TargetPlatform 'LinuxAArch64Client'
[2021.07.08-13.15.09:072][  0]LogTargetPlatformManager: Display: Loaded TargetPlatform 'LinuxAArch64Server'
[2021.07.08-13.15.09:123][  0]LogTargetPlatformManager: Display: Loaded TargetPlatform 'Lumin'
[2021.07.08-13.15.09:123][  0]LogTargetPlatformManager: Display: Loaded TargetPlatform 'LuminClient'
[2021.07.08-13.15.09:149][  0]LogTargetPlatformManager: Display: Loaded TargetPlatform 'TVOSClient'
[2021.07.08-13.15.09:149][  0]LogTargetPlatformManager: Display: Loaded TargetPlatform 'TVOS'
[2021.07.08-13.15.09:163][  0]LogTargetPlatformManager: Display: Loaded TargetPlatform 'WindowsNoEditor'
[2021.07.08-13.15.09:177][  0]LogTargetPlatformManager: Display: Loaded TargetPlatform 'Windows'
[2021.07.08-13.15.09:189][  0]LogTargetPlatformManager: Display: Loaded TargetPlatform 'WindowsClient'
[2021.07.08-13.15.09:201][  0]LogTargetPlatformManager: Display: Loaded TargetPlatform 'WindowsServer'
[2021.07.08-13.15.09:201][  0]LogTargetPlatformManager: Display: Building Assets For Windows
[2021.07.08-13.15.09:209][  0]LogAudioDebug: Display: Lib vorbis DLL was dynamically loaded.
[2021.07.08-13.15.09:269][  0]LogShaderCompilers: Guid format shader working directory is -82 characters bigger than the processId version (../../../../../../Users/User/Desktop/TempFolder/GVE/Offworld JamProject/OffworldJam/OffworldInvader/GVEOffworld/OffworldInvader/Intermediate/Shaders/WorkingDirectory/4584/).
[2021.07.08-13.15.09:270][  0]LogShaderCompilers: Cleaned the shader compiler working directory 'C:/Users/User/AppData/Local/Temp/UnrealShaderWorkingDir/3912BD0A406C2DD30441D1B3F874BFA7/'.
[2021.07.08-13.15.09:270][  0]LogXGEController: Cleaning working directory: C:/Users/User/AppData/Local/Temp/UnrealXGEWorkingDir/
[2021.07.08-13.15.09:270][  0]LogXGEController: Cannot use XGE Controller as Incredibuild is not installed on this machine.
[2021.07.08-13.15.09:270][  0]LogShaderCompilers: Cannot use XGE Shader Compiler as Incredibuild is not installed on this machine.
[2021.07.08-13.15.09:270][  0]LogShaderCompilers: Display: Using Local Shader Compiler.
[2021.07.08-13.15.10:114][  0]LogDerivedDataCache: Display: Max Cache Size: 512 MB
[2021.07.08-13.15.10:164][  0]LogDerivedDataCache: Loaded boot cache 0.05s 76MB C:/Users/User/AppData/Local/UnrealEngine/4.25/DerivedDataCache/Boot.ddc.
[2021.07.08-13.15.10:164][  0]LogDerivedDataCache: Display: Loaded Boot cache: C:/Users/User/AppData/Local/UnrealEngine/4.25/DerivedDataCache/Boot.ddc
[2021.07.08-13.15.10:164][  0]LogDerivedDataCache: FDerivedDataBackendGraph:  Pak pak cache file ../../../../../../Users/User/Desktop/TempFolder/GVE/Offworld JamProject/OffworldJam/OffworldInvader/GVEOffworld/OffworldInvader/DerivedDataCache/DDC.ddp not found, will not use a pak cache.
[2021.07.08-13.15.10:164][  0]LogDerivedDataCache: Unable to find inner node Pak for hierarchical cache Hierarchy.
[2021.07.08-13.15.10:164][  0]LogDerivedDataCache: FDerivedDataBackendGraph:  CompressedPak pak cache file ../../../../../../Users/User/Desktop/TempFolder/GVE/Offworld JamProject/OffworldJam/OffworldInvader/GVEOffworld/OffworldInvader/DerivedDataCache/Compressed.ddp not found, will not use a pak cache.
[2021.07.08-13.15.10:164][  0]LogDerivedDataCache: Unable to find inner node CompressedPak for hierarchical cache Hierarchy.
[2021.07.08-13.15.10:174][  0]LogDerivedDataCache: Display: Pak cache opened for reading ../../../Engine/DerivedDataCache/Compressed.ddp.
[2021.07.08-13.15.10:174][  0]LogDerivedDataCache: FDerivedDataBackendGraph:  EnterprisePak pak cache file ../../../Enterprise/DerivedDataCache/Compressed.ddp not found, will not use a pak cache.
[2021.07.08-13.15.10:174][  0]LogDerivedDataCache: Unable to find inner node EnterprisePak for hierarchical cache Hierarchy.
[2021.07.08-13.15.10:176][  0]LogDerivedDataCache: Using Local data cache path C:/Users/User/AppData/Local/UnrealEngine/Common/DerivedDataCache: Writable
[2021.07.08-13.15.10:176][  0]LogDerivedDataCache: Shared data cache path not found in *engine.ini, will not use an Shared cache.
[2021.07.08-13.15.10:176][  0]LogDerivedDataCache: Unable to find inner node Shared for hierarchical cache Hierarchy.
[2021.07.08-13.15.10:231][  0]LogSlate: Using FreeType 2.10.0
[2021.07.08-13.15.10:231][  0]LogSlate: SlateFontServices - WITH_FREETYPE: 1, WITH_HARFBUZZ: 1
[2021.07.08-13.15.10:262][  0]LogAssetRegistry: FAssetRegistry took 0.0033 seconds to start up
[2021.07.08-13.15.10:521][  0]LogInit: Selected Device Profile: [Windows]
[2021.07.08-13.15.10:644][  0]LogMeshReduction: Using QuadricMeshReduction for automatic static mesh reduction
[2021.07.08-13.15.10:644][  0]LogMeshReduction: Using SimplygonMeshReduction for automatic skeletal mesh reduction
[2021.07.08-13.15.10:644][  0]LogMeshReduction: Using ProxyLODMeshReduction for automatic mesh merging
[2021.07.08-13.15.10:644][  0]LogMeshReduction: No distributed automatic mesh merging module available
[2021.07.08-13.15.10:644][  0]LogMeshMerging: No distributed automatic mesh merging module available
[2021.07.08-13.15.10:658][  0]LogNetVersion: OffworldInvader 1.0.0, NetCL: 13144385, EngineNetVer: 14, GameNetVer: 0 (Checksum: 3010887049)
[2021.07.08-13.15.11:131][  0]LogAISub: UAISubsystem::UAISubsystem AISubsystem (000001C37140AAC0), frame # 0
[2021.07.08-13.15.11:131][  0]LogAISub: UAISubsystem::UAISubsystem AIPerceptionSystem (000001C371395080), frame # 0
[2021.07.08-13.15.11:133][  0]LogAISub: UAISubsystem::UAISubsystem EnvQueryManager (000001C3713F5C00), frame # 0
[2021.07.08-13.15.11:195][  0]LogPackageLocalizationCache: Processed 19 localized package path(s) for 1 prioritized culture(s) in 0.056130 seconds
[2021.07.08-13.15.11:200][  0]LogUObjectArray: 15923 objects as part of root set at end of initial load.
[2021.07.08-13.15.11:200][  0]LogUObjectAllocator: 3966848 out of 0 bytes used by permanent object pool.
[2021.07.08-13.15.11:200][  0]LogUObjectArray: CloseDisregardForGC: 0/0 objects in disregard for GC pool
[2021.07.08-13.15.11:599][  0]LogTcpMessaging: Initializing TcpMessaging bridge
[2021.07.08-13.15.11:603][  0]LogUdpMessaging: Initializing bridge on interface 0.0.0.0:0 to multicast group 230.0.0.1:6666.
[2021.07.08-13.15.11:657][  0]LogLinker: Warning: Failed to load '/Game/ThirdPersonBP/ThirdPersonOverview': Can't find file.
[2021.07.08-13.15.11:658][  0]LogLinker: Warning: Failed to load '/Game/ThirdPersonBP/ThirdPersonOverview': Can't find file.
[2021.07.08-13.15.11:658][  0]LogUObjectGlobals: Warning: Failed to find object 'Class /Game/ThirdPersonBP/ThirdPersonOverview.ThirdPersonOverview_C'
[2021.07.08-13.15.11:688][  0]SourceControl: Source control is disabled
[2021.07.08-13.15.11:688][  0]SourceControl: Source control is disabled
[2021.07.08-13.15.11:692][  0]SourceControl: Source control is disabled
[2021.07.08-13.15.11:695][  0]SourceControl: Source control is disabled
[2021.07.08-13.15.11:704][  0]SourceControl: Source control is disabled
[2021.07.08-13.15.11:943][  0]LogAndroidPermission: UAndroidPermissionCallbackProxy::GetInstance
[2021.07.08-13.15.11:963][  0]LogAudioCaptureCore: Display: No Audio Capture implementations found. Audio input will be silent.
[2021.07.08-13.15.11:963][  0]LogAudioCaptureCore: Display: No Audio Capture implementations found. Audio input will be silent.
[2021.07.08-13.15.12:012][  0]LogOcInput: OculusInput pre-init called
[2021.07.08-13.15.12:023][  0]LogWindows: Failed to load 'OVRPlugin.dll' (GetLastError=126)
[2021.07.08-13.15.12:023][  0]LogWindows: File 'OVRPlugin.dll' does not exist
[2021.07.08-13.15.12:081][  0]LogEngine: Initializing Engine...
[2021.07.08-13.15.12:083][  0]LogHMD: Failed to initialize OpenVR with code 110
[2021.07.08-13.15.12:083][  0]LogMagicLeap: Warning: VR disabled because ZI is not enabled.  To enable, in the editor, Edit -> Project Settings -> Plugins -> Magic Leap Plugin -> Enable Zero Iteration
[2021.07.08-13.15.12:084][  0]LogStats: UGameplayTagsManager::InitializeManager -  0.000 s
[2021.07.08-13.15.12:213][  0]LogInit: Initializing FReadOnlyCVARCache
[2021.07.08-13.15.12:220][  0]LogAIModule: Creating AISystem for world Untitled
[2021.07.08-13.15.12:220][  0]LogAISub: UAISubsystem::UAISubsystem EnvQueryManager (000001C373F5BC00), frame # 0
[2021.07.08-13.15.12:220][  0]LogAISub: UAISubsystem::UAISubsystem AIPerceptionSystem (000001C373F9AAC0), frame # 0
[2021.07.08-13.15.12:244][  0]LogAudioMixer: Display: Audio Mixer Platform Settings:
[2021.07.08-13.15.12:244][  0]LogAudioMixer: Display: 	Sample Rate:						  48000
[2021.07.08-13.15.12:244][  0]LogAudioMixer: Display: 	Callback Buffer Frame Size Requested: 1024
[2021.07.08-13.15.12:244][  0]LogAudioMixer: Display: 	Callback Buffer Frame Size To Use:	  1024
[2021.07.08-13.15.12:244][  0]LogAudioMixer: Display: 	Number of buffers to queue:			  2
[2021.07.08-13.15.12:244][  0]LogAudioMixer: Display: 	Max Channels (voices):				  32
[2021.07.08-13.15.12:244][  0]LogAudioMixer: Display: 	Number of Async Source Workers:		  0
[2021.07.08-13.15.12:244][  0]LogAudio: Display: AudioDevice MaxSources: 32
[2021.07.08-13.15.12:245][  0]LogAudio: Display: Using built-in audio occlusion.
[2021.07.08-13.15.12:245][  0]LogAudioMixer: Display: Initializing audio mixer.
[2021.07.08-13.15.12:259][  0]LogAudioMixer: Display: 0: FrontLeft
[2021.07.08-13.15.12:259][  0]LogAudioMixer: Display: 1: FrontRight
[2021.07.08-13.15.12:402][  0]LogAudioMixer: Display: Using Audio Device Speakers (Realtek High Definition Audio)
[2021.07.08-13.15.12:405][  0]LogAudioMixer: Display: Initializing Sound Submixes...
[2021.07.08-13.15.12:407][  0]LogAudioMixer: Display: Creating Master Submix 'MasterSubmixDefault'
[2021.07.08-13.15.12:407][  0]LogAudioMixer: Display: Creating Master Submix 'MasterReverbSubmixDefault'
[2021.07.08-13.15.12:409][  0]LogAudioMixer: Display: Creating Master Submix 'MasterEQSubmixDefault'
[2021.07.08-13.15.12:410][  0]LogInit: FAudioDevice initialized.
[2021.07.08-13.15.12:411][  0]LogNetVersion: Set ProjectVersion to 1.0.0.0. Version Checksum will be recalculated on next use.
[2021.07.08-13.15.12:492][  0]LogDerivedDataCache: Saved boot cache 0.08s 76MB C:/Users/User/AppData/Local/UnrealEngine/4.25/DerivedDataCache/Boot.ddc.
[2021.07.08-13.15.12:492][  0]LogInit: Texture streaming: Enabled
[2021.07.08-13.15.12:507][  0]LogEngineSessionManager: EngineSessionManager initialized
[2021.07.08-13.15.12:507][  0]LogEditorSessionSummary: Verbose: Initializing EditorSessionSummaryWriter for editor session tracking
[2021.07.08-13.15.12:509][  0]LogEditorSessionSummary: EditorSessionSummaryWriter initialized
[2021.07.08-13.15.12:561][  0]LogInit: Transaction tracking system initialized
[2021.07.08-13.15.12:581][  0]BlueprintLog: New page: Editor Load
[2021.07.08-13.15.12:648][  0]LocalizationService: Localization service is disabled
[2021.07.08-13.15.12:799][  0]LogCook: Display: Max memory allowance for cook 16384mb min free memory 0mb
[2021.07.08-13.15.12:800][  0]LogCook: Display: Mobile HDR setting 1
[2021.07.08-13.15.12:925][  0]LogFileCache: Scanning file cache for directory 'C:/Users/User/Desktop/TempFolder/GVE/Offworld JamProject/OffworldJam/OffworldInvader/GVEOffworld/OffworldInvader/Content/' took 0.01s
[2021.07.08-13.15.13:146][  0]SourceControl: Source control is disabled
[2021.07.08-13.15.13:146][  0]LogUnrealEdMisc: Loading editor; pre map load, took 7.023
[2021.07.08-13.15.13:147][  0]LightingResults: New page: Lighting Build
[2021.07.08-13.15.13:147][  0]LogWorld: UWorld::CleanupWorld for Untitled, bSessionEnded=true, bCleanupResources=true
[2021.07.08-13.15.13:147][  0]LogSlate: InvalidateAllWidgets triggered.  All widgets were invalidated
[2021.07.08-13.15.13:147][  0]MapCheck: New page: Map Check
[2021.07.08-13.15.13:147][  0]LightingResults: New page: Lighting Build
[2021.07.08-13.15.13:156][  0]LogAISub: UAISubsystem::~UAISubsystem EnvQueryManager (000001C373F5BC00), frame # 0
[2021.07.08-13.15.13:156][  0]LogAISub: UAISubsystem::~UAISubsystem AIPerceptionSystem (000001C373F9AAC0), frame # 0
[2021.07.08-13.15.13:157][  0]LogUObjectHash: Compacting FUObjectHashTables data took   0.87ms
[2021.07.08-13.15.13:248][  0]LogAIModule: Creating AISystem for world FlyingExampleMap
[2021.07.08-13.15.13:249][  0]LogAISub: UAISubsystem::UAISubsystem EnvQueryManager (000001C30381FE00), frame # 0
[2021.07.08-13.15.13:249][  0]LogAISub: UAISubsystem::UAISubsystem AIPerceptionSystem (000001C36E649E40), frame # 0
[2021.07.08-13.15.13:264][  0]LogEditorServer: Finished looking for orphan Actors (0.000 secs)
[2021.07.08-13.15.13:277][  0]LogUObjectHash: Compacting FUObjectHashTables data took   0.81ms
[2021.07.08-13.15.13:277][  0]Cmd: MAP CHECKDEP NOCLEARLOG
[2021.07.08-13.15.13:278][  0]MapCheck: Map check complete: 0 Error(s), 0 Warning(s), took 0.303ms to complete.
[2021.07.08-13.15.13:278][  0]LogFileHelpers: Loading map 'FlyingExampleMap' took 0.132
[2021.07.08-13.15.13:281][  0]LogUnrealEdMisc: Total Editor Startup Time, took 7.157
[2021.07.08-13.15.13:410][  0]LogSlate: Updating window title bar state: overlay mode, drag disabled, window buttons hidden, title bar hidden
[2021.07.08-13.15.13:417][  0]LogSlate: Updating window title bar state: overlay mode, drag disabled, window buttons hidden, title bar hidden
[2021.07.08-13.15.13:425][  0]LogSlate: Updating window title bar state: overlay mode, drag disabled, window buttons hidden, title bar hidden
[2021.07.08-13.15.13:433][  0]LogSlate: Updating window title bar state: overlay mode, drag disabled, window buttons hidden, title bar hidden
[2021.07.08-13.15.13:439][  0]LogCollectionManager: Loaded 0 collections in 0.001682 seconds
[2021.07.08-13.15.13:454][  0]LogFileCache: Scanning file cache for directory 'C:/Users/User/Desktop/TempFolder/GVE/Offworld JamProject/OffworldJam/OffworldInvader/GVEOffworld/OffworldInvader/Saved/Collections/' took 0.00s
[2021.07.08-13.15.13:454][  0]LogFileCache: Scanning file cache for directory 'C:/Users/User/Desktop/TempFolder/GVE/Offworld JamProject/OffworldJam/OffworldInvader/GVEOffworld/OffworldInvader/Content/Developers/User/Collections/' took 0.00s
[2021.07.08-13.15.13:454][  0]LogFileCache: Scanning file cache for directory 'C:/Users/User/Desktop/TempFolder/GVE/Offworld JamProject/OffworldJam/OffworldInvader/GVEOffworld/OffworldInvader/Content/Collections/' took 0.00s
[2021.07.08-13.15.13:454][  0]LogContentBrowser: Native class hierarchy populated in 0.0099 seconds. Added 3433 classes and 823 folders.
[2021.07.08-13.15.13:457][  0]LogContentBrowser: Native class hierarchy updated for 'WidgetCarousel' in 0.0004 seconds. Added 0 classes and 0 folders.
[2021.07.08-13.15.13:513][  0]LogContentBrowser: Native class hierarchy updated for 'AddContentDialog' in 0.0004 seconds. Added 0 classes and 0 folders.
[2021.07.08-13.15.13:515][  0]LogContentBrowser: Native class hierarchy updated for 'SceneOutliner' in 0.0004 seconds. Added 2 classes and 0 folders.
[2021.07.08-13.15.13:559][  0]LogSlate: Took 0.000377 seconds to synchronously load lazily loaded font '../../../Engine/Content/Slate/Fonts/Roboto-Regular.ttf' (155K)
[2021.07.08-13.15.13:562][  0]LogSlate: Took 0.000268 seconds to synchronously load lazily loaded font '../../../Engine/Content/Slate/Fonts/Roboto-Bold.ttf' (160K)
[2021.07.08-13.15.13:566][  0]LogSlate: Took 0.000150 seconds to synchronously load lazily loaded font '../../../Engine/Content/Editor/Slate/Fonts/FontAwesome.ttf' (139K)
[2021.07.08-13.15.13:648][  0]LogRenderer: Reallocating scene render targets to support 1056x572 Format 10 NumSamples 1 (Frame:1).
[2021.07.08-13.15.13:766][  0]LogContentBrowser: Native class hierarchy updated for 'HierarchicalLODOutliner' in 0.0004 seconds. Added 0 classes and 0 folders.
[2021.07.08-13.15.13:766][  0]LogLoad: (Engine Initialization) Total time: 7.64 seconds
[2021.07.08-13.15.13:766][  0]LogLoad: (Engine Initialization) Total Blueprint compile time: 0.00 seconds
[2021.07.08-13.15.13:820][  0]LogAssetRegistry: Asset discovery search completed in 3.5599 seconds
[2021.07.08-13.15.13:828][  0]LogCollectionManager: Fixed up redirectors for 0 collections in 0.000003 seconds (updated 0 objects)
[2021.07.08-13.15.13:830][  0]LogContentStreaming: Texture pool size now 1000 MB
[2021.07.08-13.15.13:861][  0]LogSlate: Took 0.000143 seconds to synchronously load lazily loaded font '../../../Engine/Content/Slate/Fonts/Roboto-Light.ttf' (167K)
[2021.07.08-13.16.47:814][282]LogAudioMixer: Display: Audio Buffer Underrun detected.
[2021.07.08-13.17.19:934][377]LogHotReload: New module detected: UE4Editor-OffworldInvader-0014.dll
[2021.07.08-13.17.20:620][380]LogHotReload: Starting Hot-Reload from IDE
[2021.07.08-13.17.20:626][380]LogSlate: Took 0.000185 seconds to synchronously load lazily loaded font '../../../Engine/Content/Slate/Fonts/Roboto-Light.ttf' (167K)
[2021.07.08-13.17.20:675][380]LogClass: Could not find existing class PathSequencer in package /Script/OffworldInvader for HotReload, assuming new class
[2021.07.08-13.17.20:678][380]LogClass: SequenceStruct HotReload.
[2021.07.08-13.17.20:684][380]LogHotReload: Re-instancing PathSequencer after hot-reload.
[2021.07.08-13.17.20:694][380]LogContentBrowser: Native class hierarchy updated for 'OffworldInvader' in 0.0004 seconds. Added 6 classes and 2 folders.
[2021.07.08-13.17.20:695][380]Display: HotReload successful (0 functions remapped  1 scriptstructs remapped)
[2021.07.08-13.17.20:757][380]LogContentBrowser: Native class hierarchy populated in 0.0140 seconds. Added 3433 classes and 823 folders.
[2021.07.08-13.17.20:761][380]Display: HotReload took  0.1s.
[2021.07.08-13.17.24:522][506]Candidate modules for hot reload:
[2021.07.08-13.17.24:522][506]  OffworldInvader
[2021.07.08-13.17.24:522][506]Launching UnrealBuildTool... [C:/Program Files/Epic Games/UE_4.25/Engine/Binaries/DotNET/UnrealBuildTool.exe  -ModuleWithSuffix=OffworldInvader,5069 OffworldInvaderEditor Win64 Development -Project="C:/Users/User/Desktop/TempFolder/GVE/Offworld JamProject/OffworldJam/OffworldInvader/GVEOffworld/OffworldInvader/OffworldInvader.uproject" "C:/Users/User/Desktop/TempFolder/GVE/Offworld JamProject/OffworldJam/OffworldInvader/GVEOffworld/OffworldInvader/OffworldInvader.uproject"  -IgnoreJunk]
[2021.07.08-13.17.24:524][506]Warning: Starting HotReload took  0.0s.
[2021.07.08-13.17.26:734][623]CompilerResultsLog: New page: Compilation - 8 Jul 2021, 15:17:26
[2021.07.08-13.17.26:734][623]CompilerResultsLog: Using 'git status' to determine working set for adaptive non-unity build (C:\Users\User\Desktop\TempFolder\GVE\Offworld JamProject\OffworldJam\OffworldInvader\GVEOffworld).
[2021.07.08-13.17.26:734][623]CompilerResultsLog: Building OffworldInvaderEditor...
[2021.07.08-13.17.26:735][623]CompilerResultsLog: Using Visual Studio 2019 14.28.29336 toolchain (C:\Program Files (x86)\Microsoft Visual Studio\2019\Community\VC\Tools\MSVC\14.28.29333) and Windows 10.0.18362.0 SDK (C:\Program Files (x86)\Windows Kits\10).
[2021.07.08-13.17.26:735][623]CompilerResultsLog: Building 3 actions with 8 processes...
[2021.07.08-13.17.26:735][623]CompilerResultsLog:   [1/3] UE4Editor-OffworldInvader-5069.lib
[2021.07.08-13.17.26:735][623]CompilerResultsLog:      Creating library C:\Users\User\Desktop\TempFolder\GVE\Offworld JamProject\OffworldJam\OffworldInvader\GVEOffworld\OffworldInvader\Intermediate\Build\Win64\UE4Editor\Development\OffworldInvader\UE4Editor-OffworldInvader-5069.lib and object C:\Users\User\Desktop\TempFolder\GVE\Offworld JamProject\OffworldJam\OffworldInvader\GVEOffworld\OffworldInvader\Intermediate\Build\Win64\UE4Editor\Development\OffworldInvader\UE4Editor-OffworldInvader-5069.exp
[2021.07.08-13.17.26:735][623]CompilerResultsLog:   [2/3] UE4Editor-OffworldInvader-5069.dll
[2021.07.08-13.17.26:735][623]CompilerResultsLog:      Creating library C:\Users\User\Desktop\TempFolder\GVE\Offworld JamProject\OffworldJam\OffworldInvader\GVEOffworld\OffworldInvader\Intermediate\Build\Win64\UE4Editor\Development\OffworldInvader\UE4Editor-OffworldInvader-5069.suppressed.lib and object C:\Users\User\Desktop\TempFolder\GVE\Offworld JamProject\OffworldJam\OffworldInvader\GVEOffworld\OffworldInvader\Intermediate\Build\Win64\UE4Editor\Development\OffworldInvader\UE4Editor-OffworldInvader-5069.suppressed.exp
[2021.07.08-13.17.26:735][623]CompilerResultsLog:   [3/3] OffworldInvaderEditor.target
[2021.07.08-13.17.26:735][623]CompilerResultsLog: Total time in Parallel executor: 1.14 seconds
[2021.07.08-13.17.26:735][623]CompilerResultsLog: Total execution time: 2.11 seconds
[2021.07.08-13.17.26:735][623]LogMainFrame: MainFrame: Module compiling took 2.218 seconds
[2021.07.08-13.17.26:760][623]LogClass: SequenceStruct HotReload.
[2021.07.08-13.17.26:764][623]LogContentBrowser: Native class hierarchy updated for 'OffworldInvader' in 0.0005 seconds. Added 6 classes and 2 folders.
[2021.07.08-13.17.26:766][623]Display: HotReload successful (0 functions remapped  1 scriptstructs remapped)
[2021.07.08-13.17.26:807][623]LogContentBrowser: Native class hierarchy populated in 0.0088 seconds. Added 3433 classes and 823 folders.
[2021.07.08-13.17.26:807][623]Display: HotReload took  2.3s.
[2021.07.08-13.17.27:728][674]LogAssetEditorSubsystem: Opening Asset editor for Blueprint /Game/Sequencers/PathSequencer.PathSequencer
[2021.07.08-13.17.27:925][674]LogContentBrowser: Native class hierarchy updated for 'BlueprintGraph' in 0.0006 seconds. Added 125 classes and 0 folders.
[2021.07.08-13.22.23:446][457]LogAudioMixer: Display: Audio Buffer Underrun detected.
[2021.07.08-13.24.48:802][891]LogAudioMixer: Display: Audio Buffer Underrun detected.
[2021.07.08-13.25.14:296][966]LogUObjectHash: Compacting FUObjectHashTables data took   2.61ms
[2021.07.08-13.25.14:389][966]LogSavePackage: Moving '../../../../../../Users/User/Desktop/TempFolder/GVE/Offworld JamProject/OffworldJam/OffworldInvader/GVEOffworld/OffworldInvader/Saved/FlyingExampleMap_Auto1207631464956EBC71C9D988C53873276.tmp' to '../../../../../../Users/User/Desktop/TempFolder/GVE/Offworld JamProject/OffworldJam/OffworldInvader/GVEOffworld/OffworldInvader/Saved/Autosaves/Game/FlyingCPP/Maps/FlyingExampleMap_Auto1.umap'
[2021.07.08-13.25.14:395][966]LogFileHelpers: Editor autosave (incl. sublevels) for '/Game/FlyingCPP/Maps/FlyingExampleMap' took 0.126
[2021.07.08-13.25.14:395][966]LogFileHelpers: Editor autosave (incl. sublevels) for all levels took 0.126
[2021.07.08-13.25.14:395][966]OBJ SavePackage: Generating thumbnails for [0] asset(s) in package [/Game/Sequencers/PathSequencer] ([1] browsable assets)...
[2021.07.08-13.25.14:396][966]OBJ SavePackage: Finished generating thumbnails for package [/Game/Sequencers/PathSequencer]
[2021.07.08-13.25.14:434][966]LogSavePackage: Moving '../../../../../../Users/User/Desktop/TempFolder/GVE/Offworld JamProject/OffworldJam/OffworldInvader/GVEOffworld/OffworldInvader/Saved/PathSequencer_Auto10B34EC3444D480F604E2EFA10BB14BEA.tmp' to '../../../../../../Users/User/Desktop/TempFolder/GVE/Offworld JamProject/OffworldJam/OffworldInvader/GVEOffworld/OffworldInvader/Saved/Autosaves/Game/Sequencers/PathSequencer_Auto1.uasset'
[2021.07.08-13.25.14:439][966]LogFileHelpers: Auto-saving content packages took 0.044
[2021.07.08-13.27.50:892][434]LogHotReload: New module detected: UE4Editor-OffworldInvader-0016.dll
[2021.07.08-13.27.51:578][437]LogHotReload: Starting Hot-Reload from IDE
[2021.07.08-13.27.51:660][437]LogClass: Could not find existing class PathSequencer in package /Script/OffworldInvader for HotReload, assuming new class
[2021.07.08-13.27.51:665][437]LogClass: Could not find existing type SequencesStruct for HotReload. Assuming new
[2021.07.08-13.27.51:691][437]LogHotReload: Re-instancing PathSequencer after hot-reload.
[2021.07.08-13.27.51:693][437]LogClass: Warning: Property sequenceStruct of sequenceStruct has a struct type mismatch (tag HOTRELOADED_SequenceStruct_0 != prop SequencesStruct) in package:  FObjectReader. If that struct got renamed, add an entry to ActiveStructRedirects.
[2021.07.08-13.27.51:730][437]LogContentBrowser: Native class hierarchy updated for 'OffworldInvader' in 0.0005 seconds. Added 6 classes and 2 folders.
[2021.07.08-13.27.51:733][437]Display: HotReload successful (0 functions remapped  2 scriptstructs remapped)
[2021.07.08-13.27.51:823][437]LogContentBrowser: Native class hierarchy populated in 0.0142 seconds. Added 3433 classes and 823 folders.
[2021.07.08-13.27.51:827][437]Display: HotReload took  0.2s.
[2021.07.08-13.27.54:596][521]LogWorld: UWorld::CleanupWorld for World_0, bSessionEnded=true, bCleanupResources=true
[2021.07.08-13.27.54:596][521]LogSlate: InvalidateAllWidgets triggered.  All widgets were invalidated
[2021.07.08-13.27.56:965][654]LogUObjectHash: Compacting FUObjectHashTables data took   3.03ms
[2021.07.08-13.27.57:020][654]LogSavePackage: Moving '../../../../../../Users/User/Desktop/TempFolder/GVE/Offworld JamProject/OffworldJam/OffworldInvader/GVEOffworld/OffworldInvader/Saved/FlyingExampleMapF035AEAC4C33110882829283E6BA4637.tmp' to '../../../../../../Users/User/Desktop/TempFolder/GVE/Offworld JamProject/OffworldJam/OffworldInvader/GVEOffworld/OffworldInvader/Content/FlyingCPP/Maps/FlyingExampleMap.umap'
[2021.07.08-13.27.57:058][654]AssetCheck: New page: Asset Save: FlyingExampleMap
[2021.07.08-13.27.57:058][654]LogContentValidation: Display: Validating World /Game/FlyingCPP/Maps/FlyingExampleMap.FlyingExampleMap
[2021.07.08-13.27.57:889][702]Candidate modules for hot reload:
[2021.07.08-13.27.57:889][702]  OffworldInvader
[2021.07.08-13.27.57:889][702]Launching UnrealBuildTool... [C:/Program Files/Epic Games/UE_4.25/Engine/Binaries/DotNET/UnrealBuildTool.exe  -ModuleWithSuffix=OffworldInvader,1250 OffworldInvaderEditor Win64 Development -Project="C:/Users/User/Desktop/TempFolder/GVE/Offworld JamProject/OffworldJam/OffworldInvader/GVEOffworld/OffworldInvader/OffworldInvader.uproject" "C:/Users/User/Desktop/TempFolder/GVE/Offworld JamProject/OffworldJam/OffworldInvader/GVEOffworld/OffworldInvader/OffworldInvader.uproject"  -IgnoreJunk]
[2021.07.08-13.27.57:891][702]Warning: Starting HotReload took  0.0s.
[2021.07.08-13.28.00:136][824]CompilerResultsLog: New page: Compilation - 8 Jul 2021, 15:28:00
[2021.07.08-13.28.00:136][824]CompilerResultsLog: Using 'git status' to determine working set for adaptive non-unity build (C:\Users\User\Desktop\TempFolder\GVE\Offworld JamProject\OffworldJam\OffworldInvader\GVEOffworld).
[2021.07.08-13.28.00:136][824]CompilerResultsLog: Building OffworldInvaderEditor...
[2021.07.08-13.28.00:136][824]CompilerResultsLog: Using Visual Studio 2019 14.28.29336 toolchain (C:\Program Files (x86)\Microsoft Visual Studio\2019\Community\VC\Tools\MSVC\14.28.29333) and Windows 10.0.18362.0 SDK (C:\Program Files (x86)\Windows Kits\10).
[2021.07.08-13.28.00:136][824]CompilerResultsLog: Building 3 actions with 8 processes...
[2021.07.08-13.28.00:136][824]CompilerResultsLog:   [1/3] UE4Editor-OffworldInvader-1250.lib
[2021.07.08-13.28.00:136][824]CompilerResultsLog:      Creating library C:\Users\User\Desktop\TempFolder\GVE\Offworld JamProject\OffworldJam\OffworldInvader\GVEOffworld\OffworldInvader\Intermediate\Build\Win64\UE4Editor\Development\OffworldInvader\UE4Editor-OffworldInvader-1250.lib and object C:\Users\User\Desktop\TempFolder\GVE\Offworld JamProject\OffworldJam\OffworldInvader\GVEOffworld\OffworldInvader\Intermediate\Build\Win64\UE4Editor\Development\OffworldInvader\UE4Editor-OffworldInvader-1250.exp
[2021.07.08-13.28.00:136][824]CompilerResultsLog:   [2/3] UE4Editor-OffworldInvader-1250.dll
[2021.07.08-13.28.00:136][824]CompilerResultsLog:      Creating library C:\Users\User\Desktop\TempFolder\GVE\Offworld JamProject\OffworldJam\OffworldInvader\GVEOffworld\OffworldInvader\Intermediate\Build\Win64\UE4Editor\Development\OffworldInvader\UE4Editor-OffworldInvader-1250.suppressed.lib and object C:\Users\User\Desktop\TempFolder\GVE\Offworld JamProject\OffworldJam\OffworldInvader\GVEOffworld\OffworldInvader\Intermediate\Build\Win64\UE4Editor\Development\OffworldInvader\UE4Editor-OffworldInvader-1250.suppressed.exp
[2021.07.08-13.28.00:136][824]CompilerResultsLog:   [3/3] OffworldInvaderEditor.target
[2021.07.08-13.28.00:136][824]CompilerResultsLog: Total time in Parallel executor: 1.16 seconds
[2021.07.08-13.28.00:136][824]CompilerResultsLog: Total execution time: 2.14 seconds
[2021.07.08-13.28.00:136][824]LogMainFrame: MainFrame: Module compiling took 2.252 seconds
[2021.07.08-13.28.00:176][824]LogClass: SequencesStruct HotReload.
[2021.07.08-13.28.00:176][824]LogClass: SequenceStruct HotReload.
[2021.07.08-13.28.00:183][824]LogContentBrowser: Native class hierarchy updated for 'OffworldInvader' in 0.0005 seconds. Added 6 classes and 2 folders.
[2021.07.08-13.28.00:186][824]Display: HotReload successful (0 functions remapped  2 scriptstructs remapped)
[2021.07.08-13.28.00:272][824]LogContentBrowser: Native class hierarchy populated in 0.0095 seconds. Added 3433 classes and 823 folders.
[2021.07.08-13.28.00:272][824]Display: HotReload took  2.4s.
[2021.07.08-13.28.02:677][941]LogSavePackage: Moving '../../../../../../Users/User/Desktop/TempFolder/GVE/Offworld JamProject/OffworldJam/OffworldInvader/GVEOffworld/OffworldInvader/Saved/PathSequencerB614B9C14CE584D1AA0ED295625ED2FB.tmp' to '../../../../../../Users/User/Desktop/TempFolder/GVE/Offworld JamProject/OffworldJam/OffworldInvader/GVEOffworld/OffworldInvader/Content/Sequencers/PathSequencer.uasset'
[2021.07.08-13.28.02:695][941]AssetCheck: New page: Asset Save: PathSequencer
[2021.07.08-13.28.02:695][941]LogContentValidation: Display: Validating Blueprint /Game/Sequencers/PathSequencer.PathSequencer
[2021.07.08-13.28.03:317][978]LogAssetEditorSubsystem: Opening Asset editor for Blueprint /Game/Sequencers/PathSequencer.PathSequencer
[2021.07.08-13.30.37:831][586]LogHotReload: New module detected: UE4Editor-OffworldInvader-0018.dll
[2021.07.08-13.30.38:719][636]LogHotReload: Starting Hot-Reload from IDE
[2021.07.08-13.30.38:788][636]LogClass: Could not find existing class PathSequencer in package /Script/OffworldInvader for HotReload, assuming new class
[2021.07.08-13.30.38:795][636]LogClass: Could not find existing type MainStruct for HotReload. Assuming new
[2021.07.08-13.30.38:795][636]LogClass: SequenceStruct HotReload.
[2021.07.08-13.30.38:805][636]LogHotReload: Re-instancing PathSequencer after hot-reload.
[2021.07.08-13.30.38:806][636]LogClass: Warning: Property sequenceStruct of sequenceStruct has a struct type mismatch (tag SequencesStruct != prop MainStruct) in package:  FObjectReader. If that struct got renamed, add an entry to ActiveStructRedirects.
[2021.07.08-13.30.38:854][636]LogContentBrowser: Native class hierarchy updated for 'OffworldInvader' in 0.0005 seconds. Added 6 classes and 2 folders.
[2021.07.08-13.30.38:860][636]Display: HotReload successful (0 functions remapped  3 scriptstructs remapped)
[2021.07.08-13.30.38:984][636]LogContentBrowser: Native class hierarchy populated in 0.0111 seconds. Added 3433 classes and 823 folders.
[2021.07.08-13.30.38:988][636]Display: HotReload took  0.3s.
[2021.07.08-13.30.42:118][778]LogWorld: UWorld::CleanupWorld for World_1, bSessionEnded=true, bCleanupResources=true
[2021.07.08-13.30.42:118][778]LogSlate: InvalidateAllWidgets triggered.  All widgets were invalidated
[2021.07.08-13.30.44:049][885]Candidate modules for hot reload:
[2021.07.08-13.30.44:049][885]  OffworldInvader
[2021.07.08-13.30.44:049][885]Launching UnrealBuildTool... [C:/Program Files/Epic Games/UE_4.25/Engine/Binaries/DotNET/UnrealBuildTool.exe  -ModuleWithSuffix=OffworldInvader,4232 OffworldInvaderEditor Win64 Development -Project="C:/Users/User/Desktop/TempFolder/GVE/Offworld JamProject/OffworldJam/OffworldInvader/GVEOffworld/OffworldInvader/OffworldInvader.uproject" "C:/Users/User/Desktop/TempFolder/GVE/Offworld JamProject/OffworldJam/OffworldInvader/GVEOffworld/OffworldInvader/OffworldInvader.uproject"  -IgnoreJunk]
[2021.07.08-13.30.44:052][885]Warning: Starting HotReload took  0.0s.
[2021.07.08-13.30.45:402][937]LogUObjectHash: Compacting FUObjectHashTables data took   5.84ms
[2021.07.08-13.30.45:479][937]LogSavePackage: Moving '../../../../../../Users/User/Desktop/TempFolder/GVE/Offworld JamProject/OffworldJam/OffworldInvader/GVEOffworld/OffworldInvader/Saved/FlyingExampleMap2FD902814623D429F448C28F8C5DDDA3.tmp' to '../../../../../../Users/User/Desktop/TempFolder/GVE/Offworld JamProject/OffworldJam/OffworldInvader/GVEOffworld/OffworldInvader/Content/FlyingCPP/Maps/FlyingExampleMap.umap'
[2021.07.08-13.30.45:524][937]AssetCheck: New page: Asset Save: FlyingExampleMap
[2021.07.08-13.30.45:524][937]LogContentValidation: Display: Validating World /Game/FlyingCPP/Maps/FlyingExampleMap.FlyingExampleMap
[2021.07.08-13.30.46:281][975]CompilerResultsLog: New page: Compilation - 8 Jul 2021, 15:30:46
[2021.07.08-13.30.46:281][975]CompilerResultsLog: Using 'git status' to determine working set for adaptive non-unity build (C:\Users\User\Desktop\TempFolder\GVE\Offworld JamProject\OffworldJam\OffworldInvader\GVEOffworld).
[2021.07.08-13.30.46:281][975]CompilerResultsLog: Building OffworldInvaderEditor...
[2021.07.08-13.30.46:281][975]CompilerResultsLog: Using Visual Studio 2019 14.28.29336 toolchain (C:\Program Files (x86)\Microsoft Visual Studio\2019\Community\VC\Tools\MSVC\14.28.29333) and Windows 10.0.18362.0 SDK (C:\Program Files (x86)\Windows Kits\10).
[2021.07.08-13.30.46:281][975]CompilerResultsLog: Building 3 actions with 8 processes...
[2021.07.08-13.30.46:281][975]CompilerResultsLog:   [1/3] UE4Editor-OffworldInvader-4232.lib
[2021.07.08-13.30.46:281][975]CompilerResultsLog:      Creating library C:\Users\User\Desktop\TempFolder\GVE\Offworld JamProject\OffworldJam\OffworldInvader\GVEOffworld\OffworldInvader\Intermediate\Build\Win64\UE4Editor\Development\OffworldInvader\UE4Editor-OffworldInvader-4232.lib and object C:\Users\User\Desktop\TempFolder\GVE\Offworld JamProject\OffworldJam\OffworldInvader\GVEOffworld\OffworldInvader\Intermediate\Build\Win64\UE4Editor\Development\OffworldInvader\UE4Editor-OffworldInvader-4232.exp
[2021.07.08-13.30.46:281][975]CompilerResultsLog:   [2/3] UE4Editor-OffworldInvader-4232.dll
[2021.07.08-13.30.46:281][975]CompilerResultsLog:      Creating library C:\Users\User\Desktop\TempFolder\GVE\Offworld JamProject\OffworldJam\OffworldInvader\GVEOffworld\OffworldInvader\Intermediate\Build\Win64\UE4Editor\Development\OffworldInvader\UE4Editor-OffworldInvader-4232.suppressed.lib and object C:\Users\User\Desktop\TempFolder\GVE\Offworld JamProject\OffworldJam\OffworldInvader\GVEOffworld\OffworldInvader\Intermediate\Build\Win64\UE4Editor\Development\OffworldInvader\UE4Editor-OffworldInvader-4232.suppressed.exp
[2021.07.08-13.30.46:281][975]CompilerResultsLog:   [3/3] OffworldInvaderEditor.target
[2021.07.08-13.30.46:281][975]CompilerResultsLog: Total time in Parallel executor: 1.15 seconds
[2021.07.08-13.30.46:282][975]CompilerResultsLog: Total execution time: 2.14 seconds
[2021.07.08-13.30.46:282][975]LogMainFrame: MainFrame: Module compiling took 2.238 seconds
[2021.07.08-13.30.46:319][975]LogClass: MainStruct HotReload.
[2021.07.08-13.30.46:319][975]LogClass: SequenceStruct HotReload.
[2021.07.08-13.30.46:326][975]LogContentBrowser: Native class hierarchy updated for 'OffworldInvader' in 0.0006 seconds. Added 6 classes and 2 folders.
[2021.07.08-13.30.46:331][975]Display: HotReload successful (0 functions remapped  3 scriptstructs remapped)
[2021.07.08-13.30.46:417][975]LogContentBrowser: Native class hierarchy populated in 0.0094 seconds. Added 3433 classes and 823 folders.
[2021.07.08-13.30.46:417][975]Display: HotReload took  2.4s.
[2021.07.08-13.30.50:494][191]LogSavePackage: Moving '../../../../../../Users/User/Desktop/TempFolder/GVE/Offworld JamProject/OffworldJam/OffworldInvader/GVEOffworld/OffworldInvader/Saved/PathSequencerF87CFF614BEC8D87B074B99813298D2F.tmp' to '../../../../../../Users/User/Desktop/TempFolder/GVE/Offworld JamProject/OffworldJam/OffworldInvader/GVEOffworld/OffworldInvader/Content/Sequencers/PathSequencer.uasset'
[2021.07.08-13.30.50:509][191]AssetCheck: New page: Asset Save: PathSequencer
[2021.07.08-13.30.50:509][191]LogContentValidation: Display: Validating Blueprint /Game/Sequencers/PathSequencer.PathSequencer
[2021.07.08-13.30.51:700][261]LogAssetEditorSubsystem: Opening Asset editor for Blueprint /Game/Sequencers/PathSequencer.PathSequencer
[2021.07.08-13.31.10:980][137]LogTemp: Resetting audio stream to device id 
[2021.07.08-13.31.11:010][137]LogAudioMixer: Display: 0: FrontLeft
[2021.07.08-13.31.11:010][137]LogAudioMixer: Display: 1: FrontRight
[2021.07.08-13.31.13:175][144]LogAudioMixer: Display: Audio Buffer Underrun detected.
[2021.07.08-13.35.19:842][155]LogTemp: Resetting audio stream to device id 
[2021.07.08-13.35.20:480][155]LogD3D11RHI: Timed out while waiting for GPU to catch up. (500 ms)
[2021.07.08-13.35.20:480][155]LogAudioMixer: Display: 0: FrontLeft
[2021.07.08-13.35.20:480][155]LogAudioMixer: Display: 1: FrontRight
[2021.07.08-13.35.21:205][156]LogHttp: Warning: 000001C32F498100: invalid HTTP response code received. URL: https://datarouter.ol.epicgames.com/datarouter/api/v1/public/data?SessionID=%7B709F0E53-46D7-0947-D71C-F79D60857B1D%7D&AppID=UEEditor.Rocket.Release&AppVersion=4.25.4-14469661%2B%2B%2BUE4%2BRelease-4.25&UserID=142d202f4b5770855791d1b051169f03%7Ced7a3a59b4454b0890177a5c2b24cf86%7C669696d8-80f3-4a38-9c94-9954f94234b4&AppEnvironment=datacollector-source&UploadType=eteventstream, HTTP code: 0, content length: 0, actual payload size: 0
[2021.07.08-13.35.21:205][156]LogHttp: Warning: 000001C32F498100: request failed, libcurl error: 56 (Failure when receiving data from the peer)
[2021.07.08-13.35.21:205][156]LogHttp: Warning: 000001C32F498100: libcurl info message cache 0 (Found bundle for host datarouter.ol.epicgames.com: 0x1c34eb17f70 [can pipeline])
[2021.07.08-13.35.21:205][156]LogHttp: Warning: 000001C32F498100: libcurl info message cache 1 (Re-using existing connection! (#6) with host datarouter.ol.epicgames.com)
[2021.07.08-13.35.21:205][156]LogHttp: Warning: 000001C32F498100: libcurl info message cache 2 (Connected to datarouter.ol.epicgames.com (107.23.100.63) port 443 (#6))
[2021.07.08-13.35.21:205][156]LogHttp: Warning: 000001C32F498100: libcurl info message cache 3 (We are completely uploaded and fine)
[2021.07.08-13.35.21:205][156]LogHttp: Warning: 000001C32F498100: libcurl info message cache 4 (OpenSSL SSL_read: SSL_ERROR_SYSCALL, errno 10054)
[2021.07.08-13.35.21:205][156]LogHttp: Warning: 000001C32F498100: libcurl info message cache 5 (Connection died, retrying a fresh connect)
[2021.07.08-13.35.21:205][156]LogHttp: Warning: 000001C32F498100: libcurl info message cache 6 (necessary data rewind wasn't possible)
[2021.07.08-13.35.21:205][156]LogHttp: Warning: 000001C32F498100: libcurl info message cache 7 (Closing connection 6)
[2021.07.08-13.35.21:206][156]LogHttp: Warning: Retry exhausted on https://datarouter.ol.epicgames.com/datarouter/api/v1/public/data?SessionID=%7B709F0E53-46D7-0947-D71C-F79D60857B1D%7D&AppID=UEEditor.Rocket.Release&AppVersion=4.25.4-14469661%2B%2B%2BUE4%2BRelease-4.25&UserID=142d202f4b5770855791d1b051169f03%7Ced7a3a59b4454b0890177a5c2b24cf86%7C669696d8-80f3-4a38-9c94-9954f94234b4&AppEnvironment=datacollector-source&UploadType=eteventstream
[2021.07.08-13.35.21:216][156]LogTemp: Resetting audio stream to device id 
[2021.07.08-13.35.21:275][156]LogAudioMixer: Display: 0: FrontLeft
[2021.07.08-13.35.21:275][156]LogAudioMixer: Display: 1: FrontRight
[2021.07.08-13.36.39:050][882]BlueprintLog: New page: Compile PathSequencer
[2021.07.08-13.36.39:178][882]LogUObjectHash: Compacting FUObjectHashTables data took   4.30ms
[2021.07.08-13.36.39:797][917]LogSavePackage: Moving '../../../../../../Users/User/Desktop/TempFolder/GVE/Offworld JamProject/OffworldJam/OffworldInvader/GVEOffworld/OffworldInvader/Saved/PathSequencer9B1AA44C40D6F1D5EC4E5BB117796575.tmp' to '../../../../../../Users/User/Desktop/TempFolder/GVE/Offworld JamProject/OffworldJam/OffworldInvader/GVEOffworld/OffworldInvader/Content/Sequencers/PathSequencer.uasset'
[2021.07.08-13.36.39:810][917]AssetCheck: New page: Asset Save: PathSequencer
[2021.07.08-13.36.39:810][917]LogContentValidation: Display: Validating Blueprint /Game/Sequencers/PathSequencer.PathSequencer
[2021.07.08-13.40.45:629][799]LogUObjectHash: Compacting FUObjectHashTables data took  10.53ms
[2021.07.08-13.40.45:865][799]LogSavePackage: Moving '../../../../../../Users/User/Desktop/TempFolder/GVE/Offworld JamProject/OffworldJam/OffworldInvader/GVEOffworld/OffworldInvader/Saved/FlyingExampleMap_Auto231C41D0A4BA84CC071875881B54B80D9.tmp' to '../../../../../../Users/User/Desktop/TempFolder/GVE/Offworld JamProject/OffworldJam/OffworldInvader/GVEOffworld/OffworldInvader/Saved/Autosaves/Game/FlyingCPP/Maps/FlyingExampleMap_Auto2.umap'
[2021.07.08-13.40.45:874][799]LogFileHelpers: Editor autosave (incl. sublevels) for '/Game/FlyingCPP/Maps/FlyingExampleMap' took 0.319
[2021.07.08-13.40.45:874][799]LogFileHelpers: Editor autosave (incl. sublevels) for all levels took 0.319
[2021.07.08-13.53.18:232][121]LogAudioMixer: Display: Audio Buffer Underrun detected.
[2021.07.08-13.53.21:258][130]LogAudioMixer: Display: Audio Buffer Underrun detected.
[2021.07.08-13.53.21:258][130]LogAudioMixer: Display: Audio Buffer Underrun detected.
[2021.07.08-13.53.30:285][157]LogAudioMixer: Display: Audio Buffer Underrun detected.
[2021.07.08-13.54.19:647][304]LogAudioMixer: Display: Audio Buffer Underrun detected.
[2021.07.08-13.54.37:732][358]LogAudioMixer: Display: Audio Buffer Underrun detected.
[2021.07.08-13.55.02:215][431]LogAudioMixer: Display: Audio Buffer Underrun detected.
[2021.07.08-13.55.02:547][432]LogAudioMixer: Display: Audio Buffer Underrun detected.
[2021.07.08-13.55.22:971][492]LogAudioMixer: Display: Audio Buffer Underrun detected.
[2021.07.08-13.55.37:721][535]LogHotReload: New module detected: UE4Editor-OffworldInvader-0020.dll
[2021.07.08-13.55.39:106][540]LogHotReload: Starting Hot-Reload from IDE
[2021.07.08-13.55.39:251][540]LogClass: Could not find existing class PathSequencer in package /Script/OffworldInvader for HotReload, assuming new class
[2021.07.08-13.55.39:260][540]LogClass: MainStruct HotReload.
[2021.07.08-13.55.39:281][540]LogHotReload: Re-instancing PathSequencer after hot-reload.
[2021.07.08-13.55.39:370][540]LogContentBrowser: Native class hierarchy updated for 'OffworldInvader' in 0.0008 seconds. Added 6 classes and 2 folders.
[2021.07.08-13.55.39:374][540]Display: HotReload successful (0 functions remapped  3 scriptstructs remapped)
[2021.07.08-13.55.39:488][540]LogContentBrowser: Native class hierarchy populated in 0.0154 seconds. Added 3433 classes and 823 folders.
[2021.07.08-13.55.39:492][540]Display: HotReload took  0.4s.
[2021.07.08-13.56.32:644][477]LogUObjectHash: Compacting FUObjectHashTables data took   4.24ms
[2021.07.08-13.56.32:723][477]LogSavePackage: Moving '../../../../../../Users/User/Desktop/TempFolder/GVE/Offworld JamProject/OffworldJam/OffworldInvader/GVEOffworld/OffworldInvader/Saved/FlyingExampleMap05FDB6D94335D679BBCFEA80A84699F2.tmp' to '../../../../../../Users/User/Desktop/TempFolder/GVE/Offworld JamProject/OffworldJam/OffworldInvader/GVEOffworld/OffworldInvader/Content/FlyingCPP/Maps/FlyingExampleMap.umap'
[2021.07.08-13.56.32:763][477]AssetCheck: New page: Asset Save: FlyingExampleMap
[2021.07.08-13.56.32:763][477]LogContentValidation: Display: Validating World /Game/FlyingCPP/Maps/FlyingExampleMap.FlyingExampleMap
[2021.07.08-13.56.40:397][923]LogEditorViewport: Clicking on Actor (LMB): OffworldInvaderPawn (TP_FlyingPawn)
[2021.07.08-13.56.41:201][967]LogSlate: Took 0.000214 seconds to synchronously load lazily loaded font '../../../Engine/Content/Slate/Fonts/Roboto-Italic.ttf' (157K)
[2021.07.08-13.56.55:668][789]Cmd: TRANSACTION UNDO
[2021.07.08-13.56.55:668][789]LogEditorTransaction: Undo Move Actors
[2021.07.08-13.56.57:032][839]Cmd: TRANSACTION REDO
[2021.07.08-13.56.57:032][839]LogEditorTransaction: Redo Move Actors
[2021.07.08-13.56.57:816][884]Cmd: TRANSACTION UNDO
[2021.07.08-13.56.57:816][884]LogEditorTransaction: Undo Move Actors
[2021.07.08-13.57.22:274][265]Cmd: TRANSACTION UNDO
[2021.07.08-13.57.22:274][265]LogEditorTransaction: Undo Move Actors
[2021.07.08-13.57.29:655][644]Cmd: TRANSACTION UNDO
[2021.07.08-13.57.29:655][644]LogEditorTransaction: Undo Move Actors
[2021.07.08-13.58.29:202][748]Cmd: TRANSACTION UNDO
[2021.07.08-13.58.29:203][748]LogEditorTransaction: Undo Move Actors
[2021.07.08-13.58.43:637][558]Cmd: TRANSACTION UNDO
[2021.07.08-13.58.43:637][558]LogEditorTransaction: Undo Move Actors
[2021.07.08-13.59.27:829][852]Cmd: TRANSACTION UNDO
[2021.07.08-13.59.27:830][852]LogEditorTransaction: Undo Move Actors
[2021.07.08-14.00.49:754][279]LogTemp: Repeating last play command: New Editor Window (PIE)
[2021.07.08-14.00.49:773][279]LogPlayLevel: PlayLevel: No blueprints needed recompiling
[2021.07.08-14.00.49:774][279]PIE: New page: PIE session: FlyingExampleMap (8 Jul 2021, 16:00:49)
[2021.07.08-14.00.49:776][279]LogOnline: OSS: Creating online subsystem instance for: NULL
[2021.07.08-14.00.49:777][279]LogOnline: OSS: TryLoadSubsystemAndSetDefault: Loaded subsystem for module [NULL]
[2021.07.08-14.00.49:778][279]LogPlayLevel: Creating play world package: /Game/FlyingCPP/Maps/UEDPIE_0_FlyingExampleMap
[2021.07.08-14.00.53:143][279]LogWindows: Error: === Critical error: ===
[2021.07.08-14.00.53:143][279]LogWindows: Error: 
[2021.07.08-14.00.53:143][279]LogWindows: Error: Fatal error!
[2021.07.08-14.00.53:143][279]LogWindows: Error: 
[2021.07.08-14.00.53:143][279]LogWindows: Error: Unhandled Exception: EXCEPTION_ACCESS_VIOLATION reading address 0x00000003
[2021.07.08-14.00.53:143][279]LogWindows: Error: 
[2021.07.08-14.00.53:143][279]LogWindows: Error: [Callstack] 0x00007ff97c1912de VCRUNTIME140.dll!UnknownFunction []
[2021.07.08-14.00.53:143][279]LogWindows: Error: [Callstack] 0x00007ff940575d49 UE4Editor-OffworldInvader-0020.dll!UnknownFunction [C:\Program Files\Epic Games\UE_4.25\Engine\Source\Runtime\CoreUObject\Public\UObject\Class.h:1300]
[2021.07.08-14.00.53:143][279]LogWindows: Error: [Callstack] 0x00007ff96f26b402 UE4Editor-CoreUObject.dll!UnknownFunction []
[2021.07.08-14.00.53:143][279]LogWindows: Error: [Callstack] 0x00007ff96f4e9a9e UE4Editor-CoreUObject.dll!UnknownFunction []
[2021.07.08-14.00.53:143][279]LogWindows: Error: [Callstack] 0x00007ff96f4f1c3f UE4Editor-CoreUObject.dll!UnknownFunction []
[2021.07.08-14.00.53:143][279]LogWindows: Error: [Callstack] 0x00007ff96f4c6dec UE4Editor-CoreUObject.dll!UnknownFunction []
[2021.07.08-14.00.53:143][279]LogWindows: Error: [Callstack] 0x00007ff96f5101da UE4Editor-CoreUObject.dll!UnknownFunction []
[2021.07.08-14.00.53:144][279]LogWindows: Error: [Callstack] 0x00007ff96f2297ae UE4Editor-CoreUObject.dll!UnknownFunction []
[2021.07.08-14.00.53:144][279]LogWindows: Error: [Callstack] 0x00007ff96f20bf21 UE4Editor-CoreUObject.dll!UnknownFunction []
[2021.07.08-14.00.53:144][279]LogWindows: Error: [Callstack] 0x00007ff96cd53aad UE4Editor-Engine.dll!UnknownFunction []
[2021.07.08-14.00.53:144][279]LogWindows: Error: [Callstack] 0x00007ff96cd9ebda UE4Editor-Engine.dll!UnknownFunction []
[2021.07.08-14.00.53:144][279]LogWindows: Error: [Callstack] 0x00007ff96f511272 UE4Editor-CoreUObject.dll!UnknownFunction []
[2021.07.08-14.00.53:144][279]LogWindows: Error: [Callstack] 0x00007ff96f51086f UE4Editor-CoreUObject.dll!UnknownFunction []
[2021.07.08-14.00.53:144][279]LogWindows: Error: [Callstack] 0x00007ff96aa16ccc UE4Editor-UnrealEd.dll!UnknownFunction []
[2021.07.08-14.00.53:144][279]LogWindows: Error: [Callstack] 0x00007ff96cbdae1f UE4Editor-Engine.dll!UnknownFunction []
[2021.07.08-14.00.53:144][279]LogWindows: Error: [Callstack] 0x00007ff96aa14c5b UE4Editor-UnrealEd.dll!UnknownFunction []
[2021.07.08-14.00.53:145][279]LogWindows: Error: [Callstack] 0x00007ff96aa3682c UE4Editor-UnrealEd.dll!UnknownFunction []
[2021.07.08-14.00.53:145][279]LogWindows: Error: [Callstack] 0x00007ff96aa16899 UE4Editor-UnrealEd.dll!UnknownFunction []
[2021.07.08-14.00.53:145][279]LogWindows: Error: [Callstack] 0x00007ff96aa523da UE4Editor-UnrealEd.dll!UnknownFunction []
[2021.07.08-14.00.53:145][279]LogWindows: Error: [Callstack] 0x00007ff96aa5569d UE4Editor-UnrealEd.dll!UnknownFunction []
[2021.07.08-14.00.53:145][279]LogWindows: Error: [Callstack] 0x00007ff96aa55078 UE4Editor-UnrealEd.dll!UnknownFunction []
[2021.07.08-14.00.53:145][279]LogWindows: Error: [Callstack] 0x00007ff96a4da854 UE4Editor-UnrealEd.dll!UnknownFunction []
[2021.07.08-14.00.53:145][279]LogWindows: Error: [Callstack] 0x00007ff96adb37e6 UE4Editor-UnrealEd.dll!UnknownFunction []
[2021.07.08-14.00.53:145][279]LogWindows: Error: [Callstack] 0x00007ff6f6057800 UE4Editor.exe!UnknownFunction []
[2021.07.08-14.00.53:145][279]LogWindows: Error: [Callstack] 0x00007ff6f606ba7c UE4Editor.exe!UnknownFunction []
[2021.07.08-14.00.53:145][279]LogWindows: Error: [Callstack] 0x00007ff6f606bb5a UE4Editor.exe!UnknownFunction []
[2021.07.08-14.00.53:145][279]LogWindows: Error: [Callstack] 0x00007ff6f607e31d UE4Editor.exe!UnknownFunction []
[2021.07.08-14.00.53:145][279]LogWindows: Error: [Callstack] 0x00007ff6f608145a UE4Editor.exe!UnknownFunction []
[2021.07.08-14.00.53:145][279]LogWindows: Error: [Callstack] 0x00007ff9c2be7034 KERNEL32.DLL!UnknownFunction []
[2021.07.08-14.00.53:145][279]LogWindows: Error: [Callstack] 0x00007ff9c43a2651 ntdll.dll!UnknownFunction []
[2021.07.08-14.00.53:146][279]LogWindows: Error: 
[2021.07.08-14.00.53:174][279]LogExit: Executing StaticShutdownAfterError
[2021.07.08-14.00.53:193][279]LogWindows: FPlatformMisc::RequestExit(1)
[2021.07.08-14.00.53:193][279]LogCore: Engine exit requested (reason: Win RequestExit)
[2021.07.08-14.00.53:200][279]Log file closed, 07/08/21 15:00:53
