Log file open, 07/07/21 15:24:20
LogInit: Display: Running engine for game: OffworldInvader
LogPlatformFile: Not using cached read wrapper
LogTaskGraph: Started task graph with 5 named threads and 23 total threads with 3 sets of task threads.
LogStats: Stats thread started at 0.212531
LogD3D11RHI: Loaded GFSDK_Aftermath_Lib.x64.dll
LogICUInternationalization: ICU TimeZone Detection - Raw Offset: +0:00, Platform Override: ''
LogPluginManager: Mounting plugin Paper2D
LogPluginManager: Mounting plugin AISupport
LogPluginManager: Mounting plugin LightPropagationVolume
LogPluginManager: Mounting plugin CameraShakePreviewer
LogPluginManager: Mounting plugin ActorLayerUtilities
LogPluginManager: Mounting plugin AnimationSharing
LogPluginManager: Mounting plugin CLionSourceCodeAccess
LogPluginManager: Mounting plugin CodeLiteSourceCodeAccess
LogPluginManager: Mounting plugin GitSourceControl
LogPluginManager: Mounting plugin KDevelopSourceCodeAccess
LogPluginManager: Mounting plugin NullSourceCodeAccess
LogPluginManager: Mounting plugin PerforceSourceControl
LogPluginManager: Mounting plugin PlasticSourceControl
LogPluginManager: Mounting plugin RiderLink
LogPluginManager: Mounting plugin RiderSourceCodeAccess
LogPluginManager: Mounting plugin SubversionSourceControl
LogPluginManager: Mounting plugin UObjectPlugin
LogPluginManager: Mounting plugin VisualStudioCodeSourceCodeAccess
LogPluginManager: Mounting plugin VisualStudioSourceCodeAccess
LogPluginManager: Mounting plugin XCodeSourceCodeAccess
LogPluginManager: Mounting plugin AssetManagerEditor
LogPluginManager: Mounting plugin CryptoKeys
LogPluginManager: Mounting plugin CurveEditorTools
LogPluginManager: Mounting plugin DataValidation
LogPluginManager: Mounting plugin EditorScriptingUtilities
LogPluginManager: Mounting plugin FacialAnimation
LogPluginManager: Mounting plugin GameplayTagsEditor
LogPluginManager: Mounting plugin GeometryMode
LogPluginManager: Mounting plugin MacGraphicsSwitching
LogPluginManager: Mounting plugin MaterialAnalyzer
LogPluginManager: Mounting plugin MobileLauncherProfileWizard
LogPluginManager: Mounting plugin PluginBrowser
LogPluginManager: Mounting plugin SpeedTreeImporter
LogPluginManager: Mounting plugin DatasmithContent
LogPluginManager: Mounting plugin VariantManagerContent
LogPluginManager: Mounting plugin AlembicImporter
LogPluginManager: Mounting plugin AutomationUtils
LogPluginManager: Mounting plugin BackChannel
LogPluginManager: Mounting plugin ChaosCloth
LogPluginManager: Mounting plugin ChaosClothEditor
LogPluginManager: Mounting plugin ChaosEditor
LogPluginManager: Mounting plugin ChaosNiagara
LogPluginManager: Mounting plugin ChaosSolverPlugin
LogPluginManager: Mounting plugin CharacterAI
LogPluginManager: Mounting plugin GeometryCache
LogPluginManager: Mounting plugin GeometryCollectionPlugin
LogPluginManager: Mounting plugin GeometryProcessing
LogPluginManager: Mounting plugin PlanarCut
LogPluginManager: Mounting plugin PlatformCrypto
LogPluginManager: Mounting plugin ProxyLODPlugin
LogPluginManager: Mounting plugin SkeletalReduction
LogPluginManager: Mounting plugin Niagara
LogPluginManager: Mounting plugin MagicLeap
LogPluginManager: Mounting plugin MagicLeapLightEstimation
LogPluginManager: Mounting plugin MagicLeapMedia
LogPluginManager: Mounting plugin MagicLeapPassableWorld
LogPluginManager: Mounting plugin MLSDK
LogPluginManager: Mounting plugin AndroidMedia
LogPluginManager: Mounting plugin AvfMedia
LogPluginManager: Mounting plugin ImgMedia
LogPluginManager: Mounting plugin MediaCompositing
LogPluginManager: Mounting plugin MediaPlayerEditor
LogPluginManager: Mounting plugin WebMMedia
LogPluginManager: Mounting plugin WmfMedia
LogPluginManager: Mounting plugin MeshPainting
LogPluginManager: Mounting plugin TcpMessaging
LogPluginManager: Mounting plugin UdpMessaging
LogPluginManager: Mounting plugin ActorSequence
LogPluginManager: Mounting plugin LevelSequenceEditor
LogPluginManager: Mounting plugin MatineeToLevelSequence
LogPluginManager: Mounting plugin MovieRenderPipeline
LogPluginManager: Mounting plugin TemplateSequence
LogPluginManager: Mounting plugin NetcodeUnitTest
LogPluginManager: Mounting plugin NUTUnrealEngine4
LogPluginManager: Mounting plugin OnlineSubsystemGooglePlay
LogPluginManager: Mounting plugin OnlineSubsystemIOS
LogPluginManager: Mounting plugin OnlineSubsystem
LogPluginManager: Mounting plugin OnlineSubsystemNull
LogPluginManager: Mounting plugin OnlineSubsystemUtils
LogPluginManager: Mounting plugin LauncherChunkInstaller
LogPluginManager: Mounting plugin AndroidDeviceProfileSelector
LogPluginManager: Mounting plugin AndroidMoviePlayer
LogPluginManager: Mounting plugin AndroidPermission
LogPluginManager: Mounting plugin AppleImageUtils
LogPluginManager: Mounting plugin AppleMoviePlayer
LogPluginManager: Mounting plugin ArchVisCharacter
LogPluginManager: Mounting plugin AssetTags
LogPluginManager: Mounting plugin AudioCapture
LogPluginManager: Mounting plugin CableComponent
LogPluginManager: Mounting plugin CustomMeshComponent
LogPluginManager: Mounting plugin EditableMesh
LogPluginManager: Mounting plugin ExampleDeviceProfileSelector
LogPluginManager: Mounting plugin GoogleCloudMessaging
LogPluginManager: Mounting plugin GooglePAD
LogPluginManager: Mounting plugin IOSDeviceProfileSelector
LogPluginManager: Mounting plugin LinuxDeviceProfileSelector
LogPluginManager: Mounting plugin LocationServicesBPLibrary
LogPluginManager: Mounting plugin MobilePatchingUtils
LogPluginManager: Mounting plugin OculusVR
LogPluginManager: Mounting plugin PhysXVehicles
LogPluginManager: Mounting plugin PostSplashScreen
LogPluginManager: Mounting plugin ProceduralMeshComponent
LogPluginManager: Mounting plugin RuntimePhysXCooking
LogPluginManager: Mounting plugin SignificanceManager
LogPluginManager: Mounting plugin SoundFields
LogPluginManager: Mounting plugin SteamVR
LogPluginManager: Mounting plugin Synthesis
LogPluginManager: Mounting plugin WebMMoviePlayer
LogPluginManager: Mounting plugin WindowsMoviePlayer
LogPluginManager: Mounting plugin ScreenshotTools
LogInit: Using libcurl 7.55.1-DEV
LogInit:  - built for x86_64-pc-win32
LogInit:  - supports SSL with OpenSSL/1.1.1
LogInit:  - supports HTTP deflate (compression) using libz 1.2.8
LogInit:  - other features:
LogInit:      CURL_VERSION_SSL
LogInit:      CURL_VERSION_LIBZ
LogInit:      CURL_VERSION_IPV6
LogInit:      CURL_VERSION_ASYNCHDNS
LogInit:      CURL_VERSION_LARGEFILE
LogInit:      CURL_VERSION_IDN
LogInit:  CurlRequestOptions (configurable via config and command line):
LogInit:  - bVerifyPeer = true  - Libcurl will verify peer certificate
LogInit:  - bUseHttpProxy = false  - Libcurl will NOT use HTTP proxy
LogInit:  - bDontReuseConnections = false  - Libcurl will reuse connections
LogInit:  - MaxHostConnections = 16  - Libcurl will limit the number of connections to a host
LogInit:  - LocalHostAddr = Default
LogInit:  - BufferSize = 65536
LogOnline: OSS: Creating online subsystem instance for: NULL
LogInit: WinSock: version 1.1 (2.2), MaxSocks=32767, MaxUdp=65467
LogOnline: OSS: TryLoadSubsystemAndSetDefault: Loaded subsystem for module [NULL]
LogInit: Build: ++UE4+Release-4.25-CL-14469661
LogInit: Engine Version: 4.25.4-14469661+++UE4+Release-4.25
LogInit: Compatible Engine Version: 4.25.0-13144385+++UE4+Release-4.25
LogInit: Net CL: 13144385
LogInit: OS: Windows 10 (Release 2004) (), CPU: Intel(R) Core(TM) i7-7700HQ CPU @ 2.80GHz, GPU: Intel(R) HD Graphics 630
LogInit: Compiled (64-bit): Oct 11 2020 08:10:49
LogInit: Compiled with Visual C++: 19.24.28315.00
LogInit: Build Configuration: Development
LogInit: Branch Name: ++UE4+Release-4.25
LogInit: Command Line: 
LogInit: Base Directory: C:/Program Files/Epic Games/UE_4.25/Engine/Binaries/Win64/
LogInit: Allocator: TBB
LogInit: Installed Engine Build: 1
LogDevObjectVersion: Number of dev versions registered: 26
LogDevObjectVersion:   Dev-Blueprints (B0D832E4-1F89-4F0D-ACCF-7EB736FD4AA2): 10
LogDevObjectVersion:   Dev-Build (E1C64328-A22C-4D53-A36C-8E866417BD8C): 0
LogDevObjectVersion:   Dev-Core (375EC13C-06E4-48FB-B500-84F0262A717E): 4
LogDevObjectVersion:   Dev-Editor (E4B068ED-F494-42E9-A231-DA0B2E46BB41): 38
LogDevObjectVersion:   Dev-Framework (CFFC743F-43B0-4480-9391-14DF171D2073): 37
LogDevObjectVersion:   Dev-Mobile (B02B49B5-BB20-44E9-A304-32B752E40360): 2
LogDevObjectVersion:   Dev-Networking (A4E4105C-59A1-49B5-A7C5-40C4547EDFEE): 0
LogDevObjectVersion:   Dev-Online (39C831C9-5AE6-47DC-9A44-9C173E1C8E7C): 0
LogDevObjectVersion:   Dev-Physics (78F01B33-EBEA-4F98-B9B4-84EACCB95AA2): 4
LogDevObjectVersion:   Dev-Platform (6631380F-2D4D-43E0-8009-CF276956A95A): 0
LogDevObjectVersion:   Dev-Rendering (12F88B9F-8875-4AFC-A67C-D90C383ABD29): 43
LogDevObjectVersion:   Dev-Sequencer (7B5AE74C-D270-4C10-A958-57980B212A5A): 12
LogDevObjectVersion:   Dev-VR (D7296918-1DD6-4BDD-9DE2-64A83CC13884): 3
LogDevObjectVersion:   Dev-LoadTimes (C2A15278-BFE7-4AFE-6C17-90FF531DF755): 1
LogDevObjectVersion:   Private-Geometry (6EACA3D4-40EC-4CC1-B786-8BED09428FC5): 3
LogDevObjectVersion:   Dev-AnimPhys (29E575DD-E0A3-4627-9D10-D276232CDCEA): 17
LogDevObjectVersion:   Dev-Anim (AF43A65D-7FD3-4947-9873-3E8ED9C1BB05): 7
LogDevObjectVersion:   Dev-ReflectionCapture (6B266CEC-1EC7-4B8F-A30B-E4D90942FC07): 1
LogDevObjectVersion:   Dev-Automation (0DF73D61-A23F-47EA-B727-89E90C41499A): 1
LogDevObjectVersion:   FortniteMain (601D1886-AC64-4F84-AA16-D3DE0DEAC7D6): 31
LogDevObjectVersion:   Dev-Enterprise (9DFFBCD6-494F-0158-E221-12823C92A888): 10
LogDevObjectVersion:   Dev-Niagara (F2AED0AC-9AFE-416F-8664-AA7FFA26D6FC): 1
LogDevObjectVersion:   Dev-Destruction (174F1F0B-B4C6-45A5-B13F-2EE8D0FB917D): 10
LogDevObjectVersion:   Dev-Physics-Ext (35F94A83-E258-406C-A318-09F59610247C): 37
LogDevObjectVersion:   Dev-PhysicsMaterial-Chaos (B68FC16E-8B1B-42E2-B453-215C058844FE): 1
LogDevObjectVersion:   Dev-CineCamera (B2E18506-4273-CFC2-A54E-F4BB758BBA07): 1
LogInit: Presizing for max 25165824 objects, including 0 objects not considered by GC, pre-allocating 0 bytes for permanent pool.
LogConfig: Applying CVar settings from Section [/Script/Engine.StreamingSettings] File [C:/Users/User/Desktop/TempFolder/GVE/Offworld JamProject/OffworldJam/OffworldInvader/GVEOffworld/OffworldInvader/Saved/Config/Windows/Engine.ini]
LogConfig: Setting CVar [[s.MinBulkDataSizeForAsyncLoading:131072]]
LogConfig: Setting CVar [[s.AsyncLoadingThreadEnabled:0]]
LogConfig: Setting CVar [[s.EventDrivenLoaderEnabled:1]]
LogConfig: Setting CVar [[s.WarnIfTimeLimitExceeded:0]]
LogConfig: Setting CVar [[s.TimeLimitExceededMultiplier:1.5]]
LogConfig: Setting CVar [[s.TimeLimitExceededMinTime:0.005]]
LogConfig: Setting CVar [[s.UseBackgroundLevelStreaming:1]]
LogConfig: Setting CVar [[s.PriorityAsyncLoadingExtraTime:15.0]]
LogConfig: Setting CVar [[s.LevelStreamingActorsUpdateTimeLimit:5.0]]
LogConfig: Setting CVar [[s.PriorityLevelStreamingActorsUpdateExtraTime:5.0]]
LogConfig: Setting CVar [[s.LevelStreamingComponentsRegistrationGranularity:10]]
LogConfig: Setting CVar [[s.UnregisterComponentsTimeLimit:1.0]]
LogConfig: Setting CVar [[s.LevelStreamingComponentsUnregistrationGranularity:5]]
LogConfig: Setting CVar [[s.FlushStreamingOnExit:1]]
LogInit: Object subsystem initialized
LogConfig: Setting CVar [[con.DebugEarlyDefault:1]]
LogConfig: Setting CVar [[r.setres:1280x720]]
[2021.07.07-14.24.20:983][  0]LogConfig: Setting CVar [[r.VSync:0]]
[2021.07.07-14.24.20:983][  0]LogConfig: Setting CVar [[r.RHICmdBypass:0]]
[2021.07.07-14.24.20:983][  0]LogConfig: Applying CVar settings from Section [/Script/Engine.RendererSettings] File [C:/Users/User/Desktop/TempFolder/GVE/Offworld JamProject/OffworldJam/OffworldInvader/GVEOffworld/OffworldInvader/Saved/Config/Windows/Engine.ini]
[2021.07.07-14.24.20:983][  0]LogConfig: Setting CVar [[r.GPUCrashDebugging:0]]
[2021.07.07-14.24.20:983][  0]LogConfig: Applying CVar settings from Section [/Script/Engine.RendererOverrideSettings] File [C:/Users/User/Desktop/TempFolder/GVE/Offworld JamProject/OffworldJam/OffworldInvader/GVEOffworld/OffworldInvader/Saved/Config/Windows/Engine.ini]
[2021.07.07-14.24.20:983][  0]LogConfig: Applying CVar settings from Section [/Script/Engine.StreamingSettings] File [C:/Users/User/Desktop/TempFolder/GVE/Offworld JamProject/OffworldJam/OffworldInvader/GVEOffworld/OffworldInvader/Saved/Config/Windows/Engine.ini]
[2021.07.07-14.24.20:983][  0]LogConfig: Setting CVar [[s.MinBulkDataSizeForAsyncLoading:131072]]
[2021.07.07-14.24.20:983][  0]LogConfig: Setting CVar [[s.AsyncLoadingThreadEnabled:0]]
[2021.07.07-14.24.20:983][  0]LogConfig: Setting CVar [[s.EventDrivenLoaderEnabled:1]]
[2021.07.07-14.24.20:983][  0]LogConfig: Setting CVar [[s.WarnIfTimeLimitExceeded:0]]
[2021.07.07-14.24.20:983][  0]LogConfig: Setting CVar [[s.TimeLimitExceededMultiplier:1.5]]
[2021.07.07-14.24.20:983][  0]LogConfig: Setting CVar [[s.TimeLimitExceededMinTime:0.005]]
[2021.07.07-14.24.20:983][  0]LogConfig: Setting CVar [[s.UseBackgroundLevelStreaming:1]]
[2021.07.07-14.24.20:983][  0]LogConfig: Setting CVar [[s.PriorityAsyncLoadingExtraTime:15.0]]
[2021.07.07-14.24.20:983][  0]LogConfig: Setting CVar [[s.LevelStreamingActorsUpdateTimeLimit:5.0]]
[2021.07.07-14.24.20:983][  0]LogConfig: Setting CVar [[s.PriorityLevelStreamingActorsUpdateExtraTime:5.0]]
[2021.07.07-14.24.20:983][  0]LogConfig: Setting CVar [[s.LevelStreamingComponentsRegistrationGranularity:10]]
[2021.07.07-14.24.20:983][  0]LogConfig: Setting CVar [[s.UnregisterComponentsTimeLimit:1.0]]
[2021.07.07-14.24.20:983][  0]LogConfig: Setting CVar [[s.LevelStreamingComponentsUnregistrationGranularity:5]]
[2021.07.07-14.24.20:983][  0]LogConfig: Setting CVar [[s.FlushStreamingOnExit:1]]
[2021.07.07-14.24.20:983][  0]LogConfig: Applying CVar settings from Section [/Script/Engine.GarbageCollectionSettings] File [C:/Users/User/Desktop/TempFolder/GVE/Offworld JamProject/OffworldJam/OffworldInvader/GVEOffworld/OffworldInvader/Saved/Config/Windows/Engine.ini]
[2021.07.07-14.24.20:983][  0]LogConfig: Setting CVar [[gc.MaxObjectsNotConsideredByGC:1]]
[2021.07.07-14.24.20:983][  0]LogConfig: Setting CVar [[gc.SizeOfPermanentObjectPool:0]]
[2021.07.07-14.24.20:983][  0]LogConfig: Setting CVar [[gc.FlushStreamingOnGC:0]]
[2021.07.07-14.24.20:983][  0]LogConfig: Setting CVar [[gc.NumRetriesBeforeForcingGC:10]]
[2021.07.07-14.24.20:983][  0]LogConfig: Setting CVar [[gc.AllowParallelGC:1]]
[2021.07.07-14.24.20:983][  0]LogConfig: Setting CVar [[gc.TimeBetweenPurgingPendingKillObjects:61.1]]
[2021.07.07-14.24.20:983][  0]LogConfig: Setting CVar [[gc.MaxObjectsInEditor:25165824]]
[2021.07.07-14.24.20:983][  0]LogConfig: Setting CVar [[gc.IncrementalBeginDestroyEnabled:1]]
[2021.07.07-14.24.20:983][  0]LogConfig: Setting CVar [[gc.CreateGCClusters:1]]
[2021.07.07-14.24.20:983][  0]LogConfig: Setting CVar [[gc.MinGCClusterSize:5]]
[2021.07.07-14.24.20:983][  0]LogConfig: Setting CVar [[gc.ActorClusteringEnabled:0]]
[2021.07.07-14.24.20:983][  0]LogConfig: Setting CVar [[gc.BlueprintClusteringEnabled:0]]
[2021.07.07-14.24.20:983][  0]LogConfig: Setting CVar [[gc.UseDisregardForGCOnDedicatedServers:0]]
[2021.07.07-14.24.20:983][  0]LogConfig: Applying CVar settings from Section [/Script/Engine.NetworkSettings] File [C:/Users/User/Desktop/TempFolder/GVE/Offworld JamProject/OffworldJam/OffworldInvader/GVEOffworld/OffworldInvader/Saved/Config/Windows/Engine.ini]
[2021.07.07-14.24.20:983][  0]LogConfig: Applying CVar settings from Section [/Script/UnrealEd.CookerSettings] File [C:/Users/User/Desktop/TempFolder/GVE/Offworld JamProject/OffworldJam/OffworldInvader/GVEOffworld/OffworldInvader/Saved/Config/Windows/Engine.ini]
[2021.07.07-14.24.20:986][  0]LogConfig: Applying CVar settings from Section [ViewDistanceQuality@3] File [C:/Users/User/Desktop/TempFolder/GVE/Offworld JamProject/OffworldJam/OffworldInvader/GVEOffworld/OffworldInvader/Saved/Config/Windows/Scalability.ini]
[2021.07.07-14.24.20:986][  0]LogConfig: Setting CVar [[r.SkeletalMeshLODBias:0]]
[2021.07.07-14.24.20:986][  0]LogConfig: Setting CVar [[r.ViewDistanceScale:1.0]]
[2021.07.07-14.24.20:986][  0]LogConfig: Applying CVar settings from Section [AntiAliasingQuality@3] File [C:/Users/User/Desktop/TempFolder/GVE/Offworld JamProject/OffworldJam/OffworldInvader/GVEOffworld/OffworldInvader/Saved/Config/Windows/Scalability.ini]
[2021.07.07-14.24.20:986][  0]LogConfig: Setting CVar [[r.PostProcessAAQuality:4]]
[2021.07.07-14.24.20:986][  0]LogConfig: Applying CVar settings from Section [ShadowQuality@3] File [C:/Users/User/Desktop/TempFolder/GVE/Offworld JamProject/OffworldJam/OffworldInvader/GVEOffworld/OffworldInvader/Saved/Config/Windows/Scalability.ini]
[2021.07.07-14.24.20:986][  0]LogConfig: Setting CVar [[r.LightFunctionQuality:1]]
[2021.07.07-14.24.20:986][  0]LogConfig: Setting CVar [[r.ShadowQuality:5]]
[2021.07.07-14.24.20:986][  0]LogConfig: Setting CVar [[r.Shadow.CSM.MaxCascades:10]]
[2021.07.07-14.24.20:986][  0]LogConfig: Setting CVar [[r.Shadow.MaxResolution:2048]]
[2021.07.07-14.24.20:986][  0]LogConfig: Setting CVar [[r.Shadow.MaxCSMResolution:2048]]
[2021.07.07-14.24.20:986][  0]LogConfig: Setting CVar [[r.Shadow.RadiusThreshold:0.01]]
[2021.07.07-14.24.20:986][  0]LogConfig: Setting CVar [[r.Shadow.DistanceScale:1.0]]
[2021.07.07-14.24.20:986][  0]LogConfig: Setting CVar [[r.Shadow.CSM.TransitionScale:1.0]]
[2021.07.07-14.24.20:986][  0]LogConfig: Setting CVar [[r.Shadow.PreShadowResolutionFactor:1.0]]
[2021.07.07-14.24.20:986][  0]LogConfig: Setting CVar [[r.DistanceFieldShadowing:1]]
[2021.07.07-14.24.20:986][  0]LogConfig: Setting CVar [[r.DistanceFieldAO:1]]
[2021.07.07-14.24.20:986][  0]LogConfig: Setting CVar [[r.AOQuality:2]]
[2021.07.07-14.24.20:986][  0]LogConfig: Setting CVar [[r.VolumetricFog:1]]
[2021.07.07-14.24.20:986][  0]LogConfig: Setting CVar [[r.VolumetricFog.GridPixelSize:8]]
[2021.07.07-14.24.20:986][  0]LogConfig: Setting CVar [[r.VolumetricFog.GridSizeZ:128]]
[2021.07.07-14.24.20:986][  0]LogConfig: Setting CVar [[r.VolumetricFog.HistoryMissSupersampleCount:4]]
[2021.07.07-14.24.20:986][  0]LogConfig: Setting CVar [[r.LightMaxDrawDistanceScale:1]]
[2021.07.07-14.24.20:986][  0]LogConfig: Setting CVar [[r.CapsuleShadows:1]]
[2021.07.07-14.24.20:986][  0]LogConfig: Applying CVar settings from Section [PostProcessQuality@3] File [C:/Users/User/Desktop/TempFolder/GVE/Offworld JamProject/OffworldJam/OffworldInvader/GVEOffworld/OffworldInvader/Saved/Config/Windows/Scalability.ini]
[2021.07.07-14.24.20:987][  0]LogConfig: Setting CVar [[r.MotionBlurQuality:4]]
[2021.07.07-14.24.20:987][  0]LogConfig: Setting CVar [[r.AmbientOcclusionMipLevelFactor:0.4]]
[2021.07.07-14.24.20:987][  0]LogConfig: Setting CVar [[r.AmbientOcclusionMaxQuality:100]]
[2021.07.07-14.24.20:987][  0]LogConfig: Setting CVar [[r.AmbientOcclusionLevels:-1]]
[2021.07.07-14.24.20:987][  0]LogConfig: Setting CVar [[r.AmbientOcclusionRadiusScale:1.0]]
[2021.07.07-14.24.20:987][  0]LogConfig: Setting CVar [[r.DepthOfFieldQuality:2]]
[2021.07.07-14.24.20:987][  0]LogConfig: Setting CVar [[r.RenderTargetPoolMin:400]]
[2021.07.07-14.24.20:987][  0]LogConfig: Setting CVar [[r.LensFlareQuality:2]]
[2021.07.07-14.24.20:987][  0]LogConfig: Setting CVar [[r.SceneColorFringeQuality:1]]
[2021.07.07-14.24.20:987][  0]LogConfig: Setting CVar [[r.EyeAdaptationQuality:2]]
[2021.07.07-14.24.20:987][  0]LogConfig: Setting CVar [[r.BloomQuality:5]]
[2021.07.07-14.24.20:987][  0]LogConfig: Setting CVar [[r.FastBlurThreshold:100]]
[2021.07.07-14.24.20:987][  0]LogConfig: Setting CVar [[r.Upscale.Quality:3]]
[2021.07.07-14.24.20:987][  0]LogConfig: Setting CVar [[r.Tonemapper.GrainQuantization:1]]
[2021.07.07-14.24.20:987][  0]LogConfig: Setting CVar [[r.LightShaftQuality:1]]
[2021.07.07-14.24.20:987][  0]LogConfig: Setting CVar [[r.Filter.SizeScale:1]]
[2021.07.07-14.24.20:987][  0]LogConfig: Setting CVar [[r.Tonemapper.Quality:5]]
[2021.07.07-14.24.20:987][  0]LogConfig: Setting CVar [[r.DOF.Gather.AccumulatorQuality:1        ; higher gathering accumulator quality]]
[2021.07.07-14.24.20:987][  0]LogConfig: Setting CVar [[r.DOF.Gather.PostfilterMethod:1          ; Median3x3 postfilering method]]
[2021.07.07-14.24.20:987][  0]LogConfig: Setting CVar [[r.DOF.Gather.EnableBokehSettings:0       ; no bokeh simulation when gathering]]
[2021.07.07-14.24.20:987][  0]LogConfig: Setting CVar [[r.DOF.Gather.RingCount:4                 ; medium number of samples when gathering]]
[2021.07.07-14.24.20:987][  0]LogConfig: Setting CVar [[r.DOF.Scatter.ForegroundCompositing:1    ; additive foreground scattering]]
[2021.07.07-14.24.20:987][  0]LogConfig: Setting CVar [[r.DOF.Scatter.BackgroundCompositing:2    ; additive background scattering]]
[2021.07.07-14.24.20:987][  0]LogConfig: Setting CVar [[r.DOF.Scatter.EnableBokehSettings:1      ; bokeh simulation when scattering]]
[2021.07.07-14.24.20:987][  0]LogConfig: Setting CVar [[r.DOF.Scatter.MaxSpriteRatio:0.1         ; only a maximum of 10% of scattered bokeh]]
[2021.07.07-14.24.20:987][  0]LogConfig: Setting CVar [[r.DOF.Recombine.Quality:1                ; cheap slight out of focus]]
[2021.07.07-14.24.20:987][  0]LogConfig: Setting CVar [[r.DOF.Recombine.EnableBokehSettings:0    ; no bokeh simulation on slight out of focus]]
[2021.07.07-14.24.20:987][  0]LogConfig: Setting CVar [[r.DOF.TemporalAAQuality:1                ; more stable temporal accumulation]]
[2021.07.07-14.24.20:987][  0]LogConfig: Setting CVar [[r.DOF.Kernel.MaxForegroundRadius:0.025]]
[2021.07.07-14.24.20:987][  0]LogConfig: Setting CVar [[r.DOF.Kernel.MaxBackgroundRadius:0.025]]
[2021.07.07-14.24.20:987][  0]LogConfig: Applying CVar settings from Section [TextureQuality@3] File [C:/Users/User/Desktop/TempFolder/GVE/Offworld JamProject/OffworldJam/OffworldInvader/GVEOffworld/OffworldInvader/Saved/Config/Windows/Scalability.ini]
[2021.07.07-14.24.20:987][  0]LogConfig: Setting CVar [[r.Streaming.MipBias:0]]
[2021.07.07-14.24.20:987][  0]LogConfig: Setting CVar [[r.Streaming.AmortizeCPUToGPUCopy:0]]
[2021.07.07-14.24.20:987][  0]LogConfig: Setting CVar [[r.Streaming.MaxNumTexturesToStreamPerFrame:0]]
[2021.07.07-14.24.20:987][  0]LogConfig: Setting CVar [[r.Streaming.Boost:1]]
[2021.07.07-14.24.20:987][  0]LogConfig: Setting CVar [[r.MaxAnisotropy:8]]
[2021.07.07-14.24.20:987][  0]LogConfig: Setting CVar [[r.VT.MaxAnisotropy:8]]
[2021.07.07-14.24.20:987][  0]LogConfig: Setting CVar [[r.Streaming.LimitPoolSizeToVRAM:0]]
[2021.07.07-14.24.20:987][  0]LogConfig: Setting CVar [[r.Streaming.PoolSize:1000]]
[2021.07.07-14.24.20:987][  0]LogConfig: Setting CVar [[r.Streaming.MaxEffectiveScreenSize:0]]
[2021.07.07-14.24.20:987][  0]LogConfig: Applying CVar settings from Section [EffectsQuality@3] File [C:/Users/User/Desktop/TempFolder/GVE/Offworld JamProject/OffworldJam/OffworldInvader/GVEOffworld/OffworldInvader/Saved/Config/Windows/Scalability.ini]
[2021.07.07-14.24.20:987][  0]LogConfig: Setting CVar [[r.TranslucencyLightingVolumeDim:64]]
[2021.07.07-14.24.20:987][  0]LogConfig: Setting CVar [[r.RefractionQuality:2]]
[2021.07.07-14.24.20:987][  0]LogConfig: Setting CVar [[r.SSR.Quality:3]]
[2021.07.07-14.24.20:987][  0]LogConfig: Setting CVar [[r.SSR.HalfResSceneColor:0]]
[2021.07.07-14.24.20:987][  0]LogConfig: Setting CVar [[r.SceneColorFormat:4]]
[2021.07.07-14.24.20:987][  0]LogConfig: Setting CVar [[r.DetailMode:2]]
[2021.07.07-14.24.20:987][  0]LogConfig: Setting CVar [[r.TranslucencyVolumeBlur:1]]
[2021.07.07-14.24.20:987][  0]LogConfig: Setting CVar [[r.MaterialQualityLevel:1 ; High quality]]
[2021.07.07-14.24.20:987][  0]LogConfig: Setting CVar [[r.SSS.Scale:1]]
[2021.07.07-14.24.20:987][  0]LogConfig: Setting CVar [[r.SSS.SampleSet:2]]
[2021.07.07-14.24.20:987][  0]LogConfig: Setting CVar [[r.SSS.Quality:1]]
[2021.07.07-14.24.20:987][  0]LogConfig: Setting CVar [[r.SSS.HalfRes:0]]
[2021.07.07-14.24.20:987][  0]LogConfig: Setting CVar [[r.SSGI.Quality:3]]
[2021.07.07-14.24.20:987][  0]LogConfig: Setting CVar [[r.EmitterSpawnRateScale:1.0]]
[2021.07.07-14.24.20:987][  0]LogConfig: Setting CVar [[r.ParticleLightQuality:2]]
[2021.07.07-14.24.20:987][  0]LogConfig: Setting CVar [[r.SkyAtmosphere.AerialPerspectiveLUT.FastApplyOnOpaque:1 ; Always have FastSkyLUT 1 in this case to avoid wrong sky]]
[2021.07.07-14.24.20:987][  0]LogConfig: Setting CVar [[r.SkyAtmosphere.AerialPerspectiveLUT.SampleCountPerSlice:1]]
[2021.07.07-14.24.20:987][  0]LogConfig: Setting CVar [[r.SkyAtmosphere.AerialPerspectiveLUT.DepthResolution:16.0]]
[2021.07.07-14.24.20:988][  0]LogConfig: Setting CVar [[r.SkyAtmosphere.FastSkyLUT:1]]
[2021.07.07-14.24.20:988][  0]LogConfig: Setting CVar [[r.SkyAtmosphere.FastSkyLUT.SampleCountMin:4.0]]
[2021.07.07-14.24.20:988][  0]LogConfig: Setting CVar [[r.SkyAtmosphere.FastSkyLUT.SampleCountMax:32.0]]
[2021.07.07-14.24.20:988][  0]LogConfig: Setting CVar [[r.SkyAtmosphere.SampleCountMin:4.0]]
[2021.07.07-14.24.20:988][  0]LogConfig: Setting CVar [[r.SkyAtmosphere.SampleCountMax:32.0]]
[2021.07.07-14.24.20:988][  0]LogConfig: Setting CVar [[r.SkyAtmosphere.TransmittanceLUT.UseSmallFormat:0]]
[2021.07.07-14.24.20:988][  0]LogConfig: Setting CVar [[r.SkyAtmosphere.TransmittanceLUT.SampleCount:10.0]]
[2021.07.07-14.24.20:988][  0]LogConfig: Setting CVar [[r.SkyAtmosphere.MultiScatteringLUT.SampleCount:15.0]]
[2021.07.07-14.24.20:988][  0]LogConfig: Applying CVar settings from Section [FoliageQuality@3] File [C:/Users/User/Desktop/TempFolder/GVE/Offworld JamProject/OffworldJam/OffworldInvader/GVEOffworld/OffworldInvader/Saved/Config/Windows/Scalability.ini]
[2021.07.07-14.24.20:988][  0]LogConfig: Setting CVar [[foliage.DensityScale:1.0]]
[2021.07.07-14.24.20:988][  0]LogConfig: Setting CVar [[grass.DensityScale:1.0]]
[2021.07.07-14.24.20:988][  0]LogConfig: Applying CVar settings from Section [ShadingQuality@3] File [C:/Users/User/Desktop/TempFolder/GVE/Offworld JamProject/OffworldJam/OffworldInvader/GVEOffworld/OffworldInvader/Saved/Config/Windows/Scalability.ini]
[2021.07.07-14.24.20:988][  0]LogConfig: Setting CVar [[r.HairStrands.SkyLighting.SampleCount:16]]
[2021.07.07-14.24.20:988][  0]LogConfig: Setting CVar [[r.HairStrands.SkyLighting.JitterIntegration:0]]
[2021.07.07-14.24.20:988][  0]LogConfig: Setting CVar [[r.HairStrands.SkyAO.SampleCount:16]]
[2021.07.07-14.24.20:988][  0]LogConfig: Setting CVar [[r.HairStrands.DeepShadow.SuperSampling:0]]
[2021.07.07-14.24.20:988][  0]LogConfig: Setting CVar [[r.HairStrands.VisibilityPPLL:0]]
[2021.07.07-14.24.20:988][  0]LogConfig: Setting CVar [[r.HairStrands.RasterizationScale:0.5]]
[2021.07.07-14.24.20:988][  0]LogConfig: Setting CVar [[r.HairStrands.VelocityRasterizationScale:1]]
[2021.07.07-14.24.20:988][  0]LogInit: Selected Device Profile: [Windows]
[2021.07.07-14.24.20:988][  0]LogInit: Applying CVar settings loaded from the selected device profile: [Windows]
[2021.07.07-14.24.20:988][  0]LogHAL: Display: Platform has ~ 16 GB [17061756928 / 17179869184 / 16], which maps to Larger [LargestMinGB=32, LargerMinGB=12, DefaultMinGB=8, SmallerMinGB=6, SmallestMinGB=0)
[2021.07.07-14.24.20:988][  0]LogInit: Going up to parent DeviceProfile []
[2021.07.07-14.24.20:988][  0]LogConfig: Applying CVar settings from Section [ViewDistanceQuality@3] File [C:/Users/User/Desktop/TempFolder/GVE/Offworld JamProject/OffworldJam/OffworldInvader/GVEOffworld/OffworldInvader/Saved/Config/Windows/Scalability.ini]
[2021.07.07-14.24.20:988][  0]LogConfig: Setting CVar [[r.SkeletalMeshLODBias:0]]
[2021.07.07-14.24.20:988][  0]LogConfig: Setting CVar [[r.ViewDistanceScale:1.0]]
[2021.07.07-14.24.20:988][  0]LogConfig: Applying CVar settings from Section [AntiAliasingQuality@3] File [C:/Users/User/Desktop/TempFolder/GVE/Offworld JamProject/OffworldJam/OffworldInvader/GVEOffworld/OffworldInvader/Saved/Config/Windows/Scalability.ini]
[2021.07.07-14.24.20:988][  0]LogConfig: Setting CVar [[r.PostProcessAAQuality:4]]
[2021.07.07-14.24.20:988][  0]LogConfig: Applying CVar settings from Section [ShadowQuality@3] File [C:/Users/User/Desktop/TempFolder/GVE/Offworld JamProject/OffworldJam/OffworldInvader/GVEOffworld/OffworldInvader/Saved/Config/Windows/Scalability.ini]
[2021.07.07-14.24.20:988][  0]LogConfig: Setting CVar [[r.LightFunctionQuality:1]]
[2021.07.07-14.24.20:988][  0]LogConfig: Setting CVar [[r.ShadowQuality:5]]
[2021.07.07-14.24.20:988][  0]LogConfig: Setting CVar [[r.Shadow.CSM.MaxCascades:10]]
[2021.07.07-14.24.20:988][  0]LogConfig: Setting CVar [[r.Shadow.MaxResolution:2048]]
[2021.07.07-14.24.20:988][  0]LogConfig: Setting CVar [[r.Shadow.MaxCSMResolution:2048]]
[2021.07.07-14.24.20:988][  0]LogConfig: Setting CVar [[r.Shadow.RadiusThreshold:0.01]]
[2021.07.07-14.24.20:988][  0]LogConfig: Setting CVar [[r.Shadow.DistanceScale:1.0]]
[2021.07.07-14.24.20:988][  0]LogConfig: Setting CVar [[r.Shadow.CSM.TransitionScale:1.0]]
[2021.07.07-14.24.20:988][  0]LogConfig: Setting CVar [[r.Shadow.PreShadowResolutionFactor:1.0]]
[2021.07.07-14.24.20:988][  0]LogConfig: Setting CVar [[r.DistanceFieldShadowing:1]]
[2021.07.07-14.24.20:988][  0]LogConfig: Setting CVar [[r.DistanceFieldAO:1]]
[2021.07.07-14.24.20:988][  0]LogConfig: Setting CVar [[r.AOQuality:2]]
[2021.07.07-14.24.20:988][  0]LogConfig: Setting CVar [[r.VolumetricFog:1]]
[2021.07.07-14.24.20:988][  0]LogConfig: Setting CVar [[r.VolumetricFog.GridPixelSize:8]]
[2021.07.07-14.24.20:988][  0]LogConfig: Setting CVar [[r.VolumetricFog.GridSizeZ:128]]
[2021.07.07-14.24.20:988][  0]LogConfig: Setting CVar [[r.VolumetricFog.HistoryMissSupersampleCount:4]]
[2021.07.07-14.24.20:988][  0]LogConfig: Setting CVar [[r.LightMaxDrawDistanceScale:1]]
[2021.07.07-14.24.20:988][  0]LogConfig: Setting CVar [[r.CapsuleShadows:1]]
[2021.07.07-14.24.20:988][  0]LogConfig: Applying CVar settings from Section [PostProcessQuality@3] File [C:/Users/User/Desktop/TempFolder/GVE/Offworld JamProject/OffworldJam/OffworldInvader/GVEOffworld/OffworldInvader/Saved/Config/Windows/Scalability.ini]
[2021.07.07-14.24.20:988][  0]LogConfig: Setting CVar [[r.MotionBlurQuality:4]]
[2021.07.07-14.24.20:988][  0]LogConfig: Setting CVar [[r.AmbientOcclusionMipLevelFactor:0.4]]
[2021.07.07-14.24.20:989][  0]LogConfig: Setting CVar [[r.AmbientOcclusionMaxQuality:100]]
[2021.07.07-14.24.20:989][  0]LogConfig: Setting CVar [[r.AmbientOcclusionLevels:-1]]
[2021.07.07-14.24.20:989][  0]LogConfig: Setting CVar [[r.AmbientOcclusionRadiusScale:1.0]]
[2021.07.07-14.24.20:989][  0]LogConfig: Setting CVar [[r.DepthOfFieldQuality:2]]
[2021.07.07-14.24.20:989][  0]LogConfig: Setting CVar [[r.RenderTargetPoolMin:400]]
[2021.07.07-14.24.20:989][  0]LogConfig: Setting CVar [[r.LensFlareQuality:2]]
[2021.07.07-14.24.20:989][  0]LogConfig: Setting CVar [[r.SceneColorFringeQuality:1]]
[2021.07.07-14.24.20:989][  0]LogConfig: Setting CVar [[r.EyeAdaptationQuality:2]]
[2021.07.07-14.24.20:989][  0]LogConfig: Setting CVar [[r.BloomQuality:5]]
[2021.07.07-14.24.20:989][  0]LogConfig: Setting CVar [[r.FastBlurThreshold:100]]
[2021.07.07-14.24.20:989][  0]LogConfig: Setting CVar [[r.Upscale.Quality:3]]
[2021.07.07-14.24.20:989][  0]LogConfig: Setting CVar [[r.Tonemapper.GrainQuantization:1]]
[2021.07.07-14.24.20:989][  0]LogConfig: Setting CVar [[r.LightShaftQuality:1]]
[2021.07.07-14.24.20:989][  0]LogConfig: Setting CVar [[r.Filter.SizeScale:1]]
[2021.07.07-14.24.20:989][  0]LogConfig: Setting CVar [[r.Tonemapper.Quality:5]]
[2021.07.07-14.24.20:989][  0]LogConfig: Setting CVar [[r.DOF.Gather.AccumulatorQuality:1        ; higher gathering accumulator quality]]
[2021.07.07-14.24.20:989][  0]LogConfig: Setting CVar [[r.DOF.Gather.PostfilterMethod:1          ; Median3x3 postfilering method]]
[2021.07.07-14.24.20:989][  0]LogConfig: Setting CVar [[r.DOF.Gather.EnableBokehSettings:0       ; no bokeh simulation when gathering]]
[2021.07.07-14.24.20:989][  0]LogConfig: Setting CVar [[r.DOF.Gather.RingCount:4                 ; medium number of samples when gathering]]
[2021.07.07-14.24.20:989][  0]LogConfig: Setting CVar [[r.DOF.Scatter.ForegroundCompositing:1    ; additive foreground scattering]]
[2021.07.07-14.24.20:989][  0]LogConfig: Setting CVar [[r.DOF.Scatter.BackgroundCompositing:2    ; additive background scattering]]
[2021.07.07-14.24.20:989][  0]LogConfig: Setting CVar [[r.DOF.Scatter.EnableBokehSettings:1      ; bokeh simulation when scattering]]
[2021.07.07-14.24.20:989][  0]LogConfig: Setting CVar [[r.DOF.Scatter.MaxSpriteRatio:0.1         ; only a maximum of 10% of scattered bokeh]]
[2021.07.07-14.24.20:989][  0]LogConfig: Setting CVar [[r.DOF.Recombine.Quality:1                ; cheap slight out of focus]]
[2021.07.07-14.24.20:989][  0]LogConfig: Setting CVar [[r.DOF.Recombine.EnableBokehSettings:0    ; no bokeh simulation on slight out of focus]]
[2021.07.07-14.24.20:989][  0]LogConfig: Setting CVar [[r.DOF.TemporalAAQuality:1                ; more stable temporal accumulation]]
[2021.07.07-14.24.20:989][  0]LogConfig: Setting CVar [[r.DOF.Kernel.MaxForegroundRadius:0.025]]
[2021.07.07-14.24.20:989][  0]LogConfig: Setting CVar [[r.DOF.Kernel.MaxBackgroundRadius:0.025]]
[2021.07.07-14.24.20:989][  0]LogConfig: Applying CVar settings from Section [TextureQuality@3] File [C:/Users/User/Desktop/TempFolder/GVE/Offworld JamProject/OffworldJam/OffworldInvader/GVEOffworld/OffworldInvader/Saved/Config/Windows/Scalability.ini]
[2021.07.07-14.24.20:989][  0]LogConfig: Setting CVar [[r.Streaming.MipBias:0]]
[2021.07.07-14.24.20:989][  0]LogConfig: Setting CVar [[r.Streaming.AmortizeCPUToGPUCopy:0]]
[2021.07.07-14.24.20:989][  0]LogConfig: Setting CVar [[r.Streaming.MaxNumTexturesToStreamPerFrame:0]]
[2021.07.07-14.24.20:989][  0]LogConfig: Setting CVar [[r.Streaming.Boost:1]]
[2021.07.07-14.24.20:989][  0]LogConfig: Setting CVar [[r.MaxAnisotropy:8]]
[2021.07.07-14.24.20:989][  0]LogConfig: Setting CVar [[r.VT.MaxAnisotropy:8]]
[2021.07.07-14.24.20:989][  0]LogConfig: Setting CVar [[r.Streaming.LimitPoolSizeToVRAM:0]]
[2021.07.07-14.24.20:989][  0]LogConfig: Setting CVar [[r.Streaming.PoolSize:1000]]
[2021.07.07-14.24.20:989][  0]LogConfig: Setting CVar [[r.Streaming.MaxEffectiveScreenSize:0]]
[2021.07.07-14.24.20:989][  0]LogConfig: Applying CVar settings from Section [EffectsQuality@3] File [C:/Users/User/Desktop/TempFolder/GVE/Offworld JamProject/OffworldJam/OffworldInvader/GVEOffworld/OffworldInvader/Saved/Config/Windows/Scalability.ini]
[2021.07.07-14.24.20:989][  0]LogConfig: Setting CVar [[r.TranslucencyLightingVolumeDim:64]]
[2021.07.07-14.24.20:989][  0]LogConfig: Setting CVar [[r.RefractionQuality:2]]
[2021.07.07-14.24.20:989][  0]LogConfig: Setting CVar [[r.SSR.Quality:3]]
[2021.07.07-14.24.20:989][  0]LogConfig: Setting CVar [[r.SSR.HalfResSceneColor:0]]
[2021.07.07-14.24.20:989][  0]LogConfig: Setting CVar [[r.SceneColorFormat:4]]
[2021.07.07-14.24.20:989][  0]LogConfig: Setting CVar [[r.DetailMode:2]]
[2021.07.07-14.24.20:989][  0]LogConfig: Setting CVar [[r.TranslucencyVolumeBlur:1]]
[2021.07.07-14.24.20:989][  0]LogConfig: Setting CVar [[r.MaterialQualityLevel:1 ; High quality]]
[2021.07.07-14.24.20:989][  0]LogConfig: Setting CVar [[r.SSS.Scale:1]]
[2021.07.07-14.24.20:989][  0]LogConfig: Setting CVar [[r.SSS.SampleSet:2]]
[2021.07.07-14.24.20:989][  0]LogConfig: Setting CVar [[r.SSS.Quality:1]]
[2021.07.07-14.24.20:989][  0]LogConfig: Setting CVar [[r.SSS.HalfRes:0]]
[2021.07.07-14.24.20:989][  0]LogConfig: Setting CVar [[r.SSGI.Quality:3]]
[2021.07.07-14.24.20:989][  0]LogConfig: Setting CVar [[r.EmitterSpawnRateScale:1.0]]
[2021.07.07-14.24.20:989][  0]LogConfig: Setting CVar [[r.ParticleLightQuality:2]]
[2021.07.07-14.24.20:989][  0]LogConfig: Setting CVar [[r.SkyAtmosphere.AerialPerspectiveLUT.FastApplyOnOpaque:1 ; Always have FastSkyLUT 1 in this case to avoid wrong sky]]
[2021.07.07-14.24.20:989][  0]LogConfig: Setting CVar [[r.SkyAtmosphere.AerialPerspectiveLUT.SampleCountPerSlice:1]]
[2021.07.07-14.24.20:989][  0]LogConfig: Setting CVar [[r.SkyAtmosphere.AerialPerspectiveLUT.DepthResolution:16.0]]
[2021.07.07-14.24.20:989][  0]LogConfig: Setting CVar [[r.SkyAtmosphere.FastSkyLUT:1]]
[2021.07.07-14.24.20:989][  0]LogConfig: Setting CVar [[r.SkyAtmosphere.FastSkyLUT.SampleCountMin:4.0]]
[2021.07.07-14.24.20:989][  0]LogConfig: Setting CVar [[r.SkyAtmosphere.FastSkyLUT.SampleCountMax:32.0]]
[2021.07.07-14.24.20:990][  0]LogConfig: Setting CVar [[r.SkyAtmosphere.SampleCountMin:4.0]]
[2021.07.07-14.24.20:990][  0]LogConfig: Setting CVar [[r.SkyAtmosphere.SampleCountMax:32.0]]
[2021.07.07-14.24.20:990][  0]LogConfig: Setting CVar [[r.SkyAtmosphere.TransmittanceLUT.UseSmallFormat:0]]
[2021.07.07-14.24.20:990][  0]LogConfig: Setting CVar [[r.SkyAtmosphere.TransmittanceLUT.SampleCount:10.0]]
[2021.07.07-14.24.20:990][  0]LogConfig: Setting CVar [[r.SkyAtmosphere.MultiScatteringLUT.SampleCount:15.0]]
[2021.07.07-14.24.20:990][  0]LogConfig: Applying CVar settings from Section [FoliageQuality@3] File [C:/Users/User/Desktop/TempFolder/GVE/Offworld JamProject/OffworldJam/OffworldInvader/GVEOffworld/OffworldInvader/Saved/Config/Windows/Scalability.ini]
[2021.07.07-14.24.20:990][  0]LogConfig: Setting CVar [[foliage.DensityScale:1.0]]
[2021.07.07-14.24.20:990][  0]LogConfig: Setting CVar [[grass.DensityScale:1.0]]
[2021.07.07-14.24.20:990][  0]LogConfig: Applying CVar settings from Section [ShadingQuality@3] File [C:/Users/User/Desktop/TempFolder/GVE/Offworld JamProject/OffworldJam/OffworldInvader/GVEOffworld/OffworldInvader/Saved/Config/Windows/Scalability.ini]
[2021.07.07-14.24.20:990][  0]LogConfig: Setting CVar [[r.HairStrands.SkyLighting.SampleCount:16]]
[2021.07.07-14.24.20:990][  0]LogConfig: Setting CVar [[r.HairStrands.SkyLighting.JitterIntegration:0]]
[2021.07.07-14.24.20:990][  0]LogConfig: Setting CVar [[r.HairStrands.SkyAO.SampleCount:16]]
[2021.07.07-14.24.20:990][  0]LogConfig: Setting CVar [[r.HairStrands.DeepShadow.SuperSampling:0]]
[2021.07.07-14.24.20:990][  0]LogConfig: Setting CVar [[r.HairStrands.VisibilityPPLL:0]]
[2021.07.07-14.24.20:990][  0]LogConfig: Setting CVar [[r.HairStrands.RasterizationScale:0.5]]
[2021.07.07-14.24.20:990][  0]LogConfig: Setting CVar [[r.HairStrands.VelocityRasterizationScale:1]]
[2021.07.07-14.24.20:990][  0]LogConfig: Applying CVar settings from Section [Startup] File [../../../Engine/Config/ConsoleVariables.ini]
[2021.07.07-14.24.20:991][  0]LogConfig: Setting CVar [[net.UseAdaptiveNetUpdateFrequency:0]]
[2021.07.07-14.24.20:991][  0]LogConfig: Setting CVar [[p.chaos.AllowCreatePhysxBodies:1]]
[2021.07.07-14.24.20:991][  0]LogConfig: Setting CVar [[fx.SkipVectorVMBackendOptimizations:1]]
[2021.07.07-14.24.20:991][  0]LogConfig: Applying CVar settings from Section [ConsoleVariables] File [C:/Users/User/Desktop/TempFolder/GVE/Offworld JamProject/OffworldJam/OffworldInvader/GVEOffworld/OffworldInvader/Saved/Config/Windows/Engine.ini]
[2021.07.07-14.24.20:991][  0]LogInit: Computer: DESKTOP-1846E27
[2021.07.07-14.24.20:991][  0]LogInit: User: User
[2021.07.07-14.24.20:991][  0]LogInit: CPU Page size=4096, Cores=4
[2021.07.07-14.24.20:991][  0]LogInit: High frequency timer resolution =10.000000 MHz
[2021.07.07-14.24.20:991][  0]LogMemory: Memory total: Physical=15.9GB (16GB approx)
[2021.07.07-14.24.20:991][  0]LogMemory: Platform Memory Stats for Windows
[2021.07.07-14.24.20:991][  0]LogMemory: Process Physical Memory: 115.50 MB used, 115.51 MB peak
[2021.07.07-14.24.20:991][  0]LogMemory: Process Virtual Memory: 104.18 MB used, 104.18 MB peak
[2021.07.07-14.24.20:991][  0]LogMemory: Physical Memory: 9009.16 MB used,  7262.20 MB free, 16271.36 MB total
[2021.07.07-14.24.20:991][  0]LogMemory: Virtual Memory: 5153.12 MB used,  134212576.00 MB free, 134217728.00 MB total
[2021.07.07-14.24.20:997][  0]LogWindows: WindowsPlatformFeatures enabled
[2021.07.07-14.24.21:060][  0]LogInit: Physics initialised using underlying interface: PhysX
[2021.07.07-14.24.21:061][  0]LogInit: Using OS detected language (en-GB).
[2021.07.07-14.24.21:061][  0]LogInit: Using OS detected locale (en-GB).
[2021.07.07-14.24.21:065][  0]LogTextLocalizationManager: No specific localization for 'en-GB' exists, so the 'en' localization will be used.
[2021.07.07-14.24.21:281][  0]LogInit: Setting process to per monitor DPI aware
[2021.07.07-14.24.21:308][  0]LogSlate: New Slate User Created.  User Index 0, Is Virtual User: 0
[2021.07.07-14.24.21:308][  0]LogSlate: Slate User Registered.  User Index 0, Is Virtual User: 0
[2021.07.07-14.24.21:540][  0]LogHMD: Failed to initialize OpenVR with code 110
[2021.07.07-14.24.21:540][  0]LogD3D11RHI: D3D11 min allowed feature level: 11_0
[2021.07.07-14.24.21:540][  0]LogD3D11RHI: D3D11 max allowed feature level: 11_0
[2021.07.07-14.24.21:540][  0]LogD3D11RHI: D3D11 adapters:
[2021.07.07-14.24.21:667][  0]LogD3D11RHI:    0. 'NVIDIA GeForce GTX 960M' (Feature Level 11_0)
[2021.07.07-14.24.21:667][  0]LogD3D11RHI:       2010/0/8135 MB DedicatedVideo/DedicatedSystem/SharedSystem, Outputs:1, VendorId:0x10de
[2021.07.07-14.24.21:679][  0]LogD3D11RHI:    1. 'Intel(R) HD Graphics 630' (Feature Level 11_0)
[2021.07.07-14.24.21:679][  0]LogD3D11RHI:       128/0/8135 MB DedicatedVideo/DedicatedSystem/SharedSystem, Outputs:0, VendorId:0x8086
[2021.07.07-14.24.21:682][  0]LogD3D11RHI:    2. 'Microsoft Basic Render Driver' (Feature Level 11_0)
[2021.07.07-14.24.21:682][  0]LogD3D11RHI:       0/0/8135 MB DedicatedVideo/DedicatedSystem/SharedSystem, Outputs:0, VendorId:0x1414
[2021.07.07-14.24.21:682][  0]LogD3D11RHI: Chosen D3D11 Adapter: 0
[2021.07.07-14.24.21:687][  0]LogD3D11RHI: Creating new Direct3DDevice
[2021.07.07-14.24.21:687][  0]LogD3D11RHI:     GPU DeviceId: 0x139b (for the marketing name, search the web for "GPU Device Id")
[2021.07.07-14.24.21:687][  0]LogWindows: EnumDisplayDevices:
[2021.07.07-14.24.21:687][  0]LogWindows:    0. 'Intel(R) HD Graphics 630' (P:1 D:1)
[2021.07.07-14.24.21:688][  0]LogWindows:    1. 'Intel(R) HD Graphics 630' (P:0 D:0)
[2021.07.07-14.24.21:688][  0]LogWindows:    2. 'Intel(R) HD Graphics 630' (P:0 D:0)
[2021.07.07-14.24.21:689][  0]LogWindows: DebugString: PrimaryIsNotTheChoosenAdapter PrimaryIsNotTheChoosenAdapter PrimaryIsNotTheChoosenAdapter FoundDriverCount:0 
[2021.07.07-14.24.21:689][  0]LogD3D11RHI:     Adapter Name: NVIDIA GeForce GTX 960M
[2021.07.07-14.24.21:689][  0]LogD3D11RHI:   Driver Version: Unknown (internal:Unknown, unified:Unknown)
[2021.07.07-14.24.21:689][  0]LogD3D11RHI:      Driver Date: Unknown
[2021.07.07-14.24.21:689][  0]LogRHI: Texture pool is 1407 MB (70% of 2010 MB)
[2021.07.07-14.24.21:793][  0]LogD3D11RHI: RHI has support for 64 bit atomics
[2021.07.07-14.24.21:793][  0]LogD3D11RHI: Async texture creation enabled
[2021.07.07-14.24.21:812][  0]LogD3D11RHI: GPU Timing Frequency: 1000.000000 (Debug: 2 1)
[2021.07.07-14.24.22:223][  0]LogTargetPlatformManager: Display: Loaded TargetPlatform 'AllDesktop'
[2021.07.07-14.24.22:255][  0]LogTargetPlatformManager: Display: Loaded TargetPlatform 'Android'
[2021.07.07-14.24.22:255][  0]LogTargetPlatformManager: Display: Loaded TargetPlatform 'Android_ASTC'
[2021.07.07-14.24.22:255][  0]LogTargetPlatformManager: Display: Loaded TargetPlatform 'Android_DXT'
[2021.07.07-14.24.22:255][  0]LogTargetPlatformManager: Display: Loaded TargetPlatform 'Android_ETC2'
[2021.07.07-14.24.22:255][  0]LogTargetPlatformManager: Display: Loaded TargetPlatform 'AndroidClient'
[2021.07.07-14.24.22:255][  0]LogTargetPlatformManager: Display: Loaded TargetPlatform 'Android_ASTCClient'
[2021.07.07-14.24.22:255][  0]LogTargetPlatformManager: Display: Loaded TargetPlatform 'Android_DXTClient'
[2021.07.07-14.24.22:255][  0]LogTargetPlatformManager: Display: Loaded TargetPlatform 'Android_ETC2Client'
[2021.07.07-14.24.22:255][  0]LogTargetPlatformManager: Display: Loaded TargetPlatform 'Android_Multi'
[2021.07.07-14.24.22:255][  0]LogTargetPlatformManager: Display: Loaded TargetPlatform 'Android_MultiClient'
[2021.07.07-14.24.22:289][  0]LogTargetPlatformManager: Display: Loaded TargetPlatform 'IOSClient'
[2021.07.07-14.24.22:289][  0]LogTargetPlatformManager: Display: Loaded TargetPlatform 'IOS'
[2021.07.07-14.24.22:306][  0]LogTargetPlatformManager: Display: Loaded TargetPlatform 'Linux'
[2021.07.07-14.24.22:319][  0]LogTargetPlatformManager: Display: Loaded TargetPlatform 'LinuxNoEditor'
[2021.07.07-14.24.22:333][  0]LogTargetPlatformManager: Display: Loaded TargetPlatform 'LinuxClient'
[2021.07.07-14.24.22:346][  0]LogTargetPlatformManager: Display: Loaded TargetPlatform 'LinuxServer'
[2021.07.07-14.24.22:359][  0]LogTargetPlatformManager: Display: Loaded TargetPlatform 'LinuxAArch64NoEditor'
[2021.07.07-14.24.22:372][  0]LogTargetPlatformManager: Display: Loaded TargetPlatform 'LinuxAArch64Client'
[2021.07.07-14.24.22:386][  0]LogTargetPlatformManager: Display: Loaded TargetPlatform 'LinuxAArch64Server'
[2021.07.07-14.24.22:429][  0]LogTargetPlatformManager: Display: Loaded TargetPlatform 'Lumin'
[2021.07.07-14.24.22:429][  0]LogTargetPlatformManager: Display: Loaded TargetPlatform 'LuminClient'
[2021.07.07-14.24.22:453][  0]LogTargetPlatformManager: Display: Loaded TargetPlatform 'TVOSClient'
[2021.07.07-14.24.22:453][  0]LogTargetPlatformManager: Display: Loaded TargetPlatform 'TVOS'
[2021.07.07-14.24.22:467][  0]LogTargetPlatformManager: Display: Loaded TargetPlatform 'WindowsNoEditor'
[2021.07.07-14.24.22:481][  0]LogTargetPlatformManager: Display: Loaded TargetPlatform 'Windows'
[2021.07.07-14.24.22:494][  0]LogTargetPlatformManager: Display: Loaded TargetPlatform 'WindowsClient'
[2021.07.07-14.24.22:507][  0]LogTargetPlatformManager: Display: Loaded TargetPlatform 'WindowsServer'
[2021.07.07-14.24.22:507][  0]LogTargetPlatformManager: Display: Building Assets For Windows
[2021.07.07-14.24.22:516][  0]LogAudioDebug: Display: Lib vorbis DLL was dynamically loaded.
[2021.07.07-14.24.22:586][  0]LogShaderCompilers: Guid format shader working directory is -82 characters bigger than the processId version (../../../../../../Users/User/Desktop/TempFolder/GVE/Offworld JamProject/OffworldJam/OffworldInvader/GVEOffworld/OffworldInvader/Intermediate/Shaders/WorkingDirectory/7772/).
[2021.07.07-14.24.22:586][  0]LogShaderCompilers: Cleaned the shader compiler working directory 'C:/Users/User/AppData/Local/Temp/UnrealShaderWorkingDir/92F93A5846B9BC70335763947172171D/'.
[2021.07.07-14.24.22:586][  0]LogXGEController: Cleaning working directory: C:/Users/User/AppData/Local/Temp/UnrealXGEWorkingDir/
[2021.07.07-14.24.22:587][  0]LogXGEController: Cannot use XGE Controller as Incredibuild is not installed on this machine.
[2021.07.07-14.24.22:587][  0]LogShaderCompilers: Cannot use XGE Shader Compiler as Incredibuild is not installed on this machine.
[2021.07.07-14.24.22:587][  0]LogShaderCompilers: Display: Using Local Shader Compiler.
[2021.07.07-14.24.23:584][  0]LogDerivedDataCache: Display: Max Cache Size: 512 MB
[2021.07.07-14.24.23:645][  0]LogDerivedDataCache: Loaded boot cache 0.06s 76MB C:/Users/User/AppData/Local/UnrealEngine/4.25/DerivedDataCache/Boot.ddc.
[2021.07.07-14.24.23:645][  0]LogDerivedDataCache: Display: Loaded Boot cache: C:/Users/User/AppData/Local/UnrealEngine/4.25/DerivedDataCache/Boot.ddc
[2021.07.07-14.24.23:645][  0]LogDerivedDataCache: FDerivedDataBackendGraph:  Pak pak cache file ../../../../../../Users/User/Desktop/TempFolder/GVE/Offworld JamProject/OffworldJam/OffworldInvader/GVEOffworld/OffworldInvader/DerivedDataCache/DDC.ddp not found, will not use a pak cache.
[2021.07.07-14.24.23:645][  0]LogDerivedDataCache: Unable to find inner node Pak for hierarchical cache Hierarchy.
[2021.07.07-14.24.23:645][  0]LogDerivedDataCache: FDerivedDataBackendGraph:  CompressedPak pak cache file ../../../../../../Users/User/Desktop/TempFolder/GVE/Offworld JamProject/OffworldJam/OffworldInvader/GVEOffworld/OffworldInvader/DerivedDataCache/Compressed.ddp not found, will not use a pak cache.
[2021.07.07-14.24.23:645][  0]LogDerivedDataCache: Unable to find inner node CompressedPak for hierarchical cache Hierarchy.
[2021.07.07-14.24.23:659][  0]LogDerivedDataCache: Display: Pak cache opened for reading ../../../Engine/DerivedDataCache/Compressed.ddp.
[2021.07.07-14.24.23:659][  0]LogDerivedDataCache: FDerivedDataBackendGraph:  EnterprisePak pak cache file ../../../Enterprise/DerivedDataCache/Compressed.ddp not found, will not use a pak cache.
[2021.07.07-14.24.23:659][  0]LogDerivedDataCache: Unable to find inner node EnterprisePak for hierarchical cache Hierarchy.
[2021.07.07-14.24.23:660][  0]LogDerivedDataCache: Using Local data cache path C:/Users/User/AppData/Local/UnrealEngine/Common/DerivedDataCache: Writable
[2021.07.07-14.24.23:660][  0]LogDerivedDataCache: Shared data cache path not found in *engine.ini, will not use an Shared cache.
[2021.07.07-14.24.23:660][  0]LogDerivedDataCache: Unable to find inner node Shared for hierarchical cache Hierarchy.
[2021.07.07-14.24.23:726][  0]LogSlate: Using FreeType 2.10.0
[2021.07.07-14.24.23:727][  0]LogSlate: SlateFontServices - WITH_FREETYPE: 1, WITH_HARFBUZZ: 1
[2021.07.07-14.24.23:760][  0]LogAssetRegistry: FAssetRegistry took 0.0036 seconds to start up
[2021.07.07-14.24.24:048][  0]LogInit: Selected Device Profile: [Windows]
[2021.07.07-14.24.24:186][  0]LogMeshReduction: Using QuadricMeshReduction for automatic static mesh reduction
[2021.07.07-14.24.24:186][  0]LogMeshReduction: Using SimplygonMeshReduction for automatic skeletal mesh reduction
[2021.07.07-14.24.24:186][  0]LogMeshReduction: Using ProxyLODMeshReduction for automatic mesh merging
[2021.07.07-14.24.24:186][  0]LogMeshReduction: No distributed automatic mesh merging module available
[2021.07.07-14.24.24:186][  0]LogMeshMerging: No distributed automatic mesh merging module available
[2021.07.07-14.24.24:204][  0]LogNetVersion: OffworldInvader 1.0.0, NetCL: 13144385, EngineNetVer: 14, GameNetVer: 0 (Checksum: 3010887049)
[2021.07.07-14.24.24:741][  0]LogAISub: UAISubsystem::UAISubsystem AISubsystem (000001857B7B7880), frame # 0
[2021.07.07-14.24.24:741][  0]LogAISub: UAISubsystem::UAISubsystem AIPerceptionSystem (000001857B7C9080), frame # 0
[2021.07.07-14.24.24:743][  0]LogAISub: UAISubsystem::UAISubsystem EnvQueryManager (000001857B811C00), frame # 0
[2021.07.07-14.24.24:810][  0]LogPackageLocalizationCache: Processed 19 localized package path(s) for 1 prioritized culture(s) in 0.057443 seconds
[2021.07.07-14.24.24:815][  0]LogUObjectArray: 15917 objects as part of root set at end of initial load.
[2021.07.07-14.24.24:815][  0]LogUObjectAllocator: 3965568 out of 0 bytes used by permanent object pool.
[2021.07.07-14.24.24:815][  0]LogUObjectArray: CloseDisregardForGC: 0/0 objects in disregard for GC pool
[2021.07.07-14.24.25:259][  0]LogTcpMessaging: Initializing TcpMessaging bridge
[2021.07.07-14.24.25:265][  0]LogUdpMessaging: Initializing bridge on interface 0.0.0.0:0 to multicast group 230.0.0.1:6666.
[2021.07.07-14.24.25:371][  0]LogLinker: Warning: Failed to load '/Game/ThirdPersonBP/ThirdPersonOverview': Can't find file.
[2021.07.07-14.24.25:371][  0]LogLinker: Warning: Failed to load '/Game/ThirdPersonBP/ThirdPersonOverview': Can't find file.
[2021.07.07-14.24.25:371][  0]LogUObjectGlobals: Warning: Failed to find object 'Class /Game/ThirdPersonBP/ThirdPersonOverview.ThirdPersonOverview_C'
[2021.07.07-14.24.25:410][  0]SourceControl: Source control is disabled
[2021.07.07-14.24.25:410][  0]SourceControl: Source control is disabled
[2021.07.07-14.24.25:414][  0]SourceControl: Source control is disabled
[2021.07.07-14.24.25:418][  0]SourceControl: Source control is disabled
[2021.07.07-14.24.25:430][  0]SourceControl: Source control is disabled
[2021.07.07-14.24.25:704][  0]LogAndroidPermission: UAndroidPermissionCallbackProxy::GetInstance
[2021.07.07-14.24.25:726][  0]LogAudioCaptureCore: Display: No Audio Capture implementations found. Audio input will be silent.
[2021.07.07-14.24.25:726][  0]LogAudioCaptureCore: Display: No Audio Capture implementations found. Audio input will be silent.
[2021.07.07-14.24.25:786][  0]LogOcInput: OculusInput pre-init called
[2021.07.07-14.24.25:799][  0]LogWindows: Failed to load 'OVRPlugin.dll' (GetLastError=126)
[2021.07.07-14.24.25:800][  0]LogWindows: File 'OVRPlugin.dll' does not exist
[2021.07.07-14.24.25:870][  0]LogEngine: Initializing Engine...
[2021.07.07-14.24.25:872][  0]LogHMD: Failed to initialize OpenVR with code 110
[2021.07.07-14.24.25:872][  0]LogMagicLeap: Warning: VR disabled because ZI is not enabled.  To enable, in the editor, Edit -> Project Settings -> Plugins -> Magic Leap Plugin -> Enable Zero Iteration
[2021.07.07-14.24.25:873][  0]LogStats: UGameplayTagsManager::InitializeManager -  0.000 s
[2021.07.07-14.24.26:021][  0]LogInit: Initializing FReadOnlyCVARCache
[2021.07.07-14.24.26:029][  0]LogAIModule: Creating AISystem for world Untitled
[2021.07.07-14.24.26:030][  0]LogAISub: UAISubsystem::UAISubsystem EnvQueryManager (00000185043E3C00), frame # 0
[2021.07.07-14.24.26:030][  0]LogAISub: UAISubsystem::UAISubsystem AIPerceptionSystem (0000018504422AC0), frame # 0
[2021.07.07-14.24.26:050][  0]LogAudioMixer: Display: Audio Mixer Platform Settings:
[2021.07.07-14.24.26:050][  0]LogAudioMixer: Display: 	Sample Rate:						  48000
[2021.07.07-14.24.26:050][  0]LogAudioMixer: Display: 	Callback Buffer Frame Size Requested: 1024
[2021.07.07-14.24.26:050][  0]LogAudioMixer: Display: 	Callback Buffer Frame Size To Use:	  1024
[2021.07.07-14.24.26:050][  0]LogAudioMixer: Display: 	Number of buffers to queue:			  2
[2021.07.07-14.24.26:050][  0]LogAudioMixer: Display: 	Max Channels (voices):				  32
[2021.07.07-14.24.26:050][  0]LogAudioMixer: Display: 	Number of Async Source Workers:		  0
[2021.07.07-14.24.26:050][  0]LogAudio: Display: AudioDevice MaxSources: 32
[2021.07.07-14.24.26:050][  0]LogAudio: Display: Using built-in audio occlusion.
[2021.07.07-14.24.26:050][  0]LogAudioMixer: Display: Initializing audio mixer.
[2021.07.07-14.24.26:067][  0]LogAudioMixer: Display: 0: FrontLeft
[2021.07.07-14.24.26:067][  0]LogAudioMixer: Display: 1: FrontRight
[2021.07.07-14.24.26:230][  0]LogAudioMixer: Display: Using Audio Device Speakers (Realtek High Definition Audio)
[2021.07.07-14.24.26:233][  0]LogAudioMixer: Display: Initializing Sound Submixes...
[2021.07.07-14.24.26:236][  0]LogAudioMixer: Display: Creating Master Submix 'MasterSubmixDefault'
[2021.07.07-14.24.26:236][  0]LogAudioMixer: Display: Creating Master Submix 'MasterReverbSubmixDefault'
[2021.07.07-14.24.26:237][  0]LogAudioMixer: Display: Creating Master Submix 'MasterEQSubmixDefault'
[2021.07.07-14.24.26:239][  0]LogInit: FAudioDevice initialized.
[2021.07.07-14.24.26:239][  0]LogNetVersion: Set ProjectVersion to 1.0.0.0. Version Checksum will be recalculated on next use.
[2021.07.07-14.24.26:321][  0]LogDerivedDataCache: Saved boot cache 0.08s 76MB C:/Users/User/AppData/Local/UnrealEngine/4.25/DerivedDataCache/Boot.ddc.
[2021.07.07-14.24.26:321][  0]LogInit: Texture streaming: Enabled
[2021.07.07-14.24.26:339][  0]LogEngineSessionManager: EngineSessionManager initialized
[2021.07.07-14.24.26:339][  0]LogEditorSessionSummary: Verbose: Initializing EditorSessionSummaryWriter for editor session tracking
[2021.07.07-14.24.26:342][  0]LogEditorSessionSummary: EditorSessionSummaryWriter initialized
[2021.07.07-14.24.26:386][  0]LogInit: Transaction tracking system initialized
[2021.07.07-14.24.26:409][  0]BlueprintLog: New page: Editor Load
[2021.07.07-14.24.26:489][  0]LocalizationService: Localization service is disabled
[2021.07.07-14.24.26:663][  0]LogCook: Display: Max memory allowance for cook 16384mb min free memory 0mb
[2021.07.07-14.24.26:663][  0]LogCook: Display: Mobile HDR setting 1
[2021.07.07-14.24.26:810][  0]LogFileCache: Scanning file cache for directory 'C:/Users/User/Desktop/TempFolder/GVE/Offworld JamProject/OffworldJam/OffworldInvader/GVEOffworld/OffworldInvader/Content/' took 0.01s
[2021.07.07-14.24.27:079][  0]SourceControl: Source control is disabled
[2021.07.07-14.24.27:079][  0]LogUnrealEdMisc: Loading editor; pre map load, took 8.006
[2021.07.07-14.24.27:080][  0]LightingResults: New page: Lighting Build
[2021.07.07-14.24.27:080][  0]LogWorld: UWorld::CleanupWorld for Untitled, bSessionEnded=true, bCleanupResources=true
[2021.07.07-14.24.27:081][  0]LogSlate: InvalidateAllWidgets triggered.  All widgets were invalidated
[2021.07.07-14.24.27:081][  0]MapCheck: New page: Map Check
[2021.07.07-14.24.27:081][  0]LightingResults: New page: Lighting Build
[2021.07.07-14.24.27:092][  0]LogAISub: UAISubsystem::~UAISubsystem EnvQueryManager (00000185043E3C00), frame # 0
[2021.07.07-14.24.27:092][  0]LogAISub: UAISubsystem::~UAISubsystem AIPerceptionSystem (0000018504422AC0), frame # 0
[2021.07.07-14.24.27:093][  0]LogUObjectHash: Compacting FUObjectHashTables data took   0.85ms
[2021.07.07-14.24.27:199][  0]LogAIModule: Creating AISystem for world FlyingExampleMap
[2021.07.07-14.24.27:199][  0]LogAISub: UAISubsystem::UAISubsystem EnvQueryManager (0000018512AA7E00), frame # 0
[2021.07.07-14.24.27:199][  0]LogAISub: UAISubsystem::UAISubsystem AIPerceptionSystem (000001857AD0E700), frame # 0
[2021.07.07-14.24.27:215][  0]LogEditorServer: Finished looking for orphan Actors (0.000 secs)
[2021.07.07-14.24.27:230][  0]LogUObjectHash: Compacting FUObjectHashTables data took   0.95ms
[2021.07.07-14.24.27:230][  0]Cmd: MAP CHECKDEP NOCLEARLOG
[2021.07.07-14.24.27:231][  0]MapCheck: Map check complete: 0 Error(s), 0 Warning(s), took 0.283ms to complete.
[2021.07.07-14.24.27:231][  0]LogFileHelpers: Loading map 'FlyingExampleMap' took 0.152
[2021.07.07-14.24.27:234][  0]LogUnrealEdMisc: Total Editor Startup Time, took 8.160
[2021.07.07-14.24.27:350][  0]LogSlate: Updating window title bar state: overlay mode, drag disabled, window buttons hidden, title bar hidden
[2021.07.07-14.24.27:359][  0]LogSlate: Updating window title bar state: overlay mode, drag disabled, window buttons hidden, title bar hidden
[2021.07.07-14.24.27:368][  0]LogSlate: Updating window title bar state: overlay mode, drag disabled, window buttons hidden, title bar hidden
[2021.07.07-14.24.27:376][  0]LogSlate: Updating window title bar state: overlay mode, drag disabled, window buttons hidden, title bar hidden
[2021.07.07-14.24.27:385][  0]LogCollectionManager: Loaded 0 collections in 0.002163 seconds
[2021.07.07-14.24.27:403][  0]LogFileCache: Scanning file cache for directory 'C:/Users/User/Desktop/TempFolder/GVE/Offworld JamProject/OffworldJam/OffworldInvader/GVEOffworld/OffworldInvader/Saved/Collections/' took 0.00s
[2021.07.07-14.24.27:403][  0]LogFileCache: Scanning file cache for directory 'C:/Users/User/Desktop/TempFolder/GVE/Offworld JamProject/OffworldJam/OffworldInvader/GVEOffworld/OffworldInvader/Content/Developers/User/Collections/' took 0.00s
[2021.07.07-14.24.27:403][  0]LogFileCache: Scanning file cache for directory 'C:/Users/User/Desktop/TempFolder/GVE/Offworld JamProject/OffworldJam/OffworldInvader/GVEOffworld/OffworldInvader/Content/Collections/' took 0.00s
[2021.07.07-14.24.27:403][  0]LogContentBrowser: Native class hierarchy populated in 0.0115 seconds. Added 3430 classes and 823 folders.
[2021.07.07-14.24.27:406][  0]LogContentBrowser: Native class hierarchy updated for 'WidgetCarousel' in 0.0004 seconds. Added 0 classes and 0 folders.
[2021.07.07-14.24.27:471][  0]LogContentBrowser: Native class hierarchy updated for 'AddContentDialog' in 0.0005 seconds. Added 0 classes and 0 folders.
[2021.07.07-14.24.27:472][  0]LogContentBrowser: Native class hierarchy updated for 'SceneOutliner' in 0.0004 seconds. Added 2 classes and 0 folders.
[2021.07.07-14.24.27:530][  0]LogSlate: Took 0.000187 seconds to synchronously load lazily loaded font '../../../Engine/Content/Slate/Fonts/Roboto-Regular.ttf' (155K)
[2021.07.07-14.24.27:534][  0]LogSlate: Took 0.000537 seconds to synchronously load lazily loaded font '../../../Engine/Content/Slate/Fonts/Roboto-Bold.ttf' (160K)
[2021.07.07-14.24.27:539][  0]LogSlate: Took 0.000217 seconds to synchronously load lazily loaded font '../../../Engine/Content/Editor/Slate/Fonts/FontAwesome.ttf' (139K)
[2021.07.07-14.24.27:628][  0]LogRenderer: Reallocating scene render targets to support 1056x572 Format 10 NumSamples 1 (Frame:1).
[2021.07.07-14.24.27:746][  0]LogContentBrowser: Native class hierarchy updated for 'HierarchicalLODOutliner' in 0.0005 seconds. Added 0 classes and 0 folders.
[2021.07.07-14.24.27:746][  0]LogLoad: (Engine Initialization) Total time: 8.67 seconds
[2021.07.07-14.24.27:746][  0]LogLoad: (Engine Initialization) Total Blueprint compile time: 0.00 seconds
[2021.07.07-14.24.27:809][  0]LogAssetRegistry: Asset discovery search completed in 4.0504 seconds
[2021.07.07-14.24.27:815][  0]LogCollectionManager: Fixed up redirectors for 0 collections in 0.000003 seconds (updated 0 objects)
[2021.07.07-14.24.27:818][  0]LogContentStreaming: Texture pool size now 1000 MB
[2021.07.07-14.24.27:852][  0]LogSlate: Took 0.000131 seconds to synchronously load lazily loaded font '../../../Engine/Content/Slate/Fonts/Roboto-Light.ttf' (167K)
[2021.07.07-14.24.58:516][900]LogTemp: Repeating last play command: Selected Viewport
[2021.07.07-14.24.58:528][900]LogPlayLevel: PlayLevel: No blueprints needed recompiling
[2021.07.07-14.24.58:529][900]PIE: New page: PIE session: FlyingExampleMap (7 Jul 2021, 16:24:58)
[2021.07.07-14.24.58:530][900]LogOnline: OSS: Creating online subsystem instance for: NULL
[2021.07.07-14.24.58:531][900]LogOnline: OSS: TryLoadSubsystemAndSetDefault: Loaded subsystem for module [NULL]
[2021.07.07-14.24.58:531][900]LogPlayLevel: Creating play world package: /Game/FlyingCPP/Maps/UEDPIE_0_FlyingExampleMap
[2021.07.07-14.24.58:556][900]LogPlayLevel: PIE: StaticDuplicateObject took: (0.024090s)
[2021.07.07-14.24.58:557][900]LogAIModule: Creating AISystem for world FlyingExampleMap
[2021.07.07-14.24.58:557][900]LogAISub: UAISubsystem::UAISubsystem EnvQueryManager (000001852E84DA00), frame # 900
[2021.07.07-14.24.58:557][900]LogAISub: UAISubsystem::UAISubsystem AIPerceptionSystem (000001857AD2C2C0), frame # 900
[2021.07.07-14.24.58:558][900]LogPlayLevel: PIE: World Init took: (0.002036s)
[2021.07.07-14.24.58:558][900]LogPlayLevel: PIE: Created PIE world by copying editor world from /Game/FlyingCPP/Maps/FlyingExampleMap.FlyingExampleMap to /Game/FlyingCPP/Maps/UEDPIE_0_FlyingExampleMap.FlyingExampleMap (0.026535s)
[2021.07.07-14.24.58:572][900]LogUObjectHash: Compacting FUObjectHashTables data took   1.19ms
[2021.07.07-14.24.58:573][900]LogAudioMixer: Display: Audio Mixer Platform Settings:
[2021.07.07-14.24.58:573][900]LogAudioMixer: Display: 	Sample Rate:						  48000
[2021.07.07-14.24.58:573][900]LogAudioMixer: Display: 	Callback Buffer Frame Size Requested: 1024
[2021.07.07-14.24.58:573][900]LogAudioMixer: Display: 	Callback Buffer Frame Size To Use:	  1024
[2021.07.07-14.24.58:573][900]LogAudioMixer: Display: 	Number of buffers to queue:			  2
[2021.07.07-14.24.58:574][900]LogAudioMixer: Display: 	Max Channels (voices):				  32
[2021.07.07-14.24.58:574][900]LogAudioMixer: Display: 	Number of Async Source Workers:		  0
[2021.07.07-14.24.58:574][900]LogAudio: Display: AudioDevice MaxSources: 32
[2021.07.07-14.24.58:575][900]LogAudio: Display: Using built-in audio occlusion.
[2021.07.07-14.24.58:575][900]LogAudioMixer: Display: Initializing audio mixer.
[2021.07.07-14.24.58:579][900]LogAudioMixer: Display: 0: FrontLeft
[2021.07.07-14.24.58:579][900]LogAudioMixer: Display: 1: FrontRight
[2021.07.07-14.24.58:639][900]LogAudioMixer: Display: Using Audio Device Speakers (Realtek High Definition Audio)
[2021.07.07-14.24.58:639][900]LogAudioMixer: Display: Initializing Sound Submixes...
[2021.07.07-14.24.58:639][900]LogAudioMixer: Display: Creating Master Submix 'MasterSubmixDefault'
[2021.07.07-14.24.58:639][900]LogAudioMixer: Display: Creating Master Submix 'MasterReverbSubmixDefault'
[2021.07.07-14.24.58:640][900]LogAudioMixer: Display: Creating Master Submix 'MasterEQSubmixDefault'
[2021.07.07-14.24.58:656][900]LogInit: FAudioDevice initialized.
[2021.07.07-14.24.58:665][900]LogLoad: Game class is 'OffworldInvaderGameMode'
[2021.07.07-14.24.58:672][900]LogWorld: Bringing World /Game/FlyingCPP/Maps/UEDPIE_0_FlyingExampleMap.FlyingExampleMap up for play (max tick rate 60) at 2021.07.07-15.24.58
[2021.07.07-14.24.58:673][900]LogWorld: Bringing up level for play took: 0.005696
[2021.07.07-14.24.58:673][900]LogOnline: OSS: Creating online subsystem instance for: :Context_1
[2021.07.07-14.24.58:676][900]LogContentBrowser: Native class hierarchy updated for 'MovieSceneCapture' in 0.0005 seconds. Added 20 classes and 0 folders.
[2021.07.07-14.24.58:677][900]PIE: Server logged in
[2021.07.07-14.24.58:679][900]PIE: Play in editor total start time 0.152 seconds.
[2021.07.07-14.25.03:131][162]LogSlate: Updating window title bar state: overlay mode, drag disabled, window buttons hidden, title bar hidden
[2021.07.07-14.25.03:131][162]LogWorld: BeginTearingDown for /Game/FlyingCPP/Maps/UEDPIE_0_FlyingExampleMap
[2021.07.07-14.25.03:131][162]LogWorld: UWorld::CleanupWorld for FlyingExampleMap, bSessionEnded=true, bCleanupResources=true
[2021.07.07-14.25.03:132][162]LogSlate: InvalidateAllWidgets triggered.  All widgets were invalidated
[2021.07.07-14.25.03:140][162]LogPlayLevel: Display: Shutting down PIE online subsystems
[2021.07.07-14.25.03:141][162]LogSlate: InvalidateAllWidgets triggered.  All widgets were invalidated
[2021.07.07-14.25.03:173][162]LogSlate: Updating window title bar state: overlay mode, drag disabled, window buttons hidden, title bar hidden
[2021.07.07-14.25.03:175][162]LogAISub: UAISubsystem::~UAISubsystem EnvQueryManager (000001852E84DA00), frame # 1162
[2021.07.07-14.25.03:175][162]LogAISub: UAISubsystem::~UAISubsystem AIPerceptionSystem (000001857AD2C2C0), frame # 1162
[2021.07.07-14.25.03:176][162]LogUObjectHash: Compacting FUObjectHashTables data took   0.89ms
[2021.07.07-14.25.03:204][163]LogPlayLevel: Display: Destroying online subsystem :Context_1
[2021.07.07-14.25.12:162][404]Candidate modules for hot reload:
[2021.07.07-14.25.12:162][404]  OffworldInvader
[2021.07.07-14.25.12:162][404]Launching UnrealBuildTool... [C:/Program Files/Epic Games/UE_4.25/Engine/Binaries/DotNET/UnrealBuildTool.exe  -ModuleWithSuffix=OffworldInvader,896 OffworldInvaderEditor Win64 Development -Project="C:/Users/User/Desktop/TempFolder/GVE/Offworld JamProject/OffworldJam/OffworldInvader/GVEOffworld/OffworldInvader/OffworldInvader.uproject" "C:/Users/User/Desktop/TempFolder/GVE/Offworld JamProject/OffworldJam/OffworldInvader/GVEOffworld/OffworldInvader/OffworldInvader.uproject"  -IgnoreJunk]
[2021.07.07-14.25.12:164][404]Warning: Starting HotReload took  0.0s.
[2021.07.07-14.25.14:952][552]CompilerResultsLog: New page: Compilation - 7 Jul 2021, 16:25:14
[2021.07.07-14.25.14:952][552]CompilerResultsLog: Using 'git status' to determine working set for adaptive non-unity build (C:\Users\User\Desktop\TempFolder\GVE\Offworld JamProject\OffworldJam\OffworldInvader\GVEOffworld).
[2021.07.07-14.25.14:952][552]CompilerResultsLog: Building OffworldInvaderEditor...
[2021.07.07-14.25.14:952][552]CompilerResultsLog: Using Visual Studio 2019 14.28.29336 toolchain (C:\Program Files (x86)\Microsoft Visual Studio\2019\Community\VC\Tools\MSVC\14.28.29333) and Windows 10.0.18362.0 SDK (C:\Program Files (x86)\Windows Kits\10).
[2021.07.07-14.25.14:952][552]CompilerResultsLog: Building 3 actions with 8 processes...
[2021.07.07-14.25.14:952][552]CompilerResultsLog:   [1/3] UE4Editor-OffworldInvader-0896.lib
[2021.07.07-14.25.14:952][552]CompilerResultsLog:      Creating library C:\Users\User\Desktop\TempFolder\GVE\Offworld JamProject\OffworldJam\OffworldInvader\GVEOffworld\OffworldInvader\Intermediate\Build\Win64\UE4Editor\Development\OffworldInvader\UE4Editor-OffworldInvader-0896.lib and object C:\Users\User\Desktop\TempFolder\GVE\Offworld JamProject\OffworldJam\OffworldInvader\GVEOffworld\OffworldInvader\Intermediate\Build\Win64\UE4Editor\Development\OffworldInvader\UE4Editor-OffworldInvader-0896.exp
[2021.07.07-14.25.14:952][552]CompilerResultsLog:   [2/3] UE4Editor-OffworldInvader-0896.dll
[2021.07.07-14.25.14:953][552]CompilerResultsLog:      Creating library C:\Users\User\Desktop\TempFolder\GVE\Offworld JamProject\OffworldJam\OffworldInvader\GVEOffworld\OffworldInvader\Intermediate\Build\Win64\UE4Editor\Development\OffworldInvader\UE4Editor-OffworldInvader-0896.suppressed.lib and object C:\Users\User\Desktop\TempFolder\GVE\Offworld JamProject\OffworldJam\OffworldInvader\GVEOffworld\OffworldInvader\Intermediate\Build\Win64\UE4Editor\Development\OffworldInvader\UE4Editor-OffworldInvader-0896.suppressed.exp
[2021.07.07-14.25.14:953][552]CompilerResultsLog:   [3/3] OffworldInvaderEditor.target
[2021.07.07-14.25.14:953][552]CompilerResultsLog: Total time in Parallel executor: 1.40 seconds
[2021.07.07-14.25.14:953][552]CompilerResultsLog: Total execution time: 2.66 seconds
[2021.07.07-14.25.14:953][552]LogMainFrame: MainFrame: Module compiling took 2.796 seconds
[2021.07.07-14.25.14:975][552]LogContentBrowser: Native class hierarchy populated in 0.0120 seconds. Added 3430 classes and 823 folders.
[2021.07.07-14.25.14:975][552]Display: HotReload took  2.8s.
[2021.07.07-14.25.15:968][611]LogSlate: Took 0.000141 seconds to synchronously load lazily loaded font '../../../Engine/Content/Slate/Fonts/Roboto-Light.ttf' (167K)
[2021.07.07-14.25.16:012][611]LogUObjectHash: Compacting FUObjectHashTables data took   0.75ms
[2021.07.07-14.25.16:099][611]LogSavePackage: Moving '../../../../../../Users/User/Desktop/TempFolder/GVE/Offworld JamProject/OffworldJam/OffworldInvader/GVEOffworld/OffworldInvader/Saved/FlyingExampleMap9DB0C3C547567A48A1124B80455FA1A2.tmp' to '../../../../../../Users/User/Desktop/TempFolder/GVE/Offworld JamProject/OffworldJam/OffworldInvader/GVEOffworld/OffworldInvader/Content/FlyingCPP/Maps/FlyingExampleMap.umap'
[2021.07.07-14.25.16:141][611]AssetCheck: New page: Asset Save: FlyingExampleMap
[2021.07.07-14.25.16:141][611]LogContentValidation: Display: Validating World /Game/FlyingCPP/Maps/FlyingExampleMap.FlyingExampleMap
[2021.07.07-14.25.19:634][764]LogTemp: Repeating last play command: Selected Viewport
[2021.07.07-14.25.19:649][764]LogPlayLevel: PlayLevel: No blueprints needed recompiling
[2021.07.07-14.25.19:649][764]PIE: New page: PIE session: FlyingExampleMap (7 Jul 2021, 16:25:19)
[2021.07.07-14.25.19:649][764]LogPlayLevel: Creating play world package: /Game/FlyingCPP/Maps/UEDPIE_0_FlyingExampleMap
[2021.07.07-14.25.19:670][764]LogPlayLevel: PIE: StaticDuplicateObject took: (0.020742s)
[2021.07.07-14.25.19:671][764]LogAIModule: Creating AISystem for world FlyingExampleMap
[2021.07.07-14.25.19:671][764]LogAISub: UAISubsystem::UAISubsystem EnvQueryManager (000001852E367E00), frame # 1764
[2021.07.07-14.25.19:671][764]LogAISub: UAISubsystem::UAISubsystem AIPerceptionSystem (0000018578083D80), frame # 1764
[2021.07.07-14.25.19:672][764]LogPlayLevel: PIE: World Init took: (0.001785s)
[2021.07.07-14.25.19:672][764]LogPlayLevel: PIE: Created PIE world by copying editor world from /Game/FlyingCPP/Maps/FlyingExampleMap.FlyingExampleMap to /Game/FlyingCPP/Maps/UEDPIE_0_FlyingExampleMap.FlyingExampleMap (0.022863s)
[2021.07.07-14.25.19:685][764]LogUObjectHash: Compacting FUObjectHashTables data took   0.87ms
[2021.07.07-14.25.19:687][764]LogAudioMixer: Display: Audio Mixer Platform Settings:
[2021.07.07-14.25.19:687][764]LogAudioMixer: Display: 	Sample Rate:						  48000
[2021.07.07-14.25.19:687][764]LogAudioMixer: Display: 	Callback Buffer Frame Size Requested: 1024
[2021.07.07-14.25.19:687][764]LogAudioMixer: Display: 	Callback Buffer Frame Size To Use:	  1024
[2021.07.07-14.25.19:687][764]LogAudioMixer: Display: 	Number of buffers to queue:			  2
[2021.07.07-14.25.19:687][764]LogAudioMixer: Display: 	Max Channels (voices):				  32
[2021.07.07-14.25.19:687][764]LogAudioMixer: Display: 	Number of Async Source Workers:		  0
[2021.07.07-14.25.19:687][764]LogAudio: Display: AudioDevice MaxSources: 32
[2021.07.07-14.25.19:688][764]LogAudio: Display: Using built-in audio occlusion.
[2021.07.07-14.25.19:688][764]LogAudioMixer: Display: Initializing audio mixer.
[2021.07.07-14.25.19:692][764]LogAudioMixer: Display: 0: FrontLeft
[2021.07.07-14.25.19:692][764]LogAudioMixer: Display: 1: FrontRight
[2021.07.07-14.25.19:750][764]LogAudioMixer: Display: Using Audio Device Speakers (Realtek High Definition Audio)
[2021.07.07-14.25.19:750][764]LogAudioMixer: Display: Initializing Sound Submixes...
[2021.07.07-14.25.19:750][764]LogAudioMixer: Display: Creating Master Submix 'MasterSubmixDefault'
[2021.07.07-14.25.19:750][764]LogAudioMixer: Display: Creating Master Submix 'MasterReverbSubmixDefault'
[2021.07.07-14.25.19:751][764]LogAudioMixer: Display: Creating Master Submix 'MasterEQSubmixDefault'
[2021.07.07-14.25.19:766][764]LogInit: FAudioDevice initialized.
[2021.07.07-14.25.19:778][764]LogLoad: Game class is 'OffworldInvaderGameMode'
[2021.07.07-14.25.19:785][764]LogWorld: Bringing World /Game/FlyingCPP/Maps/UEDPIE_0_FlyingExampleMap.FlyingExampleMap up for play (max tick rate 60) at 2021.07.07-15.25.19
[2021.07.07-14.25.19:785][764]LogWorld: Bringing up level for play took: 0.005787
[2021.07.07-14.25.19:785][764]LogOnline: OSS: Creating online subsystem instance for: :Context_2
[2021.07.07-14.25.19:788][764]PIE: Server logged in
[2021.07.07-14.25.19:789][764]PIE: Play in editor total start time 0.144 seconds.
[2021.07.07-14.25.24:591][ 47]LogSlate: Updating window title bar state: overlay mode, drag disabled, window buttons hidden, title bar hidden
[2021.07.07-14.25.24:591][ 47]LogWorld: BeginTearingDown for /Game/FlyingCPP/Maps/UEDPIE_0_FlyingExampleMap
[2021.07.07-14.25.24:591][ 47]LogWorld: UWorld::CleanupWorld for FlyingExampleMap, bSessionEnded=true, bCleanupResources=true
[2021.07.07-14.25.24:592][ 47]LogSlate: InvalidateAllWidgets triggered.  All widgets were invalidated
[2021.07.07-14.25.24:602][ 47]LogPlayLevel: Display: Shutting down PIE online subsystems
[2021.07.07-14.25.24:603][ 47]LogSlate: InvalidateAllWidgets triggered.  All widgets were invalidated
[2021.07.07-14.25.24:614][ 47]LogSlate: Updating window title bar state: overlay mode, drag disabled, window buttons hidden, title bar hidden
[2021.07.07-14.25.24:637][ 47]LogAISub: UAISubsystem::~UAISubsystem AIPerceptionSystem (0000018578083D80), frame # 2047
[2021.07.07-14.25.24:637][ 47]LogAISub: UAISubsystem::~UAISubsystem EnvQueryManager (000001852E367E00), frame # 2047
[2021.07.07-14.25.24:638][ 47]LogUObjectHash: Compacting FUObjectHashTables data took   0.77ms
[2021.07.07-14.25.24:666][ 48]LogPlayLevel: Display: Destroying online subsystem :Context_2
[2021.07.07-14.25.35:180][122]LogHotReload: New module detected: UE4Editor-OffworldInvader-0102.dll
[2021.07.07-14.25.35:860][125]LogHotReload: Starting Hot-Reload from IDE
[2021.07.07-14.25.35:939][125]LogContentBrowser: Native class hierarchy updated for 'OffworldInvader' in 0.0007 seconds. Added 3 classes and 2 folders.
[2021.07.07-14.25.35:941][125]Display: HotReload successful (0 functions remapped  0 scriptstructs remapped)
[2021.07.07-14.25.36:006][125]LogContentBrowser: Native class hierarchy populated in 0.0135 seconds. Added 3430 classes and 823 folders.
[2021.07.07-14.25.36:011][125]Display: HotReload took  0.2s.
[2021.07.07-14.25.43:936][148]LogHotReload: New module detected: UE4Editor-OffworldInvader-0103.dll
[2021.07.07-14.25.44:958][152]LogHotReload: Starting Hot-Reload from IDE
[2021.07.07-14.25.45:032][152]LogContentBrowser: Native class hierarchy updated for 'OffworldInvader' in 0.0007 seconds. Added 3 classes and 2 folders.
[2021.07.07-14.25.45:034][152]Display: HotReload successful (0 functions remapped  0 scriptstructs remapped)
[2021.07.07-14.25.45:097][152]LogContentBrowser: Native class hierarchy populated in 0.0166 seconds. Added 3430 classes and 823 folders.
[2021.07.07-14.25.45:103][152]Display: HotReload took  0.1s.
[2021.07.07-14.25.46:688][204]Candidate modules for hot reload:
[2021.07.07-14.25.46:688][204]  OffworldInvader
[2021.07.07-14.25.46:688][204]Launching UnrealBuildTool... [C:/Program Files/Epic Games/UE_4.25/Engine/Binaries/DotNET/UnrealBuildTool.exe  -ModuleWithSuffix=OffworldInvader,1458 OffworldInvaderEditor Win64 Development -Project="C:/Users/User/Desktop/TempFolder/GVE/Offworld JamProject/OffworldJam/OffworldInvader/GVEOffworld/OffworldInvader/OffworldInvader.uproject" "C:/Users/User/Desktop/TempFolder/GVE/Offworld JamProject/OffworldJam/OffworldInvader/GVEOffworld/OffworldInvader/OffworldInvader.uproject"  -IgnoreJunk]
[2021.07.07-14.25.46:691][204]Warning: Starting HotReload took  0.0s.
[2021.07.07-14.25.49:449][349]CompilerResultsLog: New page: Compilation - 7 Jul 2021, 16:25:49
[2021.07.07-14.25.49:449][349]CompilerResultsLog: Using 'git status' to determine working set for adaptive non-unity build (C:\Users\User\Desktop\TempFolder\GVE\Offworld JamProject\OffworldJam\OffworldInvader\GVEOffworld).
[2021.07.07-14.25.49:449][349]CompilerResultsLog: Building OffworldInvaderEditor...
[2021.07.07-14.25.49:449][349]CompilerResultsLog: Using Visual Studio 2019 14.28.29336 toolchain (C:\Program Files (x86)\Microsoft Visual Studio\2019\Community\VC\Tools\MSVC\14.28.29333) and Windows 10.0.18362.0 SDK (C:\Program Files (x86)\Windows Kits\10).
[2021.07.07-14.25.49:449][349]CompilerResultsLog: Building 3 actions with 8 processes...
[2021.07.07-14.25.49:449][349]CompilerResultsLog:   [1/3] UE4Editor-OffworldInvader-1458.lib
[2021.07.07-14.25.49:449][349]CompilerResultsLog:      Creating library C:\Users\User\Desktop\TempFolder\GVE\Offworld JamProject\OffworldJam\OffworldInvader\GVEOffworld\OffworldInvader\Intermediate\Build\Win64\UE4Editor\Development\OffworldInvader\UE4Editor-OffworldInvader-1458.lib and object C:\Users\User\Desktop\TempFolder\GVE\Offworld JamProject\OffworldJam\OffworldInvader\GVEOffworld\OffworldInvader\Intermediate\Build\Win64\UE4Editor\Development\OffworldInvader\UE4Editor-OffworldInvader-1458.exp
[2021.07.07-14.25.49:449][349]CompilerResultsLog:   [2/3] UE4Editor-OffworldInvader-1458.dll
[2021.07.07-14.25.49:449][349]CompilerResultsLog:      Creating library C:\Users\User\Desktop\TempFolder\GVE\Offworld JamProject\OffworldJam\OffworldInvader\GVEOffworld\OffworldInvader\Intermediate\Build\Win64\UE4Editor\Development\OffworldInvader\UE4Editor-OffworldInvader-1458.suppressed.lib and object C:\Users\User\Desktop\TempFolder\GVE\Offworld JamProject\OffworldJam\OffworldInvader\GVEOffworld\OffworldInvader\Intermediate\Build\Win64\UE4Editor\Development\OffworldInvader\UE4Editor-OffworldInvader-1458.suppressed.exp
[2021.07.07-14.25.49:449][349]CompilerResultsLog:   [3/3] OffworldInvaderEditor.target
[2021.07.07-14.25.49:449][349]CompilerResultsLog: Total time in Parallel executor: 1.39 seconds
[2021.07.07-14.25.49:449][349]CompilerResultsLog: Total execution time: 2.66 seconds
[2021.07.07-14.25.49:449][349]LogMainFrame: MainFrame: Module compiling took 2.766 seconds
[2021.07.07-14.25.49:490][349]LogContentBrowser: Native class hierarchy updated for 'OffworldInvader' in 0.0005 seconds. Added 3 classes and 2 folders.
[2021.07.07-14.25.49:492][349]Display: HotReload successful (0 functions remapped  0 scriptstructs remapped)
[2021.07.07-14.25.49:539][349]LogContentBrowser: Native class hierarchy populated in 0.0111 seconds. Added 3430 classes and 823 folders.
[2021.07.07-14.25.49:539][349]Display: HotReload took  2.9s.
[2021.07.07-14.25.50:651][412]LogUObjectHash: Compacting FUObjectHashTables data took   0.78ms
[2021.07.07-14.25.50:729][412]LogSavePackage: Moving '../../../../../../Users/User/Desktop/TempFolder/GVE/Offworld JamProject/OffworldJam/OffworldInvader/GVEOffworld/OffworldInvader/Saved/FlyingExampleMap0F4CB6CF4C9212AEF83D318EFA24726B.tmp' to '../../../../../../Users/User/Desktop/TempFolder/GVE/Offworld JamProject/OffworldJam/OffworldInvader/GVEOffworld/OffworldInvader/Content/FlyingCPP/Maps/FlyingExampleMap.umap'
[2021.07.07-14.25.50:761][412]AssetCheck: New page: Asset Save: FlyingExampleMap
[2021.07.07-14.25.50:761][412]LogContentValidation: Display: Validating World /Game/FlyingCPP/Maps/FlyingExampleMap.FlyingExampleMap
[2021.07.07-14.25.52:333][506]LogTemp: Repeating last play command: Selected Viewport
[2021.07.07-14.25.52:347][506]LogPlayLevel: PlayLevel: No blueprints needed recompiling
[2021.07.07-14.25.52:347][506]PIE: New page: PIE session: FlyingExampleMap (7 Jul 2021, 16:25:52)
[2021.07.07-14.25.52:348][506]LogPlayLevel: Creating play world package: /Game/FlyingCPP/Maps/UEDPIE_0_FlyingExampleMap
[2021.07.07-14.25.52:368][506]LogPlayLevel: PIE: StaticDuplicateObject took: (0.020410s)
[2021.07.07-14.25.52:370][506]LogAIModule: Creating AISystem for world FlyingExampleMap
[2021.07.07-14.25.52:370][506]LogAISub: UAISubsystem::UAISubsystem EnvQueryManager (0000018518BCBE00), frame # 2506
[2021.07.07-14.25.52:370][506]LogAISub: UAISubsystem::UAISubsystem AIPerceptionSystem (00000185120F2AC0), frame # 2506
[2021.07.07-14.25.52:371][506]LogPlayLevel: PIE: World Init took: (0.002322s)
[2021.07.07-14.25.52:371][506]LogPlayLevel: PIE: Created PIE world by copying editor world from /Game/FlyingCPP/Maps/FlyingExampleMap.FlyingExampleMap to /Game/FlyingCPP/Maps/UEDPIE_0_FlyingExampleMap.FlyingExampleMap (0.023082s)
[2021.07.07-14.25.52:384][506]LogUObjectHash: Compacting FUObjectHashTables data took   0.83ms
[2021.07.07-14.25.52:386][506]LogAudioMixer: Display: Audio Mixer Platform Settings:
[2021.07.07-14.25.52:386][506]LogAudioMixer: Display: 	Sample Rate:						  48000
[2021.07.07-14.25.52:386][506]LogAudioMixer: Display: 	Callback Buffer Frame Size Requested: 1024
[2021.07.07-14.25.52:386][506]LogAudioMixer: Display: 	Callback Buffer Frame Size To Use:	  1024
[2021.07.07-14.25.52:386][506]LogAudioMixer: Display: 	Number of buffers to queue:			  2
[2021.07.07-14.25.52:386][506]LogAudioMixer: Display: 	Max Channels (voices):				  32
[2021.07.07-14.25.52:386][506]LogAudioMixer: Display: 	Number of Async Source Workers:		  0
[2021.07.07-14.25.52:386][506]LogAudio: Display: AudioDevice MaxSources: 32
[2021.07.07-14.25.52:387][506]LogAudio: Display: Using built-in audio occlusion.
[2021.07.07-14.25.52:388][506]LogAudioMixer: Display: Initializing audio mixer.
[2021.07.07-14.25.52:391][506]LogAudioMixer: Display: 0: FrontLeft
[2021.07.07-14.25.52:391][506]LogAudioMixer: Display: 1: FrontRight
[2021.07.07-14.25.52:450][506]LogAudioMixer: Display: Using Audio Device Speakers (Realtek High Definition Audio)
[2021.07.07-14.25.52:450][506]LogAudioMixer: Display: Initializing Sound Submixes...
[2021.07.07-14.25.52:450][506]LogAudioMixer: Display: Creating Master Submix 'MasterSubmixDefault'
[2021.07.07-14.25.52:450][506]LogAudioMixer: Display: Creating Master Submix 'MasterReverbSubmixDefault'
[2021.07.07-14.25.52:451][506]LogAudioMixer: Display: Creating Master Submix 'MasterEQSubmixDefault'
[2021.07.07-14.25.52:468][506]LogInit: FAudioDevice initialized.
[2021.07.07-14.25.52:474][506]LogLoad: Game class is 'OffworldInvaderGameMode'
[2021.07.07-14.25.52:480][506]LogWorld: Bringing World /Game/FlyingCPP/Maps/UEDPIE_0_FlyingExampleMap.FlyingExampleMap up for play (max tick rate 60) at 2021.07.07-15.25.52
[2021.07.07-14.25.52:480][506]LogWorld: Bringing up level for play took: 0.005492
[2021.07.07-14.25.52:480][506]LogOnline: OSS: Creating online subsystem instance for: :Context_3
[2021.07.07-14.25.52:484][506]PIE: Server logged in
[2021.07.07-14.25.52:485][506]PIE: Play in editor total start time 0.141 seconds.
[2021.07.07-14.25.58:389][587]LogRHI: Error: Present Fail Count 1
[2021.07.07-14.25.58:389][587]LogRHI: Error: SyncInterval 0
[2021.07.07-14.25.58:389][587]LogRHI: Error: SwapChainDesc.BufferDesc.Width 1936
[2021.07.07-14.25.58:389][587]LogRHI: Error: SwapChainDesc.BufferDesc.Height 1056
[2021.07.07-14.25.58:389][587]LogRHI: Error: SwapChainDesc.BufferDesc.RefreshRate.Numerator 0
[2021.07.07-14.25.58:389][587]LogRHI: Error: SwapChainDesc.BufferDesc.RefreshRate.Denominator 0
[2021.07.07-14.25.58:390][587]LogRHI: Error: SwapChainDesc.BufferDesc.Format 24
[2021.07.07-14.25.58:390][587]LogRHI: Error: SwapChainDesc.BufferDesc.ScanlineOrdering 0
[2021.07.07-14.25.58:390][587]LogRHI: Error: SwapChainDesc.BufferDesc.Scaling 0
[2021.07.07-14.25.58:390][587]LogRHI: Error: SwapChainDesc.SampleDesc.Count 1
[2021.07.07-14.25.58:390][587]LogRHI: Error: SwapChainDesc.SampleDesc.Quality 0
[2021.07.07-14.25.58:390][587]LogRHI: Error: SwapChainDesc.BufferUsage 48
[2021.07.07-14.25.58:390][587]LogRHI: Error: SwapChainDesc.BufferCount 2
[2021.07.07-14.25.58:390][587]LogRHI: Error: SwapChainDesc.OutputWindow 00000000004D04F0
[2021.07.07-14.25.58:390][587]LogRHI: Error: SwapChainDesc.Windowed true
[2021.07.07-14.25.58:390][587]LogRHI: Error: SwapChainDesc.SwapEffect 4
[2021.07.07-14.25.58:390][587]LogRHI: Error: SwapChainDesc.Flags 2050
[2021.07.07-14.25.58:391][587]LogRHI: Error: Present Fail Count 1
[2021.07.07-14.25.58:391][587]LogRHI: Error: SyncInterval 0
[2021.07.07-14.25.58:391][587]LogRHI: Error: SwapChainDesc.BufferDesc.Width 354
[2021.07.07-14.25.58:391][587]LogRHI: Error: SwapChainDesc.BufferDesc.Height 63
[2021.07.07-14.25.58:391][587]LogRHI: Error: SwapChainDesc.BufferDesc.RefreshRate.Numerator 0
[2021.07.07-14.25.58:391][587]LogRHI: Error: SwapChainDesc.BufferDesc.RefreshRate.Denominator 0
[2021.07.07-14.25.58:391][587]LogRHI: Error: SwapChainDesc.BufferDesc.Format 24
[2021.07.07-14.25.58:391][587]LogRHI: Error: SwapChainDesc.BufferDesc.ScanlineOrdering 0
[2021.07.07-14.25.58:391][587]LogRHI: Error: SwapChainDesc.BufferDesc.Scaling 0
[2021.07.07-14.25.58:391][587]LogRHI: Error: SwapChainDesc.SampleDesc.Count 1
[2021.07.07-14.25.58:392][587]LogRHI: Error: SwapChainDesc.SampleDesc.Quality 0
[2021.07.07-14.25.58:392][587]LogRHI: Error: SwapChainDesc.BufferUsage 48
[2021.07.07-14.25.58:392][587]LogRHI: Error: SwapChainDesc.BufferCount 2
[2021.07.07-14.25.58:392][587]LogRHI: Error: SwapChainDesc.OutputWindow 00000000000F0684
[2021.07.07-14.25.58:392][587]LogRHI: Error: SwapChainDesc.Windowed true
[2021.07.07-14.25.58:392][587]LogRHI: Error: SwapChainDesc.SwapEffect 4
[2021.07.07-14.25.58:392][587]LogRHI: Error: SwapChainDesc.Flags 2050
[2021.07.07-14.26.12:174][630]LogRHI: Error: Present Fail Count 2
[2021.07.07-14.26.12:174][630]LogRHI: Error: SyncInterval 0
[2021.07.07-14.26.12:174][630]LogRHI: Error: SwapChainDesc.BufferDesc.Width 1936
[2021.07.07-14.26.12:174][630]LogRHI: Error: SwapChainDesc.BufferDesc.Height 1056
[2021.07.07-14.26.12:174][630]LogRHI: Error: SwapChainDesc.BufferDesc.RefreshRate.Numerator 0
[2021.07.07-14.26.12:174][630]LogRHI: Error: SwapChainDesc.BufferDesc.RefreshRate.Denominator 0
[2021.07.07-14.26.12:174][630]LogRHI: Error: SwapChainDesc.BufferDesc.Format 24
[2021.07.07-14.26.12:174][630]LogRHI: Error: SwapChainDesc.BufferDesc.ScanlineOrdering 0
[2021.07.07-14.26.12:174][630]LogRHI: Error: SwapChainDesc.BufferDesc.Scaling 0
[2021.07.07-14.26.12:174][630]LogRHI: Error: SwapChainDesc.SampleDesc.Count 1
[2021.07.07-14.26.12:174][630]LogRHI: Error: SwapChainDesc.SampleDesc.Quality 0
[2021.07.07-14.26.12:174][630]LogRHI: Error: SwapChainDesc.BufferUsage 48
[2021.07.07-14.26.12:174][630]LogRHI: Error: SwapChainDesc.BufferCount 2
[2021.07.07-14.26.12:174][630]LogRHI: Error: SwapChainDesc.OutputWindow 00000000004D04F0
[2021.07.07-14.26.12:175][630]LogRHI: Error: SwapChainDesc.Windowed true
[2021.07.07-14.26.12:175][630]LogRHI: Error: SwapChainDesc.SwapEffect 4
[2021.07.07-14.26.12:175][630]LogRHI: Error: SwapChainDesc.Flags 2050
[2021.07.07-14.26.12:331][633]LogRHI: Error: Present Fail Count 3
[2021.07.07-14.26.12:331][633]LogRHI: Error: SyncInterval 0
[2021.07.07-14.26.12:331][633]LogRHI: Error: SwapChainDesc.BufferDesc.Width 1936
[2021.07.07-14.26.12:331][633]LogRHI: Error: SwapChainDesc.BufferDesc.Height 1056
[2021.07.07-14.26.12:331][633]LogRHI: Error: SwapChainDesc.BufferDesc.RefreshRate.Numerator 0
[2021.07.07-14.26.12:331][633]LogRHI: Error: SwapChainDesc.BufferDesc.RefreshRate.Denominator 0
[2021.07.07-14.26.12:331][633]LogRHI: Error: SwapChainDesc.BufferDesc.Format 24
[2021.07.07-14.26.12:333][633]LogRHI: Error: SwapChainDesc.BufferDesc.ScanlineOrdering 0
[2021.07.07-14.26.12:333][633]LogRHI: Error: SwapChainDesc.BufferDesc.Scaling 0
[2021.07.07-14.26.12:333][633]LogRHI: Error: SwapChainDesc.SampleDesc.Count 1
[2021.07.07-14.26.12:333][633]LogRHI: Error: SwapChainDesc.SampleDesc.Quality 0
[2021.07.07-14.26.12:333][633]LogRHI: Error: SwapChainDesc.BufferUsage 48
[2021.07.07-14.26.12:333][633]LogRHI: Error: SwapChainDesc.BufferCount 2
[2021.07.07-14.26.12:333][633]LogRHI: Error: SwapChainDesc.OutputWindow 00000000004D04F0
[2021.07.07-14.26.12:333][633]LogRHI: Error: SwapChainDesc.Windowed true
[2021.07.07-14.26.12:333][633]LogRHI: Error: SwapChainDesc.SwapEffect 4
[2021.07.07-14.26.12:333][633]LogRHI: Error: SwapChainDesc.Flags 2050
[2021.07.07-14.26.12:402][636]LogRHI: Error: Present Fail Count 4
[2021.07.07-14.26.12:402][636]LogRHI: Error: SyncInterval 0
[2021.07.07-14.26.12:403][636]LogRHI: Error: SwapChainDesc.BufferDesc.Width 1936
[2021.07.07-14.26.12:403][636]LogRHI: Error: SwapChainDesc.BufferDesc.Height 1056
[2021.07.07-14.26.12:403][636]LogRHI: Error: SwapChainDesc.BufferDesc.RefreshRate.Numerator 0
[2021.07.07-14.26.12:403][636]LogRHI: Error: SwapChainDesc.BufferDesc.RefreshRate.Denominator 0
[2021.07.07-14.26.12:403][636]LogRHI: Error: SwapChainDesc.BufferDesc.Format 24
[2021.07.07-14.26.12:403][636]LogRHI: Error: SwapChainDesc.BufferDesc.ScanlineOrdering 0
[2021.07.07-14.26.12:403][636]LogRHI: Error: SwapChainDesc.BufferDesc.Scaling 0
[2021.07.07-14.26.12:403][636]LogRHI: Error: SwapChainDesc.SampleDesc.Count 1
[2021.07.07-14.26.12:403][636]LogRHI: Error: SwapChainDesc.SampleDesc.Quality 0
[2021.07.07-14.26.12:403][636]LogRHI: Error: SwapChainDesc.BufferUsage 48
[2021.07.07-14.26.12:403][636]LogRHI: Error: SwapChainDesc.BufferCount 2
[2021.07.07-14.26.12:403][636]LogRHI: Error: SwapChainDesc.OutputWindow 00000000004D04F0
[2021.07.07-14.26.12:403][636]LogRHI: Error: SwapChainDesc.Windowed true
[2021.07.07-14.26.12:403][636]LogRHI: Error: SwapChainDesc.SwapEffect 4
[2021.07.07-14.26.12:403][636]LogRHI: Error: SwapChainDesc.Flags 2050
[2021.07.07-14.26.12:453][639]LogRHI: Error: Present Fail Count 5
[2021.07.07-14.26.12:453][639]LogRHI: Error: SyncInterval 0
[2021.07.07-14.26.12:453][639]LogRHI: Error: SwapChainDesc.BufferDesc.Width 1936
[2021.07.07-14.26.12:453][639]LogRHI: Error: SwapChainDesc.BufferDesc.Height 1056
[2021.07.07-14.26.12:453][639]LogRHI: Error: SwapChainDesc.BufferDesc.RefreshRate.Numerator 0
[2021.07.07-14.26.12:454][639]LogRHI: Error: SwapChainDesc.BufferDesc.RefreshRate.Denominator 0
[2021.07.07-14.26.12:454][639]LogRHI: Error: SwapChainDesc.BufferDesc.Format 24
[2021.07.07-14.26.12:454][639]LogRHI: Error: SwapChainDesc.BufferDesc.ScanlineOrdering 0
[2021.07.07-14.26.12:454][639]LogRHI: Error: SwapChainDesc.BufferDesc.Scaling 0
[2021.07.07-14.26.12:454][639]LogRHI: Error: SwapChainDesc.SampleDesc.Count 1
[2021.07.07-14.26.12:454][639]LogRHI: Error: SwapChainDesc.SampleDesc.Quality 0
[2021.07.07-14.26.12:454][639]LogRHI: Error: SwapChainDesc.BufferUsage 48
[2021.07.07-14.26.12:454][639]LogRHI: Error: SwapChainDesc.BufferCount 2
[2021.07.07-14.26.12:454][639]LogRHI: Error: SwapChainDesc.OutputWindow 00000000004D04F0
[2021.07.07-14.26.12:454][639]LogRHI: Error: SwapChainDesc.Windowed true
[2021.07.07-14.26.12:454][639]LogRHI: Error: SwapChainDesc.SwapEffect 4
[2021.07.07-14.26.12:454][639]LogRHI: Error: SwapChainDesc.Flags 2050
