Log file open, 07/06/21 13:43:27
LogInit: Display: Running engine for game: OffworldInvader
LogPlatformFile: Not using cached read wrapper
LogTaskGraph: Started task graph with 5 named threads and 23 total threads with 3 sets of task threads.
LogStats: Stats thread started at 0.204105
LogD3D11RHI: Loaded GFSDK_Aftermath_Lib.x64.dll
LogICUInternationalization: ICU TimeZone Detection - Raw Offset: +0:00, Platform Override: ''
LogPluginManager: Mounting plugin Paper2D
LogPluginManager: Mounting plugin AISupport
LogPluginManager: Mounting plugin LightPropagationVolume
LogPluginManager: Mounting plugin CameraShakePreviewer
LogPluginManager: Mounting plugin ActorLayerUtilities
LogPluginManager: Mounting plugin AnimationSharing
LogPluginManager: Mounting plugin CLionSourceCodeAccess
LogPluginManager: Mounting plugin CodeLiteSourceCodeAccess
LogPluginManager: Mounting plugin GitSourceControl
LogPluginManager: Mounting plugin KDevelopSourceCodeAccess
LogPluginManager: Mounting plugin NullSourceCodeAccess
LogPluginManager: Mounting plugin PerforceSourceControl
LogPluginManager: Mounting plugin PlasticSourceControl
LogPluginManager: Mounting plugin RiderLink
LogPluginManager: Mounting plugin RiderSourceCodeAccess
LogPluginManager: Mounting plugin SubversionSourceControl
LogPluginManager: Mounting plugin UObjectPlugin
LogPluginManager: Mounting plugin VisualStudioCodeSourceCodeAccess
LogPluginManager: Mounting plugin VisualStudioSourceCodeAccess
LogPluginManager: Mounting plugin XCodeSourceCodeAccess
LogPluginManager: Mounting plugin AssetManagerEditor
LogPluginManager: Mounting plugin CryptoKeys
LogPluginManager: Mounting plugin CurveEditorTools
LogPluginManager: Mounting plugin DataValidation
LogPluginManager: Mounting plugin EditorScriptingUtilities
LogPluginManager: Mounting plugin FacialAnimation
LogPluginManager: Mounting plugin GameplayTagsEditor
LogPluginManager: Mounting plugin GeometryMode
LogPluginManager: Mounting plugin MacGraphicsSwitching
LogPluginManager: Mounting plugin MaterialAnalyzer
LogPluginManager: Mounting plugin MobileLauncherProfileWizard
LogPluginManager: Mounting plugin PluginBrowser
LogPluginManager: Mounting plugin SpeedTreeImporter
LogPluginManager: Mounting plugin DatasmithContent
LogPluginManager: Mounting plugin VariantManagerContent
LogPluginManager: Mounting plugin AlembicImporter
LogPluginManager: Mounting plugin AutomationUtils
LogPluginManager: Mounting plugin BackChannel
LogPluginManager: Mounting plugin ChaosCloth
LogPluginManager: Mounting plugin ChaosClothEditor
LogPluginManager: Mounting plugin ChaosEditor
LogPluginManager: Mounting plugin ChaosNiagara
LogPluginManager: Mounting plugin ChaosSolverPlugin
LogPluginManager: Mounting plugin CharacterAI
LogPluginManager: Mounting plugin GeometryCache
LogPluginManager: Mounting plugin GeometryCollectionPlugin
LogPluginManager: Mounting plugin GeometryProcessing
LogPluginManager: Mounting plugin PlanarCut
LogPluginManager: Mounting plugin PlatformCrypto
LogPluginManager: Mounting plugin ProxyLODPlugin
LogPluginManager: Mounting plugin SkeletalReduction
LogPluginManager: Mounting plugin Niagara
LogPluginManager: Mounting plugin MagicLeap
LogPluginManager: Mounting plugin MagicLeapLightEstimation
LogPluginManager: Mounting plugin MagicLeapMedia
LogPluginManager: Mounting plugin MagicLeapPassableWorld
LogPluginManager: Mounting plugin MLSDK
LogPluginManager: Mounting plugin AndroidMedia
LogPluginManager: Mounting plugin AvfMedia
LogPluginManager: Mounting plugin ImgMedia
LogPluginManager: Mounting plugin MediaCompositing
LogPluginManager: Mounting plugin MediaPlayerEditor
LogPluginManager: Mounting plugin WebMMedia
LogPluginManager: Mounting plugin WmfMedia
LogPluginManager: Mounting plugin MeshPainting
LogPluginManager: Mounting plugin TcpMessaging
LogPluginManager: Mounting plugin UdpMessaging
LogPluginManager: Mounting plugin ActorSequence
LogPluginManager: Mounting plugin LevelSequenceEditor
LogPluginManager: Mounting plugin MatineeToLevelSequence
LogPluginManager: Mounting plugin MovieRenderPipeline
LogPluginManager: Mounting plugin TemplateSequence
LogPluginManager: Mounting plugin NetcodeUnitTest
LogPluginManager: Mounting plugin NUTUnrealEngine4
LogPluginManager: Mounting plugin OnlineSubsystemGooglePlay
LogPluginManager: Mounting plugin OnlineSubsystemIOS
LogPluginManager: Mounting plugin OnlineSubsystem
LogPluginManager: Mounting plugin OnlineSubsystemNull
LogPluginManager: Mounting plugin OnlineSubsystemUtils
LogPluginManager: Mounting plugin LauncherChunkInstaller
LogPluginManager: Mounting plugin AndroidDeviceProfileSelector
LogPluginManager: Mounting plugin AndroidMoviePlayer
LogPluginManager: Mounting plugin AndroidPermission
LogPluginManager: Mounting plugin AppleImageUtils
LogPluginManager: Mounting plugin AppleMoviePlayer
LogPluginManager: Mounting plugin ArchVisCharacter
LogPluginManager: Mounting plugin AssetTags
LogPluginManager: Mounting plugin AudioCapture
LogPluginManager: Mounting plugin CableComponent
LogPluginManager: Mounting plugin CustomMeshComponent
LogPluginManager: Mounting plugin EditableMesh
LogPluginManager: Mounting plugin ExampleDeviceProfileSelector
LogPluginManager: Mounting plugin GoogleCloudMessaging
LogPluginManager: Mounting plugin GooglePAD
LogPluginManager: Mounting plugin IOSDeviceProfileSelector
LogPluginManager: Mounting plugin LinuxDeviceProfileSelector
LogPluginManager: Mounting plugin LocationServicesBPLibrary
LogPluginManager: Mounting plugin MobilePatchingUtils
LogPluginManager: Mounting plugin OculusVR
LogPluginManager: Mounting plugin PhysXVehicles
LogPluginManager: Mounting plugin PostSplashScreen
LogPluginManager: Mounting plugin ProceduralMeshComponent
LogPluginManager: Mounting plugin RuntimePhysXCooking
LogPluginManager: Mounting plugin SignificanceManager
LogPluginManager: Mounting plugin SoundFields
LogPluginManager: Mounting plugin SteamVR
LogPluginManager: Mounting plugin Synthesis
LogPluginManager: Mounting plugin WebMMoviePlayer
LogPluginManager: Mounting plugin WindowsMoviePlayer
LogPluginManager: Mounting plugin ScreenshotTools
LogInit: Using libcurl 7.55.1-DEV
LogInit:  - built for x86_64-pc-win32
LogInit:  - supports SSL with OpenSSL/1.1.1
LogInit:  - supports HTTP deflate (compression) using libz 1.2.8
LogInit:  - other features:
LogInit:      CURL_VERSION_SSL
LogInit:      CURL_VERSION_LIBZ
LogInit:      CURL_VERSION_IPV6
LogInit:      CURL_VERSION_ASYNCHDNS
LogInit:      CURL_VERSION_LARGEFILE
LogInit:      CURL_VERSION_IDN
LogInit:  CurlRequestOptions (configurable via config and command line):
LogInit:  - bVerifyPeer = true  - Libcurl will verify peer certificate
LogInit:  - bUseHttpProxy = false  - Libcurl will NOT use HTTP proxy
LogInit:  - bDontReuseConnections = false  - Libcurl will reuse connections
LogInit:  - MaxHostConnections = 16  - Libcurl will limit the number of connections to a host
LogInit:  - LocalHostAddr = Default
LogInit:  - BufferSize = 65536
LogOnline: OSS: Creating online subsystem instance for: NULL
LogInit: WinSock: version 1.1 (2.2), MaxSocks=32767, MaxUdp=65467
LogOnline: OSS: TryLoadSubsystemAndSetDefault: Loaded subsystem for module [NULL]
LogInit: Build: ++UE4+Release-4.25-CL-14469661
LogInit: Engine Version: 4.25.4-14469661+++UE4+Release-4.25
LogInit: Compatible Engine Version: 4.25.0-13144385+++UE4+Release-4.25
LogInit: Net CL: 13144385
LogInit: OS: Windows 10 (Release 2004) (), CPU: Intel(R) Core(TM) i7-7700HQ CPU @ 2.80GHz, GPU: Intel(R) HD Graphics 630
LogInit: Compiled (64-bit): Oct 11 2020 08:10:49
LogInit: Compiled with Visual C++: 19.24.28315.00
LogInit: Build Configuration: Development
LogInit: Branch Name: ++UE4+Release-4.25
LogInit: Command Line: 
LogInit: Base Directory: C:/Program Files/Epic Games/UE_4.25/Engine/Binaries/Win64/
LogInit: Allocator: TBB
LogInit: Installed Engine Build: 1
LogDevObjectVersion: Number of dev versions registered: 26
LogDevObjectVersion:   Dev-Blueprints (B0D832E4-1F89-4F0D-ACCF-7EB736FD4AA2): 10
LogDevObjectVersion:   Dev-Build (E1C64328-A22C-4D53-A36C-8E866417BD8C): 0
LogDevObjectVersion:   Dev-Core (375EC13C-06E4-48FB-B500-84F0262A717E): 4
LogDevObjectVersion:   Dev-Editor (E4B068ED-F494-42E9-A231-DA0B2E46BB41): 38
LogDevObjectVersion:   Dev-Framework (CFFC743F-43B0-4480-9391-14DF171D2073): 37
LogDevObjectVersion:   Dev-Mobile (B02B49B5-BB20-44E9-A304-32B752E40360): 2
LogDevObjectVersion:   Dev-Networking (A4E4105C-59A1-49B5-A7C5-40C4547EDFEE): 0
LogDevObjectVersion:   Dev-Online (39C831C9-5AE6-47DC-9A44-9C173E1C8E7C): 0
LogDevObjectVersion:   Dev-Physics (78F01B33-EBEA-4F98-B9B4-84EACCB95AA2): 4
LogDevObjectVersion:   Dev-Platform (6631380F-2D4D-43E0-8009-CF276956A95A): 0
LogDevObjectVersion:   Dev-Rendering (12F88B9F-8875-4AFC-A67C-D90C383ABD29): 43
LogDevObjectVersion:   Dev-Sequencer (7B5AE74C-D270-4C10-A958-57980B212A5A): 12
LogDevObjectVersion:   Dev-VR (D7296918-1DD6-4BDD-9DE2-64A83CC13884): 3
LogDevObjectVersion:   Dev-LoadTimes (C2A15278-BFE7-4AFE-6C17-90FF531DF755): 1
LogDevObjectVersion:   Private-Geometry (6EACA3D4-40EC-4CC1-B786-8BED09428FC5): 3
LogDevObjectVersion:   Dev-AnimPhys (29E575DD-E0A3-4627-9D10-D276232CDCEA): 17
LogDevObjectVersion:   Dev-Anim (AF43A65D-7FD3-4947-9873-3E8ED9C1BB05): 7
LogDevObjectVersion:   Dev-ReflectionCapture (6B266CEC-1EC7-4B8F-A30B-E4D90942FC07): 1
LogDevObjectVersion:   Dev-Automation (0DF73D61-A23F-47EA-B727-89E90C41499A): 1
LogDevObjectVersion:   FortniteMain (601D1886-AC64-4F84-AA16-D3DE0DEAC7D6): 31
LogDevObjectVersion:   Dev-Enterprise (9DFFBCD6-494F-0158-E221-12823C92A888): 10
LogDevObjectVersion:   Dev-Niagara (F2AED0AC-9AFE-416F-8664-AA7FFA26D6FC): 1
LogDevObjectVersion:   Dev-Destruction (174F1F0B-B4C6-45A5-B13F-2EE8D0FB917D): 10
LogDevObjectVersion:   Dev-Physics-Ext (35F94A83-E258-406C-A318-09F59610247C): 37
LogDevObjectVersion:   Dev-PhysicsMaterial-Chaos (B68FC16E-8B1B-42E2-B453-215C058844FE): 1
LogDevObjectVersion:   Dev-CineCamera (B2E18506-4273-CFC2-A54E-F4BB758BBA07): 1
LogInit: Presizing for max 25165824 objects, including 0 objects not considered by GC, pre-allocating 0 bytes for permanent pool.
LogConfig: Applying CVar settings from Section [/Script/Engine.StreamingSettings] File [C:/Users/User/Desktop/TempFolder/GVE/Offworld JamProject/OffworldJam/OffworldInvader/GVEOffworld/OffworldInvader/Saved/Config/Windows/Engine.ini]
LogConfig: Setting CVar [[s.MinBulkDataSizeForAsyncLoading:131072]]
LogConfig: Setting CVar [[s.AsyncLoadingThreadEnabled:0]]
LogConfig: Setting CVar [[s.EventDrivenLoaderEnabled:1]]
LogConfig: Setting CVar [[s.WarnIfTimeLimitExceeded:0]]
LogConfig: Setting CVar [[s.TimeLimitExceededMultiplier:1.5]]
LogConfig: Setting CVar [[s.TimeLimitExceededMinTime:0.005]]
LogConfig: Setting CVar [[s.UseBackgroundLevelStreaming:1]]
LogConfig: Setting CVar [[s.PriorityAsyncLoadingExtraTime:15.0]]
LogConfig: Setting CVar [[s.LevelStreamingActorsUpdateTimeLimit:5.0]]
LogConfig: Setting CVar [[s.PriorityLevelStreamingActorsUpdateExtraTime:5.0]]
LogConfig: Setting CVar [[s.LevelStreamingComponentsRegistrationGranularity:10]]
LogConfig: Setting CVar [[s.UnregisterComponentsTimeLimit:1.0]]
LogConfig: Setting CVar [[s.LevelStreamingComponentsUnregistrationGranularity:5]]
LogConfig: Setting CVar [[s.FlushStreamingOnExit:1]]
LogInit: Object subsystem initialized
LogConfig: Setting CVar [[con.DebugEarlyDefault:1]]
LogConfig: Setting CVar [[r.setres:1280x720]]
[2021.07.06-12.43.28:193][  0]LogConfig: Setting CVar [[r.VSync:0]]
[2021.07.06-12.43.28:193][  0]LogConfig: Setting CVar [[r.RHICmdBypass:0]]
[2021.07.06-12.43.28:193][  0]LogConfig: Applying CVar settings from Section [/Script/Engine.RendererSettings] File [C:/Users/User/Desktop/TempFolder/GVE/Offworld JamProject/OffworldJam/OffworldInvader/GVEOffworld/OffworldInvader/Saved/Config/Windows/Engine.ini]
[2021.07.06-12.43.28:193][  0]LogConfig: Setting CVar [[r.GPUCrashDebugging:0]]
[2021.07.06-12.43.28:193][  0]LogConfig: Applying CVar settings from Section [/Script/Engine.RendererOverrideSettings] File [C:/Users/User/Desktop/TempFolder/GVE/Offworld JamProject/OffworldJam/OffworldInvader/GVEOffworld/OffworldInvader/Saved/Config/Windows/Engine.ini]
[2021.07.06-12.43.28:193][  0]LogConfig: Applying CVar settings from Section [/Script/Engine.StreamingSettings] File [C:/Users/User/Desktop/TempFolder/GVE/Offworld JamProject/OffworldJam/OffworldInvader/GVEOffworld/OffworldInvader/Saved/Config/Windows/Engine.ini]
[2021.07.06-12.43.28:193][  0]LogConfig: Setting CVar [[s.MinBulkDataSizeForAsyncLoading:131072]]
[2021.07.06-12.43.28:193][  0]LogConfig: Setting CVar [[s.AsyncLoadingThreadEnabled:0]]
[2021.07.06-12.43.28:193][  0]LogConfig: Setting CVar [[s.EventDrivenLoaderEnabled:1]]
[2021.07.06-12.43.28:193][  0]LogConfig: Setting CVar [[s.WarnIfTimeLimitExceeded:0]]
[2021.07.06-12.43.28:193][  0]LogConfig: Setting CVar [[s.TimeLimitExceededMultiplier:1.5]]
[2021.07.06-12.43.28:193][  0]LogConfig: Setting CVar [[s.TimeLimitExceededMinTime:0.005]]
[2021.07.06-12.43.28:193][  0]LogConfig: Setting CVar [[s.UseBackgroundLevelStreaming:1]]
[2021.07.06-12.43.28:193][  0]LogConfig: Setting CVar [[s.PriorityAsyncLoadingExtraTime:15.0]]
[2021.07.06-12.43.28:193][  0]LogConfig: Setting CVar [[s.LevelStreamingActorsUpdateTimeLimit:5.0]]
[2021.07.06-12.43.28:193][  0]LogConfig: Setting CVar [[s.PriorityLevelStreamingActorsUpdateExtraTime:5.0]]
[2021.07.06-12.43.28:193][  0]LogConfig: Setting CVar [[s.LevelStreamingComponentsRegistrationGranularity:10]]
[2021.07.06-12.43.28:193][  0]LogConfig: Setting CVar [[s.UnregisterComponentsTimeLimit:1.0]]
[2021.07.06-12.43.28:193][  0]LogConfig: Setting CVar [[s.LevelStreamingComponentsUnregistrationGranularity:5]]
[2021.07.06-12.43.28:193][  0]LogConfig: Setting CVar [[s.FlushStreamingOnExit:1]]
[2021.07.06-12.43.28:193][  0]LogConfig: Applying CVar settings from Section [/Script/Engine.GarbageCollectionSettings] File [C:/Users/User/Desktop/TempFolder/GVE/Offworld JamProject/OffworldJam/OffworldInvader/GVEOffworld/OffworldInvader/Saved/Config/Windows/Engine.ini]
[2021.07.06-12.43.28:193][  0]LogConfig: Setting CVar [[gc.MaxObjectsNotConsideredByGC:1]]
[2021.07.06-12.43.28:193][  0]LogConfig: Setting CVar [[gc.SizeOfPermanentObjectPool:0]]
[2021.07.06-12.43.28:193][  0]LogConfig: Setting CVar [[gc.FlushStreamingOnGC:0]]
[2021.07.06-12.43.28:193][  0]LogConfig: Setting CVar [[gc.NumRetriesBeforeForcingGC:10]]
[2021.07.06-12.43.28:193][  0]LogConfig: Setting CVar [[gc.AllowParallelGC:1]]
[2021.07.06-12.43.28:193][  0]LogConfig: Setting CVar [[gc.TimeBetweenPurgingPendingKillObjects:61.1]]
[2021.07.06-12.43.28:193][  0]LogConfig: Setting CVar [[gc.MaxObjectsInEditor:25165824]]
[2021.07.06-12.43.28:193][  0]LogConfig: Setting CVar [[gc.IncrementalBeginDestroyEnabled:1]]
[2021.07.06-12.43.28:193][  0]LogConfig: Setting CVar [[gc.CreateGCClusters:1]]
[2021.07.06-12.43.28:193][  0]LogConfig: Setting CVar [[gc.MinGCClusterSize:5]]
[2021.07.06-12.43.28:193][  0]LogConfig: Setting CVar [[gc.ActorClusteringEnabled:0]]
[2021.07.06-12.43.28:194][  0]LogConfig: Setting CVar [[gc.BlueprintClusteringEnabled:0]]
[2021.07.06-12.43.28:194][  0]LogConfig: Setting CVar [[gc.UseDisregardForGCOnDedicatedServers:0]]
[2021.07.06-12.43.28:194][  0]LogConfig: Applying CVar settings from Section [/Script/Engine.NetworkSettings] File [C:/Users/User/Desktop/TempFolder/GVE/Offworld JamProject/OffworldJam/OffworldInvader/GVEOffworld/OffworldInvader/Saved/Config/Windows/Engine.ini]
[2021.07.06-12.43.28:194][  0]LogConfig: Applying CVar settings from Section [/Script/UnrealEd.CookerSettings] File [C:/Users/User/Desktop/TempFolder/GVE/Offworld JamProject/OffworldJam/OffworldInvader/GVEOffworld/OffworldInvader/Saved/Config/Windows/Engine.ini]
[2021.07.06-12.43.28:196][  0]LogConfig: Applying CVar settings from Section [ViewDistanceQuality@3] File [C:/Users/User/Desktop/TempFolder/GVE/Offworld JamProject/OffworldJam/OffworldInvader/GVEOffworld/OffworldInvader/Saved/Config/Windows/Scalability.ini]
[2021.07.06-12.43.28:196][  0]LogConfig: Setting CVar [[r.SkeletalMeshLODBias:0]]
[2021.07.06-12.43.28:196][  0]LogConfig: Setting CVar [[r.ViewDistanceScale:1.0]]
[2021.07.06-12.43.28:196][  0]LogConfig: Applying CVar settings from Section [AntiAliasingQuality@3] File [C:/Users/User/Desktop/TempFolder/GVE/Offworld JamProject/OffworldJam/OffworldInvader/GVEOffworld/OffworldInvader/Saved/Config/Windows/Scalability.ini]
[2021.07.06-12.43.28:196][  0]LogConfig: Setting CVar [[r.PostProcessAAQuality:4]]
[2021.07.06-12.43.28:196][  0]LogConfig: Applying CVar settings from Section [ShadowQuality@3] File [C:/Users/User/Desktop/TempFolder/GVE/Offworld JamProject/OffworldJam/OffworldInvader/GVEOffworld/OffworldInvader/Saved/Config/Windows/Scalability.ini]
[2021.07.06-12.43.28:196][  0]LogConfig: Setting CVar [[r.LightFunctionQuality:1]]
[2021.07.06-12.43.28:196][  0]LogConfig: Setting CVar [[r.ShadowQuality:5]]
[2021.07.06-12.43.28:196][  0]LogConfig: Setting CVar [[r.Shadow.CSM.MaxCascades:10]]
[2021.07.06-12.43.28:196][  0]LogConfig: Setting CVar [[r.Shadow.MaxResolution:2048]]
[2021.07.06-12.43.28:196][  0]LogConfig: Setting CVar [[r.Shadow.MaxCSMResolution:2048]]
[2021.07.06-12.43.28:196][  0]LogConfig: Setting CVar [[r.Shadow.RadiusThreshold:0.01]]
[2021.07.06-12.43.28:196][  0]LogConfig: Setting CVar [[r.Shadow.DistanceScale:1.0]]
[2021.07.06-12.43.28:196][  0]LogConfig: Setting CVar [[r.Shadow.CSM.TransitionScale:1.0]]
[2021.07.06-12.43.28:196][  0]LogConfig: Setting CVar [[r.Shadow.PreShadowResolutionFactor:1.0]]
[2021.07.06-12.43.28:196][  0]LogConfig: Setting CVar [[r.DistanceFieldShadowing:1]]
[2021.07.06-12.43.28:196][  0]LogConfig: Setting CVar [[r.DistanceFieldAO:1]]
[2021.07.06-12.43.28:196][  0]LogConfig: Setting CVar [[r.AOQuality:2]]
[2021.07.06-12.43.28:196][  0]LogConfig: Setting CVar [[r.VolumetricFog:1]]
[2021.07.06-12.43.28:196][  0]LogConfig: Setting CVar [[r.VolumetricFog.GridPixelSize:8]]
[2021.07.06-12.43.28:196][  0]LogConfig: Setting CVar [[r.VolumetricFog.GridSizeZ:128]]
[2021.07.06-12.43.28:196][  0]LogConfig: Setting CVar [[r.VolumetricFog.HistoryMissSupersampleCount:4]]
[2021.07.06-12.43.28:196][  0]LogConfig: Setting CVar [[r.LightMaxDrawDistanceScale:1]]
[2021.07.06-12.43.28:197][  0]LogConfig: Setting CVar [[r.CapsuleShadows:1]]
[2021.07.06-12.43.28:197][  0]LogConfig: Applying CVar settings from Section [PostProcessQuality@3] File [C:/Users/User/Desktop/TempFolder/GVE/Offworld JamProject/OffworldJam/OffworldInvader/GVEOffworld/OffworldInvader/Saved/Config/Windows/Scalability.ini]
[2021.07.06-12.43.28:197][  0]LogConfig: Setting CVar [[r.MotionBlurQuality:4]]
[2021.07.06-12.43.28:197][  0]LogConfig: Setting CVar [[r.AmbientOcclusionMipLevelFactor:0.4]]
[2021.07.06-12.43.28:197][  0]LogConfig: Setting CVar [[r.AmbientOcclusionMaxQuality:100]]
[2021.07.06-12.43.28:197][  0]LogConfig: Setting CVar [[r.AmbientOcclusionLevels:-1]]
[2021.07.06-12.43.28:197][  0]LogConfig: Setting CVar [[r.AmbientOcclusionRadiusScale:1.0]]
[2021.07.06-12.43.28:197][  0]LogConfig: Setting CVar [[r.DepthOfFieldQuality:2]]
[2021.07.06-12.43.28:197][  0]LogConfig: Setting CVar [[r.RenderTargetPoolMin:400]]
[2021.07.06-12.43.28:197][  0]LogConfig: Setting CVar [[r.LensFlareQuality:2]]
[2021.07.06-12.43.28:197][  0]LogConfig: Setting CVar [[r.SceneColorFringeQuality:1]]
[2021.07.06-12.43.28:197][  0]LogConfig: Setting CVar [[r.EyeAdaptationQuality:2]]
[2021.07.06-12.43.28:197][  0]LogConfig: Setting CVar [[r.BloomQuality:5]]
[2021.07.06-12.43.28:197][  0]LogConfig: Setting CVar [[r.FastBlurThreshold:100]]
[2021.07.06-12.43.28:197][  0]LogConfig: Setting CVar [[r.Upscale.Quality:3]]
[2021.07.06-12.43.28:197][  0]LogConfig: Setting CVar [[r.Tonemapper.GrainQuantization:1]]
[2021.07.06-12.43.28:197][  0]LogConfig: Setting CVar [[r.LightShaftQuality:1]]
[2021.07.06-12.43.28:197][  0]LogConfig: Setting CVar [[r.Filter.SizeScale:1]]
[2021.07.06-12.43.28:197][  0]LogConfig: Setting CVar [[r.Tonemapper.Quality:5]]
[2021.07.06-12.43.28:197][  0]LogConfig: Setting CVar [[r.DOF.Gather.AccumulatorQuality:1        ; higher gathering accumulator quality]]
[2021.07.06-12.43.28:197][  0]LogConfig: Setting CVar [[r.DOF.Gather.PostfilterMethod:1          ; Median3x3 postfilering method]]
[2021.07.06-12.43.28:197][  0]LogConfig: Setting CVar [[r.DOF.Gather.EnableBokehSettings:0       ; no bokeh simulation when gathering]]
[2021.07.06-12.43.28:197][  0]LogConfig: Setting CVar [[r.DOF.Gather.RingCount:4                 ; medium number of samples when gathering]]
[2021.07.06-12.43.28:197][  0]LogConfig: Setting CVar [[r.DOF.Scatter.ForegroundCompositing:1    ; additive foreground scattering]]
[2021.07.06-12.43.28:197][  0]LogConfig: Setting CVar [[r.DOF.Scatter.BackgroundCompositing:2    ; additive background scattering]]
[2021.07.06-12.43.28:197][  0]LogConfig: Setting CVar [[r.DOF.Scatter.EnableBokehSettings:1      ; bokeh simulation when scattering]]
[2021.07.06-12.43.28:197][  0]LogConfig: Setting CVar [[r.DOF.Scatter.MaxSpriteRatio:0.1         ; only a maximum of 10% of scattered bokeh]]
[2021.07.06-12.43.28:197][  0]LogConfig: Setting CVar [[r.DOF.Recombine.Quality:1                ; cheap slight out of focus]]
[2021.07.06-12.43.28:197][  0]LogConfig: Setting CVar [[r.DOF.Recombine.EnableBokehSettings:0    ; no bokeh simulation on slight out of focus]]
[2021.07.06-12.43.28:197][  0]LogConfig: Setting CVar [[r.DOF.TemporalAAQuality:1                ; more stable temporal accumulation]]
[2021.07.06-12.43.28:197][  0]LogConfig: Setting CVar [[r.DOF.Kernel.MaxForegroundRadius:0.025]]
[2021.07.06-12.43.28:197][  0]LogConfig: Setting CVar [[r.DOF.Kernel.MaxBackgroundRadius:0.025]]
[2021.07.06-12.43.28:197][  0]LogConfig: Applying CVar settings from Section [TextureQuality@3] File [C:/Users/User/Desktop/TempFolder/GVE/Offworld JamProject/OffworldJam/OffworldInvader/GVEOffworld/OffworldInvader/Saved/Config/Windows/Scalability.ini]
[2021.07.06-12.43.28:197][  0]LogConfig: Setting CVar [[r.Streaming.MipBias:0]]
[2021.07.06-12.43.28:197][  0]LogConfig: Setting CVar [[r.Streaming.AmortizeCPUToGPUCopy:0]]
[2021.07.06-12.43.28:197][  0]LogConfig: Setting CVar [[r.Streaming.MaxNumTexturesToStreamPerFrame:0]]
[2021.07.06-12.43.28:197][  0]LogConfig: Setting CVar [[r.Streaming.Boost:1]]
[2021.07.06-12.43.28:197][  0]LogConfig: Setting CVar [[r.MaxAnisotropy:8]]
[2021.07.06-12.43.28:197][  0]LogConfig: Setting CVar [[r.VT.MaxAnisotropy:8]]
[2021.07.06-12.43.28:197][  0]LogConfig: Setting CVar [[r.Streaming.LimitPoolSizeToVRAM:0]]
[2021.07.06-12.43.28:197][  0]LogConfig: Setting CVar [[r.Streaming.PoolSize:1000]]
[2021.07.06-12.43.28:197][  0]LogConfig: Setting CVar [[r.Streaming.MaxEffectiveScreenSize:0]]
[2021.07.06-12.43.28:197][  0]LogConfig: Applying CVar settings from Section [EffectsQuality@3] File [C:/Users/User/Desktop/TempFolder/GVE/Offworld JamProject/OffworldJam/OffworldInvader/GVEOffworld/OffworldInvader/Saved/Config/Windows/Scalability.ini]
[2021.07.06-12.43.28:197][  0]LogConfig: Setting CVar [[r.TranslucencyLightingVolumeDim:64]]
[2021.07.06-12.43.28:197][  0]LogConfig: Setting CVar [[r.RefractionQuality:2]]
[2021.07.06-12.43.28:197][  0]LogConfig: Setting CVar [[r.SSR.Quality:3]]
[2021.07.06-12.43.28:197][  0]LogConfig: Setting CVar [[r.SSR.HalfResSceneColor:0]]
[2021.07.06-12.43.28:197][  0]LogConfig: Setting CVar [[r.SceneColorFormat:4]]
[2021.07.06-12.43.28:197][  0]LogConfig: Setting CVar [[r.DetailMode:2]]
[2021.07.06-12.43.28:197][  0]LogConfig: Setting CVar [[r.TranslucencyVolumeBlur:1]]
[2021.07.06-12.43.28:197][  0]LogConfig: Setting CVar [[r.MaterialQualityLevel:1 ; High quality]]
[2021.07.06-12.43.28:197][  0]LogConfig: Setting CVar [[r.SSS.Scale:1]]
[2021.07.06-12.43.28:197][  0]LogConfig: Setting CVar [[r.SSS.SampleSet:2]]
[2021.07.06-12.43.28:197][  0]LogConfig: Setting CVar [[r.SSS.Quality:1]]
[2021.07.06-12.43.28:197][  0]LogConfig: Setting CVar [[r.SSS.HalfRes:0]]
[2021.07.06-12.43.28:197][  0]LogConfig: Setting CVar [[r.SSGI.Quality:3]]
[2021.07.06-12.43.28:197][  0]LogConfig: Setting CVar [[r.EmitterSpawnRateScale:1.0]]
[2021.07.06-12.43.28:197][  0]LogConfig: Setting CVar [[r.ParticleLightQuality:2]]
[2021.07.06-12.43.28:197][  0]LogConfig: Setting CVar [[r.SkyAtmosphere.AerialPerspectiveLUT.FastApplyOnOpaque:1 ; Always have FastSkyLUT 1 in this case to avoid wrong sky]]
[2021.07.06-12.43.28:197][  0]LogConfig: Setting CVar [[r.SkyAtmosphere.AerialPerspectiveLUT.SampleCountPerSlice:1]]
[2021.07.06-12.43.28:197][  0]LogConfig: Setting CVar [[r.SkyAtmosphere.AerialPerspectiveLUT.DepthResolution:16.0]]
[2021.07.06-12.43.28:197][  0]LogConfig: Setting CVar [[r.SkyAtmosphere.FastSkyLUT:1]]
[2021.07.06-12.43.28:197][  0]LogConfig: Setting CVar [[r.SkyAtmosphere.FastSkyLUT.SampleCountMin:4.0]]
[2021.07.06-12.43.28:198][  0]LogConfig: Setting CVar [[r.SkyAtmosphere.FastSkyLUT.SampleCountMax:32.0]]
[2021.07.06-12.43.28:198][  0]LogConfig: Setting CVar [[r.SkyAtmosphere.SampleCountMin:4.0]]
[2021.07.06-12.43.28:198][  0]LogConfig: Setting CVar [[r.SkyAtmosphere.SampleCountMax:32.0]]
[2021.07.06-12.43.28:198][  0]LogConfig: Setting CVar [[r.SkyAtmosphere.TransmittanceLUT.UseSmallFormat:0]]
[2021.07.06-12.43.28:198][  0]LogConfig: Setting CVar [[r.SkyAtmosphere.TransmittanceLUT.SampleCount:10.0]]
[2021.07.06-12.43.28:198][  0]LogConfig: Setting CVar [[r.SkyAtmosphere.MultiScatteringLUT.SampleCount:15.0]]
[2021.07.06-12.43.28:198][  0]LogConfig: Applying CVar settings from Section [FoliageQuality@3] File [C:/Users/User/Desktop/TempFolder/GVE/Offworld JamProject/OffworldJam/OffworldInvader/GVEOffworld/OffworldInvader/Saved/Config/Windows/Scalability.ini]
[2021.07.06-12.43.28:198][  0]LogConfig: Setting CVar [[foliage.DensityScale:1.0]]
[2021.07.06-12.43.28:198][  0]LogConfig: Setting CVar [[grass.DensityScale:1.0]]
[2021.07.06-12.43.28:198][  0]LogConfig: Applying CVar settings from Section [ShadingQuality@3] File [C:/Users/User/Desktop/TempFolder/GVE/Offworld JamProject/OffworldJam/OffworldInvader/GVEOffworld/OffworldInvader/Saved/Config/Windows/Scalability.ini]
[2021.07.06-12.43.28:198][  0]LogConfig: Setting CVar [[r.HairStrands.SkyLighting.SampleCount:16]]
[2021.07.06-12.43.28:198][  0]LogConfig: Setting CVar [[r.HairStrands.SkyLighting.JitterIntegration:0]]
[2021.07.06-12.43.28:198][  0]LogConfig: Setting CVar [[r.HairStrands.SkyAO.SampleCount:16]]
[2021.07.06-12.43.28:198][  0]LogConfig: Setting CVar [[r.HairStrands.DeepShadow.SuperSampling:0]]
[2021.07.06-12.43.28:198][  0]LogConfig: Setting CVar [[r.HairStrands.VisibilityPPLL:0]]
[2021.07.06-12.43.28:198][  0]LogConfig: Setting CVar [[r.HairStrands.RasterizationScale:0.5]]
[2021.07.06-12.43.28:198][  0]LogConfig: Setting CVar [[r.HairStrands.VelocityRasterizationScale:1]]
[2021.07.06-12.43.28:198][  0]LogInit: Selected Device Profile: [Windows]
[2021.07.06-12.43.28:198][  0]LogInit: Applying CVar settings loaded from the selected device profile: [Windows]
[2021.07.06-12.43.28:198][  0]LogHAL: Display: Platform has ~ 16 GB [17061756928 / 17179869184 / 16], which maps to Larger [LargestMinGB=32, LargerMinGB=12, DefaultMinGB=8, SmallerMinGB=6, SmallestMinGB=0)
[2021.07.06-12.43.28:198][  0]LogInit: Going up to parent DeviceProfile []
[2021.07.06-12.43.28:198][  0]LogConfig: Applying CVar settings from Section [ViewDistanceQuality@3] File [C:/Users/User/Desktop/TempFolder/GVE/Offworld JamProject/OffworldJam/OffworldInvader/GVEOffworld/OffworldInvader/Saved/Config/Windows/Scalability.ini]
[2021.07.06-12.43.28:198][  0]LogConfig: Setting CVar [[r.SkeletalMeshLODBias:0]]
[2021.07.06-12.43.28:198][  0]LogConfig: Setting CVar [[r.ViewDistanceScale:1.0]]
[2021.07.06-12.43.28:198][  0]LogConfig: Applying CVar settings from Section [AntiAliasingQuality@3] File [C:/Users/User/Desktop/TempFolder/GVE/Offworld JamProject/OffworldJam/OffworldInvader/GVEOffworld/OffworldInvader/Saved/Config/Windows/Scalability.ini]
[2021.07.06-12.43.28:198][  0]LogConfig: Setting CVar [[r.PostProcessAAQuality:4]]
[2021.07.06-12.43.28:198][  0]LogConfig: Applying CVar settings from Section [ShadowQuality@3] File [C:/Users/User/Desktop/TempFolder/GVE/Offworld JamProject/OffworldJam/OffworldInvader/GVEOffworld/OffworldInvader/Saved/Config/Windows/Scalability.ini]
[2021.07.06-12.43.28:198][  0]LogConfig: Setting CVar [[r.LightFunctionQuality:1]]
[2021.07.06-12.43.28:198][  0]LogConfig: Setting CVar [[r.ShadowQuality:5]]
[2021.07.06-12.43.28:198][  0]LogConfig: Setting CVar [[r.Shadow.CSM.MaxCascades:10]]
[2021.07.06-12.43.28:198][  0]LogConfig: Setting CVar [[r.Shadow.MaxResolution:2048]]
[2021.07.06-12.43.28:198][  0]LogConfig: Setting CVar [[r.Shadow.MaxCSMResolution:2048]]
[2021.07.06-12.43.28:198][  0]LogConfig: Setting CVar [[r.Shadow.RadiusThreshold:0.01]]
[2021.07.06-12.43.28:198][  0]LogConfig: Setting CVar [[r.Shadow.DistanceScale:1.0]]
[2021.07.06-12.43.28:198][  0]LogConfig: Setting CVar [[r.Shadow.CSM.TransitionScale:1.0]]
[2021.07.06-12.43.28:198][  0]LogConfig: Setting CVar [[r.Shadow.PreShadowResolutionFactor:1.0]]
[2021.07.06-12.43.28:198][  0]LogConfig: Setting CVar [[r.DistanceFieldShadowing:1]]
[2021.07.06-12.43.28:198][  0]LogConfig: Setting CVar [[r.DistanceFieldAO:1]]
[2021.07.06-12.43.28:198][  0]LogConfig: Setting CVar [[r.AOQuality:2]]
[2021.07.06-12.43.28:198][  0]LogConfig: Setting CVar [[r.VolumetricFog:1]]
[2021.07.06-12.43.28:198][  0]LogConfig: Setting CVar [[r.VolumetricFog.GridPixelSize:8]]
[2021.07.06-12.43.28:198][  0]LogConfig: Setting CVar [[r.VolumetricFog.GridSizeZ:128]]
[2021.07.06-12.43.28:198][  0]LogConfig: Setting CVar [[r.VolumetricFog.HistoryMissSupersampleCount:4]]
[2021.07.06-12.43.28:198][  0]LogConfig: Setting CVar [[r.LightMaxDrawDistanceScale:1]]
[2021.07.06-12.43.28:198][  0]LogConfig: Setting CVar [[r.CapsuleShadows:1]]
[2021.07.06-12.43.28:198][  0]LogConfig: Applying CVar settings from Section [PostProcessQuality@3] File [C:/Users/User/Desktop/TempFolder/GVE/Offworld JamProject/OffworldJam/OffworldInvader/GVEOffworld/OffworldInvader/Saved/Config/Windows/Scalability.ini]
[2021.07.06-12.43.28:198][  0]LogConfig: Setting CVar [[r.MotionBlurQuality:4]]
[2021.07.06-12.43.28:198][  0]LogConfig: Setting CVar [[r.AmbientOcclusionMipLevelFactor:0.4]]
[2021.07.06-12.43.28:198][  0]LogConfig: Setting CVar [[r.AmbientOcclusionMaxQuality:100]]
[2021.07.06-12.43.28:198][  0]LogConfig: Setting CVar [[r.AmbientOcclusionLevels:-1]]
[2021.07.06-12.43.28:198][  0]LogConfig: Setting CVar [[r.AmbientOcclusionRadiusScale:1.0]]
[2021.07.06-12.43.28:198][  0]LogConfig: Setting CVar [[r.DepthOfFieldQuality:2]]
[2021.07.06-12.43.28:198][  0]LogConfig: Setting CVar [[r.RenderTargetPoolMin:400]]
[2021.07.06-12.43.28:198][  0]LogConfig: Setting CVar [[r.LensFlareQuality:2]]
[2021.07.06-12.43.28:199][  0]LogConfig: Setting CVar [[r.SceneColorFringeQuality:1]]
[2021.07.06-12.43.28:199][  0]LogConfig: Setting CVar [[r.EyeAdaptationQuality:2]]
[2021.07.06-12.43.28:199][  0]LogConfig: Setting CVar [[r.BloomQuality:5]]
[2021.07.06-12.43.28:199][  0]LogConfig: Setting CVar [[r.FastBlurThreshold:100]]
[2021.07.06-12.43.28:199][  0]LogConfig: Setting CVar [[r.Upscale.Quality:3]]
[2021.07.06-12.43.28:199][  0]LogConfig: Setting CVar [[r.Tonemapper.GrainQuantization:1]]
[2021.07.06-12.43.28:199][  0]LogConfig: Setting CVar [[r.LightShaftQuality:1]]
[2021.07.06-12.43.28:199][  0]LogConfig: Setting CVar [[r.Filter.SizeScale:1]]
[2021.07.06-12.43.28:199][  0]LogConfig: Setting CVar [[r.Tonemapper.Quality:5]]
[2021.07.06-12.43.28:199][  0]LogConfig: Setting CVar [[r.DOF.Gather.AccumulatorQuality:1        ; higher gathering accumulator quality]]
[2021.07.06-12.43.28:199][  0]LogConfig: Setting CVar [[r.DOF.Gather.PostfilterMethod:1          ; Median3x3 postfilering method]]
[2021.07.06-12.43.28:199][  0]LogConfig: Setting CVar [[r.DOF.Gather.EnableBokehSettings:0       ; no bokeh simulation when gathering]]
[2021.07.06-12.43.28:199][  0]LogConfig: Setting CVar [[r.DOF.Gather.RingCount:4                 ; medium number of samples when gathering]]
[2021.07.06-12.43.28:199][  0]LogConfig: Setting CVar [[r.DOF.Scatter.ForegroundCompositing:1    ; additive foreground scattering]]
[2021.07.06-12.43.28:199][  0]LogConfig: Setting CVar [[r.DOF.Scatter.BackgroundCompositing:2    ; additive background scattering]]
[2021.07.06-12.43.28:199][  0]LogConfig: Setting CVar [[r.DOF.Scatter.EnableBokehSettings:1      ; bokeh simulation when scattering]]
[2021.07.06-12.43.28:199][  0]LogConfig: Setting CVar [[r.DOF.Scatter.MaxSpriteRatio:0.1         ; only a maximum of 10% of scattered bokeh]]
[2021.07.06-12.43.28:199][  0]LogConfig: Setting CVar [[r.DOF.Recombine.Quality:1                ; cheap slight out of focus]]
[2021.07.06-12.43.28:199][  0]LogConfig: Setting CVar [[r.DOF.Recombine.EnableBokehSettings:0    ; no bokeh simulation on slight out of focus]]
[2021.07.06-12.43.28:199][  0]LogConfig: Setting CVar [[r.DOF.TemporalAAQuality:1                ; more stable temporal accumulation]]
[2021.07.06-12.43.28:199][  0]LogConfig: Setting CVar [[r.DOF.Kernel.MaxForegroundRadius:0.025]]
[2021.07.06-12.43.28:199][  0]LogConfig: Setting CVar [[r.DOF.Kernel.MaxBackgroundRadius:0.025]]
[2021.07.06-12.43.28:199][  0]LogConfig: Applying CVar settings from Section [TextureQuality@3] File [C:/Users/User/Desktop/TempFolder/GVE/Offworld JamProject/OffworldJam/OffworldInvader/GVEOffworld/OffworldInvader/Saved/Config/Windows/Scalability.ini]
[2021.07.06-12.43.28:199][  0]LogConfig: Setting CVar [[r.Streaming.MipBias:0]]
[2021.07.06-12.43.28:199][  0]LogConfig: Setting CVar [[r.Streaming.AmortizeCPUToGPUCopy:0]]
[2021.07.06-12.43.28:199][  0]LogConfig: Setting CVar [[r.Streaming.MaxNumTexturesToStreamPerFrame:0]]
[2021.07.06-12.43.28:199][  0]LogConfig: Setting CVar [[r.Streaming.Boost:1]]
[2021.07.06-12.43.28:199][  0]LogConfig: Setting CVar [[r.MaxAnisotropy:8]]
[2021.07.06-12.43.28:199][  0]LogConfig: Setting CVar [[r.VT.MaxAnisotropy:8]]
[2021.07.06-12.43.28:199][  0]LogConfig: Setting CVar [[r.Streaming.LimitPoolSizeToVRAM:0]]
[2021.07.06-12.43.28:199][  0]LogConfig: Setting CVar [[r.Streaming.PoolSize:1000]]
[2021.07.06-12.43.28:199][  0]LogConfig: Setting CVar [[r.Streaming.MaxEffectiveScreenSize:0]]
[2021.07.06-12.43.28:199][  0]LogConfig: Applying CVar settings from Section [EffectsQuality@3] File [C:/Users/User/Desktop/TempFolder/GVE/Offworld JamProject/OffworldJam/OffworldInvader/GVEOffworld/OffworldInvader/Saved/Config/Windows/Scalability.ini]
[2021.07.06-12.43.28:199][  0]LogConfig: Setting CVar [[r.TranslucencyLightingVolumeDim:64]]
[2021.07.06-12.43.28:199][  0]LogConfig: Setting CVar [[r.RefractionQuality:2]]
[2021.07.06-12.43.28:199][  0]LogConfig: Setting CVar [[r.SSR.Quality:3]]
[2021.07.06-12.43.28:199][  0]LogConfig: Setting CVar [[r.SSR.HalfResSceneColor:0]]
[2021.07.06-12.43.28:199][  0]LogConfig: Setting CVar [[r.SceneColorFormat:4]]
[2021.07.06-12.43.28:199][  0]LogConfig: Setting CVar [[r.DetailMode:2]]
[2021.07.06-12.43.28:199][  0]LogConfig: Setting CVar [[r.TranslucencyVolumeBlur:1]]
[2021.07.06-12.43.28:199][  0]LogConfig: Setting CVar [[r.MaterialQualityLevel:1 ; High quality]]
[2021.07.06-12.43.28:199][  0]LogConfig: Setting CVar [[r.SSS.Scale:1]]
[2021.07.06-12.43.28:199][  0]LogConfig: Setting CVar [[r.SSS.SampleSet:2]]
[2021.07.06-12.43.28:199][  0]LogConfig: Setting CVar [[r.SSS.Quality:1]]
[2021.07.06-12.43.28:199][  0]LogConfig: Setting CVar [[r.SSS.HalfRes:0]]
[2021.07.06-12.43.28:199][  0]LogConfig: Setting CVar [[r.SSGI.Quality:3]]
[2021.07.06-12.43.28:199][  0]LogConfig: Setting CVar [[r.EmitterSpawnRateScale:1.0]]
[2021.07.06-12.43.28:199][  0]LogConfig: Setting CVar [[r.ParticleLightQuality:2]]
[2021.07.06-12.43.28:199][  0]LogConfig: Setting CVar [[r.SkyAtmosphere.AerialPerspectiveLUT.FastApplyOnOpaque:1 ; Always have FastSkyLUT 1 in this case to avoid wrong sky]]
[2021.07.06-12.43.28:199][  0]LogConfig: Setting CVar [[r.SkyAtmosphere.AerialPerspectiveLUT.SampleCountPerSlice:1]]
[2021.07.06-12.43.28:199][  0]LogConfig: Setting CVar [[r.SkyAtmosphere.AerialPerspectiveLUT.DepthResolution:16.0]]
[2021.07.06-12.43.28:199][  0]LogConfig: Setting CVar [[r.SkyAtmosphere.FastSkyLUT:1]]
[2021.07.06-12.43.28:199][  0]LogConfig: Setting CVar [[r.SkyAtmosphere.FastSkyLUT.SampleCountMin:4.0]]
[2021.07.06-12.43.28:199][  0]LogConfig: Setting CVar [[r.SkyAtmosphere.FastSkyLUT.SampleCountMax:32.0]]
[2021.07.06-12.43.28:199][  0]LogConfig: Setting CVar [[r.SkyAtmosphere.SampleCountMin:4.0]]
[2021.07.06-12.43.28:199][  0]LogConfig: Setting CVar [[r.SkyAtmosphere.SampleCountMax:32.0]]
[2021.07.06-12.43.28:199][  0]LogConfig: Setting CVar [[r.SkyAtmosphere.TransmittanceLUT.UseSmallFormat:0]]
[2021.07.06-12.43.28:199][  0]LogConfig: Setting CVar [[r.SkyAtmosphere.TransmittanceLUT.SampleCount:10.0]]
[2021.07.06-12.43.28:199][  0]LogConfig: Setting CVar [[r.SkyAtmosphere.MultiScatteringLUT.SampleCount:15.0]]
[2021.07.06-12.43.28:199][  0]LogConfig: Applying CVar settings from Section [FoliageQuality@3] File [C:/Users/User/Desktop/TempFolder/GVE/Offworld JamProject/OffworldJam/OffworldInvader/GVEOffworld/OffworldInvader/Saved/Config/Windows/Scalability.ini]
[2021.07.06-12.43.28:199][  0]LogConfig: Setting CVar [[foliage.DensityScale:1.0]]
[2021.07.06-12.43.28:199][  0]LogConfig: Setting CVar [[grass.DensityScale:1.0]]
[2021.07.06-12.43.28:199][  0]LogConfig: Applying CVar settings from Section [ShadingQuality@3] File [C:/Users/User/Desktop/TempFolder/GVE/Offworld JamProject/OffworldJam/OffworldInvader/GVEOffworld/OffworldInvader/Saved/Config/Windows/Scalability.ini]
[2021.07.06-12.43.28:199][  0]LogConfig: Setting CVar [[r.HairStrands.SkyLighting.SampleCount:16]]
[2021.07.06-12.43.28:199][  0]LogConfig: Setting CVar [[r.HairStrands.SkyLighting.JitterIntegration:0]]
[2021.07.06-12.43.28:199][  0]LogConfig: Setting CVar [[r.HairStrands.SkyAO.SampleCount:16]]
[2021.07.06-12.43.28:200][  0]LogConfig: Setting CVar [[r.HairStrands.DeepShadow.SuperSampling:0]]
[2021.07.06-12.43.28:200][  0]LogConfig: Setting CVar [[r.HairStrands.VisibilityPPLL:0]]
[2021.07.06-12.43.28:200][  0]LogConfig: Setting CVar [[r.HairStrands.RasterizationScale:0.5]]
[2021.07.06-12.43.28:200][  0]LogConfig: Setting CVar [[r.HairStrands.VelocityRasterizationScale:1]]
[2021.07.06-12.43.28:200][  0]LogConfig: Applying CVar settings from Section [Startup] File [../../../Engine/Config/ConsoleVariables.ini]
[2021.07.06-12.43.28:200][  0]LogConfig: Setting CVar [[net.UseAdaptiveNetUpdateFrequency:0]]
[2021.07.06-12.43.28:200][  0]LogConfig: Setting CVar [[p.chaos.AllowCreatePhysxBodies:1]]
[2021.07.06-12.43.28:200][  0]LogConfig: Setting CVar [[fx.SkipVectorVMBackendOptimizations:1]]
[2021.07.06-12.43.28:200][  0]LogConfig: Applying CVar settings from Section [ConsoleVariables] File [C:/Users/User/Desktop/TempFolder/GVE/Offworld JamProject/OffworldJam/OffworldInvader/GVEOffworld/OffworldInvader/Saved/Config/Windows/Engine.ini]
[2021.07.06-12.43.28:200][  0]LogInit: Computer: DESKTOP-1846E27
[2021.07.06-12.43.28:200][  0]LogInit: User: User
[2021.07.06-12.43.28:200][  0]LogInit: CPU Page size=4096, Cores=4
[2021.07.06-12.43.28:200][  0]LogInit: High frequency timer resolution =10.000000 MHz
[2021.07.06-12.43.28:201][  0]LogMemory: Memory total: Physical=15.9GB (16GB approx)
[2021.07.06-12.43.28:201][  0]LogMemory: Platform Memory Stats for Windows
[2021.07.06-12.43.28:201][  0]LogMemory: Process Physical Memory: 115.58 MB used, 115.58 MB peak
[2021.07.06-12.43.28:201][  0]LogMemory: Process Virtual Memory: 104.12 MB used, 104.12 MB peak
[2021.07.06-12.43.28:201][  0]LogMemory: Physical Memory: 7946.70 MB used,  8324.66 MB free, 16271.36 MB total
[2021.07.06-12.43.28:201][  0]LogMemory: Virtual Memory: 5153.12 MB used,  134212576.00 MB free, 134217728.00 MB total
[2021.07.06-12.43.28:206][  0]LogWindows: WindowsPlatformFeatures enabled
[2021.07.06-12.43.28:243][  0]LogInit: Physics initialised using underlying interface: PhysX
[2021.07.06-12.43.28:244][  0]LogInit: Using OS detected language (en-GB).
[2021.07.06-12.43.28:244][  0]LogInit: Using OS detected locale (en-GB).
[2021.07.06-12.43.28:248][  0]LogTextLocalizationManager: No specific localization for 'en-GB' exists, so the 'en' localization will be used.
[2021.07.06-12.43.28:431][  0]LogInit: Setting process to per monitor DPI aware
[2021.07.06-12.43.28:462][  0]LogSlate: New Slate User Created.  User Index 0, Is Virtual User: 0
[2021.07.06-12.43.28:462][  0]LogSlate: Slate User Registered.  User Index 0, Is Virtual User: 0
[2021.07.06-12.43.28:668][  0]LogHMD: Failed to initialize OpenVR with code 110
[2021.07.06-12.43.28:668][  0]LogD3D11RHI: D3D11 min allowed feature level: 11_0
[2021.07.06-12.43.28:668][  0]LogD3D11RHI: D3D11 max allowed feature level: 11_0
[2021.07.06-12.43.28:668][  0]LogD3D11RHI: D3D11 adapters:
[2021.07.06-12.43.28:925][  0]LogD3D11RHI:    0. 'NVIDIA GeForce GTX 960M' (Feature Level 11_0)
[2021.07.06-12.43.28:925][  0]LogD3D11RHI:       2010/0/8135 MB DedicatedVideo/DedicatedSystem/SharedSystem, Outputs:1, VendorId:0x10de
[2021.07.06-12.43.28:935][  0]LogD3D11RHI:    1. 'Intel(R) HD Graphics 630' (Feature Level 11_0)
[2021.07.06-12.43.28:935][  0]LogD3D11RHI:       128/0/8135 MB DedicatedVideo/DedicatedSystem/SharedSystem, Outputs:0, VendorId:0x8086
[2021.07.06-12.43.28:937][  0]LogD3D11RHI:    2. 'Microsoft Basic Render Driver' (Feature Level 11_0)
[2021.07.06-12.43.28:937][  0]LogD3D11RHI:       0/0/8135 MB DedicatedVideo/DedicatedSystem/SharedSystem, Outputs:0, VendorId:0x1414
[2021.07.06-12.43.28:937][  0]LogD3D11RHI: Chosen D3D11 Adapter: 0
[2021.07.06-12.43.28:979][  0]LogD3D11RHI: Creating new Direct3DDevice
[2021.07.06-12.43.28:979][  0]LogD3D11RHI:     GPU DeviceId: 0x139b (for the marketing name, search the web for "GPU Device Id")
[2021.07.06-12.43.28:979][  0]LogWindows: EnumDisplayDevices:
[2021.07.06-12.43.28:979][  0]LogWindows:    0. 'Intel(R) HD Graphics 630' (P:1 D:1)
[2021.07.06-12.43.28:980][  0]LogWindows:    1. 'Intel(R) HD Graphics 630' (P:0 D:0)
[2021.07.06-12.43.28:980][  0]LogWindows:    2. 'Intel(R) HD Graphics 630' (P:0 D:0)
[2021.07.06-12.43.28:980][  0]LogWindows: DebugString: PrimaryIsNotTheChoosenAdapter PrimaryIsNotTheChoosenAdapter PrimaryIsNotTheChoosenAdapter FoundDriverCount:0 
[2021.07.06-12.43.28:980][  0]LogD3D11RHI:     Adapter Name: NVIDIA GeForce GTX 960M
[2021.07.06-12.43.28:980][  0]LogD3D11RHI:   Driver Version: Unknown (internal:Unknown, unified:Unknown)
[2021.07.06-12.43.28:980][  0]LogD3D11RHI:      Driver Date: Unknown
[2021.07.06-12.43.28:980][  0]LogRHI: Texture pool is 1407 MB (70% of 2010 MB)
[2021.07.06-12.43.29:041][  0]LogD3D11RHI: RHI has support for 64 bit atomics
[2021.07.06-12.43.29:041][  0]LogD3D11RHI: Async texture creation enabled
[2021.07.06-12.43.29:056][  0]LogD3D11RHI: GPU Timing Frequency: 1000.000000 (Debug: 2 1)
[2021.07.06-12.43.29:374][  0]LogTargetPlatformManager: Display: Loaded TargetPlatform 'AllDesktop'
[2021.07.06-12.43.29:404][  0]LogTargetPlatformManager: Display: Loaded TargetPlatform 'Android'
[2021.07.06-12.43.29:404][  0]LogTargetPlatformManager: Display: Loaded TargetPlatform 'Android_ASTC'
[2021.07.06-12.43.29:404][  0]LogTargetPlatformManager: Display: Loaded TargetPlatform 'Android_DXT'
[2021.07.06-12.43.29:404][  0]LogTargetPlatformManager: Display: Loaded TargetPlatform 'Android_ETC2'
[2021.07.06-12.43.29:404][  0]LogTargetPlatformManager: Display: Loaded TargetPlatform 'AndroidClient'
[2021.07.06-12.43.29:404][  0]LogTargetPlatformManager: Display: Loaded TargetPlatform 'Android_ASTCClient'
[2021.07.06-12.43.29:404][  0]LogTargetPlatformManager: Display: Loaded TargetPlatform 'Android_DXTClient'
[2021.07.06-12.43.29:404][  0]LogTargetPlatformManager: Display: Loaded TargetPlatform 'Android_ETC2Client'
[2021.07.06-12.43.29:404][  0]LogTargetPlatformManager: Display: Loaded TargetPlatform 'Android_Multi'
[2021.07.06-12.43.29:404][  0]LogTargetPlatformManager: Display: Loaded TargetPlatform 'Android_MultiClient'
[2021.07.06-12.43.29:444][  0]LogTargetPlatformManager: Display: Loaded TargetPlatform 'IOSClient'
[2021.07.06-12.43.29:444][  0]LogTargetPlatformManager: Display: Loaded TargetPlatform 'IOS'
[2021.07.06-12.43.29:461][  0]LogTargetPlatformManager: Display: Loaded TargetPlatform 'Linux'
[2021.07.06-12.43.29:474][  0]LogTargetPlatformManager: Display: Loaded TargetPlatform 'LinuxNoEditor'
[2021.07.06-12.43.29:487][  0]LogTargetPlatformManager: Display: Loaded TargetPlatform 'LinuxClient'
[2021.07.06-12.43.29:500][  0]LogTargetPlatformManager: Display: Loaded TargetPlatform 'LinuxServer'
[2021.07.06-12.43.29:512][  0]LogTargetPlatformManager: Display: Loaded TargetPlatform 'LinuxAArch64NoEditor'
[2021.07.06-12.43.29:524][  0]LogTargetPlatformManager: Display: Loaded TargetPlatform 'LinuxAArch64Client'
[2021.07.06-12.43.29:537][  0]LogTargetPlatformManager: Display: Loaded TargetPlatform 'LinuxAArch64Server'
[2021.07.06-12.43.29:575][  0]LogTargetPlatformManager: Display: Loaded TargetPlatform 'Lumin'
[2021.07.06-12.43.29:575][  0]LogTargetPlatformManager: Display: Loaded TargetPlatform 'LuminClient'
[2021.07.06-12.43.29:597][  0]LogTargetPlatformManager: Display: Loaded TargetPlatform 'TVOSClient'
[2021.07.06-12.43.29:597][  0]LogTargetPlatformManager: Display: Loaded TargetPlatform 'TVOS'
[2021.07.06-12.43.29:608][  0]LogTargetPlatformManager: Display: Loaded TargetPlatform 'WindowsNoEditor'
[2021.07.06-12.43.29:622][  0]LogTargetPlatformManager: Display: Loaded TargetPlatform 'Windows'
[2021.07.06-12.43.29:634][  0]LogTargetPlatformManager: Display: Loaded TargetPlatform 'WindowsClient'
[2021.07.06-12.43.29:645][  0]LogTargetPlatformManager: Display: Loaded TargetPlatform 'WindowsServer'
[2021.07.06-12.43.29:645][  0]LogTargetPlatformManager: Display: Building Assets For Windows
[2021.07.06-12.43.29:653][  0]LogAudioDebug: Display: Lib vorbis DLL was dynamically loaded.
[2021.07.06-12.43.29:710][  0]LogShaderCompilers: Guid format shader working directory is -83 characters bigger than the processId version (../../../../../../Users/User/Desktop/TempFolder/GVE/Offworld JamProject/OffworldJam/OffworldInvader/GVEOffworld/OffworldInvader/Intermediate/Shaders/WorkingDirectory/11972/).
[2021.07.06-12.43.29:710][  0]LogShaderCompilers: Cleaned the shader compiler working directory 'C:/Users/User/AppData/Local/Temp/UnrealShaderWorkingDir/D4952A154DE3ACAA2356CFAA5915913D/'.
[2021.07.06-12.43.29:711][  0]LogXGEController: Cleaning working directory: C:/Users/User/AppData/Local/Temp/UnrealXGEWorkingDir/
[2021.07.06-12.43.29:711][  0]LogXGEController: Cannot use XGE Controller as Incredibuild is not installed on this machine.
[2021.07.06-12.43.29:711][  0]LogShaderCompilers: Cannot use XGE Shader Compiler as Incredibuild is not installed on this machine.
[2021.07.06-12.43.29:711][  0]LogShaderCompilers: Display: Using Local Shader Compiler.
[2021.07.06-12.43.30:501][  0]LogDerivedDataCache: Display: Max Cache Size: 512 MB
[2021.07.06-12.43.30:552][  0]LogDerivedDataCache: Loaded boot cache 0.05s 76MB C:/Users/User/AppData/Local/UnrealEngine/4.25/DerivedDataCache/Boot.ddc.
[2021.07.06-12.43.30:552][  0]LogDerivedDataCache: Display: Loaded Boot cache: C:/Users/User/AppData/Local/UnrealEngine/4.25/DerivedDataCache/Boot.ddc
[2021.07.06-12.43.30:552][  0]LogDerivedDataCache: FDerivedDataBackendGraph:  Pak pak cache file ../../../../../../Users/User/Desktop/TempFolder/GVE/Offworld JamProject/OffworldJam/OffworldInvader/GVEOffworld/OffworldInvader/DerivedDataCache/DDC.ddp not found, will not use a pak cache.
[2021.07.06-12.43.30:552][  0]LogDerivedDataCache: Unable to find inner node Pak for hierarchical cache Hierarchy.
[2021.07.06-12.43.30:552][  0]LogDerivedDataCache: FDerivedDataBackendGraph:  CompressedPak pak cache file ../../../../../../Users/User/Desktop/TempFolder/GVE/Offworld JamProject/OffworldJam/OffworldInvader/GVEOffworld/OffworldInvader/DerivedDataCache/Compressed.ddp not found, will not use a pak cache.
[2021.07.06-12.43.30:552][  0]LogDerivedDataCache: Unable to find inner node CompressedPak for hierarchical cache Hierarchy.
[2021.07.06-12.43.30:562][  0]LogDerivedDataCache: Display: Pak cache opened for reading ../../../Engine/DerivedDataCache/Compressed.ddp.
[2021.07.06-12.43.30:563][  0]LogDerivedDataCache: FDerivedDataBackendGraph:  EnterprisePak pak cache file ../../../Enterprise/DerivedDataCache/Compressed.ddp not found, will not use a pak cache.
[2021.07.06-12.43.30:563][  0]LogDerivedDataCache: Unable to find inner node EnterprisePak for hierarchical cache Hierarchy.
[2021.07.06-12.43.30:564][  0]LogDerivedDataCache: Using Local data cache path C:/Users/User/AppData/Local/UnrealEngine/Common/DerivedDataCache: Writable
[2021.07.06-12.43.30:564][  0]LogDerivedDataCache: Shared data cache path not found in *engine.ini, will not use an Shared cache.
[2021.07.06-12.43.30:564][  0]LogDerivedDataCache: Unable to find inner node Shared for hierarchical cache Hierarchy.
[2021.07.06-12.43.30:619][  0]LogSlate: Using FreeType 2.10.0
[2021.07.06-12.43.30:620][  0]LogSlate: SlateFontServices - WITH_FREETYPE: 1, WITH_HARFBUZZ: 1
[2021.07.06-12.43.30:648][  0]LogAssetRegistry: FAssetRegistry took 0.0031 seconds to start up
[2021.07.06-12.43.30:881][  0]LogInit: Selected Device Profile: [Windows]
[2021.07.06-12.43.31:008][  0]LogMeshReduction: Using QuadricMeshReduction for automatic static mesh reduction
[2021.07.06-12.43.31:008][  0]LogMeshReduction: Using SimplygonMeshReduction for automatic skeletal mesh reduction
[2021.07.06-12.43.31:008][  0]LogMeshReduction: Using ProxyLODMeshReduction for automatic mesh merging
[2021.07.06-12.43.31:008][  0]LogMeshReduction: No distributed automatic mesh merging module available
[2021.07.06-12.43.31:008][  0]LogMeshMerging: No distributed automatic mesh merging module available
[2021.07.06-12.43.31:023][  0]LogNetVersion: OffworldInvader 1.0.0, NetCL: 13144385, EngineNetVer: 14, GameNetVer: 0 (Checksum: 3010887049)
[2021.07.06-12.43.31:476][  0]LogAISub: UAISubsystem::UAISubsystem AISubsystem (000001B12F953880), frame # 0
[2021.07.06-12.43.31:476][  0]LogAISub: UAISubsystem::UAISubsystem AIPerceptionSystem (000001B12F955080), frame # 0
[2021.07.06-12.43.31:477][  0]LogAISub: UAISubsystem::UAISubsystem EnvQueryManager (000001B12F9A1C00), frame # 0
[2021.07.06-12.43.31:537][  0]LogPackageLocalizationCache: Processed 19 localized package path(s) for 1 prioritized culture(s) in 0.053389 seconds
[2021.07.06-12.43.31:542][  0]LogUObjectArray: 15917 objects as part of root set at end of initial load.
[2021.07.06-12.43.31:542][  0]LogUObjectAllocator: 3965568 out of 0 bytes used by permanent object pool.
[2021.07.06-12.43.31:542][  0]LogUObjectArray: CloseDisregardForGC: 0/0 objects in disregard for GC pool
[2021.07.06-12.43.31:889][  0]LogTcpMessaging: Initializing TcpMessaging bridge
[2021.07.06-12.43.31:893][  0]LogUdpMessaging: Initializing bridge on interface 0.0.0.0:0 to multicast group 230.0.0.1:6666.
[2021.07.06-12.43.31:949][  0]LogLinker: Warning: Failed to load '/Game/ThirdPersonBP/ThirdPersonOverview': Can't find file.
[2021.07.06-12.43.31:949][  0]LogLinker: Warning: Failed to load '/Game/ThirdPersonBP/ThirdPersonOverview': Can't find file.
[2021.07.06-12.43.31:949][  0]LogUObjectGlobals: Warning: Failed to find object 'Class /Game/ThirdPersonBP/ThirdPersonOverview.ThirdPersonOverview_C'
[2021.07.06-12.43.31:981][  0]SourceControl: Source control is disabled
[2021.07.06-12.43.31:981][  0]SourceControl: Source control is disabled
[2021.07.06-12.43.31:984][  0]SourceControl: Source control is disabled
[2021.07.06-12.43.31:987][  0]SourceControl: Source control is disabled
[2021.07.06-12.43.31:998][  0]SourceControl: Source control is disabled
[2021.07.06-12.43.32:241][  0]LogAndroidPermission: UAndroidPermissionCallbackProxy::GetInstance
[2021.07.06-12.43.32:260][  0]LogAudioCaptureCore: Display: No Audio Capture implementations found. Audio input will be silent.
[2021.07.06-12.43.32:261][  0]LogAudioCaptureCore: Display: No Audio Capture implementations found. Audio input will be silent.
[2021.07.06-12.43.32:311][  0]LogOcInput: OculusInput pre-init called
[2021.07.06-12.43.32:323][  0]LogWindows: Failed to load 'OVRPlugin.dll' (GetLastError=126)
[2021.07.06-12.43.32:323][  0]LogWindows: File 'OVRPlugin.dll' does not exist
[2021.07.06-12.43.32:381][  0]LogEngine: Initializing Engine...
[2021.07.06-12.43.32:382][  0]LogHMD: Failed to initialize OpenVR with code 110
[2021.07.06-12.43.32:382][  0]LogMagicLeap: Warning: VR disabled because ZI is not enabled.  To enable, in the editor, Edit -> Project Settings -> Plugins -> Magic Leap Plugin -> Enable Zero Iteration
[2021.07.06-12.43.32:383][  0]LogStats: UGameplayTagsManager::InitializeManager -  0.000 s
[2021.07.06-12.43.32:513][  0]LogInit: Initializing FReadOnlyCVARCache
[2021.07.06-12.43.32:520][  0]LogAIModule: Creating AISystem for world Untitled
[2021.07.06-12.43.32:520][  0]LogAISub: UAISubsystem::UAISubsystem EnvQueryManager (000001B131A8FC00), frame # 0
[2021.07.06-12.43.32:520][  0]LogAISub: UAISubsystem::UAISubsystem AIPerceptionSystem (000001B131AE25C0), frame # 0
[2021.07.06-12.43.32:543][  0]LogAudioMixer: Display: Audio Mixer Platform Settings:
[2021.07.06-12.43.32:543][  0]LogAudioMixer: Display: 	Sample Rate:						  48000
[2021.07.06-12.43.32:543][  0]LogAudioMixer: Display: 	Callback Buffer Frame Size Requested: 1024
[2021.07.06-12.43.32:543][  0]LogAudioMixer: Display: 	Callback Buffer Frame Size To Use:	  1024
[2021.07.06-12.43.32:543][  0]LogAudioMixer: Display: 	Number of buffers to queue:			  2
[2021.07.06-12.43.32:543][  0]LogAudioMixer: Display: 	Max Channels (voices):				  32
[2021.07.06-12.43.32:543][  0]LogAudioMixer: Display: 	Number of Async Source Workers:		  0
[2021.07.06-12.43.32:543][  0]LogAudio: Display: AudioDevice MaxSources: 32
[2021.07.06-12.43.32:544][  0]LogAudio: Display: Using built-in audio occlusion.
[2021.07.06-12.43.32:544][  0]LogAudioMixer: Display: Initializing audio mixer.
[2021.07.06-12.43.32:557][  0]LogAudioMixer: Display: 0: FrontLeft
[2021.07.06-12.43.32:557][  0]LogAudioMixer: Display: 1: FrontRight
[2021.07.06-12.43.32:699][  0]LogAudioMixer: Display: Using Audio Device Speakers (Realtek High Definition Audio)
[2021.07.06-12.43.32:701][  0]LogAudioMixer: Display: Initializing Sound Submixes...
[2021.07.06-12.43.32:703][  0]LogAudioMixer: Display: Creating Master Submix 'MasterSubmixDefault'
[2021.07.06-12.43.32:704][  0]LogAudioMixer: Display: Creating Master Submix 'MasterReverbSubmixDefault'
[2021.07.06-12.43.32:705][  0]LogAudioMixer: Display: Creating Master Submix 'MasterEQSubmixDefault'
[2021.07.06-12.43.32:706][  0]LogInit: FAudioDevice initialized.
[2021.07.06-12.43.32:707][  0]LogNetVersion: Set ProjectVersion to 1.0.0.0. Version Checksum will be recalculated on next use.
[2021.07.06-12.43.32:785][  0]LogDerivedDataCache: Saved boot cache 0.08s 76MB C:/Users/User/AppData/Local/UnrealEngine/4.25/DerivedDataCache/Boot.ddc.
[2021.07.06-12.43.32:786][  0]LogInit: Texture streaming: Enabled
[2021.07.06-12.43.32:804][  0]LogEngineSessionManager: EngineSessionManager initialized
[2021.07.06-12.43.32:804][  0]LogEngineSessionManager: EngineSessionManager sent abnormal shutdown report. Type=Crashed, SessionId={2439A2ED-4EC9-019A-88F9-5592505E7556}
[2021.07.06-12.43.32:804][  0]LogEditorSessionSummary: Verbose: Initializing EditorSessionSummaryWriter for editor session tracking
[2021.07.06-12.43.32:806][  0]LogEditorSessionSummary: EditorSessionSummaryWriter initialized
[2021.07.06-12.43.32:848][  0]LogInit: Transaction tracking system initialized
[2021.07.06-12.43.32:868][  0]BlueprintLog: New page: Editor Load
[2021.07.06-12.43.32:935][  0]LocalizationService: Localization service is disabled
[2021.07.06-12.43.33:096][  0]LogCook: Display: Max memory allowance for cook 16384mb min free memory 0mb
[2021.07.06-12.43.33:096][  0]LogCook: Display: Mobile HDR setting 1
[2021.07.06-12.43.33:106][  0]LogFileCache: Scanning file cache for directory 'C:/Users/User/Desktop/TempFolder/GVE/Offworld JamProject/OffworldJam/OffworldInvader/GVEOffworld/OffworldInvader/Content/' took 0.01s
[2021.07.06-12.43.33:449][  0]SourceControl: Source control is disabled
[2021.07.06-12.43.33:449][  0]LogUnrealEdMisc: Loading editor; pre map load, took 6.900
[2021.07.06-12.43.33:450][  0]LightingResults: New page: Lighting Build
[2021.07.06-12.43.33:451][  0]LogWorld: UWorld::CleanupWorld for Untitled, bSessionEnded=true, bCleanupResources=true
[2021.07.06-12.43.33:451][  0]LogSlate: InvalidateAllWidgets triggered.  All widgets were invalidated
[2021.07.06-12.43.33:451][  0]MapCheck: New page: Map Check
[2021.07.06-12.43.33:451][  0]LightingResults: New page: Lighting Build
[2021.07.06-12.43.33:461][  0]LogAISub: UAISubsystem::~UAISubsystem EnvQueryManager (000001B131A8FC00), frame # 0
[2021.07.06-12.43.33:461][  0]LogAISub: UAISubsystem::~UAISubsystem AIPerceptionSystem (000001B131AE25C0), frame # 0
[2021.07.06-12.43.33:462][  0]LogUObjectHash: Compacting FUObjectHashTables data took   0.90ms
[2021.07.06-12.43.33:553][  0]LogAIModule: Creating AISystem for world FlyingExampleMap
[2021.07.06-12.43.33:553][  0]LogAISub: UAISubsystem::UAISubsystem EnvQueryManager (000001B1237D0400), frame # 0
[2021.07.06-12.43.33:553][  0]LogAISub: UAISubsystem::UAISubsystem AIPerceptionSystem (000001B122E5F240), frame # 0
[2021.07.06-12.43.33:573][  0]LogEditorServer: Finished looking for orphan Actors (0.000 secs)
[2021.07.06-12.43.33:586][  0]LogUObjectHash: Compacting FUObjectHashTables data took   0.81ms
[2021.07.06-12.43.33:587][  0]Cmd: MAP CHECKDEP NOCLEARLOG
[2021.07.06-12.43.33:587][  0]MapCheck: Map check complete: 0 Error(s), 0 Warning(s), took 0.253ms to complete.
[2021.07.06-12.43.33:587][  0]LogFileHelpers: Loading map 'FlyingExampleMap' took 0.138
[2021.07.06-12.43.33:590][  0]LogUnrealEdMisc: Total Editor Startup Time, took 7.041
[2021.07.06-12.43.33:724][  0]LogSlate: Updating window title bar state: overlay mode, drag disabled, window buttons hidden, title bar hidden
[2021.07.06-12.43.33:732][  0]LogSlate: Updating window title bar state: overlay mode, drag disabled, window buttons hidden, title bar hidden
[2021.07.06-12.43.33:740][  0]LogSlate: Updating window title bar state: overlay mode, drag disabled, window buttons hidden, title bar hidden
[2021.07.06-12.43.33:748][  0]LogSlate: Updating window title bar state: overlay mode, drag disabled, window buttons hidden, title bar hidden
[2021.07.06-12.43.33:755][  0]LogCollectionManager: Loaded 0 collections in 0.001839 seconds
[2021.07.06-12.43.33:773][  0]LogFileCache: Scanning file cache for directory 'C:/Users/User/Desktop/TempFolder/GVE/Offworld JamProject/OffworldJam/OffworldInvader/GVEOffworld/OffworldInvader/Saved/Collections/' took 0.00s
[2021.07.06-12.43.33:773][  0]LogFileCache: Scanning file cache for directory 'C:/Users/User/Desktop/TempFolder/GVE/Offworld JamProject/OffworldJam/OffworldInvader/GVEOffworld/OffworldInvader/Content/Developers/User/Collections/' took 0.00s
[2021.07.06-12.43.33:773][  0]LogFileCache: Scanning file cache for directory 'C:/Users/User/Desktop/TempFolder/GVE/Offworld JamProject/OffworldJam/OffworldInvader/GVEOffworld/OffworldInvader/Content/Collections/' took 0.00s
[2021.07.06-12.43.33:773][  0]LogContentBrowser: Native class hierarchy populated in 0.0094 seconds. Added 3429 classes and 823 folders.
[2021.07.06-12.43.33:776][  0]LogContentBrowser: Native class hierarchy updated for 'WidgetCarousel' in 0.0003 seconds. Added 0 classes and 0 folders.
[2021.07.06-12.43.33:825][  0]LogContentBrowser: Native class hierarchy updated for 'AddContentDialog' in 0.0004 seconds. Added 0 classes and 0 folders.
[2021.07.06-12.43.33:826][  0]LogContentBrowser: Native class hierarchy updated for 'SceneOutliner' in 0.0003 seconds. Added 2 classes and 0 folders.
[2021.07.06-12.43.33:876][  0]LogSlate: Took 0.000356 seconds to synchronously load lazily loaded font '../../../Engine/Content/Slate/Fonts/Roboto-Regular.ttf' (155K)
[2021.07.06-12.43.33:878][  0]LogSlate: Took 0.000175 seconds to synchronously load lazily loaded font '../../../Engine/Content/Slate/Fonts/Roboto-Bold.ttf' (160K)
[2021.07.06-12.43.33:883][  0]LogSlate: Took 0.000262 seconds to synchronously load lazily loaded font '../../../Engine/Content/Editor/Slate/Fonts/FontAwesome.ttf' (139K)
[2021.07.06-12.43.33:955][  0]LogRenderer: Reallocating scene render targets to support 1224x572 Format 10 NumSamples 1 (Frame:1).
[2021.07.06-12.43.34:086][  0]LogContentBrowser: Native class hierarchy updated for 'HierarchicalLODOutliner' in 0.0004 seconds. Added 0 classes and 0 folders.
[2021.07.06-12.43.34:087][  0]LogLoad: (Engine Initialization) Total time: 7.54 seconds
[2021.07.06-12.43.34:087][  0]LogLoad: (Engine Initialization) Total Blueprint compile time: 0.00 seconds
[2021.07.06-12.43.34:140][  0]LogAssetRegistry: Asset discovery search completed in 3.4932 seconds
[2021.07.06-12.43.34:147][  0]LogCollectionManager: Fixed up redirectors for 0 collections in 0.000003 seconds (updated 0 objects)
[2021.07.06-12.43.34:150][  0]LogContentStreaming: Texture pool size now 1000 MB
[2021.07.06-12.43.34:165][  0]LogSlate: Took 0.000160 seconds to synchronously load lazily loaded font '../../../Engine/Content/Slate/Fonts/Roboto-Light.ttf' (167K)
[2021.07.06-12.43.35:450][  4]LogSlate: Took 0.000144 seconds to synchronously load lazily loaded font '../../../Engine/Content/Slate/Fonts/Roboto-Light.ttf' (167K)
[2021.07.06-12.43.38:169][ 77]LogAssetEditorSubsystem: Opening Asset editor for Blueprint /Game/TP_FlyingPawn_Blueprint.TP_FlyingPawn_Blueprint
[2021.07.06-12.43.38:318][ 77]LogContentBrowser: Native class hierarchy updated for 'BlueprintGraph' in 0.0007 seconds. Added 125 classes and 0 folders.
[2021.07.06-12.43.40:596][152]LogWorld: UWorld::CleanupWorld for World_0, bSessionEnded=true, bCleanupResources=true
[2021.07.06-12.43.40:596][152]LogSlate: InvalidateAllWidgets triggered.  All widgets were invalidated
[2021.07.06-12.43.40:647][152]LogAssetEditorSubsystem: Opening Asset editor for Blueprint /Game/TP_FlyingPawn_Blueprint.TP_FlyingPawn_Blueprint
[2021.07.06-12.43.40:973][152]LogSlate: Took 0.006413 seconds to synchronously load lazily loaded font '../../../Engine/Content/Slate/Fonts/Roboto-BoldCondensed.ttf' (158K)
[2021.07.06-12.43.42:288][229]LogRenderer: Reallocating scene render targets to support 1224x708 Format 10 NumSamples 1 (Frame:1).
[2021.07.06-12.43.44:426][342]LogTemp: Repeating last play command: Selected Viewport
[2021.07.06-12.43.44:437][342]LogPlayLevel: PlayLevel: No blueprints needed recompiling
[2021.07.06-12.43.44:437][342]PIE: New page: PIE session: FlyingExampleMap (6 Jul 2021, 14:43:44)
[2021.07.06-12.43.44:439][342]LogOnline: OSS: Creating online subsystem instance for: NULL
[2021.07.06-12.43.44:440][342]LogOnline: OSS: TryLoadSubsystemAndSetDefault: Loaded subsystem for module [NULL]
[2021.07.06-12.43.44:440][342]LogPlayLevel: Creating play world package: /Game/FlyingCPP/Maps/UEDPIE_0_FlyingExampleMap
[2021.07.06-12.43.44:460][342]LogPlayLevel: PIE: StaticDuplicateObject took: (0.020410s)
[2021.07.06-12.43.44:461][342]LogAIModule: Creating AISystem for world FlyingExampleMap
[2021.07.06-12.43.44:461][342]LogAISub: UAISubsystem::UAISubsystem EnvQueryManager (000001B18367FE00), frame # 342
[2021.07.06-12.43.44:461][342]LogAISub: UAISubsystem::UAISubsystem AIPerceptionSystem (000001B180DF1E40), frame # 342
[2021.07.06-12.43.44:462][342]LogPlayLevel: PIE: World Init took: (0.001852s)
[2021.07.06-12.43.44:462][342]LogPlayLevel: PIE: Created PIE world by copying editor world from /Game/FlyingCPP/Maps/FlyingExampleMap.FlyingExampleMap to /Game/FlyingCPP/Maps/UEDPIE_0_FlyingExampleMap.FlyingExampleMap (0.022734s)
[2021.07.06-12.43.44:491][342]LogUObjectHash: Compacting FUObjectHashTables data took   1.88ms
[2021.07.06-12.43.44:492][342]LogAudioMixer: Display: Audio Mixer Platform Settings:
[2021.07.06-12.43.44:492][342]LogAudioMixer: Display: 	Sample Rate:						  48000
[2021.07.06-12.43.44:492][342]LogAudioMixer: Display: 	Callback Buffer Frame Size Requested: 1024
[2021.07.06-12.43.44:492][342]LogAudioMixer: Display: 	Callback Buffer Frame Size To Use:	  1024
[2021.07.06-12.43.44:492][342]LogAudioMixer: Display: 	Number of buffers to queue:			  2
[2021.07.06-12.43.44:492][342]LogAudioMixer: Display: 	Max Channels (voices):				  32
[2021.07.06-12.43.44:492][342]LogAudioMixer: Display: 	Number of Async Source Workers:		  0
[2021.07.06-12.43.44:492][342]LogAudio: Display: AudioDevice MaxSources: 32
[2021.07.06-12.43.44:493][342]LogAudio: Display: Using built-in audio occlusion.
[2021.07.06-12.43.44:493][342]LogAudioMixer: Display: Initializing audio mixer.
[2021.07.06-12.43.44:496][342]LogAudioMixer: Display: 0: FrontLeft
[2021.07.06-12.43.44:496][342]LogAudioMixer: Display: 1: FrontRight
[2021.07.06-12.43.44:545][342]LogAudioMixer: Display: Using Audio Device Speakers (Realtek High Definition Audio)
[2021.07.06-12.43.44:545][342]LogAudioMixer: Display: Initializing Sound Submixes...
[2021.07.06-12.43.44:545][342]LogAudioMixer: Display: Creating Master Submix 'MasterSubmixDefault'
[2021.07.06-12.43.44:545][342]LogAudioMixer: Display: Creating Master Submix 'MasterReverbSubmixDefault'
[2021.07.06-12.43.44:546][342]LogAudioMixer: Display: Creating Master Submix 'MasterEQSubmixDefault'
[2021.07.06-12.43.44:561][342]LogInit: FAudioDevice initialized.
[2021.07.06-12.43.44:569][342]LogLoad: Game class is 'OffworldInvaderGameMode'
[2021.07.06-12.43.44:574][342]LogWorld: Bringing World /Game/FlyingCPP/Maps/UEDPIE_0_FlyingExampleMap.FlyingExampleMap up for play (max tick rate 60) at 2021.07.06-13.43.44
[2021.07.06-12.43.44:574][342]LogWorld: Bringing up level for play took: 0.003881
[2021.07.06-12.43.44:575][342]LogOnline: OSS: Creating online subsystem instance for: :Context_5
[2021.07.06-12.43.44:578][342]LogContentBrowser: Native class hierarchy updated for 'MovieSceneCapture' in 0.0005 seconds. Added 20 classes and 0 folders.
[2021.07.06-12.43.44:579][342]PIE: Server logged in
[2021.07.06-12.43.44:580][342]PIE: Play in editor total start time 0.145 seconds.
[2021.07.06-12.44.12:750][998]LogSlate: Updating window title bar state: overlay mode, drag disabled, window buttons hidden, title bar hidden
[2021.07.06-12.44.12:750][998]LogWorld: BeginTearingDown for /Game/FlyingCPP/Maps/UEDPIE_0_FlyingExampleMap
[2021.07.06-12.44.12:750][998]LogWorld: UWorld::CleanupWorld for FlyingExampleMap, bSessionEnded=true, bCleanupResources=true
[2021.07.06-12.44.12:751][998]LogSlate: InvalidateAllWidgets triggered.  All widgets were invalidated
[2021.07.06-12.44.12:763][998]LogPlayLevel: Display: Shutting down PIE online subsystems
[2021.07.06-12.44.12:768][998]LogSlate: InvalidateAllWidgets triggered.  All widgets were invalidated
[2021.07.06-12.44.12:815][998]LogSlate: Updating window title bar state: overlay mode, drag disabled, window buttons hidden, title bar hidden
[2021.07.06-12.44.12:831][998]LogAISub: UAISubsystem::~UAISubsystem EnvQueryManager (000001B18367FE00), frame # 1998
[2021.07.06-12.44.12:831][998]LogAISub: UAISubsystem::~UAISubsystem AIPerceptionSystem (000001B180DF1E40), frame # 1998
[2021.07.06-12.44.12:835][998]LogUObjectHash: Compacting FUObjectHashTables data took   3.61ms
[2021.07.06-12.44.12:862][999]LogPlayLevel: Display: Destroying online subsystem :Context_5
[2021.07.06-12.44.42:206][211]LogAudioMixer: Display: Audio Buffer Underrun detected.
[2021.07.06-12.44.43:209][214]LogAudioMixer: Display: Audio Buffer Underrun detected.
[2021.07.06-12.44.54:599][248]LogAudioMixer: Display: Audio Buffer Underrun detected.
[2021.07.06-12.45.15:328][310]LogAudioMixer: Display: Audio Buffer Underrun detected.
[2021.07.06-12.45.45:527][399]LogHotReload: New module detected: UE4Editor-OffworldInvader-0014.dll
[2021.07.06-12.45.46:214][402]LogHotReload: Starting Hot-Reload from IDE
[2021.07.06-12.45.46:288][402]LogContentBrowser: Native class hierarchy updated for 'OffworldInvader' in 0.0007 seconds. Added 2 classes and 2 folders.
[2021.07.06-12.45.46:294][402]Display: HotReload successful (0 functions remapped  0 scriptstructs remapped)
[2021.07.06-12.45.46:411][402]LogContentBrowser: Native class hierarchy populated in 0.0143 seconds. Added 3429 classes and 823 folders.
[2021.07.06-12.45.46:416][402]Display: HotReload took  0.2s.
[2021.07.06-12.45.49:021][465]Candidate modules for hot reload:
[2021.07.06-12.45.49:021][465]  OffworldInvader
[2021.07.06-12.45.49:021][465]Launching UnrealBuildTool... [C:/Program Files/Epic Games/UE_4.25/Engine/Binaries/DotNET/UnrealBuildTool.exe  -ModuleWithSuffix=OffworldInvader,2862 OffworldInvaderEditor Win64 Development -Project="C:/Users/User/Desktop/TempFolder/GVE/Offworld JamProject/OffworldJam/OffworldInvader/GVEOffworld/OffworldInvader/OffworldInvader.uproject" "C:/Users/User/Desktop/TempFolder/GVE/Offworld JamProject/OffworldJam/OffworldInvader/GVEOffworld/OffworldInvader/OffworldInvader.uproject"  -IgnoreJunk]
[2021.07.06-12.45.49:023][465]Warning: Starting HotReload took  0.0s.
[2021.07.06-12.45.51:181][581]CompilerResultsLog: New page: Compilation - 6 Jul 2021, 14:45:51
[2021.07.06-12.45.51:181][581]CompilerResultsLog: Using 'git status' to determine working set for adaptive non-unity build (C:\Users\User\Desktop\TempFolder\GVE\Offworld JamProject\OffworldJam\OffworldInvader\GVEOffworld).
[2021.07.06-12.45.51:181][581]CompilerResultsLog: Building OffworldInvaderEditor...
[2021.07.06-12.45.51:181][581]CompilerResultsLog: Using Visual Studio 2019 14.28.29336 toolchain (C:\Program Files (x86)\Microsoft Visual Studio\2019\Community\VC\Tools\MSVC\14.28.29333) and Windows 10.0.18362.0 SDK (C:\Program Files (x86)\Windows Kits\10).
[2021.07.06-12.45.51:181][581]CompilerResultsLog: Building 3 actions with 8 processes...
[2021.07.06-12.45.51:181][581]CompilerResultsLog:   [1/3] UE4Editor-OffworldInvader-2862.lib
[2021.07.06-12.45.51:181][581]CompilerResultsLog:      Creating library C:\Users\User\Desktop\TempFolder\GVE\Offworld JamProject\OffworldJam\OffworldInvader\GVEOffworld\OffworldInvader\Intermediate\Build\Win64\UE4Editor\Development\OffworldInvader\UE4Editor-OffworldInvader-2862.lib and object C:\Users\User\Desktop\TempFolder\GVE\Offworld JamProject\OffworldJam\OffworldInvader\GVEOffworld\OffworldInvader\Intermediate\Build\Win64\UE4Editor\Development\OffworldInvader\UE4Editor-OffworldInvader-2862.exp
[2021.07.06-12.45.51:181][581]CompilerResultsLog:   [2/3] UE4Editor-OffworldInvader-2862.dll
[2021.07.06-12.45.51:181][581]CompilerResultsLog:      Creating library C:\Users\User\Desktop\TempFolder\GVE\Offworld JamProject\OffworldJam\OffworldInvader\GVEOffworld\OffworldInvader\Intermediate\Build\Win64\UE4Editor\Development\OffworldInvader\UE4Editor-OffworldInvader-2862.suppressed.lib and object C:\Users\User\Desktop\TempFolder\GVE\Offworld JamProject\OffworldJam\OffworldInvader\GVEOffworld\OffworldInvader\Intermediate\Build\Win64\UE4Editor\Development\OffworldInvader\UE4Editor-OffworldInvader-2862.suppressed.exp
[2021.07.06-12.45.51:181][581]CompilerResultsLog:   [3/3] OffworldInvaderEditor.target
[2021.07.06-12.45.51:181][581]CompilerResultsLog: Total time in Parallel executor: 1.11 seconds
[2021.07.06-12.45.51:181][581]CompilerResultsLog: Total execution time: 2.05 seconds
[2021.07.06-12.45.51:181][581]LogMainFrame: MainFrame: Module compiling took 2.165 seconds
[2021.07.06-12.45.51:217][581]LogContentBrowser: Native class hierarchy updated for 'OffworldInvader' in 0.0004 seconds. Added 2 classes and 2 folders.
[2021.07.06-12.45.51:222][581]Display: HotReload successful (0 functions remapped  0 scriptstructs remapped)
[2021.07.06-12.45.51:315][581]LogContentBrowser: Native class hierarchy populated in 0.0091 seconds. Added 3429 classes and 823 folders.
[2021.07.06-12.45.51:315][581]Display: HotReload took  2.3s.
[2021.07.06-12.45.53:019][651]LogTemp: Repeating last play command: Selected Viewport
[2021.07.06-12.45.53:033][651]LogPlayLevel: PlayLevel: No blueprints needed recompiling
[2021.07.06-12.45.53:033][651]PIE: New page: PIE session: FlyingExampleMap (6 Jul 2021, 14:45:53)
[2021.07.06-12.45.53:033][651]LogPlayLevel: Creating play world package: /Game/FlyingCPP/Maps/UEDPIE_0_FlyingExampleMap
[2021.07.06-12.45.53:056][651]LogPlayLevel: PIE: StaticDuplicateObject took: (0.022489s)
[2021.07.06-12.45.53:059][651]LogAIModule: Creating AISystem for world FlyingExampleMap
[2021.07.06-12.45.53:059][651]LogAISub: UAISubsystem::UAISubsystem EnvQueryManager (000001B1563A9800), frame # 2651
[2021.07.06-12.45.53:059][651]LogAISub: UAISubsystem::UAISubsystem AIPerceptionSystem (000001B1563B3600), frame # 2651
[2021.07.06-12.45.53:059][651]LogPlayLevel: PIE: World Init took: (0.002776s)
[2021.07.06-12.45.53:060][651]LogPlayLevel: PIE: Created PIE world by copying editor world from /Game/FlyingCPP/Maps/FlyingExampleMap.FlyingExampleMap to /Game/FlyingCPP/Maps/UEDPIE_0_FlyingExampleMap.FlyingExampleMap (0.025689s)
[2021.07.06-12.45.53:194][651]LogUObjectHash: Compacting FUObjectHashTables data took   5.13ms
[2021.07.06-12.45.53:196][651]LogAudioMixer: Display: Audio Mixer Platform Settings:
[2021.07.06-12.45.53:196][651]LogAudioMixer: Display: 	Sample Rate:						  48000
[2021.07.06-12.45.53:196][651]LogAudioMixer: Display: 	Callback Buffer Frame Size Requested: 1024
[2021.07.06-12.45.53:196][651]LogAudioMixer: Display: 	Callback Buffer Frame Size To Use:	  1024
[2021.07.06-12.45.53:196][651]LogAudioMixer: Display: 	Number of buffers to queue:			  2
[2021.07.06-12.45.53:196][651]LogAudioMixer: Display: 	Max Channels (voices):				  32
[2021.07.06-12.45.53:196][651]LogAudioMixer: Display: 	Number of Async Source Workers:		  0
[2021.07.06-12.45.53:196][651]LogAudio: Display: AudioDevice MaxSources: 32
[2021.07.06-12.45.53:197][651]LogAudio: Display: Using built-in audio occlusion.
[2021.07.06-12.45.53:197][651]LogAudioMixer: Display: Initializing audio mixer.
[2021.07.06-12.45.53:201][651]LogAudioMixer: Display: 0: FrontLeft
[2021.07.06-12.45.53:201][651]LogAudioMixer: Display: 1: FrontRight
[2021.07.06-12.45.53:272][651]LogAudioMixer: Display: Using Audio Device Speakers (Realtek High Definition Audio)
[2021.07.06-12.45.53:273][651]LogAudioMixer: Display: Initializing Sound Submixes...
[2021.07.06-12.45.53:273][651]LogAudioMixer: Display: Creating Master Submix 'MasterSubmixDefault'
[2021.07.06-12.45.53:273][651]LogAudioMixer: Display: Creating Master Submix 'MasterReverbSubmixDefault'
[2021.07.06-12.45.53:273][651]LogAudioMixer: Display: Creating Master Submix 'MasterEQSubmixDefault'
[2021.07.06-12.45.53:292][651]LogInit: FAudioDevice initialized.
[2021.07.06-12.45.53:304][651]LogLoad: Game class is 'OffworldInvaderGameMode'
[2021.07.06-12.45.53:309][651]LogWorld: Bringing World /Game/FlyingCPP/Maps/UEDPIE_0_FlyingExampleMap.FlyingExampleMap up for play (max tick rate 60) at 2021.07.06-13.45.53
[2021.07.06-12.45.53:309][651]LogWorld: Bringing up level for play took: 0.004883
[2021.07.06-12.45.53:309][651]LogOnline: OSS: Creating online subsystem instance for: :Context_6
[2021.07.06-12.45.53:312][651]PIE: Server logged in
[2021.07.06-12.45.53:313][651]PIE: Play in editor total start time 0.282 seconds.
[2021.07.06-12.45.57:454][751]LogRHI: Error: Present Fail Count 1
[2021.07.06-12.45.57:454][751]LogRHI: Error: SyncInterval 0
[2021.07.06-12.45.57:454][751]LogRHI: Error: SwapChainDesc.BufferDesc.Width 1936
[2021.07.06-12.45.57:454][751]LogRHI: Error: SwapChainDesc.BufferDesc.Height 1056
[2021.07.06-12.45.57:454][751]LogRHI: Error: SwapChainDesc.BufferDesc.RefreshRate.Numerator 0
[2021.07.06-12.45.57:454][751]LogRHI: Error: SwapChainDesc.BufferDesc.RefreshRate.Denominator 0
[2021.07.06-12.45.57:454][751]LogRHI: Error: SwapChainDesc.BufferDesc.Format 24
[2021.07.06-12.45.57:454][751]LogRHI: Error: SwapChainDesc.BufferDesc.ScanlineOrdering 0
[2021.07.06-12.45.57:454][751]LogRHI: Error: SwapChainDesc.BufferDesc.Scaling 0
[2021.07.06-12.45.57:454][751]LogRHI: Error: SwapChainDesc.SampleDesc.Count 1
[2021.07.06-12.45.57:454][751]LogRHI: Error: SwapChainDesc.SampleDesc.Quality 0
[2021.07.06-12.45.57:455][751]LogRHI: Error: SwapChainDesc.BufferUsage 48
[2021.07.06-12.45.57:455][751]LogRHI: Error: SwapChainDesc.BufferCount 2
[2021.07.06-12.45.57:455][751]LogRHI: Error: SwapChainDesc.OutputWindow 000000000003052A
[2021.07.06-12.45.57:455][751]LogRHI: Error: SwapChainDesc.Windowed true
[2021.07.06-12.45.57:455][751]LogRHI: Error: SwapChainDesc.SwapEffect 4
[2021.07.06-12.45.57:455][751]LogRHI: Error: SwapChainDesc.Flags 2050
[2021.07.06-12.45.57:455][751]LogRHI: Error: Present Fail Count 1
[2021.07.06-12.45.57:455][751]LogRHI: Error: SyncInterval 0
[2021.07.06-12.45.57:455][751]LogRHI: Error: SwapChainDesc.BufferDesc.Width 354
[2021.07.06-12.45.57:455][751]LogRHI: Error: SwapChainDesc.BufferDesc.Height 63
[2021.07.06-12.45.57:455][751]LogRHI: Error: SwapChainDesc.BufferDesc.RefreshRate.Numerator 0
[2021.07.06-12.45.57:455][751]LogRHI: Error: SwapChainDesc.BufferDesc.RefreshRate.Denominator 0
[2021.07.06-12.45.57:455][751]LogRHI: Error: SwapChainDesc.BufferDesc.Format 24
[2021.07.06-12.45.57:455][751]LogRHI: Error: SwapChainDesc.BufferDesc.ScanlineOrdering 0
[2021.07.06-12.45.57:455][751]LogRHI: Error: SwapChainDesc.BufferDesc.Scaling 0
[2021.07.06-12.45.57:455][751]LogRHI: Error: SwapChainDesc.SampleDesc.Count 1
[2021.07.06-12.45.57:455][751]LogRHI: Error: SwapChainDesc.SampleDesc.Quality 0
[2021.07.06-12.45.57:455][751]LogRHI: Error: SwapChainDesc.BufferUsage 48
[2021.07.06-12.45.57:455][751]LogRHI: Error: SwapChainDesc.BufferCount 2
[2021.07.06-12.45.57:455][751]LogRHI: Error: SwapChainDesc.OutputWindow 00000000000505D4
[2021.07.06-12.45.57:455][751]LogRHI: Error: SwapChainDesc.Windowed true
[2021.07.06-12.45.57:455][751]LogRHI: Error: SwapChainDesc.SwapEffect 4
[2021.07.06-12.45.57:455][751]LogRHI: Error: SwapChainDesc.Flags 2050
[2021.07.06-12.45.57:609][754]LogRHI: Error: Present Fail Count 2
[2021.07.06-12.45.57:609][754]LogRHI: Error: SyncInterval 0
[2021.07.06-12.45.57:609][754]LogRHI: Error: SwapChainDesc.BufferDesc.Width 1936
[2021.07.06-12.45.57:609][754]LogRHI: Error: SwapChainDesc.BufferDesc.Height 1056
[2021.07.06-12.45.57:609][754]LogRHI: Error: SwapChainDesc.BufferDesc.RefreshRate.Numerator 0
[2021.07.06-12.45.57:609][754]LogRHI: Error: SwapChainDesc.BufferDesc.RefreshRate.Denominator 0
[2021.07.06-12.45.57:609][754]LogRHI: Error: SwapChainDesc.BufferDesc.Format 24
[2021.07.06-12.45.57:609][754]LogRHI: Error: SwapChainDesc.BufferDesc.ScanlineOrdering 0
[2021.07.06-12.45.57:609][754]LogRHI: Error: SwapChainDesc.BufferDesc.Scaling 0
[2021.07.06-12.45.57:609][754]LogRHI: Error: SwapChainDesc.SampleDesc.Count 1
[2021.07.06-12.45.57:609][754]LogRHI: Error: SwapChainDesc.SampleDesc.Quality 0
[2021.07.06-12.45.57:609][754]LogRHI: Error: SwapChainDesc.BufferUsage 48
[2021.07.06-12.45.57:609][754]LogRHI: Error: SwapChainDesc.BufferCount 2
[2021.07.06-12.45.57:609][754]LogRHI: Error: SwapChainDesc.OutputWindow 000000000003052A
[2021.07.06-12.45.57:609][754]LogRHI: Error: SwapChainDesc.Windowed true
[2021.07.06-12.45.57:609][754]LogRHI: Error: SwapChainDesc.SwapEffect 4
[2021.07.06-12.45.57:609][754]LogRHI: Error: SwapChainDesc.Flags 2050
[2021.07.06-12.45.57:660][757]LogRHI: Error: Present Fail Count 3
[2021.07.06-12.45.57:660][757]LogRHI: Error: SyncInterval 0
[2021.07.06-12.45.57:660][757]LogRHI: Error: SwapChainDesc.BufferDesc.Width 1936
[2021.07.06-12.45.57:660][757]LogRHI: Error: SwapChainDesc.BufferDesc.Height 1056
[2021.07.06-12.45.57:660][757]LogRHI: Error: SwapChainDesc.BufferDesc.RefreshRate.Numerator 0
[2021.07.06-12.45.57:660][757]LogRHI: Error: SwapChainDesc.BufferDesc.RefreshRate.Denominator 0
[2021.07.06-12.45.57:660][757]LogRHI: Error: SwapChainDesc.BufferDesc.Format 24
[2021.07.06-12.45.57:660][757]LogRHI: Error: SwapChainDesc.BufferDesc.ScanlineOrdering 0
[2021.07.06-12.45.57:660][757]LogRHI: Error: SwapChainDesc.BufferDesc.Scaling 0
[2021.07.06-12.45.57:660][757]LogRHI: Error: SwapChainDesc.SampleDesc.Count 1
[2021.07.06-12.45.57:660][757]LogRHI: Error: SwapChainDesc.SampleDesc.Quality 0
[2021.07.06-12.45.57:660][757]LogRHI: Error: SwapChainDesc.BufferUsage 48
[2021.07.06-12.45.57:660][757]LogRHI: Error: SwapChainDesc.BufferCount 2
[2021.07.06-12.45.57:660][757]LogRHI: Error: SwapChainDesc.OutputWindow 000000000003052A
[2021.07.06-12.45.57:660][757]LogRHI: Error: SwapChainDesc.Windowed true
[2021.07.06-12.45.57:660][757]LogRHI: Error: SwapChainDesc.SwapEffect 4
[2021.07.06-12.45.57:660][757]LogRHI: Error: SwapChainDesc.Flags 2050
[2021.07.06-12.45.57:710][760]LogRHI: Error: Present Fail Count 4
[2021.07.06-12.45.57:710][760]LogRHI: Error: SyncInterval 0
[2021.07.06-12.45.57:710][760]LogRHI: Error: SwapChainDesc.BufferDesc.Width 1936
[2021.07.06-12.45.57:710][760]LogRHI: Error: SwapChainDesc.BufferDesc.Height 1056
[2021.07.06-12.45.57:710][760]LogRHI: Error: SwapChainDesc.BufferDesc.RefreshRate.Numerator 0
[2021.07.06-12.45.57:710][760]LogRHI: Error: SwapChainDesc.BufferDesc.RefreshRate.Denominator 0
[2021.07.06-12.45.57:710][760]LogRHI: Error: SwapChainDesc.BufferDesc.Format 24
[2021.07.06-12.45.57:710][760]LogRHI: Error: SwapChainDesc.BufferDesc.ScanlineOrdering 0
[2021.07.06-12.45.57:710][760]LogRHI: Error: SwapChainDesc.BufferDesc.Scaling 0
[2021.07.06-12.45.57:710][760]LogRHI: Error: SwapChainDesc.SampleDesc.Count 1
[2021.07.06-12.45.57:710][760]LogRHI: Error: SwapChainDesc.SampleDesc.Quality 0
[2021.07.06-12.45.57:710][760]LogRHI: Error: SwapChainDesc.BufferUsage 48
[2021.07.06-12.45.57:710][760]LogRHI: Error: SwapChainDesc.BufferCount 2
[2021.07.06-12.45.57:710][760]LogRHI: Error: SwapChainDesc.OutputWindow 000000000003052A
[2021.07.06-12.45.57:710][760]LogRHI: Error: SwapChainDesc.Windowed true
[2021.07.06-12.45.57:710][760]LogRHI: Error: SwapChainDesc.SwapEffect 4
[2021.07.06-12.45.57:710][760]LogRHI: Error: SwapChainDesc.Flags 2050
[2021.07.06-12.45.57:760][763]LogRHI: Error: Present Fail Count 5
[2021.07.06-12.45.57:760][763]LogRHI: Error: SyncInterval 0
[2021.07.06-12.45.57:760][763]LogRHI: Error: SwapChainDesc.BufferDesc.Width 1936
[2021.07.06-12.45.57:760][763]LogRHI: Error: SwapChainDesc.BufferDesc.Height 1056
[2021.07.06-12.45.57:760][763]LogRHI: Error: SwapChainDesc.BufferDesc.RefreshRate.Numerator 0
[2021.07.06-12.45.57:760][763]LogRHI: Error: SwapChainDesc.BufferDesc.RefreshRate.Denominator 0
[2021.07.06-12.45.57:760][763]LogRHI: Error: SwapChainDesc.BufferDesc.Format 24
[2021.07.06-12.45.57:760][763]LogRHI: Error: SwapChainDesc.BufferDesc.ScanlineOrdering 0
[2021.07.06-12.45.57:760][763]LogRHI: Error: SwapChainDesc.BufferDesc.Scaling 0
[2021.07.06-12.45.57:760][763]LogRHI: Error: SwapChainDesc.SampleDesc.Count 1
[2021.07.06-12.45.57:760][763]LogRHI: Error: SwapChainDesc.SampleDesc.Quality 0
[2021.07.06-12.45.57:760][763]LogRHI: Error: SwapChainDesc.BufferUsage 48
[2021.07.06-12.45.57:760][763]LogRHI: Error: SwapChainDesc.BufferCount 2
[2021.07.06-12.45.57:760][763]LogRHI: Error: SwapChainDesc.OutputWindow 000000000003052A
[2021.07.06-12.45.57:760][763]LogRHI: Error: SwapChainDesc.Windowed true
[2021.07.06-12.45.57:760][763]LogRHI: Error: SwapChainDesc.SwapEffect 4
[2021.07.06-12.45.57:760][763]LogRHI: Error: SwapChainDesc.Flags 2050
[2021.07.06-12.45.57:810][766]LogRHI: Error: Present Fail Count 6
[2021.07.06-12.45.57:811][766]LogRHI: Error: SyncInterval 0
[2021.07.06-12.45.57:811][766]LogRHI: Error: SwapChainDesc.BufferDesc.Width 1936
[2021.07.06-12.45.57:811][766]LogRHI: Error: SwapChainDesc.BufferDesc.Height 1056
[2021.07.06-12.45.57:811][766]LogRHI: Error: SwapChainDesc.BufferDesc.RefreshRate.Numerator 0
[2021.07.06-12.45.57:811][766]LogRHI: Error: SwapChainDesc.BufferDesc.RefreshRate.Denominator 0
[2021.07.06-12.45.57:811][766]LogRHI: Error: SwapChainDesc.BufferDesc.Format 24
[2021.07.06-12.45.57:811][766]LogRHI: Error: SwapChainDesc.BufferDesc.ScanlineOrdering 0
[2021.07.06-12.45.57:811][766]LogRHI: Error: SwapChainDesc.BufferDesc.Scaling 0
[2021.07.06-12.45.57:811][766]LogRHI: Error: SwapChainDesc.SampleDesc.Count 1
[2021.07.06-12.45.57:811][766]LogRHI: Error: SwapChainDesc.SampleDesc.Quality 0
[2021.07.06-12.45.57:811][766]LogRHI: Error: SwapChainDesc.BufferUsage 48
[2021.07.06-12.45.57:811][766]LogRHI: Error: SwapChainDesc.BufferCount 2
[2021.07.06-12.45.57:811][766]LogRHI: Error: SwapChainDesc.OutputWindow 000000000003052A
[2021.07.06-12.45.57:811][766]LogRHI: Error: SwapChainDesc.Windowed true
[2021.07.06-12.45.57:811][766]LogRHI: Error: SwapChainDesc.SwapEffect 4
[2021.07.06-12.45.57:811][766]LogRHI: Error: SwapChainDesc.Flags 2050
[2021.07.06-12.45.57:859][769]LogRHI: Error: Present Fail Count 7
[2021.07.06-12.45.57:859][769]LogRHI: Error: SyncInterval 0
[2021.07.06-12.45.57:859][769]LogRHI: Error: SwapChainDesc.BufferDesc.Width 1936
[2021.07.06-12.45.57:859][769]LogRHI: Error: SwapChainDesc.BufferDesc.Height 1056
[2021.07.06-12.45.57:859][769]LogRHI: Error: SwapChainDesc.BufferDesc.RefreshRate.Numerator 0
[2021.07.06-12.45.57:859][769]LogRHI: Error: SwapChainDesc.BufferDesc.RefreshRate.Denominator 0
[2021.07.06-12.45.57:859][769]LogRHI: Error: SwapChainDesc.BufferDesc.Format 24
[2021.07.06-12.45.57:859][769]LogRHI: Error: SwapChainDesc.BufferDesc.ScanlineOrdering 0
[2021.07.06-12.45.57:859][769]LogRHI: Error: SwapChainDesc.BufferDesc.Scaling 0
[2021.07.06-12.45.57:859][769]LogRHI: Error: SwapChainDesc.SampleDesc.Count 1
[2021.07.06-12.45.57:859][769]LogRHI: Error: SwapChainDesc.SampleDesc.Quality 0
[2021.07.06-12.45.57:859][769]LogRHI: Error: SwapChainDesc.BufferUsage 48
[2021.07.06-12.45.57:859][769]LogRHI: Error: SwapChainDesc.BufferCount 2
[2021.07.06-12.45.57:859][769]LogRHI: Error: SwapChainDesc.OutputWindow 000000000003052A
[2021.07.06-12.45.57:859][769]LogRHI: Error: SwapChainDesc.Windowed true
[2021.07.06-12.45.57:859][769]LogRHI: Error: SwapChainDesc.SwapEffect 4
[2021.07.06-12.45.57:859][769]LogRHI: Error: SwapChainDesc.Flags 2050
[2021.07.06-12.45.57:909][772]LogRHI: Error: Present Fail Count 8
[2021.07.06-12.45.57:909][772]LogRHI: Error: SyncInterval 0
[2021.07.06-12.45.57:909][772]LogRHI: Error: SwapChainDesc.BufferDesc.Width 1936
[2021.07.06-12.45.57:909][772]LogRHI: Error: SwapChainDesc.BufferDesc.Height 1056
[2021.07.06-12.45.57:909][772]LogRHI: Error: SwapChainDesc.BufferDesc.RefreshRate.Numerator 0
[2021.07.06-12.45.57:909][772]LogRHI: Error: SwapChainDesc.BufferDesc.RefreshRate.Denominator 0
[2021.07.06-12.45.57:909][772]LogRHI: Error: SwapChainDesc.BufferDesc.Format 24
[2021.07.06-12.45.57:909][772]LogRHI: Error: SwapChainDesc.BufferDesc.ScanlineOrdering 0
[2021.07.06-12.45.57:909][772]LogRHI: Error: SwapChainDesc.BufferDesc.Scaling 0
[2021.07.06-12.45.57:909][772]LogRHI: Error: SwapChainDesc.SampleDesc.Count 1
[2021.07.06-12.45.57:909][772]LogRHI: Error: SwapChainDesc.SampleDesc.Quality 0
[2021.07.06-12.45.57:909][772]LogRHI: Error: SwapChainDesc.BufferUsage 48
[2021.07.06-12.45.57:909][772]LogRHI: Error: SwapChainDesc.BufferCount 2
[2021.07.06-12.45.57:909][772]LogRHI: Error: SwapChainDesc.OutputWindow 000000000003052A
[2021.07.06-12.45.57:909][772]LogRHI: Error: SwapChainDesc.Windowed true
[2021.07.06-12.45.57:910][772]LogRHI: Error: SwapChainDesc.SwapEffect 4
[2021.07.06-12.45.57:910][772]LogRHI: Error: SwapChainDesc.Flags 2050
[2021.07.06-12.45.57:961][775]LogRHI: Error: Present Fail Count 9
[2021.07.06-12.45.57:961][775]LogRHI: Error: SyncInterval 0
[2021.07.06-12.45.57:961][775]LogRHI: Error: SwapChainDesc.BufferDesc.Width 1936
[2021.07.06-12.45.57:961][775]LogRHI: Error: SwapChainDesc.BufferDesc.Height 1056
[2021.07.06-12.45.57:961][775]LogRHI: Error: SwapChainDesc.BufferDesc.RefreshRate.Numerator 0
[2021.07.06-12.45.57:961][775]LogRHI: Error: SwapChainDesc.BufferDesc.RefreshRate.Denominator 0
[2021.07.06-12.45.57:961][775]LogRHI: Error: SwapChainDesc.BufferDesc.Format 24
[2021.07.06-12.45.57:961][775]LogRHI: Error: SwapChainDesc.BufferDesc.ScanlineOrdering 0
[2021.07.06-12.45.57:961][775]LogRHI: Error: SwapChainDesc.BufferDesc.Scaling 0
[2021.07.06-12.45.57:961][775]LogRHI: Error: SwapChainDesc.SampleDesc.Count 1
[2021.07.06-12.45.57:961][775]LogRHI: Error: SwapChainDesc.SampleDesc.Quality 0
[2021.07.06-12.45.57:961][775]LogRHI: Error: SwapChainDesc.BufferUsage 48
[2021.07.06-12.45.57:961][775]LogRHI: Error: SwapChainDesc.BufferCount 2
[2021.07.06-12.45.57:961][775]LogRHI: Error: SwapChainDesc.OutputWindow 000000000003052A
[2021.07.06-12.45.57:961][775]LogRHI: Error: SwapChainDesc.Windowed true
[2021.07.06-12.45.57:961][775]LogRHI: Error: SwapChainDesc.SwapEffect 4
[2021.07.06-12.45.57:961][775]LogRHI: Error: SwapChainDesc.Flags 2050
[2021.07.06-12.45.58:017][778]LogRHI: Error: Present Fail Count 10
[2021.07.06-12.45.58:017][778]LogRHI: Error: SyncInterval 0
[2021.07.06-12.45.58:017][778]LogRHI: Error: SwapChainDesc.BufferDesc.Width 1936
[2021.07.06-12.45.58:017][778]LogRHI: Error: SwapChainDesc.BufferDesc.Height 1056
[2021.07.06-12.45.58:017][778]LogRHI: Error: SwapChainDesc.BufferDesc.RefreshRate.Numerator 0
[2021.07.06-12.45.58:017][778]LogRHI: Error: SwapChainDesc.BufferDesc.RefreshRate.Denominator 0
[2021.07.06-12.45.58:017][778]LogRHI: Error: SwapChainDesc.BufferDesc.Format 24
[2021.07.06-12.45.58:017][778]LogRHI: Error: SwapChainDesc.BufferDesc.ScanlineOrdering 0
[2021.07.06-12.45.58:017][778]LogRHI: Error: SwapChainDesc.BufferDesc.Scaling 0
[2021.07.06-12.45.58:017][778]LogRHI: Error: SwapChainDesc.SampleDesc.Count 1
[2021.07.06-12.45.58:018][778]LogRHI: Error: SwapChainDesc.SampleDesc.Quality 0
[2021.07.06-12.45.58:018][778]LogRHI: Error: SwapChainDesc.BufferUsage 48
[2021.07.06-12.45.58:018][778]LogRHI: Error: SwapChainDesc.BufferCount 2
[2021.07.06-12.45.58:018][778]LogRHI: Error: SwapChainDesc.OutputWindow 000000000003052A
[2021.07.06-12.45.58:018][778]LogRHI: Error: SwapChainDesc.Windowed true
[2021.07.06-12.45.58:018][778]LogRHI: Error: SwapChainDesc.SwapEffect 4
[2021.07.06-12.45.58:018][778]LogRHI: Error: SwapChainDesc.Flags 2050
